[  2%] [34m[1mGenerating C code for ROS interfaces[0m
[  5%] [34m[1mGenerating C++ code for ROS interfaces[0m
[  5%] Built target ament_cmake_python_copy_custom_msgs
running egg_info
creating custom_msgs.egg-info
writing custom_msgs.egg-info/PKG-INFO
writing dependency_links to custom_msgs.egg-info/dependency_links.txt
writing top-level names to custom_msgs.egg-info/top_level.txt
writing manifest file 'custom_msgs.egg-info/SOURCES.txt'
reading manifest file 'custom_msgs.egg-info/SOURCES.txt'
writing manifest file 'custom_msgs.egg-info/SOURCES.txt'
[  5%] Built target custom_msgs__cpp
[ 10%] [34m[1mGenerating C++ type support for eProsima Fast-RTPS[0m
[ 10%] [34m[1mGenerating C++ introspection for ROS interfaces[0m
[ 12%] [34m[1mGenerating C++ type support dispatch for ROS interfaces[0m
[ 15%] [32mBuilding C object CMakeFiles/custom_msgs__rosidl_generator_c.dir/rosidl_generator_c/custom_msgs/msg/detail/delta_odom__functions.c.o[0m
[ 17%] [32mBuilding C object CMakeFiles/custom_msgs__rosidl_generator_c.dir/rosidl_generator_c/custom_msgs/msg/detail/belief__functions.c.o[0m
[ 17%] Built target ament_cmake_python_build_custom_msgs_egg
[ 20%] [32m[1mLinking C shared library libcustom_msgs__rosidl_generator_c.so[0m
[ 23%] [32mBuilding CXX object CMakeFiles/custom_msgs__rosidl_typesupport_introspection_cpp.dir/rosidl_typesupport_introspection_cpp/custom_msgs/msg/detail/delta_odom__type_support.cpp.o[0m
[ 25%] [32mBuilding CXX object CMakeFiles/custom_msgs__rosidl_typesupport_introspection_cpp.dir/rosidl_typesupport_introspection_cpp/custom_msgs/msg/detail/belief__type_support.cpp.o[0m
[ 28%] [32mBuilding CXX object CMakeFiles/custom_msgs__rosidl_typesupport_fastrtps_cpp.dir/rosidl_typesupport_fastrtps_cpp/custom_msgs/msg/detail/dds_fastrtps/delta_odom__type_support.cpp.o[0m
[ 30%] [32mBuilding CXX object CMakeFiles/custom_msgs__rosidl_typesupport_fastrtps_cpp.dir/rosidl_typesupport_fastrtps_cpp/custom_msgs/msg/detail/dds_fastrtps/belief__type_support.cpp.o[0m
[ 33%] [32mBuilding CXX object CMakeFiles/custom_msgs__rosidl_typesupport_cpp.dir/rosidl_typesupport_cpp/custom_msgs/msg/delta_odom__type_support.cpp.o[0m
[ 35%] [32mBuilding CXX object CMakeFiles/custom_msgs__rosidl_typesupport_cpp.dir/rosidl_typesupport_cpp/custom_msgs/msg/belief__type_support.cpp.o[0m
[ 35%] Built target custom_msgs__rosidl_generator_c
[ 38%] [34m[1mGenerating C introspection for ROS interfaces[0m
[ 43%] [34m[1mGenerating C type support for eProsima Fast-RTPS[0m
[ 43%] [34m[1mGenerating C type support dispatch for ROS interfaces[0m
[ 46%] [32mBuilding CXX object CMakeFiles/custom_msgs__rosidl_typesupport_c.dir/rosidl_typesupport_c/custom_msgs/msg/delta_odom__type_support.cpp.o[0m
[ 48%] [32mBuilding CXX object CMakeFiles/custom_msgs__rosidl_typesupport_c.dir/rosidl_typesupport_c/custom_msgs/msg/belief__type_support.cpp.o[0m
[ 53%] [32mBuilding C object CMakeFiles/custom_msgs__rosidl_typesupport_introspection_c.dir/rosidl_typesupport_introspection_c/custom_msgs/msg/detail/delta_odom__type_support.c.o[0m
[ 53%] [32mBuilding C object CMakeFiles/custom_msgs__rosidl_typesupport_introspection_c.dir/rosidl_typesupport_introspection_c/custom_msgs/msg/detail/belief__type_support.c.o[0m
[ 56%] [32mBuilding CXX object CMakeFiles/custom_msgs__rosidl_typesupport_fastrtps_c.dir/rosidl_typesupport_fastrtps_c/custom_msgs/msg/detail/delta_odom__type_support_c.cpp.o[0m
[ 58%] [32mBuilding CXX object CMakeFiles/custom_msgs__rosidl_typesupport_fastrtps_c.dir/rosidl_typesupport_fastrtps_c/custom_msgs/msg/detail/belief__type_support_c.cpp.o[0m
[ 61%] [32m[1mLinking CXX shared library libcustom_msgs__rosidl_typesupport_c.so[0m
[ 64%] [32m[1mLinking C shared library libcustom_msgs__rosidl_typesupport_introspection_c.so[0m
[ 64%] Built target custom_msgs__rosidl_typesupport_introspection_c
[ 64%] Built target custom_msgs__rosidl_typesupport_c
[ 66%] [32m[1mLinking CXX shared library libcustom_msgs__rosidl_typesupport_cpp.so[0m
[ 69%] [32m[1mLinking CXX shared library libcustom_msgs__rosidl_typesupport_introspection_cpp.so[0m
[ 69%] Built target custom_msgs__rosidl_typesupport_cpp
[ 69%] Built target custom_msgs__rosidl_typesupport_introspection_cpp
[ 71%] [32m[1mLinking CXX shared library libcustom_msgs__rosidl_typesupport_fastrtps_cpp.so[0m
[ 74%] [32m[1mLinking CXX shared library libcustom_msgs__rosidl_typesupport_fastrtps_c.so[0m
[ 74%] Built target custom_msgs__rosidl_typesupport_fastrtps_cpp
[ 74%] Built target custom_msgs__rosidl_typesupport_fastrtps_c
[ 74%] Built target custom_msgs
[ 76%] [34m[1mGenerating Python code for ROS interfaces[0m
[ 76%] Built target custom_msgs__py
[ 79%] [32mBuilding C object CMakeFiles/custom_msgs__rosidl_generator_py.dir/rosidl_generator_py/custom_msgs/msg/_delta_odom_s.c.o[0m
[ 82%] [32mBuilding C object CMakeFiles/custom_msgs__rosidl_generator_py.dir/rosidl_generator_py/custom_msgs/msg/_belief_s.c.o[0m
[ 84%] [32m[1mLinking C shared library rosidl_generator_py/custom_msgs/libcustom_msgs__rosidl_generator_py.so[0m
[ 84%] Built target custom_msgs__rosidl_generator_py
[ 87%] [32mBuilding C object CMakeFiles/custom_msgs__rosidl_typesupport_fastrtps_c__pyext.dir/rosidl_generator_py/custom_msgs/_custom_msgs_s.ep.rosidl_typesupport_fastrtps_c.c.o[0m
[ 92%] [32mBuilding C object CMakeFiles/custom_msgs__rosidl_typesupport_c__pyext.dir/rosidl_generator_py/custom_msgs/_custom_msgs_s.ep.rosidl_typesupport_c.c.o[0m
[ 92%] [32mBuilding C object CMakeFiles/custom_msgs__rosidl_typesupport_introspection_c__pyext.dir/rosidl_generator_py/custom_msgs/_custom_msgs_s.ep.rosidl_typesupport_introspection_c.c.o[0m
[ 94%] [32m[1mLinking C shared library rosidl_generator_py/custom_msgs/custom_msgs_s__rosidl_typesupport_c.cpython-311-x86_64-linux-gnu.so[0m
[ 97%] [32m[1mLinking C shared library rosidl_generator_py/custom_msgs/custom_msgs_s__rosidl_typesupport_fastrtps_c.cpython-311-x86_64-linux-gnu.so[0m
[100%] [32m[1mLinking C shared library rosidl_generator_py/custom_msgs/custom_msgs_s__rosidl_typesupport_introspection_c.cpython-311-x86_64-linux-gnu.so[0m
[100%] Built target custom_msgs__rosidl_typesupport_c__pyext
[100%] Built target custom_msgs__rosidl_typesupport_fastrtps_c__pyext
[100%] Built target custom_msgs__rosidl_typesupport_introspection_c__pyext
-- Install configuration: ""
-- Installing: /home/facuvulcano/workspace/install/custom_msgs/share/ament_index/resource_index/rosidl_interfaces/custom_msgs
-- Installing: /home/facuvulcano/workspace/install/custom_msgs/include/custom_msgs/custom_msgs
-- Installing: /home/facuvulcano/workspace/install/custom_msgs/include/custom_msgs/custom_msgs/msg
-- Installing: /home/facuvulcano/workspace/install/custom_msgs/include/custom_msgs/custom_msgs/msg/rosidl_generator_c__visibility_control.h
-- Installing: /home/facuvulcano/workspace/install/custom_msgs/include/custom_msgs/custom_msgs/msg/detail
-- Installing: /home/facuvulcano/workspace/install/custom_msgs/include/custom_msgs/custom_msgs/msg/detail/delta_odom__functions.c
-- Installing: /home/facuvulcano/workspace/install/custom_msgs/include/custom_msgs/custom_msgs/msg/detail/belief__functions.h
-- Installing: /home/facuvulcano/workspace/install/custom_msgs/include/custom_msgs/custom_msgs/msg/detail/delta_odom__functions.h
-- Installing: /home/facuvulcano/workspace/install/custom_msgs/include/custom_msgs/custom_msgs/msg/detail/delta_odom__type_support.h
-- Installing: /home/facuvulcano/workspace/install/custom_msgs/include/custom_msgs/custom_msgs/msg/detail/belief__type_support.h
-- Installing: /home/facuvulcano/workspace/install/custom_msgs/include/custom_msgs/custom_msgs/msg/detail/delta_odom__struct.h
-- Installing: /home/facuvulcano/workspace/install/custom_msgs/include/custom_msgs/custom_msgs/msg/detail/belief__functions.c
-- Installing: /home/facuvulcano/workspace/install/custom_msgs/include/custom_msgs/custom_msgs/msg/detail/belief__struct.h
-- Installing: /home/facuvulcano/workspace/install/custom_msgs/include/custom_msgs/custom_msgs/msg/delta_odom.h
-- Installing: /home/facuvulcano/workspace/install/custom_msgs/include/custom_msgs/custom_msgs/msg/belief.h
-- Installing: /home/facuvulcano/workspace/install/custom_msgs/lib/libcustom_msgs__rosidl_generator_c.so
-- Up-to-date: /home/facuvulcano/workspace/install/custom_msgs/include/custom_msgs/custom_msgs
-- Up-to-date: /home/facuvulcano/workspace/install/custom_msgs/include/custom_msgs/custom_msgs/msg
-- Up-to-date: /home/facuvulcano/workspace/install/custom_msgs/include/custom_msgs/custom_msgs/msg/detail
-- Installing: /home/facuvulcano/workspace/install/custom_msgs/include/custom_msgs/custom_msgs/msg/detail/delta_odom__rosidl_typesupport_fastrtps_c.h
-- Installing: /home/facuvulcano/workspace/install/custom_msgs/include/custom_msgs/custom_msgs/msg/detail/belief__rosidl_typesupport_fastrtps_c.h
-- Installing: /home/facuvulcano/workspace/install/custom_msgs/include/custom_msgs/custom_msgs/msg/rosidl_typesupport_fastrtps_c__visibility_control.h
-- Installing: /home/facuvulcano/workspace/install/custom_msgs/lib/libcustom_msgs__rosidl_typesupport_fastrtps_c.so
-- Set non-toolchain portion of runtime path of "/home/facuvulcano/workspace/install/custom_msgs/lib/libcustom_msgs__rosidl_typesupport_fastrtps_c.so" to ""
-- Up-to-date: /home/facuvulcano/workspace/install/custom_msgs/include/custom_msgs/custom_msgs
-- Up-to-date: /home/facuvulcano/workspace/install/custom_msgs/include/custom_msgs/custom_msgs/msg
-- Up-to-date: /home/facuvulcano/workspace/install/custom_msgs/include/custom_msgs/custom_msgs/msg/detail
-- Installing: /home/facuvulcano/workspace/install/custom_msgs/include/custom_msgs/custom_msgs/msg/detail/delta_odom__struct.hpp
-- Installing: /home/facuvulcano/workspace/install/custom_msgs/include/custom_msgs/custom_msgs/msg/detail/delta_odom__builder.hpp
-- Installing: /home/facuvulcano/workspace/install/custom_msgs/include/custom_msgs/custom_msgs/msg/detail/delta_odom__traits.hpp
-- Installing: /home/facuvulcano/workspace/install/custom_msgs/include/custom_msgs/custom_msgs/msg/detail/belief__traits.hpp
-- Installing: /home/facuvulcano/workspace/install/custom_msgs/include/custom_msgs/custom_msgs/msg/detail/belief__struct.hpp
-- Installing: /home/facuvulcano/workspace/install/custom_msgs/include/custom_msgs/custom_msgs/msg/detail/belief__builder.hpp
-- Installing: /home/facuvulcano/workspace/install/custom_msgs/include/custom_msgs/custom_msgs/msg/belief.hpp
-- Installing: /home/facuvulcano/workspace/install/custom_msgs/include/custom_msgs/custom_msgs/msg/delta_odom.hpp
-- Up-to-date: /home/facuvulcano/workspace/install/custom_msgs/include/custom_msgs/custom_msgs
-- Up-to-date: /home/facuvulcano/workspace/install/custom_msgs/include/custom_msgs/custom_msgs/msg
-- Installing: /home/facuvulcano/workspace/install/custom_msgs/include/custom_msgs/custom_msgs/msg/rosidl_typesupport_fastrtps_cpp__visibility_control.h
-- Up-to-date: /home/facuvulcano/workspace/install/custom_msgs/include/custom_msgs/custom_msgs/msg/detail
-- Installing: /home/facuvulcano/workspace/install/custom_msgs/include/custom_msgs/custom_msgs/msg/detail/delta_odom__rosidl_typesupport_fastrtps_cpp.hpp
-- Installing: /home/facuvulcano/workspace/install/custom_msgs/include/custom_msgs/custom_msgs/msg/detail/dds_fastrtps
-- Installing: /home/facuvulcano/workspace/install/custom_msgs/include/custom_msgs/custom_msgs/msg/detail/belief__rosidl_typesupport_fastrtps_cpp.hpp
-- Installing: /home/facuvulcano/workspace/install/custom_msgs/lib/libcustom_msgs__rosidl_typesupport_fastrtps_cpp.so
-- Up-to-date: /home/facuvulcano/workspace/install/custom_msgs/include/custom_msgs/custom_msgs
-- Up-to-date: /home/facuvulcano/workspace/install/custom_msgs/include/custom_msgs/custom_msgs/msg
-- Installing: /home/facuvulcano/workspace/install/custom_msgs/include/custom_msgs/custom_msgs/msg/rosidl_typesupport_introspection_c__visibility_control.h
-- Up-to-date: /home/facuvulcano/workspace/install/custom_msgs/include/custom_msgs/custom_msgs/msg/detail
-- Installing: /home/facuvulcano/workspace/install/custom_msgs/include/custom_msgs/custom_msgs/msg/detail/belief__type_support.c
-- Installing: /home/facuvulcano/workspace/install/custom_msgs/include/custom_msgs/custom_msgs/msg/detail/delta_odom__rosidl_typesupport_introspection_c.h
-- Installing: /home/facuvulcano/workspace/install/custom_msgs/include/custom_msgs/custom_msgs/msg/detail/delta_odom__type_support.c
-- Installing: /home/facuvulcano/workspace/install/custom_msgs/include/custom_msgs/custom_msgs/msg/detail/belief__rosidl_typesupport_introspection_c.h
-- Installing: /home/facuvulcano/workspace/install/custom_msgs/lib/libcustom_msgs__rosidl_typesupport_introspection_c.so
-- Set non-toolchain portion of runtime path of "/home/facuvulcano/workspace/install/custom_msgs/lib/libcustom_msgs__rosidl_typesupport_introspection_c.so" to ""
-- Installing: /home/facuvulcano/workspace/install/custom_msgs/lib/libcustom_msgs__rosidl_typesupport_c.so
-- Set non-toolchain portion of runtime path of "/home/facuvulcano/workspace/install/custom_msgs/lib/libcustom_msgs__rosidl_typesupport_c.so" to ""
-- Up-to-date: /home/facuvulcano/workspace/install/custom_msgs/include/custom_msgs/custom_msgs
-- Up-to-date: /home/facuvulcano/workspace/install/custom_msgs/include/custom_msgs/custom_msgs/msg
-- Up-to-date: /home/facuvulcano/workspace/install/custom_msgs/include/custom_msgs/custom_msgs/msg/detail
-- Installing: /home/facuvulcano/workspace/install/custom_msgs/include/custom_msgs/custom_msgs/msg/detail/delta_odom__rosidl_typesupport_introspection_cpp.hpp
-- Installing: /home/facuvulcano/workspace/install/custom_msgs/include/custom_msgs/custom_msgs/msg/detail/belief__rosidl_typesupport_introspection_cpp.hpp
-- Installing: /home/facuvulcano/workspace/install/custom_msgs/include/custom_msgs/custom_msgs/msg/detail/belief__type_support.cpp
-- Installing: /home/facuvulcano/workspace/install/custom_msgs/include/custom_msgs/custom_msgs/msg/detail/delta_odom__type_support.cpp
-- Installing: /home/facuvulcano/workspace/install/custom_msgs/lib/libcustom_msgs__rosidl_typesupport_introspection_cpp.so
-- Installing: /home/facuvulcano/workspace/install/custom_msgs/lib/libcustom_msgs__rosidl_typesupport_cpp.so
-- Installing: /home/facuvulcano/workspace/install/custom_msgs/share/custom_msgs/environment/pythonpath.sh
-- Installing: /home/facuvulcano/workspace/install/custom_msgs/share/custom_msgs/environment/pythonpath.dsv
-- Installing: /home/facuvulcano/workspace/install/custom_msgs/lib/python3.11/site-packages/custom_msgs-0.0.0-py3.11.egg-info
-- Installing: /home/facuvulcano/workspace/install/custom_msgs/lib/python3.11/site-packages/custom_msgs-0.0.0-py3.11.egg-info/PKG-INFO
-- Installing: /home/facuvulcano/workspace/install/custom_msgs/lib/python3.11/site-packages/custom_msgs-0.0.0-py3.11.egg-info/top_level.txt
-- Installing: /home/facuvulcano/workspace/install/custom_msgs/lib/python3.11/site-packages/custom_msgs-0.0.0-py3.11.egg-info/dependency_links.txt
-- Installing: /home/facuvulcano/workspace/install/custom_msgs/lib/python3.11/site-packages/custom_msgs-0.0.0-py3.11.egg-info/SOURCES.txt
-- Installing: /home/facuvulcano/workspace/install/custom_msgs/lib/python3.11/site-packages/custom_msgs
-- Installing: /home/facuvulcano/workspace/install/custom_msgs/lib/python3.11/site-packages/custom_msgs/custom_msgs_s__rosidl_typesupport_introspection_c.cpython-311-x86_64-linux-gnu.so
-- Installing: /home/facuvulcano/workspace/install/custom_msgs/lib/python3.11/site-packages/custom_msgs/_custom_msgs_s.ep.rosidl_typesupport_introspection_c.c
-- Installing: /home/facuvulcano/workspace/install/custom_msgs/lib/python3.11/site-packages/custom_msgs/msg
-- Installing: /home/facuvulcano/workspace/install/custom_msgs/lib/python3.11/site-packages/custom_msgs/msg/_belief.py
-- Installing: /home/facuvulcano/workspace/install/custom_msgs/lib/python3.11/site-packages/custom_msgs/msg/_delta_odom.py
-- Installing: /home/facuvulcano/workspace/install/custom_msgs/lib/python3.11/site-packages/custom_msgs/msg/_belief_s.c
-- Installing: /home/facuvulcano/workspace/install/custom_msgs/lib/python3.11/site-packages/custom_msgs/msg/_delta_odom_s.c
-- Installing: /home/facuvulcano/workspace/install/custom_msgs/lib/python3.11/site-packages/custom_msgs/msg/__init__.py
-- Installing: /home/facuvulcano/workspace/install/custom_msgs/lib/python3.11/site-packages/custom_msgs/libcustom_msgs__rosidl_generator_py.so
-- Installing: /home/facuvulcano/workspace/install/custom_msgs/lib/python3.11/site-packages/custom_msgs/custom_msgs_s__rosidl_typesupport_fastrtps_c.cpython-311-x86_64-linux-gnu.so
-- Installing: /home/facuvulcano/workspace/install/custom_msgs/lib/python3.11/site-packages/custom_msgs/custom_msgs_s__rosidl_typesupport_c.cpython-311-x86_64-linux-gnu.so
-- Installing: /home/facuvulcano/workspace/install/custom_msgs/lib/python3.11/site-packages/custom_msgs/_custom_msgs_s.ep.rosidl_typesupport_c.c
-- Installing: /home/facuvulcano/workspace/install/custom_msgs/lib/python3.11/site-packages/custom_msgs/__init__.py
-- Installing: /home/facuvulcano/workspace/install/custom_msgs/lib/python3.11/site-packages/custom_msgs/_custom_msgs_s.ep.rosidl_typesupport_fastrtps_c.c
Listing 'lib/python3.11/site-packages/custom_msgs'...
Can't list 'lib/python3.11/site-packages/custom_msgs'
-- Installing: /home/facuvulcano/workspace/install/custom_msgs/lib/python3.11/site-packages/custom_msgs/custom_msgs_s__rosidl_typesupport_fastrtps_c.cpython-311-x86_64-linux-gnu.so
-- Set non-toolchain portion of runtime path of "/home/facuvulcano/workspace/install/custom_msgs/lib/python3.11/site-packages/custom_msgs/custom_msgs_s__rosidl_typesupport_fastrtps_c.cpython-311-x86_64-linux-gnu.so" to ""
-- Installing: /home/facuvulcano/workspace/install/custom_msgs/lib/python3.11/site-packages/custom_msgs/custom_msgs_s__rosidl_typesupport_introspection_c.cpython-311-x86_64-linux-gnu.so
-- Set non-toolchain portion of runtime path of "/home/facuvulcano/workspace/install/custom_msgs/lib/python3.11/site-packages/custom_msgs/custom_msgs_s__rosidl_typesupport_introspection_c.cpython-311-x86_64-linux-gnu.so" to ""
-- Installing: /home/facuvulcano/workspace/install/custom_msgs/lib/python3.11/site-packages/custom_msgs/custom_msgs_s__rosidl_typesupport_c.cpython-311-x86_64-linux-gnu.so
-- Set non-toolchain portion of runtime path of "/home/facuvulcano/workspace/install/custom_msgs/lib/python3.11/site-packages/custom_msgs/custom_msgs_s__rosidl_typesupport_c.cpython-311-x86_64-linux-gnu.so" to ""
-- Installing: /home/facuvulcano/workspace/install/custom_msgs/lib/libcustom_msgs__rosidl_generator_py.so
-- Set non-toolchain portion of runtime path of "/home/facuvulcano/workspace/install/custom_msgs/lib/libcustom_msgs__rosidl_generator_py.so" to ""
-- Installing: /home/facuvulcano/workspace/install/custom_msgs/share/custom_msgs/msg/DeltaOdom.idl
-- Installing: /home/facuvulcano/workspace/install/custom_msgs/share/custom_msgs/msg/Belief.idl
-- Installing: /home/facuvulcano/workspace/install/custom_msgs/share/custom_msgs/msg/DeltaOdom.msg
-- Installing: /home/facuvulcano/workspace/install/custom_msgs/share/custom_msgs/msg/Belief.msg
-- Installing: /home/facuvulcano/workspace/install/custom_msgs/share/ament_index/resource_index/package_run_dependencies/custom_msgs
-- Installing: /home/facuvulcano/workspace/install/custom_msgs/share/ament_index/resource_index/parent_prefix_path/custom_msgs
-- Installing: /home/facuvulcano/workspace/install/custom_msgs/share/custom_msgs/environment/ament_prefix_path.sh
-- Installing: /home/facuvulcano/workspace/install/custom_msgs/share/custom_msgs/environment/ament_prefix_path.dsv
-- Installing: /home/facuvulcano/workspace/install/custom_msgs/share/custom_msgs/environment/path.sh
-- Installing: /home/facuvulcano/workspace/install/custom_msgs/share/custom_msgs/environment/path.dsv
-- Installing: /home/facuvulcano/workspace/install/custom_msgs/share/custom_msgs/local_setup.bash
-- Installing: /home/facuvulcano/workspace/install/custom_msgs/share/custom_msgs/local_setup.sh
-- Installing: /home/facuvulcano/workspace/install/custom_msgs/share/custom_msgs/local_setup.zsh
-- Installing: /home/facuvulcano/workspace/install/custom_msgs/share/custom_msgs/local_setup.dsv
-- Installing: /home/facuvulcano/workspace/install/custom_msgs/share/custom_msgs/package.dsv
-- Installing: /home/facuvulcano/workspace/install/custom_msgs/share/ament_index/resource_index/packages/custom_msgs
-- Installing: /home/facuvulcano/workspace/install/custom_msgs/share/custom_msgs/cmake/export_custom_msgs__rosidl_generator_cExport.cmake
-- Installing: /home/facuvulcano/workspace/install/custom_msgs/share/custom_msgs/cmake/export_custom_msgs__rosidl_generator_cExport-noconfig.cmake
-- Installing: /home/facuvulcano/workspace/install/custom_msgs/share/custom_msgs/cmake/export_custom_msgs__rosidl_typesupport_fastrtps_cExport.cmake
-- Installing: /home/facuvulcano/workspace/install/custom_msgs/share/custom_msgs/cmake/export_custom_msgs__rosidl_typesupport_fastrtps_cExport-noconfig.cmake
-- Installing: /home/facuvulcano/workspace/install/custom_msgs/share/custom_msgs/cmake/export_custom_msgs__rosidl_generator_cppExport.cmake
-- Installing: /home/facuvulcano/workspace/install/custom_msgs/share/custom_msgs/cmake/export_custom_msgs__rosidl_typesupport_fastrtps_cppExport.cmake
-- Installing: /home/facuvulcano/workspace/install/custom_msgs/share/custom_msgs/cmake/export_custom_msgs__rosidl_typesupport_fastrtps_cppExport-noconfig.cmake
-- Installing: /home/facuvulcano/workspace/install/custom_msgs/share/custom_msgs/cmake/custom_msgs__rosidl_typesupport_introspection_cExport.cmake
-- Installing: /home/facuvulcano/workspace/install/custom_msgs/share/custom_msgs/cmake/custom_msgs__rosidl_typesupport_introspection_cExport-noconfig.cmake
-- Installing: /home/facuvulcano/workspace/install/custom_msgs/share/custom_msgs/cmake/custom_msgs__rosidl_typesupport_cExport.cmake
-- Installing: /home/facuvulcano/workspace/install/custom_msgs/share/custom_msgs/cmake/custom_msgs__rosidl_typesupport_cExport-noconfig.cmake
-- Installing: /home/facuvulcano/workspace/install/custom_msgs/share/custom_msgs/cmake/custom_msgs__rosidl_typesupport_introspection_cppExport.cmake
-- Installing: /home/facuvulcano/workspace/install/custom_msgs/share/custom_msgs/cmake/custom_msgs__rosidl_typesupport_introspection_cppExport-noconfig.cmake
-- Installing: /home/facuvulcano/workspace/install/custom_msgs/share/custom_msgs/cmake/custom_msgs__rosidl_typesupport_cppExport.cmake
-- Installing: /home/facuvulcano/workspace/install/custom_msgs/share/custom_msgs/cmake/custom_msgs__rosidl_typesupport_cppExport-noconfig.cmake
-- Installing: /home/facuvulcano/workspace/install/custom_msgs/share/custom_msgs/cmake/export_custom_msgs__rosidl_generator_pyExport.cmake
-- Installing: /home/facuvulcano/workspace/install/custom_msgs/share/custom_msgs/cmake/export_custom_msgs__rosidl_generator_pyExport-noconfig.cmake
-- Installing: /home/facuvulcano/workspace/install/custom_msgs/share/custom_msgs/cmake/rosidl_cmake-extras.cmake
-- Installing: /home/facuvulcano/workspace/install/custom_msgs/share/custom_msgs/cmake/ament_cmake_export_dependencies-extras.cmake
-- Installing: /home/facuvulcano/workspace/install/custom_msgs/share/custom_msgs/cmake/ament_cmake_export_include_directories-extras.cmake
-- Installing: /home/facuvulcano/workspace/install/custom_msgs/share/custom_msgs/cmake/ament_cmake_export_libraries-extras.cmake
-- Installing: /home/facuvulcano/workspace/install/custom_msgs/share/custom_msgs/cmake/ament_cmake_export_targets-extras.cmake
-- Installing: /home/facuvulcano/workspace/install/custom_msgs/share/custom_msgs/cmake/rosidl_cmake_export_typesupport_targets-extras.cmake
-- Installing: /home/facuvulcano/workspace/install/custom_msgs/share/custom_msgs/cmake/rosidl_cmake_export_typesupport_libraries-extras.cmake
-- Installing: /home/facuvulcano/workspace/install/custom_msgs/share/custom_msgs/cmake/custom_msgsConfig.cmake
-- Installing: /home/facuvulcano/workspace/install/custom_msgs/share/custom_msgs/cmake/custom_msgsConfig-version.cmake
-- Installing: /home/facuvulcano/workspace/install/custom_msgs/share/custom_msgs/package.xml
