[0.006s] Invoking command in '/home/facuvulcano/workspace/build/custom_msgs': CONDA_PROMPT_MODIFIER=(rosenv) DEBUGINFOD_URLS=https://debuginfod.ubuntu.com /home/facuvulcano/miniconda3/envs/rosenv/bin/cmake --build /home/facuvulcano/workspace/build/custom_msgs -- -j32 -l32
[0.025s] [  2%] [34m[1mGenerating C code for ROS interfaces[0m
[0.031s] [  5%] [34m[1mGenerating C++ code for ROS interfaces[0m
[0.035s] [  5%] Built target ament_cmake_python_copy_custom_msgs
[0.130s] running egg_info
[0.136s] creating custom_msgs.egg-info
[0.136s] writing custom_msgs.egg-info/PKG-INFO
[0.137s] writing dependency_links to custom_msgs.egg-info/dependency_links.txt
[0.137s] writing top-level names to custom_msgs.egg-info/top_level.txt
[0.137s] writing manifest file 'custom_msgs.egg-info/SOURCES.txt'
[0.154s] reading manifest file 'custom_msgs.egg-info/SOURCES.txt'
[0.154s] writing manifest file 'custom_msgs.egg-info/SOURCES.txt'
[0.156s] [  5%] Built target custom_msgs__cpp
[0.161s] [ 10%] [34m[1mGenerating C++ type support for eProsima Fast-RTPS[0m
[0.162s] [ 10%] [34m[1mGenerating C++ introspection for ROS interfaces[0m
[0.162s] [ 12%] [34m[1mGenerating C++ type support dispatch for ROS interfaces[0m
[0.162s] [ 15%] [32mBuilding C object CMakeFiles/custom_msgs__rosidl_generator_c.dir/rosidl_generator_c/custom_msgs/msg/detail/delta_odom__functions.c.o[0m
[0.163s] [ 17%] [32mBuilding C object CMakeFiles/custom_msgs__rosidl_generator_c.dir/rosidl_generator_c/custom_msgs/msg/detail/belief__functions.c.o[0m
[0.170s] [ 17%] Built target ament_cmake_python_build_custom_msgs_egg
[0.280s] [ 20%] [32m[1mLinking C shared library libcustom_msgs__rosidl_generator_c.so[0m
[0.295s] [ 23%] [32mBuilding CXX object CMakeFiles/custom_msgs__rosidl_typesupport_introspection_cpp.dir/rosidl_typesupport_introspection_cpp/custom_msgs/msg/detail/delta_odom__type_support.cpp.o[0m
[0.295s] [ 25%] [32mBuilding CXX object CMakeFiles/custom_msgs__rosidl_typesupport_introspection_cpp.dir/rosidl_typesupport_introspection_cpp/custom_msgs/msg/detail/belief__type_support.cpp.o[0m
[0.300s] [ 28%] [32mBuilding CXX object CMakeFiles/custom_msgs__rosidl_typesupport_fastrtps_cpp.dir/rosidl_typesupport_fastrtps_cpp/custom_msgs/msg/detail/dds_fastrtps/delta_odom__type_support.cpp.o[0m
[0.301s] [ 30%] [32mBuilding CXX object CMakeFiles/custom_msgs__rosidl_typesupport_fastrtps_cpp.dir/rosidl_typesupport_fastrtps_cpp/custom_msgs/msg/detail/dds_fastrtps/belief__type_support.cpp.o[0m
[0.307s] [ 33%] [32mBuilding CXX object CMakeFiles/custom_msgs__rosidl_typesupport_cpp.dir/rosidl_typesupport_cpp/custom_msgs/msg/delta_odom__type_support.cpp.o[0m
[0.307s] [ 35%] [32mBuilding CXX object CMakeFiles/custom_msgs__rosidl_typesupport_cpp.dir/rosidl_typesupport_cpp/custom_msgs/msg/belief__type_support.cpp.o[0m
[0.317s] [ 35%] Built target custom_msgs__rosidl_generator_c
[0.323s] [ 38%] [34m[1mGenerating C introspection for ROS interfaces[0m
[0.323s] [ 43%] [34m[1mGenerating C type support for eProsima Fast-RTPS[0m
[0.323s] [ 43%] [34m[1mGenerating C type support dispatch for ROS interfaces[0m
[0.453s] [ 46%] [32mBuilding CXX object CMakeFiles/custom_msgs__rosidl_typesupport_c.dir/rosidl_typesupport_c/custom_msgs/msg/delta_odom__type_support.cpp.o[0m
[0.453s] [ 48%] [32mBuilding CXX object CMakeFiles/custom_msgs__rosidl_typesupport_c.dir/rosidl_typesupport_c/custom_msgs/msg/belief__type_support.cpp.o[0m
[0.463s] [ 53%] [32mBuilding C object CMakeFiles/custom_msgs__rosidl_typesupport_introspection_c.dir/rosidl_typesupport_introspection_c/custom_msgs/msg/detail/delta_odom__type_support.c.o[0m
[0.463s] [ 53%] [32mBuilding C object CMakeFiles/custom_msgs__rosidl_typesupport_introspection_c.dir/rosidl_typesupport_introspection_c/custom_msgs/msg/detail/belief__type_support.c.o[0m
[0.463s] [ 56%] [32mBuilding CXX object CMakeFiles/custom_msgs__rosidl_typesupport_fastrtps_c.dir/rosidl_typesupport_fastrtps_c/custom_msgs/msg/detail/delta_odom__type_support_c.cpp.o[0m
[0.463s] [ 58%] [32mBuilding CXX object CMakeFiles/custom_msgs__rosidl_typesupport_fastrtps_c.dir/rosidl_typesupport_fastrtps_c/custom_msgs/msg/detail/belief__type_support_c.cpp.o[0m
[0.487s] [ 61%] [32m[1mLinking CXX shared library libcustom_msgs__rosidl_typesupport_c.so[0m
[0.494s] [ 64%] [32m[1mLinking C shared library libcustom_msgs__rosidl_typesupport_introspection_c.so[0m
[0.520s] [ 64%] Built target custom_msgs__rosidl_typesupport_introspection_c
[0.528s] [ 64%] Built target custom_msgs__rosidl_typesupport_c
[0.549s] [ 66%] [32m[1mLinking CXX shared library libcustom_msgs__rosidl_typesupport_cpp.so[0m
[0.565s] [ 69%] [32m[1mLinking CXX shared library libcustom_msgs__rosidl_typesupport_introspection_cpp.so[0m
[0.590s] [ 69%] Built target custom_msgs__rosidl_typesupport_cpp
[0.607s] [ 69%] Built target custom_msgs__rosidl_typesupport_introspection_cpp
[0.695s] [ 71%] [32m[1mLinking CXX shared library libcustom_msgs__rosidl_typesupport_fastrtps_cpp.so[0m
[0.732s] [ 74%] [32m[1mLinking CXX shared library libcustom_msgs__rosidl_typesupport_fastrtps_c.so[0m
[0.764s] [ 74%] Built target custom_msgs__rosidl_typesupport_fastrtps_cpp
[0.794s] [ 74%] Built target custom_msgs__rosidl_typesupport_fastrtps_c
[0.805s] [ 74%] Built target custom_msgs
[0.818s] [ 76%] [34m[1mGenerating Python code for ROS interfaces[0m
[0.984s] [ 76%] Built target custom_msgs__py
[0.994s] [ 79%] [32mBuilding C object CMakeFiles/custom_msgs__rosidl_generator_py.dir/rosidl_generator_py/custom_msgs/msg/_delta_odom_s.c.o[0m
[0.994s] [ 82%] [32mBuilding C object CMakeFiles/custom_msgs__rosidl_generator_py.dir/rosidl_generator_py/custom_msgs/msg/_belief_s.c.o[0m
[1.092s] [ 84%] [32m[1mLinking C shared library rosidl_generator_py/custom_msgs/libcustom_msgs__rosidl_generator_py.so[0m
[1.117s] [ 84%] Built target custom_msgs__rosidl_generator_py
[1.127s] [ 87%] [32mBuilding C object CMakeFiles/custom_msgs__rosidl_typesupport_fastrtps_c__pyext.dir/rosidl_generator_py/custom_msgs/_custom_msgs_s.ep.rosidl_typesupport_fastrtps_c.c.o[0m
[1.127s] [ 92%] [32mBuilding C object CMakeFiles/custom_msgs__rosidl_typesupport_c__pyext.dir/rosidl_generator_py/custom_msgs/_custom_msgs_s.ep.rosidl_typesupport_c.c.o[0m
[1.128s] [ 92%] [32mBuilding C object CMakeFiles/custom_msgs__rosidl_typesupport_introspection_c__pyext.dir/rosidl_generator_py/custom_msgs/_custom_msgs_s.ep.rosidl_typesupport_introspection_c.c.o[0m
[1.200s] [ 94%] [32m[1mLinking C shared library rosidl_generator_py/custom_msgs/custom_msgs_s__rosidl_typesupport_c.cpython-311-x86_64-linux-gnu.so[0m
[1.203s] [ 97%] [32m[1mLinking C shared library rosidl_generator_py/custom_msgs/custom_msgs_s__rosidl_typesupport_fastrtps_c.cpython-311-x86_64-linux-gnu.so[0m
[1.206s] [100%] [32m[1mLinking C shared library rosidl_generator_py/custom_msgs/custom_msgs_s__rosidl_typesupport_introspection_c.cpython-311-x86_64-linux-gnu.so[0m
[1.222s] [100%] Built target custom_msgs__rosidl_typesupport_c__pyext
[1.225s] [100%] Built target custom_msgs__rosidl_typesupport_fastrtps_c__pyext
[1.228s] [100%] Built target custom_msgs__rosidl_typesupport_introspection_c__pyext
[1.234s] Invoked command in '/home/facuvulcano/workspace/build/custom_msgs' returned '0': CONDA_PROMPT_MODIFIER=(rosenv) DEBUGINFOD_URLS=https://debuginfod.ubuntu.com /home/facuvulcano/miniconda3/envs/rosenv/bin/cmake --build /home/facuvulcano/workspace/build/custom_msgs -- -j32 -l32
[1.292s] Invoking command in '/home/facuvulcano/workspace/build/custom_msgs': CONDA_PROMPT_MODIFIER=(rosenv) DEBUGINFOD_URLS=https://debuginfod.ubuntu.com /home/facuvulcano/miniconda3/envs/rosenv/bin/cmake --install /home/facuvulcano/workspace/build/custom_msgs
[1.296s] -- Install configuration: ""
[1.296s] -- Installing: /home/facuvulcano/workspace/install/custom_msgs/share/ament_index/resource_index/rosidl_interfaces/custom_msgs
[1.296s] -- Installing: /home/facuvulcano/workspace/install/custom_msgs/include/custom_msgs/custom_msgs
[1.296s] -- Installing: /home/facuvulcano/workspace/install/custom_msgs/include/custom_msgs/custom_msgs/msg
[1.296s] -- Installing: /home/facuvulcano/workspace/install/custom_msgs/include/custom_msgs/custom_msgs/msg/rosidl_generator_c__visibility_control.h
[1.296s] -- Installing: /home/facuvulcano/workspace/install/custom_msgs/include/custom_msgs/custom_msgs/msg/detail
[1.296s] -- Installing: /home/facuvulcano/workspace/install/custom_msgs/include/custom_msgs/custom_msgs/msg/detail/delta_odom__functions.c
[1.296s] -- Installing: /home/facuvulcano/workspace/install/custom_msgs/include/custom_msgs/custom_msgs/msg/detail/belief__functions.h
[1.296s] -- Installing: /home/facuvulcano/workspace/install/custom_msgs/include/custom_msgs/custom_msgs/msg/detail/delta_odom__functions.h
[1.296s] -- Installing: /home/facuvulcano/workspace/install/custom_msgs/include/custom_msgs/custom_msgs/msg/detail/delta_odom__type_support.h
[1.296s] -- Installing: /home/facuvulcano/workspace/install/custom_msgs/include/custom_msgs/custom_msgs/msg/detail/belief__type_support.h
[1.296s] -- Installing: /home/facuvulcano/workspace/install/custom_msgs/include/custom_msgs/custom_msgs/msg/detail/delta_odom__struct.h
[1.296s] -- Installing: /home/facuvulcano/workspace/install/custom_msgs/include/custom_msgs/custom_msgs/msg/detail/belief__functions.c
[1.296s] -- Installing: /home/facuvulcano/workspace/install/custom_msgs/include/custom_msgs/custom_msgs/msg/detail/belief__struct.h
[1.297s] -- Installing: /home/facuvulcano/workspace/install/custom_msgs/include/custom_msgs/custom_msgs/msg/delta_odom.h
[1.297s] -- Installing: /home/facuvulcano/workspace/install/custom_msgs/include/custom_msgs/custom_msgs/msg/belief.h
[1.297s] -- Installing: /home/facuvulcano/workspace/install/custom_msgs/lib/libcustom_msgs__rosidl_generator_c.so
[1.297s] -- Up-to-date: /home/facuvulcano/workspace/install/custom_msgs/include/custom_msgs/custom_msgs
[1.297s] -- Up-to-date: /home/facuvulcano/workspace/install/custom_msgs/include/custom_msgs/custom_msgs/msg
[1.297s] -- Up-to-date: /home/facuvulcano/workspace/install/custom_msgs/include/custom_msgs/custom_msgs/msg/detail
[1.297s] -- Installing: /home/facuvulcano/workspace/install/custom_msgs/include/custom_msgs/custom_msgs/msg/detail/delta_odom__rosidl_typesupport_fastrtps_c.h
[1.297s] -- Installing: /home/facuvulcano/workspace/install/custom_msgs/include/custom_msgs/custom_msgs/msg/detail/belief__rosidl_typesupport_fastrtps_c.h
[1.297s] -- Installing: /home/facuvulcano/workspace/install/custom_msgs/include/custom_msgs/custom_msgs/msg/rosidl_typesupport_fastrtps_c__visibility_control.h
[1.297s] -- Installing: /home/facuvulcano/workspace/install/custom_msgs/lib/libcustom_msgs__rosidl_typesupport_fastrtps_c.so
[1.297s] -- Set non-toolchain portion of runtime path of "/home/facuvulcano/workspace/install/custom_msgs/lib/libcustom_msgs__rosidl_typesupport_fastrtps_c.so" to ""
[1.297s] -- Up-to-date: /home/facuvulcano/workspace/install/custom_msgs/include/custom_msgs/custom_msgs
[1.297s] -- Up-to-date: /home/facuvulcano/workspace/install/custom_msgs/include/custom_msgs/custom_msgs/msg
[1.297s] -- Up-to-date: /home/facuvulcano/workspace/install/custom_msgs/include/custom_msgs/custom_msgs/msg/detail
[1.297s] -- Installing: /home/facuvulcano/workspace/install/custom_msgs/include/custom_msgs/custom_msgs/msg/detail/delta_odom__struct.hpp
[1.297s] -- Installing: /home/facuvulcano/workspace/install/custom_msgs/include/custom_msgs/custom_msgs/msg/detail/delta_odom__builder.hpp
[1.297s] -- Installing: /home/facuvulcano/workspace/install/custom_msgs/include/custom_msgs/custom_msgs/msg/detail/delta_odom__traits.hpp
[1.297s] -- Installing: /home/facuvulcano/workspace/install/custom_msgs/include/custom_msgs/custom_msgs/msg/detail/belief__traits.hpp
[1.297s] -- Installing: /home/facuvulcano/workspace/install/custom_msgs/include/custom_msgs/custom_msgs/msg/detail/belief__struct.hpp
[1.297s] -- Installing: /home/facuvulcano/workspace/install/custom_msgs/include/custom_msgs/custom_msgs/msg/detail/belief__builder.hpp
[1.297s] -- Installing: /home/facuvulcano/workspace/install/custom_msgs/include/custom_msgs/custom_msgs/msg/belief.hpp
[1.297s] -- Installing: /home/facuvulcano/workspace/install/custom_msgs/include/custom_msgs/custom_msgs/msg/delta_odom.hpp
[1.298s] -- Up-to-date: /home/facuvulcano/workspace/install/custom_msgs/include/custom_msgs/custom_msgs
[1.298s] -- Up-to-date: /home/facuvulcano/workspace/install/custom_msgs/include/custom_msgs/custom_msgs/msg
[1.298s] -- Installing: /home/facuvulcano/workspace/install/custom_msgs/include/custom_msgs/custom_msgs/msg/rosidl_typesupport_fastrtps_cpp__visibility_control.h
[1.298s] -- Up-to-date: /home/facuvulcano/workspace/install/custom_msgs/include/custom_msgs/custom_msgs/msg/detail
[1.298s] -- Installing: /home/facuvulcano/workspace/install/custom_msgs/include/custom_msgs/custom_msgs/msg/detail/delta_odom__rosidl_typesupport_fastrtps_cpp.hpp
[1.298s] -- Installing: /home/facuvulcano/workspace/install/custom_msgs/include/custom_msgs/custom_msgs/msg/detail/dds_fastrtps
[1.298s] -- Installing: /home/facuvulcano/workspace/install/custom_msgs/include/custom_msgs/custom_msgs/msg/detail/belief__rosidl_typesupport_fastrtps_cpp.hpp
[1.298s] -- Installing: /home/facuvulcano/workspace/install/custom_msgs/lib/libcustom_msgs__rosidl_typesupport_fastrtps_cpp.so
[1.298s] -- Up-to-date: /home/facuvulcano/workspace/install/custom_msgs/include/custom_msgs/custom_msgs
[1.298s] -- Up-to-date: /home/facuvulcano/workspace/install/custom_msgs/include/custom_msgs/custom_msgs/msg
[1.298s] -- Installing: /home/facuvulcano/workspace/install/custom_msgs/include/custom_msgs/custom_msgs/msg/rosidl_typesupport_introspection_c__visibility_control.h
[1.298s] -- Up-to-date: /home/facuvulcano/workspace/install/custom_msgs/include/custom_msgs/custom_msgs/msg/detail
[1.298s] -- Installing: /home/facuvulcano/workspace/install/custom_msgs/include/custom_msgs/custom_msgs/msg/detail/belief__type_support.c
[1.298s] -- Installing: /home/facuvulcano/workspace/install/custom_msgs/include/custom_msgs/custom_msgs/msg/detail/delta_odom__rosidl_typesupport_introspection_c.h
[1.298s] -- Installing: /home/facuvulcano/workspace/install/custom_msgs/include/custom_msgs/custom_msgs/msg/detail/delta_odom__type_support.c
[1.298s] -- Installing: /home/facuvulcano/workspace/install/custom_msgs/include/custom_msgs/custom_msgs/msg/detail/belief__rosidl_typesupport_introspection_c.h
[1.298s] -- Installing: /home/facuvulcano/workspace/install/custom_msgs/lib/libcustom_msgs__rosidl_typesupport_introspection_c.so
[1.298s] -- Set non-toolchain portion of runtime path of "/home/facuvulcano/workspace/install/custom_msgs/lib/libcustom_msgs__rosidl_typesupport_introspection_c.so" to ""
[1.298s] -- Installing: /home/facuvulcano/workspace/install/custom_msgs/lib/libcustom_msgs__rosidl_typesupport_c.so
[1.298s] -- Set non-toolchain portion of runtime path of "/home/facuvulcano/workspace/install/custom_msgs/lib/libcustom_msgs__rosidl_typesupport_c.so" to ""
[1.298s] -- Up-to-date: /home/facuvulcano/workspace/install/custom_msgs/include/custom_msgs/custom_msgs
[1.298s] -- Up-to-date: /home/facuvulcano/workspace/install/custom_msgs/include/custom_msgs/custom_msgs/msg
[1.298s] -- Up-to-date: /home/facuvulcano/workspace/install/custom_msgs/include/custom_msgs/custom_msgs/msg/detail
[1.298s] -- Installing: /home/facuvulcano/workspace/install/custom_msgs/include/custom_msgs/custom_msgs/msg/detail/delta_odom__rosidl_typesupport_introspection_cpp.hpp
[1.298s] -- Installing: /home/facuvulcano/workspace/install/custom_msgs/include/custom_msgs/custom_msgs/msg/detail/belief__rosidl_typesupport_introspection_cpp.hpp
[1.299s] -- Installing: /home/facuvulcano/workspace/install/custom_msgs/include/custom_msgs/custom_msgs/msg/detail/belief__type_support.cpp
[1.299s] -- Installing: /home/facuvulcano/workspace/install/custom_msgs/include/custom_msgs/custom_msgs/msg/detail/delta_odom__type_support.cpp
[1.299s] -- Installing: /home/facuvulcano/workspace/install/custom_msgs/lib/libcustom_msgs__rosidl_typesupport_introspection_cpp.so
[1.299s] -- Installing: /home/facuvulcano/workspace/install/custom_msgs/lib/libcustom_msgs__rosidl_typesupport_cpp.so
[1.299s] -- Installing: /home/facuvulcano/workspace/install/custom_msgs/share/custom_msgs/environment/pythonpath.sh
[1.299s] -- Installing: /home/facuvulcano/workspace/install/custom_msgs/share/custom_msgs/environment/pythonpath.dsv
[1.299s] -- Installing: /home/facuvulcano/workspace/install/custom_msgs/lib/python3.11/site-packages/custom_msgs-0.0.0-py3.11.egg-info
[1.299s] -- Installing: /home/facuvulcano/workspace/install/custom_msgs/lib/python3.11/site-packages/custom_msgs-0.0.0-py3.11.egg-info/PKG-INFO
[1.299s] -- Installing: /home/facuvulcano/workspace/install/custom_msgs/lib/python3.11/site-packages/custom_msgs-0.0.0-py3.11.egg-info/top_level.txt
[1.299s] -- Installing: /home/facuvulcano/workspace/install/custom_msgs/lib/python3.11/site-packages/custom_msgs-0.0.0-py3.11.egg-info/dependency_links.txt
[1.299s] -- Installing: /home/facuvulcano/workspace/install/custom_msgs/lib/python3.11/site-packages/custom_msgs-0.0.0-py3.11.egg-info/SOURCES.txt
[1.299s] -- Installing: /home/facuvulcano/workspace/install/custom_msgs/lib/python3.11/site-packages/custom_msgs
[1.299s] -- Installing: /home/facuvulcano/workspace/install/custom_msgs/lib/python3.11/site-packages/custom_msgs/custom_msgs_s__rosidl_typesupport_introspection_c.cpython-311-x86_64-linux-gnu.so
[1.299s] -- Installing: /home/facuvulcano/workspace/install/custom_msgs/lib/python3.11/site-packages/custom_msgs/_custom_msgs_s.ep.rosidl_typesupport_introspection_c.c
[1.299s] -- Installing: /home/facuvulcano/workspace/install/custom_msgs/lib/python3.11/site-packages/custom_msgs/msg
[1.299s] -- Installing: /home/facuvulcano/workspace/install/custom_msgs/lib/python3.11/site-packages/custom_msgs/msg/_belief.py
[1.299s] -- Installing: /home/facuvulcano/workspace/install/custom_msgs/lib/python3.11/site-packages/custom_msgs/msg/_delta_odom.py
[1.299s] -- Installing: /home/facuvulcano/workspace/install/custom_msgs/lib/python3.11/site-packages/custom_msgs/msg/_belief_s.c
[1.299s] -- Installing: /home/facuvulcano/workspace/install/custom_msgs/lib/python3.11/site-packages/custom_msgs/msg/_delta_odom_s.c
[1.299s] -- Installing: /home/facuvulcano/workspace/install/custom_msgs/lib/python3.11/site-packages/custom_msgs/msg/__init__.py
[1.299s] -- Installing: /home/facuvulcano/workspace/install/custom_msgs/lib/python3.11/site-packages/custom_msgs/libcustom_msgs__rosidl_generator_py.so
[1.299s] -- Installing: /home/facuvulcano/workspace/install/custom_msgs/lib/python3.11/site-packages/custom_msgs/custom_msgs_s__rosidl_typesupport_fastrtps_c.cpython-311-x86_64-linux-gnu.so
[1.299s] -- Installing: /home/facuvulcano/workspace/install/custom_msgs/lib/python3.11/site-packages/custom_msgs/custom_msgs_s__rosidl_typesupport_c.cpython-311-x86_64-linux-gnu.so
[1.299s] -- Installing: /home/facuvulcano/workspace/install/custom_msgs/lib/python3.11/site-packages/custom_msgs/_custom_msgs_s.ep.rosidl_typesupport_c.c
[1.299s] -- Installing: /home/facuvulcano/workspace/install/custom_msgs/lib/python3.11/site-packages/custom_msgs/__init__.py
[1.299s] -- Installing: /home/facuvulcano/workspace/install/custom_msgs/lib/python3.11/site-packages/custom_msgs/_custom_msgs_s.ep.rosidl_typesupport_fastrtps_c.c
[1.314s] Listing 'lib/python3.11/site-packages/custom_msgs'...
[1.314s] Can't list 'lib/python3.11/site-packages/custom_msgs'
[1.316s] -- Installing: /home/facuvulcano/workspace/install/custom_msgs/lib/python3.11/site-packages/custom_msgs/custom_msgs_s__rosidl_typesupport_fastrtps_c.cpython-311-x86_64-linux-gnu.so
[1.317s] -- Set non-toolchain portion of runtime path of "/home/facuvulcano/workspace/install/custom_msgs/lib/python3.11/site-packages/custom_msgs/custom_msgs_s__rosidl_typesupport_fastrtps_c.cpython-311-x86_64-linux-gnu.so" to ""
[1.317s] -- Installing: /home/facuvulcano/workspace/install/custom_msgs/lib/python3.11/site-packages/custom_msgs/custom_msgs_s__rosidl_typesupport_introspection_c.cpython-311-x86_64-linux-gnu.so
[1.317s] -- Set non-toolchain portion of runtime path of "/home/facuvulcano/workspace/install/custom_msgs/lib/python3.11/site-packages/custom_msgs/custom_msgs_s__rosidl_typesupport_introspection_c.cpython-311-x86_64-linux-gnu.so" to ""
[1.317s] -- Installing: /home/facuvulcano/workspace/install/custom_msgs/lib/python3.11/site-packages/custom_msgs/custom_msgs_s__rosidl_typesupport_c.cpython-311-x86_64-linux-gnu.so
[1.317s] -- Set non-toolchain portion of runtime path of "/home/facuvulcano/workspace/install/custom_msgs/lib/python3.11/site-packages/custom_msgs/custom_msgs_s__rosidl_typesupport_c.cpython-311-x86_64-linux-gnu.so" to ""
[1.317s] -- Installing: /home/facuvulcano/workspace/install/custom_msgs/lib/libcustom_msgs__rosidl_generator_py.so
[1.317s] -- Set non-toolchain portion of runtime path of "/home/facuvulcano/workspace/install/custom_msgs/lib/libcustom_msgs__rosidl_generator_py.so" to ""
[1.317s] -- Installing: /home/facuvulcano/workspace/install/custom_msgs/share/custom_msgs/msg/DeltaOdom.idl
[1.317s] -- Installing: /home/facuvulcano/workspace/install/custom_msgs/share/custom_msgs/msg/Belief.idl
[1.317s] -- Installing: /home/facuvulcano/workspace/install/custom_msgs/share/custom_msgs/msg/DeltaOdom.msg
[1.317s] -- Installing: /home/facuvulcano/workspace/install/custom_msgs/share/custom_msgs/msg/Belief.msg
[1.317s] -- Installing: /home/facuvulcano/workspace/install/custom_msgs/share/ament_index/resource_index/package_run_dependencies/custom_msgs
[1.317s] -- Installing: /home/facuvulcano/workspace/install/custom_msgs/share/ament_index/resource_index/parent_prefix_path/custom_msgs
[1.317s] -- Installing: /home/facuvulcano/workspace/install/custom_msgs/share/custom_msgs/environment/ament_prefix_path.sh
[1.317s] -- Installing: /home/facuvulcano/workspace/install/custom_msgs/share/custom_msgs/environment/ament_prefix_path.dsv
[1.317s] -- Installing: /home/facuvulcano/workspace/install/custom_msgs/share/custom_msgs/environment/path.sh
[1.317s] -- Installing: /home/facuvulcano/workspace/install/custom_msgs/share/custom_msgs/environment/path.dsv
[1.317s] -- Installing: /home/facuvulcano/workspace/install/custom_msgs/share/custom_msgs/local_setup.bash
[1.317s] -- Installing: /home/facuvulcano/workspace/install/custom_msgs/share/custom_msgs/local_setup.sh
[1.318s] -- Installing: /home/facuvulcano/workspace/install/custom_msgs/share/custom_msgs/local_setup.zsh
[1.318s] -- Installing: /home/facuvulcano/workspace/install/custom_msgs/share/custom_msgs/local_setup.dsv
[1.318s] -- Installing: /home/facuvulcano/workspace/install/custom_msgs/share/custom_msgs/package.dsv
[1.318s] -- Installing: /home/facuvulcano/workspace/install/custom_msgs/share/ament_index/resource_index/packages/custom_msgs
[1.318s] -- Installing: /home/facuvulcano/workspace/install/custom_msgs/share/custom_msgs/cmake/export_custom_msgs__rosidl_generator_cExport.cmake
[1.318s] -- Installing: /home/facuvulcano/workspace/install/custom_msgs/share/custom_msgs/cmake/export_custom_msgs__rosidl_generator_cExport-noconfig.cmake
[1.318s] -- Installing: /home/facuvulcano/workspace/install/custom_msgs/share/custom_msgs/cmake/export_custom_msgs__rosidl_typesupport_fastrtps_cExport.cmake
[1.318s] -- Installing: /home/facuvulcano/workspace/install/custom_msgs/share/custom_msgs/cmake/export_custom_msgs__rosidl_typesupport_fastrtps_cExport-noconfig.cmake
[1.318s] -- Installing: /home/facuvulcano/workspace/install/custom_msgs/share/custom_msgs/cmake/export_custom_msgs__rosidl_generator_cppExport.cmake
[1.318s] -- Installing: /home/facuvulcano/workspace/install/custom_msgs/share/custom_msgs/cmake/export_custom_msgs__rosidl_typesupport_fastrtps_cppExport.cmake
[1.318s] -- Installing: /home/facuvulcano/workspace/install/custom_msgs/share/custom_msgs/cmake/export_custom_msgs__rosidl_typesupport_fastrtps_cppExport-noconfig.cmake
[1.318s] -- Installing: /home/facuvulcano/workspace/install/custom_msgs/share/custom_msgs/cmake/custom_msgs__rosidl_typesupport_introspection_cExport.cmake
[1.318s] -- Installing: /home/facuvulcano/workspace/install/custom_msgs/share/custom_msgs/cmake/custom_msgs__rosidl_typesupport_introspection_cExport-noconfig.cmake
[1.318s] -- Installing: /home/facuvulcano/workspace/install/custom_msgs/share/custom_msgs/cmake/custom_msgs__rosidl_typesupport_cExport.cmake
[1.318s] -- Installing: /home/facuvulcano/workspace/install/custom_msgs/share/custom_msgs/cmake/custom_msgs__rosidl_typesupport_cExport-noconfig.cmake
[1.318s] -- Installing: /home/facuvulcano/workspace/install/custom_msgs/share/custom_msgs/cmake/custom_msgs__rosidl_typesupport_introspection_cppExport.cmake
[1.318s] -- Installing: /home/facuvulcano/workspace/install/custom_msgs/share/custom_msgs/cmake/custom_msgs__rosidl_typesupport_introspection_cppExport-noconfig.cmake
[1.318s] -- Installing: /home/facuvulcano/workspace/install/custom_msgs/share/custom_msgs/cmake/custom_msgs__rosidl_typesupport_cppExport.cmake
[1.318s] -- Installing: /home/facuvulcano/workspace/install/custom_msgs/share/custom_msgs/cmake/custom_msgs__rosidl_typesupport_cppExport-noconfig.cmake
[1.318s] -- Installing: /home/facuvulcano/workspace/install/custom_msgs/share/custom_msgs/cmake/export_custom_msgs__rosidl_generator_pyExport.cmake
[1.318s] -- Installing: /home/facuvulcano/workspace/install/custom_msgs/share/custom_msgs/cmake/export_custom_msgs__rosidl_generator_pyExport-noconfig.cmake
[1.318s] -- Installing: /home/facuvulcano/workspace/install/custom_msgs/share/custom_msgs/cmake/rosidl_cmake-extras.cmake
[1.318s] -- Installing: /home/facuvulcano/workspace/install/custom_msgs/share/custom_msgs/cmake/ament_cmake_export_dependencies-extras.cmake
[1.318s] -- Installing: /home/facuvulcano/workspace/install/custom_msgs/share/custom_msgs/cmake/ament_cmake_export_include_directories-extras.cmake
[1.319s] -- Installing: /home/facuvulcano/workspace/install/custom_msgs/share/custom_msgs/cmake/ament_cmake_export_libraries-extras.cmake
[1.319s] -- Installing: /home/facuvulcano/workspace/install/custom_msgs/share/custom_msgs/cmake/ament_cmake_export_targets-extras.cmake
[1.319s] -- Installing: /home/facuvulcano/workspace/install/custom_msgs/share/custom_msgs/cmake/rosidl_cmake_export_typesupport_targets-extras.cmake
[1.319s] -- Installing: /home/facuvulcano/workspace/install/custom_msgs/share/custom_msgs/cmake/rosidl_cmake_export_typesupport_libraries-extras.cmake
[1.319s] -- Installing: /home/facuvulcano/workspace/install/custom_msgs/share/custom_msgs/cmake/custom_msgsConfig.cmake
[1.319s] -- Installing: /home/facuvulcano/workspace/install/custom_msgs/share/custom_msgs/cmake/custom_msgsConfig-version.cmake
[1.319s] -- Installing: /home/facuvulcano/workspace/install/custom_msgs/share/custom_msgs/package.xml
[1.319s] Invoked command in '/home/facuvulcano/workspace/build/custom_msgs' returned '0': CONDA_PROMPT_MODIFIER=(rosenv) DEBUGINFOD_URLS=https://debuginfod.ubuntu.com /home/facuvulcano/miniconda3/envs/rosenv/bin/cmake --install /home/facuvulcano/workspace/build/custom_msgs
