[0.007s] Invoking command in '/home/alumno1/workspace/build/custom_msgs': CMAKE_PREFIX_PATH=${CMAKE_PREFIX_PATH}:/home/alumno1/workspace/install/custom_code:/home/alumno1/turtlebot3_ws/install/turtlebot3_teleop:/home/alumno1/turtlebot3_ws/install/turtlebot3_example:/opt/ros/humble /usr/bin/cmake /home/alumno1/workspace/src/custom_msgs -DCMAKE_INSTALL_PREFIX=/home/alumno1/workspace/install/custom_msgs
[0.039s] -- The C compiler identification is GNU 11.4.0
[0.070s] -- The CXX compiler identification is GNU 11.4.0
[0.075s] -- Detecting C compiler ABI info
[0.115s] -- Detecting C compiler ABI info - done
[0.118s] -- Check for working C compiler: /usr/bin/cc - skipped
[0.118s] -- Detecting C compile features
[0.118s] -- Detecting C compile features - done
[0.119s] -- Detecting CXX compiler ABI info
[0.164s] -- Detecting CXX compiler ABI info - done
[0.168s] -- Check for working CXX compiler: /usr/bin/c++ - skipped
[0.168s] -- Detecting CXX compile features
[0.168s] -- Detecting CXX compile features - done
[0.169s] -- Found ament_cmake: 1.3.11 (/opt/ros/humble/share/ament_cmake/cmake)
[0.254s] -- Found Python3: /usr/bin/python3 (found version "3.10.12") found components: Interpreter 
[0.302s] -- Found geometry_msgs: 4.2.4 (/opt/ros/humble/share/geometry_msgs/cmake)
[0.327s] -- Found rosidl_generator_c: 3.1.6 (/opt/ros/humble/share/rosidl_generator_c/cmake)
[0.330s] -- Found rosidl_adapter: 3.1.6 (/opt/ros/humble/share/rosidl_adapter/cmake)
[0.335s] -- Found rosidl_generator_cpp: 3.1.6 (/opt/ros/humble/share/rosidl_generator_cpp/cmake)
[0.341s] -- Using all available rosidl_typesupport_c: rosidl_typesupport_fastrtps_c;rosidl_typesupport_introspection_c
[0.349s] -- Using all available rosidl_typesupport_cpp: rosidl_typesupport_fastrtps_cpp;rosidl_typesupport_introspection_cpp
[0.368s] -- Found rosidl_default_generators: 1.2.0 (/opt/ros/humble/share/rosidl_default_generators/cmake)
[0.373s] -- Found ament_lint_auto: 0.12.11 (/opt/ros/humble/share/ament_lint_auto/cmake)
[0.525s] -- Found ament_cmake_ros: 0.10.0 (/opt/ros/humble/share/ament_cmake_ros/cmake)
[0.732s] -- Using all available rosidl_typesupport_c: rosidl_typesupport_fastrtps_c;rosidl_typesupport_introspection_c
[0.807s] -- Using all available rosidl_typesupport_cpp: rosidl_typesupport_fastrtps_cpp;rosidl_typesupport_introspection_cpp
[0.819s] -- Found PythonInterp: /usr/bin/python3 (found suitable version "3.10.12", minimum required is "3.6") 
[0.820s] -- Found python_cmake_module: 0.10.0 (/opt/ros/humble/share/python_cmake_module/cmake)
[0.835s] -- Found PythonLibs: /usr/lib/x86_64-linux-gnu/libpython3.10.so (found suitable version "3.10.12", minimum required is "3.5") 
[0.835s] -- Using PYTHON_EXECUTABLE: /usr/bin/python3
[0.835s] -- Using PYTHON_INCLUDE_DIRS: /usr/include/python3.10
[0.835s] -- Using PYTHON_LIBRARIES: /usr/lib/x86_64-linux-gnu/libpython3.10.so
[0.847s] -- Found PythonExtra: .so  
[0.881s] -- Added test 'lint_cmake' to check CMake code style
[0.881s] -- Added test 'xmllint' to check XML markup files
[0.883s] -- Configuring done
[0.896s] -- Generating done
[0.901s] -- Build files have been written to: /home/alumno1/workspace/build/custom_msgs
[0.905s] Invoked command in '/home/alumno1/workspace/build/custom_msgs' returned '0': CMAKE_PREFIX_PATH=${CMAKE_PREFIX_PATH}:/home/alumno1/workspace/install/custom_code:/home/alumno1/turtlebot3_ws/install/turtlebot3_teleop:/home/alumno1/turtlebot3_ws/install/turtlebot3_example:/opt/ros/humble /usr/bin/cmake /home/alumno1/workspace/src/custom_msgs -DCMAKE_INSTALL_PREFIX=/home/alumno1/workspace/install/custom_msgs
[0.906s] Invoking command in '/home/alumno1/workspace/build/custom_msgs': CMAKE_PREFIX_PATH=${CMAKE_PREFIX_PATH}:/home/alumno1/workspace/install/custom_code:/home/alumno1/turtlebot3_ws/install/turtlebot3_teleop:/home/alumno1/turtlebot3_ws/install/turtlebot3_example:/opt/ros/humble /usr/bin/cmake --build /home/alumno1/workspace/build/custom_msgs -- -j28 -l28
[0.933s] [  2%] [34m[1mGenerating C code for ROS interfaces[0m
[0.940s] [  5%] [34m[1mGenerating C++ code for ROS interfaces[0m
[0.945s] [  5%] Built target ament_cmake_python_copy_custom_msgs
[1.055s] running egg_info
[1.055s] creating custom_msgs.egg-info
[1.055s] writing custom_msgs.egg-info/PKG-INFO
[1.055s] writing dependency_links to custom_msgs.egg-info/dependency_links.txt
[1.055s] writing top-level names to custom_msgs.egg-info/top_level.txt
[1.055s] writing manifest file 'custom_msgs.egg-info/SOURCES.txt'
[1.056s] reading manifest file 'custom_msgs.egg-info/SOURCES.txt'
[1.057s] writing manifest file 'custom_msgs.egg-info/SOURCES.txt'
[1.070s] [  5%] Built target ament_cmake_python_build_custom_msgs_egg
[1.076s] [  7%] [32mBuilding C object CMakeFiles/custom_msgs__rosidl_generator_c.dir/rosidl_generator_c/custom_msgs/msg/detail/delta_odom__functions.c.o[0m
[1.076s] [ 10%] [32mBuilding C object CMakeFiles/custom_msgs__rosidl_generator_c.dir/rosidl_generator_c/custom_msgs/msg/detail/belief__functions.c.o[0m
[1.079s] [ 10%] Built target custom_msgs__cpp
[1.085s] [ 12%] [34m[1mGenerating C++ type support for eProsima Fast-RTPS[0m
[1.085s] [ 15%] [34m[1mGenerating C++ introspection for ROS interfaces[0m
[1.086s] [ 17%] [34m[1mGenerating C++ type support dispatch for ROS interfaces[0m
[1.104s] [ 20%] [32m[1mLinking C shared library libcustom_msgs__rosidl_generator_c.so[0m
[1.125s] [ 20%] Built target custom_msgs__rosidl_generator_c
[1.131s] [ 23%] [34m[1mGenerating C type support dispatch for ROS interfaces[0m
[1.132s] [ 25%] [34m[1mGenerating C type support for eProsima Fast-RTPS[0m
[1.132s] [ 28%] [34m[1mGenerating C introspection for ROS interfaces[0m
[1.204s] [ 33%] [32mBuilding CXX object CMakeFiles/custom_msgs__rosidl_typesupport_cpp.dir/rosidl_typesupport_cpp/custom_msgs/msg/belief__type_support.cpp.o[0m
[1.204s] [ 33%] [32mBuilding CXX object CMakeFiles/custom_msgs__rosidl_typesupport_cpp.dir/rosidl_typesupport_cpp/custom_msgs/msg/delta_odom__type_support.cpp.o[0m
[1.212s] [ 38%] [32mBuilding CXX object CMakeFiles/custom_msgs__rosidl_typesupport_introspection_cpp.dir/rosidl_typesupport_introspection_cpp/custom_msgs/msg/detail/delta_odom__type_support.cpp.o[0m
[1.212s] [ 38%] [32mBuilding CXX object CMakeFiles/custom_msgs__rosidl_typesupport_introspection_cpp.dir/rosidl_typesupport_introspection_cpp/custom_msgs/msg/detail/belief__type_support.cpp.o[0m
[1.213s] [ 41%] [32mBuilding CXX object CMakeFiles/custom_msgs__rosidl_typesupport_fastrtps_cpp.dir/rosidl_typesupport_fastrtps_cpp/custom_msgs/msg/detail/dds_fastrtps/delta_odom__type_support.cpp.o[0m
[1.213s] [ 43%] [32mBuilding CXX object CMakeFiles/custom_msgs__rosidl_typesupport_fastrtps_cpp.dir/rosidl_typesupport_fastrtps_cpp/custom_msgs/msg/detail/dds_fastrtps/belief__type_support.cpp.o[0m
[1.268s] [ 46%] [32mBuilding C object CMakeFiles/custom_msgs__rosidl_typesupport_introspection_c.dir/rosidl_typesupport_introspection_c/custom_msgs/msg/detail/belief__type_support.c.o[0m
[1.269s] [ 58%] [32mBuilding CXX object CMakeFiles/custom_msgs__rosidl_typesupport_c.dir/rosidl_typesupport_c/custom_msgs/msg/belief__type_support.cpp.o[0m
[1.269s] [ 58%] [32mBuilding CXX object CMakeFiles/custom_msgs__rosidl_typesupport_c.dir/rosidl_typesupport_c/custom_msgs/msg/delta_odom__type_support.cpp.o[0m
[1.269s] [ 58%] [32mBuilding CXX object CMakeFiles/custom_msgs__rosidl_typesupport_fastrtps_c.dir/rosidl_typesupport_fastrtps_c/custom_msgs/msg/detail/belief__type_support_c.cpp.o[0m
[1.269s] [ 58%] [32mBuilding C object CMakeFiles/custom_msgs__rosidl_typesupport_introspection_c.dir/rosidl_typesupport_introspection_c/custom_msgs/msg/detail/delta_odom__type_support.c.o[0m
[1.269s] [ 58%] [32mBuilding CXX object CMakeFiles/custom_msgs__rosidl_typesupport_fastrtps_c.dir/rosidl_typesupport_fastrtps_c/custom_msgs/msg/detail/delta_odom__type_support_c.cpp.o[0m
[1.290s] [ 61%] [32m[1mLinking CXX shared library libcustom_msgs__rosidl_typesupport_c.so[0m
[1.291s] [ 64%] [32m[1mLinking C shared library libcustom_msgs__rosidl_typesupport_introspection_c.so[0m
[1.314s] [ 64%] Built target custom_msgs__rosidl_typesupport_introspection_c
[1.315s] [ 64%] Built target custom_msgs__rosidl_typesupport_c
[1.368s] [ 66%] [32m[1mLinking CXX shared library libcustom_msgs__rosidl_typesupport_introspection_cpp.so[0m
[1.374s] [ 69%] [32m[1mLinking CXX shared library libcustom_msgs__rosidl_typesupport_cpp.so[0m
[1.399s] [ 69%] Built target custom_msgs__rosidl_typesupport_cpp
[1.406s] [ 71%] [32m[1mLinking CXX shared library libcustom_msgs__rosidl_typesupport_fastrtps_cpp.so[0m
[1.410s] [ 71%] Built target custom_msgs__rosidl_typesupport_introspection_cpp
[1.426s] [ 74%] [32m[1mLinking CXX shared library libcustom_msgs__rosidl_typesupport_fastrtps_c.so[0m
[1.445s] [ 74%] Built target custom_msgs__rosidl_typesupport_fastrtps_cpp
[1.470s] [ 74%] Built target custom_msgs__rosidl_typesupport_fastrtps_c
[1.481s] [ 74%] Built target custom_msgs
[1.492s] [ 76%] [34m[1mGenerating Python code for ROS interfaces[0m
[1.692s] [ 76%] Built target custom_msgs__py
[1.704s] [ 82%] [32mBuilding C object CMakeFiles/custom_msgs__rosidl_generator_py.dir/rosidl_generator_py/custom_msgs/msg/_delta_odom_s.c.o[0m
[1.704s] [ 82%] [32mBuilding C object CMakeFiles/custom_msgs__rosidl_generator_py.dir/rosidl_generator_py/custom_msgs/msg/_belief_s.c.o[0m
[1.756s] [ 84%] [32m[1mLinking C shared library rosidl_generator_py/custom_msgs/libcustom_msgs__rosidl_generator_py.so[0m
[1.780s] [ 84%] Built target custom_msgs__rosidl_generator_py
[1.791s] [ 87%] [32mBuilding C object CMakeFiles/custom_msgs__rosidl_typesupport_fastrtps_c__pyext.dir/rosidl_generator_py/custom_msgs/_custom_msgs_s.ep.rosidl_typesupport_fastrtps_c.c.o[0m
[1.792s] [ 89%] [32mBuilding C object CMakeFiles/custom_msgs__rosidl_typesupport_c__pyext.dir/rosidl_generator_py/custom_msgs/_custom_msgs_s.ep.rosidl_typesupport_c.c.o[0m
[1.792s] [ 92%] [32mBuilding C object CMakeFiles/custom_msgs__rosidl_typesupport_introspection_c__pyext.dir/rosidl_generator_py/custom_msgs/_custom_msgs_s.ep.rosidl_typesupport_introspection_c.c.o[0m
[1.837s] [ 94%] [32m[1mLinking C shared library rosidl_generator_py/custom_msgs/custom_msgs_s__rosidl_typesupport_introspection_c.cpython-310-x86_64-linux-gnu.so[0m
[1.837s] [ 97%] [32m[1mLinking C shared library rosidl_generator_py/custom_msgs/custom_msgs_s__rosidl_typesupport_c.cpython-310-x86_64-linux-gnu.so[0m
[1.845s] [100%] [32m[1mLinking C shared library rosidl_generator_py/custom_msgs/custom_msgs_s__rosidl_typesupport_fastrtps_c.cpython-310-x86_64-linux-gnu.so[0m
[1.860s] [100%] Built target custom_msgs__rosidl_typesupport_c__pyext
[1.862s] [100%] Built target custom_msgs__rosidl_typesupport_introspection_c__pyext
[1.866s] [100%] Built target custom_msgs__rosidl_typesupport_fastrtps_c__pyext
[1.873s] Invoked command in '/home/alumno1/workspace/build/custom_msgs' returned '0': CMAKE_PREFIX_PATH=${CMAKE_PREFIX_PATH}:/home/alumno1/workspace/install/custom_code:/home/alumno1/turtlebot3_ws/install/turtlebot3_teleop:/home/alumno1/turtlebot3_ws/install/turtlebot3_example:/opt/ros/humble /usr/bin/cmake --build /home/alumno1/workspace/build/custom_msgs -- -j28 -l28
[1.879s] Invoking command in '/home/alumno1/workspace/build/custom_msgs': CMAKE_PREFIX_PATH=${CMAKE_PREFIX_PATH}:/home/alumno1/workspace/install/custom_code:/home/alumno1/turtlebot3_ws/install/turtlebot3_teleop:/home/alumno1/turtlebot3_ws/install/turtlebot3_example:/opt/ros/humble /usr/bin/cmake --install /home/alumno1/workspace/build/custom_msgs
[1.882s] -- Install configuration: ""
[1.882s] -- Installing: /home/alumno1/workspace/install/custom_msgs/share/ament_index/resource_index/rosidl_interfaces/custom_msgs
[1.883s] -- Installing: /home/alumno1/workspace/install/custom_msgs/include/custom_msgs/custom_msgs
[1.883s] -- Installing: /home/alumno1/workspace/install/custom_msgs/include/custom_msgs/custom_msgs/msg
[1.883s] -- Installing: /home/alumno1/workspace/install/custom_msgs/include/custom_msgs/custom_msgs/msg/detail
[1.883s] -- Installing: /home/alumno1/workspace/install/custom_msgs/include/custom_msgs/custom_msgs/msg/detail/belief__functions.c
[1.883s] -- Installing: /home/alumno1/workspace/install/custom_msgs/include/custom_msgs/custom_msgs/msg/detail/delta_odom__functions.c
[1.883s] -- Installing: /home/alumno1/workspace/install/custom_msgs/include/custom_msgs/custom_msgs/msg/detail/belief__struct.h
[1.883s] -- Installing: /home/alumno1/workspace/install/custom_msgs/include/custom_msgs/custom_msgs/msg/detail/belief__functions.h
[1.883s] -- Installing: /home/alumno1/workspace/install/custom_msgs/include/custom_msgs/custom_msgs/msg/detail/belief__type_support.h
[1.883s] -- Installing: /home/alumno1/workspace/install/custom_msgs/include/custom_msgs/custom_msgs/msg/detail/delta_odom__functions.h
[1.883s] -- Installing: /home/alumno1/workspace/install/custom_msgs/include/custom_msgs/custom_msgs/msg/detail/delta_odom__struct.h
[1.883s] -- Installing: /home/alumno1/workspace/install/custom_msgs/include/custom_msgs/custom_msgs/msg/detail/delta_odom__type_support.h
[1.883s] -- Installing: /home/alumno1/workspace/install/custom_msgs/include/custom_msgs/custom_msgs/msg/delta_odom.h
[1.883s] -- Installing: /home/alumno1/workspace/install/custom_msgs/include/custom_msgs/custom_msgs/msg/rosidl_generator_c__visibility_control.h
[1.883s] -- Installing: /home/alumno1/workspace/install/custom_msgs/include/custom_msgs/custom_msgs/msg/belief.h
[1.883s] -- Installing: /home/alumno1/workspace/install/custom_msgs/share/custom_msgs/environment/library_path.sh
[1.883s] -- Installing: /home/alumno1/workspace/install/custom_msgs/share/custom_msgs/environment/library_path.dsv
[1.883s] -- Installing: /home/alumno1/workspace/install/custom_msgs/lib/libcustom_msgs__rosidl_generator_c.so
[1.883s] -- Set runtime path of "/home/alumno1/workspace/install/custom_msgs/lib/libcustom_msgs__rosidl_generator_c.so" to ""
[1.883s] -- Up-to-date: /home/alumno1/workspace/install/custom_msgs/include/custom_msgs/custom_msgs
[1.884s] -- Up-to-date: /home/alumno1/workspace/install/custom_msgs/include/custom_msgs/custom_msgs/msg
[1.884s] -- Up-to-date: /home/alumno1/workspace/install/custom_msgs/include/custom_msgs/custom_msgs/msg/detail
[1.884s] -- Installing: /home/alumno1/workspace/install/custom_msgs/include/custom_msgs/custom_msgs/msg/detail/delta_odom__rosidl_typesupport_fastrtps_c.h
[1.884s] -- Installing: /home/alumno1/workspace/install/custom_msgs/include/custom_msgs/custom_msgs/msg/detail/belief__rosidl_typesupport_fastrtps_c.h
[1.884s] -- Installing: /home/alumno1/workspace/install/custom_msgs/include/custom_msgs/custom_msgs/msg/rosidl_typesupport_fastrtps_c__visibility_control.h
[1.884s] -- Installing: /home/alumno1/workspace/install/custom_msgs/lib/libcustom_msgs__rosidl_typesupport_fastrtps_c.so
[1.884s] -- Set runtime path of "/home/alumno1/workspace/install/custom_msgs/lib/libcustom_msgs__rosidl_typesupport_fastrtps_c.so" to ""
[1.884s] -- Up-to-date: /home/alumno1/workspace/install/custom_msgs/include/custom_msgs/custom_msgs
[1.884s] -- Up-to-date: /home/alumno1/workspace/install/custom_msgs/include/custom_msgs/custom_msgs/msg
[1.884s] -- Installing: /home/alumno1/workspace/install/custom_msgs/include/custom_msgs/custom_msgs/msg/rosidl_generator_cpp__visibility_control.hpp
[1.884s] -- Up-to-date: /home/alumno1/workspace/install/custom_msgs/include/custom_msgs/custom_msgs/msg/detail
[1.884s] -- Installing: /home/alumno1/workspace/install/custom_msgs/include/custom_msgs/custom_msgs/msg/detail/delta_odom__builder.hpp
[1.884s] -- Installing: /home/alumno1/workspace/install/custom_msgs/include/custom_msgs/custom_msgs/msg/detail/delta_odom__struct.hpp
[1.884s] -- Installing: /home/alumno1/workspace/install/custom_msgs/include/custom_msgs/custom_msgs/msg/detail/belief__struct.hpp
[1.884s] -- Installing: /home/alumno1/workspace/install/custom_msgs/include/custom_msgs/custom_msgs/msg/detail/belief__builder.hpp
[1.884s] -- Installing: /home/alumno1/workspace/install/custom_msgs/include/custom_msgs/custom_msgs/msg/detail/delta_odom__traits.hpp
[1.884s] -- Installing: /home/alumno1/workspace/install/custom_msgs/include/custom_msgs/custom_msgs/msg/detail/delta_odom__type_support.hpp
[1.884s] -- Installing: /home/alumno1/workspace/install/custom_msgs/include/custom_msgs/custom_msgs/msg/detail/belief__type_support.hpp
[1.885s] -- Installing: /home/alumno1/workspace/install/custom_msgs/include/custom_msgs/custom_msgs/msg/detail/belief__traits.hpp
[1.885s] -- Installing: /home/alumno1/workspace/install/custom_msgs/include/custom_msgs/custom_msgs/msg/delta_odom.hpp
[1.885s] -- Installing: /home/alumno1/workspace/install/custom_msgs/include/custom_msgs/custom_msgs/msg/belief.hpp
[1.885s] -- Up-to-date: /home/alumno1/workspace/install/custom_msgs/include/custom_msgs/custom_msgs
[1.885s] -- Up-to-date: /home/alumno1/workspace/install/custom_msgs/include/custom_msgs/custom_msgs/msg
[1.885s] -- Up-to-date: /home/alumno1/workspace/install/custom_msgs/include/custom_msgs/custom_msgs/msg/detail
[1.885s] -- Installing: /home/alumno1/workspace/install/custom_msgs/include/custom_msgs/custom_msgs/msg/detail/dds_fastrtps
[1.885s] -- Installing: /home/alumno1/workspace/install/custom_msgs/include/custom_msgs/custom_msgs/msg/detail/belief__rosidl_typesupport_fastrtps_cpp.hpp
[1.885s] -- Installing: /home/alumno1/workspace/install/custom_msgs/include/custom_msgs/custom_msgs/msg/detail/delta_odom__rosidl_typesupport_fastrtps_cpp.hpp
[1.885s] -- Installing: /home/alumno1/workspace/install/custom_msgs/include/custom_msgs/custom_msgs/msg/rosidl_typesupport_fastrtps_cpp__visibility_control.h
[1.885s] -- Installing: /home/alumno1/workspace/install/custom_msgs/lib/libcustom_msgs__rosidl_typesupport_fastrtps_cpp.so
[1.885s] -- Set runtime path of "/home/alumno1/workspace/install/custom_msgs/lib/libcustom_msgs__rosidl_typesupport_fastrtps_cpp.so" to ""
[1.885s] -- Up-to-date: /home/alumno1/workspace/install/custom_msgs/include/custom_msgs/custom_msgs
[1.885s] -- Up-to-date: /home/alumno1/workspace/install/custom_msgs/include/custom_msgs/custom_msgs/msg
[1.885s] -- Up-to-date: /home/alumno1/workspace/install/custom_msgs/include/custom_msgs/custom_msgs/msg/detail
[1.885s] -- Installing: /home/alumno1/workspace/install/custom_msgs/include/custom_msgs/custom_msgs/msg/detail/belief__type_support.c
[1.885s] -- Installing: /home/alumno1/workspace/install/custom_msgs/include/custom_msgs/custom_msgs/msg/detail/belief__rosidl_typesupport_introspection_c.h
[1.885s] -- Installing: /home/alumno1/workspace/install/custom_msgs/include/custom_msgs/custom_msgs/msg/detail/delta_odom__rosidl_typesupport_introspection_c.h
[1.885s] -- Installing: /home/alumno1/workspace/install/custom_msgs/include/custom_msgs/custom_msgs/msg/detail/delta_odom__type_support.c
[1.885s] -- Installing: /home/alumno1/workspace/install/custom_msgs/include/custom_msgs/custom_msgs/msg/rosidl_typesupport_introspection_c__visibility_control.h
[1.885s] -- Installing: /home/alumno1/workspace/install/custom_msgs/lib/libcustom_msgs__rosidl_typesupport_introspection_c.so
[1.886s] -- Set runtime path of "/home/alumno1/workspace/install/custom_msgs/lib/libcustom_msgs__rosidl_typesupport_introspection_c.so" to ""
[1.886s] -- Installing: /home/alumno1/workspace/install/custom_msgs/lib/libcustom_msgs__rosidl_typesupport_c.so
[1.886s] -- Set runtime path of "/home/alumno1/workspace/install/custom_msgs/lib/libcustom_msgs__rosidl_typesupport_c.so" to ""
[1.886s] -- Up-to-date: /home/alumno1/workspace/install/custom_msgs/include/custom_msgs/custom_msgs
[1.886s] -- Up-to-date: /home/alumno1/workspace/install/custom_msgs/include/custom_msgs/custom_msgs/msg
[1.886s] -- Up-to-date: /home/alumno1/workspace/install/custom_msgs/include/custom_msgs/custom_msgs/msg/detail
[1.886s] -- Installing: /home/alumno1/workspace/install/custom_msgs/include/custom_msgs/custom_msgs/msg/detail/belief__rosidl_typesupport_introspection_cpp.hpp
[1.886s] -- Installing: /home/alumno1/workspace/install/custom_msgs/include/custom_msgs/custom_msgs/msg/detail/delta_odom__type_support.cpp
[1.886s] -- Installing: /home/alumno1/workspace/install/custom_msgs/include/custom_msgs/custom_msgs/msg/detail/delta_odom__rosidl_typesupport_introspection_cpp.hpp
[1.886s] -- Installing: /home/alumno1/workspace/install/custom_msgs/include/custom_msgs/custom_msgs/msg/detail/belief__type_support.cpp
[1.886s] -- Installing: /home/alumno1/workspace/install/custom_msgs/lib/libcustom_msgs__rosidl_typesupport_introspection_cpp.so
[1.886s] -- Set runtime path of "/home/alumno1/workspace/install/custom_msgs/lib/libcustom_msgs__rosidl_typesupport_introspection_cpp.so" to ""
[1.886s] -- Installing: /home/alumno1/workspace/install/custom_msgs/lib/libcustom_msgs__rosidl_typesupport_cpp.so
[1.886s] -- Set runtime path of "/home/alumno1/workspace/install/custom_msgs/lib/libcustom_msgs__rosidl_typesupport_cpp.so" to ""
[1.886s] -- Installing: /home/alumno1/workspace/install/custom_msgs/share/custom_msgs/environment/pythonpath.sh
[1.886s] -- Installing: /home/alumno1/workspace/install/custom_msgs/share/custom_msgs/environment/pythonpath.dsv
[1.886s] -- Installing: /home/alumno1/workspace/install/custom_msgs/local/lib/python3.10/dist-packages/custom_msgs-0.0.0-py3.10.egg-info
[1.886s] -- Installing: /home/alumno1/workspace/install/custom_msgs/local/lib/python3.10/dist-packages/custom_msgs-0.0.0-py3.10.egg-info/top_level.txt
[1.886s] -- Installing: /home/alumno1/workspace/install/custom_msgs/local/lib/python3.10/dist-packages/custom_msgs-0.0.0-py3.10.egg-info/SOURCES.txt
[1.886s] -- Installing: /home/alumno1/workspace/install/custom_msgs/local/lib/python3.10/dist-packages/custom_msgs-0.0.0-py3.10.egg-info/PKG-INFO
[1.886s] -- Installing: /home/alumno1/workspace/install/custom_msgs/local/lib/python3.10/dist-packages/custom_msgs-0.0.0-py3.10.egg-info/dependency_links.txt
[1.886s] -- Installing: /home/alumno1/workspace/install/custom_msgs/local/lib/python3.10/dist-packages/custom_msgs
[1.886s] -- Installing: /home/alumno1/workspace/install/custom_msgs/local/lib/python3.10/dist-packages/custom_msgs/_custom_msgs_s.ep.rosidl_typesupport_c.c
[1.886s] -- Installing: /home/alumno1/workspace/install/custom_msgs/local/lib/python3.10/dist-packages/custom_msgs/custom_msgs_s__rosidl_typesupport_fastrtps_c.cpython-310-x86_64-linux-gnu.so
[1.886s] -- Installing: /home/alumno1/workspace/install/custom_msgs/local/lib/python3.10/dist-packages/custom_msgs/libcustom_msgs__rosidl_generator_py.so
[1.886s] -- Installing: /home/alumno1/workspace/install/custom_msgs/local/lib/python3.10/dist-packages/custom_msgs/_custom_msgs_s.ep.rosidl_typesupport_fastrtps_c.c
[1.886s] -- Installing: /home/alumno1/workspace/install/custom_msgs/local/lib/python3.10/dist-packages/custom_msgs/msg
[1.886s] -- Installing: /home/alumno1/workspace/install/custom_msgs/local/lib/python3.10/dist-packages/custom_msgs/msg/_delta_odom_s.c
[1.886s] -- Installing: /home/alumno1/workspace/install/custom_msgs/local/lib/python3.10/dist-packages/custom_msgs/msg/_belief_s.c
[1.887s] -- Installing: /home/alumno1/workspace/install/custom_msgs/local/lib/python3.10/dist-packages/custom_msgs/msg/_delta_odom.py
[1.887s] -- Installing: /home/alumno1/workspace/install/custom_msgs/local/lib/python3.10/dist-packages/custom_msgs/msg/_belief.py
[1.887s] -- Installing: /home/alumno1/workspace/install/custom_msgs/local/lib/python3.10/dist-packages/custom_msgs/msg/__init__.py
[1.887s] -- Installing: /home/alumno1/workspace/install/custom_msgs/local/lib/python3.10/dist-packages/custom_msgs/_custom_msgs_s.ep.rosidl_typesupport_introspection_c.c
[1.887s] -- Installing: /home/alumno1/workspace/install/custom_msgs/local/lib/python3.10/dist-packages/custom_msgs/__init__.py
[1.887s] -- Installing: /home/alumno1/workspace/install/custom_msgs/local/lib/python3.10/dist-packages/custom_msgs/custom_msgs_s__rosidl_typesupport_introspection_c.cpython-310-x86_64-linux-gnu.so
[1.887s] -- Installing: /home/alumno1/workspace/install/custom_msgs/local/lib/python3.10/dist-packages/custom_msgs/custom_msgs_s__rosidl_typesupport_c.cpython-310-x86_64-linux-gnu.so
[1.902s] Listing '/home/alumno1/workspace/install/custom_msgs/local/lib/python3.10/dist-packages/custom_msgs'...
[1.902s] Compiling '/home/alumno1/workspace/install/custom_msgs/local/lib/python3.10/dist-packages/custom_msgs/__init__.py'...
[1.902s] Listing '/home/alumno1/workspace/install/custom_msgs/local/lib/python3.10/dist-packages/custom_msgs/msg'...
[1.902s] Compiling '/home/alumno1/workspace/install/custom_msgs/local/lib/python3.10/dist-packages/custom_msgs/msg/__init__.py'...
[1.902s] Compiling '/home/alumno1/workspace/install/custom_msgs/local/lib/python3.10/dist-packages/custom_msgs/msg/_belief.py'...
[1.902s] Compiling '/home/alumno1/workspace/install/custom_msgs/local/lib/python3.10/dist-packages/custom_msgs/msg/_delta_odom.py'...
[1.904s] -- Installing: /home/alumno1/workspace/install/custom_msgs/local/lib/python3.10/dist-packages/custom_msgs/custom_msgs_s__rosidl_typesupport_fastrtps_c.cpython-310-x86_64-linux-gnu.so
[1.904s] -- Set runtime path of "/home/alumno1/workspace/install/custom_msgs/local/lib/python3.10/dist-packages/custom_msgs/custom_msgs_s__rosidl_typesupport_fastrtps_c.cpython-310-x86_64-linux-gnu.so" to ""
[1.904s] -- Installing: /home/alumno1/workspace/install/custom_msgs/local/lib/python3.10/dist-packages/custom_msgs/custom_msgs_s__rosidl_typesupport_introspection_c.cpython-310-x86_64-linux-gnu.so
[1.904s] -- Set runtime path of "/home/alumno1/workspace/install/custom_msgs/local/lib/python3.10/dist-packages/custom_msgs/custom_msgs_s__rosidl_typesupport_introspection_c.cpython-310-x86_64-linux-gnu.so" to ""
[1.904s] -- Installing: /home/alumno1/workspace/install/custom_msgs/local/lib/python3.10/dist-packages/custom_msgs/custom_msgs_s__rosidl_typesupport_c.cpython-310-x86_64-linux-gnu.so
[1.905s] -- Set runtime path of "/home/alumno1/workspace/install/custom_msgs/local/lib/python3.10/dist-packages/custom_msgs/custom_msgs_s__rosidl_typesupport_c.cpython-310-x86_64-linux-gnu.so" to ""
[1.905s] -- Installing: /home/alumno1/workspace/install/custom_msgs/lib/libcustom_msgs__rosidl_generator_py.so
[1.905s] -- Set runtime path of "/home/alumno1/workspace/install/custom_msgs/lib/libcustom_msgs__rosidl_generator_py.so" to ""
[1.905s] -- Installing: /home/alumno1/workspace/install/custom_msgs/share/custom_msgs/msg/DeltaOdom.idl
[1.905s] -- Installing: /home/alumno1/workspace/install/custom_msgs/share/custom_msgs/msg/Belief.idl
[1.905s] -- Installing: /home/alumno1/workspace/install/custom_msgs/share/custom_msgs/msg/DeltaOdom.msg
[1.905s] -- Installing: /home/alumno1/workspace/install/custom_msgs/share/custom_msgs/msg/Belief.msg
[1.905s] -- Installing: /home/alumno1/workspace/install/custom_msgs/share/ament_index/resource_index/package_run_dependencies/custom_msgs
[1.905s] -- Installing: /home/alumno1/workspace/install/custom_msgs/share/ament_index/resource_index/parent_prefix_path/custom_msgs
[1.905s] -- Installing: /home/alumno1/workspace/install/custom_msgs/share/custom_msgs/environment/ament_prefix_path.sh
[1.905s] -- Installing: /home/alumno1/workspace/install/custom_msgs/share/custom_msgs/environment/ament_prefix_path.dsv
[1.905s] -- Installing: /home/alumno1/workspace/install/custom_msgs/share/custom_msgs/environment/path.sh
[1.905s] -- Installing: /home/alumno1/workspace/install/custom_msgs/share/custom_msgs/environment/path.dsv
[1.905s] -- Installing: /home/alumno1/workspace/install/custom_msgs/share/custom_msgs/local_setup.bash
[1.905s] -- Installing: /home/alumno1/workspace/install/custom_msgs/share/custom_msgs/local_setup.sh
[1.905s] -- Installing: /home/alumno1/workspace/install/custom_msgs/share/custom_msgs/local_setup.zsh
[1.905s] -- Installing: /home/alumno1/workspace/install/custom_msgs/share/custom_msgs/local_setup.dsv
[1.906s] -- Installing: /home/alumno1/workspace/install/custom_msgs/share/custom_msgs/package.dsv
[1.906s] -- Installing: /home/alumno1/workspace/install/custom_msgs/share/ament_index/resource_index/packages/custom_msgs
[1.906s] -- Installing: /home/alumno1/workspace/install/custom_msgs/share/custom_msgs/cmake/export_custom_msgs__rosidl_generator_cExport.cmake
[1.906s] -- Installing: /home/alumno1/workspace/install/custom_msgs/share/custom_msgs/cmake/export_custom_msgs__rosidl_generator_cExport-noconfig.cmake
[1.906s] -- Installing: /home/alumno1/workspace/install/custom_msgs/share/custom_msgs/cmake/export_custom_msgs__rosidl_typesupport_fastrtps_cExport.cmake
[1.906s] -- Installing: /home/alumno1/workspace/install/custom_msgs/share/custom_msgs/cmake/export_custom_msgs__rosidl_typesupport_fastrtps_cExport-noconfig.cmake
[1.906s] -- Installing: /home/alumno1/workspace/install/custom_msgs/share/custom_msgs/cmake/export_custom_msgs__rosidl_generator_cppExport.cmake
[1.906s] -- Installing: /home/alumno1/workspace/install/custom_msgs/share/custom_msgs/cmake/export_custom_msgs__rosidl_typesupport_fastrtps_cppExport.cmake
[1.906s] -- Installing: /home/alumno1/workspace/install/custom_msgs/share/custom_msgs/cmake/export_custom_msgs__rosidl_typesupport_fastrtps_cppExport-noconfig.cmake
[1.906s] -- Installing: /home/alumno1/workspace/install/custom_msgs/share/custom_msgs/cmake/custom_msgs__rosidl_typesupport_introspection_cExport.cmake
[1.906s] -- Installing: /home/alumno1/workspace/install/custom_msgs/share/custom_msgs/cmake/custom_msgs__rosidl_typesupport_introspection_cExport-noconfig.cmake
[1.906s] -- Installing: /home/alumno1/workspace/install/custom_msgs/share/custom_msgs/cmake/custom_msgs__rosidl_typesupport_cExport.cmake
[1.906s] -- Installing: /home/alumno1/workspace/install/custom_msgs/share/custom_msgs/cmake/custom_msgs__rosidl_typesupport_cExport-noconfig.cmake
[1.906s] -- Installing: /home/alumno1/workspace/install/custom_msgs/share/custom_msgs/cmake/custom_msgs__rosidl_typesupport_introspection_cppExport.cmake
[1.906s] -- Installing: /home/alumno1/workspace/install/custom_msgs/share/custom_msgs/cmake/custom_msgs__rosidl_typesupport_introspection_cppExport-noconfig.cmake
[1.906s] -- Installing: /home/alumno1/workspace/install/custom_msgs/share/custom_msgs/cmake/custom_msgs__rosidl_typesupport_cppExport.cmake
[1.906s] -- Installing: /home/alumno1/workspace/install/custom_msgs/share/custom_msgs/cmake/custom_msgs__rosidl_typesupport_cppExport-noconfig.cmake
[1.907s] -- Installing: /home/alumno1/workspace/install/custom_msgs/share/custom_msgs/cmake/export_custom_msgs__rosidl_generator_pyExport.cmake
[1.907s] -- Installing: /home/alumno1/workspace/install/custom_msgs/share/custom_msgs/cmake/export_custom_msgs__rosidl_generator_pyExport-noconfig.cmake
[1.907s] -- Installing: /home/alumno1/workspace/install/custom_msgs/share/custom_msgs/cmake/rosidl_cmake-extras.cmake
[1.907s] -- Installing: /home/alumno1/workspace/install/custom_msgs/share/custom_msgs/cmake/ament_cmake_export_dependencies-extras.cmake
[1.907s] -- Installing: /home/alumno1/workspace/install/custom_msgs/share/custom_msgs/cmake/ament_cmake_export_include_directories-extras.cmake
[1.907s] -- Installing: /home/alumno1/workspace/install/custom_msgs/share/custom_msgs/cmake/ament_cmake_export_libraries-extras.cmake
[1.907s] -- Installing: /home/alumno1/workspace/install/custom_msgs/share/custom_msgs/cmake/ament_cmake_export_targets-extras.cmake
[1.907s] -- Installing: /home/alumno1/workspace/install/custom_msgs/share/custom_msgs/cmake/rosidl_cmake_export_typesupport_targets-extras.cmake
[1.907s] -- Installing: /home/alumno1/workspace/install/custom_msgs/share/custom_msgs/cmake/rosidl_cmake_export_typesupport_libraries-extras.cmake
[1.907s] -- Installing: /home/alumno1/workspace/install/custom_msgs/share/custom_msgs/cmake/custom_msgsConfig.cmake
[1.907s] -- Installing: /home/alumno1/workspace/install/custom_msgs/share/custom_msgs/cmake/custom_msgsConfig-version.cmake
[1.907s] -- Installing: /home/alumno1/workspace/install/custom_msgs/share/custom_msgs/package.xml
[1.908s] Invoked command in '/home/alumno1/workspace/build/custom_msgs' returned '0': CMAKE_PREFIX_PATH=${CMAKE_PREFIX_PATH}:/home/alumno1/workspace/install/custom_code:/home/alumno1/turtlebot3_ws/install/turtlebot3_teleop:/home/alumno1/turtlebot3_ws/install/turtlebot3_example:/opt/ros/humble /usr/bin/cmake --install /home/alumno1/workspace/build/custom_msgs
