[0.011s] Invoking command in '/home/facuvulcano/workspace/build/custom_msgs': CMAKE_PREFIX_PATH=${CMAKE_PREFIX_PATH}:/home/facuvulcano/workspace/install/turtlebot3_obstacle_avoidance:/home/facuvulcano/workspace/install/custom_code CONDA_PROMPT_MODIFIER=(rosenv) DEBUGINFOD_URLS=https://debuginfod.ubuntu.com /home/facuvulcano/miniconda3/envs/rosenv/bin/cmake /home/facuvulcano/workspace/src/custom_msgs -DCMAKE_INSTALL_PREFIX=/home/facuvulcano/workspace/install/custom_msgs
[0.104s] -- The C compiler identification is GNU 14.3.0
[0.292s] -- The CXX compiler identification is GNU 14.3.0
[0.315s] -- Detecting C compiler ABI info
[0.543s] -- Detecting C compiler ABI info - done
[0.580s] -- Check for working C compiler: /home/facuvulcano/miniconda3/envs/rosenv/bin/x86_64-conda-linux-gnu-cc - skipped
[0.581s] -- Detecting C compile features
[0.582s] -- Detecting C compile features - done
[0.606s] -- Detecting CXX compiler ABI info
[0.875s] -- Detecting CXX compiler ABI info - done
[0.900s] -- Check for working CXX compiler: /home/facuvulcano/miniconda3/envs/rosenv/bin/x86_64-conda-linux-gnu-c++ - skipped
[0.900s] -- Detecting CXX compile features
[0.902s] -- Detecting CXX compile features - done
[0.917s] -- Found ament_cmake: 1.3.7 (/home/facuvulcano/miniconda3/envs/rosenv/share/ament_cmake/cmake)
[2.022s] -- Found Python3: /usr/bin/python3.12 (found version "3.12.3") found components: Interpreter 
[2.185s] -- Found geometry_msgs: 4.2.3 (/home/facuvulcano/miniconda3/envs/rosenv/share/geometry_msgs/cmake)
[2.261s] -- Found rosidl_generator_c: 3.1.5 (/home/facuvulcano/miniconda3/envs/rosenv/share/rosidl_generator_c/cmake)
[2.269s] -- Found rosidl_adapter: 3.1.5 (/home/facuvulcano/miniconda3/envs/rosenv/share/rosidl_adapter/cmake)
[2.280s] -- Found rosidl_generator_cpp: 3.1.5 (/home/facuvulcano/miniconda3/envs/rosenv/share/rosidl_generator_cpp/cmake)
[2.296s] -- Using all available rosidl_typesupport_c: rosidl_typesupport_fastrtps_c;rosidl_typesupport_introspection_c
[2.318s] -- Using all available rosidl_typesupport_cpp: rosidl_typesupport_fastrtps_cpp;rosidl_typesupport_introspection_cpp
[2.421s] -- Found rosidl_default_generators: 1.2.0 (/home/facuvulcano/miniconda3/envs/rosenv/share/rosidl_default_generators/cmake)
[2.792s] [31mCMake Error at /home/facuvulcano/miniconda3/envs/rosenv/share/cmake-3.28/Modules/FindPackageHandleStandardArgs.cmake:230 (message):
[2.792s]   Could NOT find Python3 (missing: Python3_NumPy_INCLUDE_DIRS NumPy) (found
[2.792s]   version "3.12.3")
[2.792s] Call Stack (most recent call first):
[2.792s]   /home/facuvulcano/miniconda3/envs/rosenv/share/cmake-3.28/Modules/FindPackageHandleStandardArgs.cmake:600 (_FPHSA_FAILURE_MESSAGE)
[2.792s]   /home/facuvulcano/miniconda3/envs/rosenv/share/cmake-3.28/Modules/FindPython/Support.cmake:3867 (find_package_handle_standard_args)
[2.792s]   /home/facuvulcano/miniconda3/envs/rosenv/share/cmake-3.28/Modules/FindPython3.cmake:545 (include)
[2.792s]   /home/facuvulcano/miniconda3/envs/rosenv/share/rosidl_generator_py/cmake/rosidl_generator_py-extras.cmake:2 (find_package)
[2.792s]   /home/facuvulcano/miniconda3/envs/rosenv/share/rosidl_generator_py/cmake/rosidl_generator_pyConfig.cmake:41 (include)
[2.793s]   /home/facuvulcano/miniconda3/envs/rosenv/share/rosidl_default_generators/cmake/rosidl_default_generators-extras.cmake:21 (find_package)
[2.793s]   /home/facuvulcano/miniconda3/envs/rosenv/share/rosidl_default_generators/cmake/rosidl_default_generatorsConfig.cmake:41 (include)
[2.793s]   CMakeLists.txt:13 (find_package)
[2.793s] 
[2.793s] [0m
[2.793s] -- Configuring incomplete, errors occurred!
[2.803s] Invoked command in '/home/facuvulcano/workspace/build/custom_msgs' returned '1': CMAKE_PREFIX_PATH=${CMAKE_PREFIX_PATH}:/home/facuvulcano/workspace/install/turtlebot3_obstacle_avoidance:/home/facuvulcano/workspace/install/custom_code CONDA_PROMPT_MODIFIER=(rosenv) DEBUGINFOD_URLS=https://debuginfod.ubuntu.com /home/facuvulcano/miniconda3/envs/rosenv/bin/cmake /home/facuvulcano/workspace/src/custom_msgs -DCMAKE_INSTALL_PREFIX=/home/facuvulcano/workspace/install/custom_msgs
