[0.005s] Invoking command in '/home/alumno1/workspace/build/turtlebot3_custom_simulation': CMAKE_PREFIX_PATH=${CMAKE_PREFIX_PATH}:/home/alumno1/workspace/install/custom_code:/home/alumno1/turtlebot3_ws/install/turtlebot3_teleop:/home/alumno1/turtlebot3_ws/install/turtlebot3_example:/opt/ros/humble /usr/bin/cmake /home/alumno1/workspace/src/turtlebot3_custom_simulation -DCMAKE_INSTALL_PREFIX=/home/alumno1/workspace/install/turtlebot3_custom_simulation
[0.037s] -- The C compiler identification is GNU 11.4.0
[0.067s] -- The CXX compiler identification is GNU 11.4.0
[0.071s] -- Detecting C compiler ABI info
[0.110s] -- Detecting C compiler ABI info - done
[0.113s] -- Check for working C compiler: /usr/bin/cc - skipped
[0.113s] -- Detecting C compile features
[0.113s] -- Detecting C compile features - done
[0.115s] -- Detecting CXX compiler ABI info
[0.160s] -- Detecting CXX compiler ABI info - done
[0.164s] -- Check for working CXX compiler: /usr/bin/c++ - skipped
[0.164s] -- Detecting CXX compile features
[0.164s] -- Detecting CXX compile features - done
[0.166s] -- Found ament_cmake: 1.3.11 (/opt/ros/humble/share/ament_cmake/cmake)
[0.243s] -- Found Python3: /usr/bin/python3 (found version "3.10.12") found components: Interpreter 
[0.294s] -- Found geometry_msgs: 4.2.4 (/opt/ros/humble/share/geometry_msgs/cmake)
[0.323s] -- Found rosidl_generator_c: 3.1.6 (/opt/ros/humble/share/rosidl_generator_c/cmake)
[0.327s] -- Found rosidl_adapter: 3.1.6 (/opt/ros/humble/share/rosidl_adapter/cmake)
[0.332s] -- Found rosidl_generator_cpp: 3.1.6 (/opt/ros/humble/share/rosidl_generator_cpp/cmake)
[0.340s] -- Using all available rosidl_typesupport_c: rosidl_typesupport_fastrtps_c;rosidl_typesupport_introspection_c
[0.350s] -- Using all available rosidl_typesupport_cpp: rosidl_typesupport_fastrtps_cpp;rosidl_typesupport_introspection_cpp
[0.373s] -- Found nav_msgs: 4.2.4 (/opt/ros/humble/share/nav_msgs/cmake)
[0.382s] -- Found rclcpp: 16.0.11 (/opt/ros/humble/share/rclcpp/cmake)
[0.407s] -- Found rmw_implementation_cmake: 6.1.2 (/opt/ros/humble/share/rmw_implementation_cmake/cmake)
[0.409s] -- Found rmw_fastrtps_cpp: 6.2.7 (/opt/ros/humble/share/rmw_fastrtps_cpp/cmake)
[0.461s] -- Found OpenSSL: /usr/lib/x86_64-linux-gnu/libcrypto.so (found version "3.0.2")  
[0.476s] -- Found FastRTPS: /opt/ros/humble/include  
[0.501s] -- Using RMW implementation 'rmw_fastrtps_cpp' as default
[0.506s] -- Looking for pthread.h
[0.546s] -- Looking for pthread.h - found
[0.547s] -- Performing Test CMAKE_HAVE_LIBC_PTHREAD
[0.586s] -- Performing Test CMAKE_HAVE_LIBC_PTHREAD - Success
[0.586s] -- Found Threads: TRUE  
[0.609s] -- Found sensor_msgs: 4.2.4 (/opt/ros/humble/share/sensor_msgs/cmake)
[0.619s] -- Found tf2: 0.25.12 (/opt/ros/humble/share/tf2/cmake)
[0.625s] -- Found tf2_msgs: 0.25.12 (/opt/ros/humble/share/tf2_msgs/cmake)
[0.648s] -- Found turtlebot3_msgs: 2.3.0 (/home/alumno1/turtlebot3_ws/install/turtlebot3_msgs/share/turtlebot3_msgs/cmake)
[0.696s] -- Configuring done
[0.702s] -- Generating done
[0.704s] -- Build files have been written to: /home/alumno1/workspace/build/turtlebot3_custom_simulation
[0.710s] Invoked command in '/home/alumno1/workspace/build/turtlebot3_custom_simulation' returned '0': CMAKE_PREFIX_PATH=${CMAKE_PREFIX_PATH}:/home/alumno1/workspace/install/custom_code:/home/alumno1/turtlebot3_ws/install/turtlebot3_teleop:/home/alumno1/turtlebot3_ws/install/turtlebot3_example:/opt/ros/humble /usr/bin/cmake /home/alumno1/workspace/src/turtlebot3_custom_simulation -DCMAKE_INSTALL_PREFIX=/home/alumno1/workspace/install/turtlebot3_custom_simulation
[0.711s] Invoking command in '/home/alumno1/workspace/build/turtlebot3_custom_simulation': CMAKE_PREFIX_PATH=${CMAKE_PREFIX_PATH}:/home/alumno1/workspace/install/custom_code:/home/alumno1/turtlebot3_ws/install/turtlebot3_teleop:/home/alumno1/turtlebot3_ws/install/turtlebot3_example:/opt/ros/humble /usr/bin/cmake --build /home/alumno1/workspace/build/turtlebot3_custom_simulation -- -j28 -l28
[0.740s] [ 50%] [32mBuilding CXX object CMakeFiles/turtlebot3_custom_simulation.dir/src/turtlebot3_custom_simulation.cpp.o[0m
[4.486s] [100%] [32m[1mLinking CXX executable turtlebot3_custom_simulation[0m
[4.699s] [100%] Built target turtlebot3_custom_simulation
[4.706s] Invoked command in '/home/alumno1/workspace/build/turtlebot3_custom_simulation' returned '0': CMAKE_PREFIX_PATH=${CMAKE_PREFIX_PATH}:/home/alumno1/workspace/install/custom_code:/home/alumno1/turtlebot3_ws/install/turtlebot3_teleop:/home/alumno1/turtlebot3_ws/install/turtlebot3_example:/opt/ros/humble /usr/bin/cmake --build /home/alumno1/workspace/build/turtlebot3_custom_simulation -- -j28 -l28
[4.707s] Invoking command in '/home/alumno1/workspace/build/turtlebot3_custom_simulation': CMAKE_PREFIX_PATH=${CMAKE_PREFIX_PATH}:/home/alumno1/workspace/install/custom_code:/home/alumno1/turtlebot3_ws/install/turtlebot3_teleop:/home/alumno1/turtlebot3_ws/install/turtlebot3_example:/opt/ros/humble /usr/bin/cmake --install /home/alumno1/workspace/build/turtlebot3_custom_simulation
[4.712s] -- Install configuration: ""
[4.712s] -- Installing: /home/alumno1/workspace/install/turtlebot3_custom_simulation/lib/turtlebot3_custom_simulation/turtlebot3_custom_simulation
[4.715s] -- Set runtime path of "/home/alumno1/workspace/install/turtlebot3_custom_simulation/lib/turtlebot3_custom_simulation/turtlebot3_custom_simulation" to ""
[4.715s] -- Installing: /home/alumno1/workspace/install/turtlebot3_custom_simulation/share/turtlebot3_custom_simulation/launch
[4.715s] -- Installing: /home/alumno1/workspace/install/turtlebot3_custom_simulation/share/turtlebot3_custom_simulation/launch/custom_room.launch.py
[4.715s] -- Installing: /home/alumno1/workspace/install/turtlebot3_custom_simulation/share/turtlebot3_custom_simulation/launch/custom_simulation.launch.py
[4.715s] -- Installing: /home/alumno1/workspace/install/turtlebot3_custom_simulation/share/turtlebot3_custom_simulation/param
[4.715s] -- Installing: /home/alumno1/workspace/install/turtlebot3_custom_simulation/share/turtlebot3_custom_simulation/param/burger.yaml
[4.715s] -- Installing: /home/alumno1/workspace/install/turtlebot3_custom_simulation/share/turtlebot3_custom_simulation/worlds
[4.715s] -- Installing: /home/alumno1/workspace/install/turtlebot3_custom_simulation/share/turtlebot3_custom_simulation/worlds/room.world
[4.715s] -- Installing: /home/alumno1/workspace/install/turtlebot3_custom_simulation/share/turtlebot3_custom_simulation/worlds/Walls
[4.715s] -- Installing: /home/alumno1/workspace/install/turtlebot3_custom_simulation/share/turtlebot3_custom_simulation/worlds/Walls/model.sdf
[4.715s] -- Installing: /home/alumno1/workspace/install/turtlebot3_custom_simulation/share/turtlebot3_custom_simulation/worlds/Walls/model.config
[4.715s] -- Installing: /home/alumno1/workspace/install/turtlebot3_custom_simulation/share/turtlebot3_custom_simulation/worlds/slippery.world
[4.715s] -- Installing: /home/alumno1/workspace/install/turtlebot3_custom_simulation/share/turtlebot3_custom_simulation/worlds/map
[4.715s] -- Installing: /home/alumno1/workspace/install/turtlebot3_custom_simulation/share/turtlebot3_custom_simulation/worlds/map/map.pgm
[4.715s] -- Installing: /home/alumno1/workspace/install/turtlebot3_custom_simulation/share/turtlebot3_custom_simulation/worlds/map/map.yaml
[4.715s] -- Installing: /home/alumno1/workspace/install/turtlebot3_custom_simulation/include/
[4.716s] -- Installing: /home/alumno1/workspace/install/turtlebot3_custom_simulation/include//turtlebot3_custom_simulation
[4.716s] -- Installing: /home/alumno1/workspace/install/turtlebot3_custom_simulation/include//turtlebot3_custom_simulation/turtlebot3_custom_simulation.hpp
[4.716s] -- Installing: /home/alumno1/workspace/install/turtlebot3_custom_simulation/share/ament_index/resource_index/package_run_dependencies/turtlebot3_custom_simulation
[4.716s] -- Installing: /home/alumno1/workspace/install/turtlebot3_custom_simulation/share/ament_index/resource_index/parent_prefix_path/turtlebot3_custom_simulation
[4.716s] -- Installing: /home/alumno1/workspace/install/turtlebot3_custom_simulation/share/turtlebot3_custom_simulation/environment/ament_prefix_path.sh
[4.716s] -- Installing: /home/alumno1/workspace/install/turtlebot3_custom_simulation/share/turtlebot3_custom_simulation/environment/ament_prefix_path.dsv
[4.716s] -- Installing: /home/alumno1/workspace/install/turtlebot3_custom_simulation/share/turtlebot3_custom_simulation/environment/path.sh
[4.716s] -- Installing: /home/alumno1/workspace/install/turtlebot3_custom_simulation/share/turtlebot3_custom_simulation/environment/path.dsv
[4.716s] -- Installing: /home/alumno1/workspace/install/turtlebot3_custom_simulation/share/turtlebot3_custom_simulation/local_setup.bash
[4.716s] -- Installing: /home/alumno1/workspace/install/turtlebot3_custom_simulation/share/turtlebot3_custom_simulation/local_setup.sh
[4.716s] -- Installing: /home/alumno1/workspace/install/turtlebot3_custom_simulation/share/turtlebot3_custom_simulation/local_setup.zsh
[4.716s] -- Installing: /home/alumno1/workspace/install/turtlebot3_custom_simulation/share/turtlebot3_custom_simulation/local_setup.dsv
[4.717s] -- Installing: /home/alumno1/workspace/install/turtlebot3_custom_simulation/share/turtlebot3_custom_simulation/package.dsv
[4.717s] -- Installing: /home/alumno1/workspace/install/turtlebot3_custom_simulation/share/ament_index/resource_index/packages/turtlebot3_custom_simulation
[4.717s] -- Installing: /home/alumno1/workspace/install/turtlebot3_custom_simulation/share/turtlebot3_custom_simulation/cmake/ament_cmake_export_include_directories-extras.cmake
[4.717s] -- Installing: /home/alumno1/workspace/install/turtlebot3_custom_simulation/share/turtlebot3_custom_simulation/cmake/ament_cmake_export_dependencies-extras.cmake
[4.717s] -- Installing: /home/alumno1/workspace/install/turtlebot3_custom_simulation/share/turtlebot3_custom_simulation/cmake/turtlebot3_custom_simulationConfig.cmake
[4.717s] -- Installing: /home/alumno1/workspace/install/turtlebot3_custom_simulation/share/turtlebot3_custom_simulation/cmake/turtlebot3_custom_simulationConfig-version.cmake
[4.717s] -- Installing: /home/alumno1/workspace/install/turtlebot3_custom_simulation/share/turtlebot3_custom_simulation/package.xml
[4.718s] Invoked command in '/home/alumno1/workspace/build/turtlebot3_custom_simulation' returned '0': CMAKE_PREFIX_PATH=${CMAKE_PREFIX_PATH}:/home/alumno1/workspace/install/custom_code:/home/alumno1/turtlebot3_ws/install/turtlebot3_teleop:/home/alumno1/turtlebot3_ws/install/turtlebot3_example:/opt/ros/humble /usr/bin/cmake --install /home/alumno1/workspace/build/turtlebot3_custom_simulation
