running egg_info
creating ../../build/turtlebot3_obstacle_avoidance/turtlebot3_obstacle_avoidance.egg-info
writing ../../build/turtlebot3_obstacle_avoidance/turtlebot3_obstacle_avoidance.egg-info/PKG-INFO
writing dependency_links to ../../build/turtlebot3_obstacle_avoidance/turtlebot3_obstacle_avoidance.egg-info/dependency_links.txt
writing entry points to ../../build/turtlebot3_obstacle_avoidance/turtlebot3_obstacle_avoidance.egg-info/entry_points.txt
writing requirements to ../../build/turtlebot3_obstacle_avoidance/turtlebot3_obstacle_avoidance.egg-info/requires.txt
writing top-level names to ../../build/turtlebot3_obstacle_avoidance/turtlebot3_obstacle_avoidance.egg-info/top_level.txt
writing manifest file '../../build/turtlebot3_obstacle_avoidance/turtlebot3_obstacle_avoidance.egg-info/SOURCES.txt'
reading manifest file '../../build/turtlebot3_obstacle_avoidance/turtlebot3_obstacle_avoidance.egg-info/SOURCES.txt'
writing manifest file '../../build/turtlebot3_obstacle_avoidance/turtlebot3_obstacle_avoidance.egg-info/SOURCES.txt'
running build
running build_py
creating /home/alumno1/workspace/build/turtlebot3_obstacle_avoidance/build
creating /home/alumno1/workspace/build/turtlebot3_obstacle_avoidance/build/lib
creating /home/alumno1/workspace/build/turtlebot3_obstacle_avoidance/build/lib/turtlebot3_obstacle_avoidance
copying turtlebot3_obstacle_avoidance/__init__.py -> /home/alumno1/workspace/build/turtlebot3_obstacle_avoidance/build/lib/turtlebot3_obstacle_avoidance
copying turtlebot3_obstacle_avoidance/obstacle_avoidance_node.py -> /home/alumno1/workspace/build/turtlebot3_obstacle_avoidance/build/lib/turtlebot3_obstacle_avoidance
running install
running install_lib
creating /home/alumno1/workspace/install/turtlebot3_obstacle_avoidance/lib/python3.10/site-packages/turtlebot3_obstacle_avoidance
copying /home/alumno1/workspace/build/turtlebot3_obstacle_avoidance/build/lib/turtlebot3_obstacle_avoidance/__init__.py -> /home/alumno1/workspace/install/turtlebot3_obstacle_avoidance/lib/python3.10/site-packages/turtlebot3_obstacle_avoidance
copying /home/alumno1/workspace/build/turtlebot3_obstacle_avoidance/build/lib/turtlebot3_obstacle_avoidance/obstacle_avoidance_node.py -> /home/alumno1/workspace/install/turtlebot3_obstacle_avoidance/lib/python3.10/site-packages/turtlebot3_obstacle_avoidance
byte-compiling /home/alumno1/workspace/install/turtlebot3_obstacle_avoidance/lib/python3.10/site-packages/turtlebot3_obstacle_avoidance/__init__.py to __init__.cpython-310.pyc
byte-compiling /home/alumno1/workspace/install/turtlebot3_obstacle_avoidance/lib/python3.10/site-packages/turtlebot3_obstacle_avoidance/obstacle_avoidance_node.py to obstacle_avoidance_node.cpython-310.pyc
running install_data
creating /home/alumno1/workspace/install/turtlebot3_obstacle_avoidance/share/ament_index
creating /home/alumno1/workspace/install/turtlebot3_obstacle_avoidance/share/ament_index/resource_index
creating /home/alumno1/workspace/install/turtlebot3_obstacle_avoidance/share/ament_index/resource_index/packages
copying resource/turtlebot3_obstacle_avoidance -> /home/alumno1/workspace/install/turtlebot3_obstacle_avoidance/share/ament_index/resource_index/packages
copying package.xml -> /home/alumno1/workspace/install/turtlebot3_obstacle_avoidance/share/turtlebot3_obstacle_avoidance
creating /home/alumno1/workspace/install/turtlebot3_obstacle_avoidance/share/turtlebot3_obstacle_avoidance/launch
copying launch/avoid_obstacle.launch.py -> /home/alumno1/workspace/install/turtlebot3_obstacle_avoidance/share/turtlebot3_obstacle_avoidance/launch
running install_egg_info
Copying ../../build/turtlebot3_obstacle_avoidance/turtlebot3_obstacle_avoidance.egg-info to /home/alumno1/workspace/install/turtlebot3_obstacle_avoidance/lib/python3.10/site-packages/turtlebot3_obstacle_avoidance-0.1.0-py3.10.egg-info
running install_scripts
Installing obstacle_avoidance script to /home/alumno1/workspace/install/turtlebot3_obstacle_avoidance/lib/turtlebot3_obstacle_avoidance
writing list of installed files to '/home/alumno1/workspace/build/turtlebot3_obstacle_avoidance/install.log'
