[0.612s] Invoking command in '/home/facuvulcano/workspace/src/custom_code': CMAKE_PREFIX_PATH=/home/facuvulcano/workspace/install/custom_msgs:${CMAKE_PREFIX_PATH} CONDA_PROMPT_MODIFIER=(rosenv) DEBUGINFOD_URLS=https://debuginfod.ubuntu.com LD_LIBRARY_PATH=/home/facuvulcano/workspace/install/custom_msgs/lib:/home/facuvulcano/miniconda3/envs/rosenv/opt/rviz_ogre_vendor/lib:/home/facuvulcano/miniconda3/envs/rosenv/lib/gazebo-11/plugins PYTHONPATH=/home/facuvulcano/workspace/build/custom_code/prefix_override:/home/facuvulcano/miniconda3/envs/rosenv/lib/python3.11/site-packages/colcon_core/task/python/colcon_distutils_commands:/home/facuvulcano/workspace/install/custom_code/lib/python3.11/site-packages:${PYTHONPATH} /home/facuvulcano/miniconda3/envs/rosenv/bin/python3.11 -W ignore:setup.py install is deprecated -W ignore:easy_install command is deprecated setup.py egg_info --egg-base ../../build/custom_code build --build-base /home/facuvulcano/workspace/build/custom_code/build install --record /home/facuvulcano/workspace/build/custom_code/install.log --single-version-externally-managed install_data
[0.758s] running egg_info
[0.764s] creating ../../build/custom_code/custom_code.egg-info
[0.764s] writing ../../build/custom_code/custom_code.egg-info/PKG-INFO
[0.765s] writing dependency_links to ../../build/custom_code/custom_code.egg-info/dependency_links.txt
[0.765s] writing entry points to ../../build/custom_code/custom_code.egg-info/entry_points.txt
[0.765s] writing requirements to ../../build/custom_code/custom_code.egg-info/requires.txt
[0.765s] writing top-level names to ../../build/custom_code/custom_code.egg-info/top_level.txt
[0.765s] writing manifest file '../../build/custom_code/custom_code.egg-info/SOURCES.txt'
[0.779s] reading manifest file '../../build/custom_code/custom_code.egg-info/SOURCES.txt'
[0.779s] writing manifest file '../../build/custom_code/custom_code.egg-info/SOURCES.txt'
[0.779s] running build
[0.780s] running build_py
[0.780s] creating /home/facuvulcano/workspace/build/custom_code/build/lib/custom_code
[0.780s] copying custom_code/my_tf.py -> /home/facuvulcano/workspace/build/custom_code/build/lib/custom_code
[0.780s] copying custom_code/robot_functions.py -> /home/facuvulcano/workspace/build/custom_code/build/lib/custom_code
[0.780s] copying custom_code/likelihood.py -> /home/facuvulcano/workspace/build/custom_code/build/lib/custom_code
[0.780s] copying custom_code/my_ekf_prediction.py -> /home/facuvulcano/workspace/build/custom_code/build/lib/custom_code
[0.780s] copying custom_code/my_odometry.py -> /home/facuvulcano/workspace/build/custom_code/build/lib/custom_code
[0.780s] copying custom_code/my_ekf_correction.py -> /home/facuvulcano/workspace/build/custom_code/build/lib/custom_code
[0.780s] copying custom_code/my_ekf.py -> /home/facuvulcano/workspace/build/custom_code/build/lib/custom_code
[0.780s] copying custom_code/feature_finder.py -> /home/facuvulcano/workspace/build/custom_code/build/lib/custom_code
[0.780s] copying custom_code/occupancy_mapping_1d.py -> /home/facuvulcano/workspace/build/custom_code/build/lib/custom_code
[0.781s] copying custom_code/my_localization.py -> /home/facuvulcano/workspace/build/custom_code/build/lib/custom_code
[0.781s] copying custom_code/features.py -> /home/facuvulcano/workspace/build/custom_code/build/lib/custom_code
[0.781s] copying custom_code/my_fastslam.py -> /home/facuvulcano/workspace/build/custom_code/build/lib/custom_code
[0.781s] copying custom_code/__init__.py -> /home/facuvulcano/workspace/build/custom_code/build/lib/custom_code
[0.781s] running install
[0.784s] running install_lib
[0.790s] creating /home/facuvulcano/workspace/install/custom_code/lib/python3.11/site-packages/custom_code
[0.790s] copying /home/facuvulcano/workspace/build/custom_code/build/lib/custom_code/my_tf.py -> /home/facuvulcano/workspace/install/custom_code/lib/python3.11/site-packages/custom_code
[0.791s] copying /home/facuvulcano/workspace/build/custom_code/build/lib/custom_code/robot_functions.py -> /home/facuvulcano/workspace/install/custom_code/lib/python3.11/site-packages/custom_code
[0.791s] copying /home/facuvulcano/workspace/build/custom_code/build/lib/custom_code/likelihood.py -> /home/facuvulcano/workspace/install/custom_code/lib/python3.11/site-packages/custom_code
[0.791s] copying /home/facuvulcano/workspace/build/custom_code/build/lib/custom_code/my_ekf_prediction.py -> /home/facuvulcano/workspace/install/custom_code/lib/python3.11/site-packages/custom_code
[0.791s] copying /home/facuvulcano/workspace/build/custom_code/build/lib/custom_code/my_odometry.py -> /home/facuvulcano/workspace/install/custom_code/lib/python3.11/site-packages/custom_code
[0.791s] copying /home/facuvulcano/workspace/build/custom_code/build/lib/custom_code/my_ekf_correction.py -> /home/facuvulcano/workspace/install/custom_code/lib/python3.11/site-packages/custom_code
[0.791s] copying /home/facuvulcano/workspace/build/custom_code/build/lib/custom_code/my_ekf.py -> /home/facuvulcano/workspace/install/custom_code/lib/python3.11/site-packages/custom_code
[0.791s] copying /home/facuvulcano/workspace/build/custom_code/build/lib/custom_code/feature_finder.py -> /home/facuvulcano/workspace/install/custom_code/lib/python3.11/site-packages/custom_code
[0.791s] copying /home/facuvulcano/workspace/build/custom_code/build/lib/custom_code/occupancy_mapping_1d.py -> /home/facuvulcano/workspace/install/custom_code/lib/python3.11/site-packages/custom_code
[0.791s] copying /home/facuvulcano/workspace/build/custom_code/build/lib/custom_code/my_localization.py -> /home/facuvulcano/workspace/install/custom_code/lib/python3.11/site-packages/custom_code
[0.791s] copying /home/facuvulcano/workspace/build/custom_code/build/lib/custom_code/features.py -> /home/facuvulcano/workspace/install/custom_code/lib/python3.11/site-packages/custom_code
[0.791s] copying /home/facuvulcano/workspace/build/custom_code/build/lib/custom_code/my_fastslam.py -> /home/facuvulcano/workspace/install/custom_code/lib/python3.11/site-packages/custom_code
[0.791s] copying /home/facuvulcano/workspace/build/custom_code/build/lib/custom_code/__init__.py -> /home/facuvulcano/workspace/install/custom_code/lib/python3.11/site-packages/custom_code
[0.791s] byte-compiling /home/facuvulcano/workspace/install/custom_code/lib/python3.11/site-packages/custom_code/my_tf.py to my_tf.cpython-311.pyc
[0.792s] byte-compiling /home/facuvulcano/workspace/install/custom_code/lib/python3.11/site-packages/custom_code/robot_functions.py to robot_functions.cpython-311.pyc
[0.793s] byte-compiling /home/facuvulcano/workspace/install/custom_code/lib/python3.11/site-packages/custom_code/likelihood.py to likelihood.cpython-311.pyc
[0.793s] byte-compiling /home/facuvulcano/workspace/install/custom_code/lib/python3.11/site-packages/custom_code/my_ekf_prediction.py to my_ekf_prediction.cpython-311.pyc
[0.794s] byte-compiling /home/facuvulcano/workspace/install/custom_code/lib/python3.11/site-packages/custom_code/my_odometry.py to my_odometry.cpython-311.pyc
[0.795s] byte-compiling /home/facuvulcano/workspace/install/custom_code/lib/python3.11/site-packages/custom_code/my_ekf_correction.py to my_ekf_correction.cpython-311.pyc
[0.796s] byte-compiling /home/facuvulcano/workspace/install/custom_code/lib/python3.11/site-packages/custom_code/my_ekf.py to my_ekf.cpython-311.pyc
[0.797s] byte-compiling /home/facuvulcano/workspace/install/custom_code/lib/python3.11/site-packages/custom_code/feature_finder.py to feature_finder.cpython-311.pyc
[0.797s] byte-compiling /home/facuvulcano/workspace/install/custom_code/lib/python3.11/site-packages/custom_code/occupancy_mapping_1d.py to occupancy_mapping_1d.cpython-311.pyc
[0.798s] byte-compiling /home/facuvulcano/workspace/install/custom_code/lib/python3.11/site-packages/custom_code/my_localization.py to my_localization.cpython-311.pyc
[0.799s] byte-compiling /home/facuvulcano/workspace/install/custom_code/lib/python3.11/site-packages/custom_code/features.py to features.cpython-311.pyc
[0.799s] byte-compiling /home/facuvulcano/workspace/install/custom_code/lib/python3.11/site-packages/custom_code/my_fastslam.py to my_fastslam.cpython-311.pyc
[0.801s] byte-compiling /home/facuvulcano/workspace/install/custom_code/lib/python3.11/site-packages/custom_code/__init__.py to __init__.cpython-311.pyc
[0.801s] running install_data
[0.801s] copying package.xml -> /home/facuvulcano/workspace/install/custom_code/share/custom_code
[0.809s] copying launch/launch_my_fastslam.launch.py -> /home/facuvulcano/workspace/install/custom_code/share/custom_code/launch
[0.809s] copying launch/launch_my_odometry.launch.py -> /home/facuvulcano/workspace/install/custom_code/share/custom_code/launch
[0.809s] copying launch/launch_my_ekf.launch.py -> /home/facuvulcano/workspace/install/custom_code/share/custom_code/launch
[0.809s] copying launch/launch_my_particles.launch.py -> /home/facuvulcano/workspace/install/custom_code/share/custom_code/launch
[0.809s] copying rviz/ekf.rviz -> /home/facuvulcano/workspace/install/custom_code/share/custom_code/rviz
[0.810s] copying rviz/particulas.rviz -> /home/facuvulcano/workspace/install/custom_code/share/custom_code/rviz
[0.810s] copying rviz/fastslam.rviz -> /home/facuvulcano/workspace/install/custom_code/share/custom_code/rviz
[0.810s] copying rviz/odometry.rviz -> /home/facuvulcano/workspace/install/custom_code/share/custom_code/rviz
[0.810s] running install_egg_info
[0.818s] Copying ../../build/custom_code/custom_code.egg-info to /home/facuvulcano/workspace/install/custom_code/lib/python3.11/site-packages/custom_code-0.0.0-py3.11.egg-info
[0.818s] running install_scripts
[0.860s] Installing ekf script to /home/facuvulcano/workspace/install/custom_code/lib/custom_code
[0.860s] Installing ekf_correction script to /home/facuvulcano/workspace/install/custom_code/lib/custom_code
[0.860s] Installing ekf_prediction script to /home/facuvulcano/workspace/install/custom_code/lib/custom_code
[0.860s] Installing fastslam script to /home/facuvulcano/workspace/install/custom_code/lib/custom_code
[0.860s] Installing feature_finder script to /home/facuvulcano/workspace/install/custom_code/lib/custom_code
[0.860s] Installing features script to /home/facuvulcano/workspace/install/custom_code/lib/custom_code
[0.860s] Installing likelihood script to /home/facuvulcano/workspace/install/custom_code/lib/custom_code
[0.860s] Installing localization script to /home/facuvulcano/workspace/install/custom_code/lib/custom_code
[0.860s] Installing my_odometry script to /home/facuvulcano/workspace/install/custom_code/lib/custom_code
[0.861s] Installing my_tf script to /home/facuvulcano/workspace/install/custom_code/lib/custom_code
[0.861s] writing list of installed files to '/home/facuvulcano/workspace/build/custom_code/install.log'
[0.884s] Invoked command in '/home/facuvulcano/workspace/src/custom_code' returned '0': CMAKE_PREFIX_PATH=/home/facuvulcano/workspace/install/custom_msgs:${CMAKE_PREFIX_PATH} CONDA_PROMPT_MODIFIER=(rosenv) DEBUGINFOD_URLS=https://debuginfod.ubuntu.com LD_LIBRARY_PATH=/home/facuvulcano/workspace/install/custom_msgs/lib:/home/facuvulcano/miniconda3/envs/rosenv/opt/rviz_ogre_vendor/lib:/home/facuvulcano/miniconda3/envs/rosenv/lib/gazebo-11/plugins PYTHONPATH=/home/facuvulcano/workspace/build/custom_code/prefix_override:/home/facuvulcano/miniconda3/envs/rosenv/lib/python3.11/site-packages/colcon_core/task/python/colcon_distutils_commands:/home/facuvulcano/workspace/install/custom_code/lib/python3.11/site-packages:${PYTHONPATH} /home/facuvulcano/miniconda3/envs/rosenv/bin/python3.11 -W ignore:setup.py install is deprecated -W ignore:easy_install command is deprecated setup.py egg_info --egg-base ../../build/custom_code build --build-base /home/facuvulcano/workspace/build/custom_code/build install --record /home/facuvulcano/workspace/build/custom_code/install.log --single-version-externally-managed install_data
