[0.316s] Invoking command in '/home/alumno1/workspace/src/custom_code': CMAKE_PREFIX_PATH=/home/alumno1/workspace/install/custom_msgs:/home/alumno1/workspace/install/turtlebot3_custom_simulation:/home/alumno1/turtlebot3_ws/install/turtlebot3:/home/alumno1/turtlebot3_ws/install/turtlebot3_simulations:/home/alumno1/turtlebot3_ws/install/turtlebot3_bringup:/home/alumno1/turtlebot3_ws/install/turtlebot3_node:/home/alumno1/turtlebot3_ws/install/turtlebot3_navigation2:/home/alumno1/turtlebot3_ws/install/turtlebot3_fake_node:/home/alumno1/turtlebot3_ws/install/turtlebot3_custom_simulation:/home/alumno1/turtlebot3_ws/install/turtlebot3_msgs:/home/alumno1/turtlebot3_ws/install/turtlebot3_gazebo:/home/alumno1/turtlebot3_ws/install/turtlebot3_description:/home/alumno1/turtlebot3_ws/install/turtlebot3_cartographer:/home/alumno1/turtlebot3_ws/install/dynamixel_sdk_examples:/home/alumno1/turtlebot3_ws/install/dynamixel_sdk_custom_interfaces:/home/alumno1/turtlebot3_ws/install/dynamixel_sdk LD_LIBRARY_PATH=/home/alumno1/workspace/install/custom_msgs/lib:/home/alumno1/turtlebot3_ws/install/turtlebot3_msgs/lib:/home/alumno1/turtlebot3_ws/install/dynamixel_sdk_custom_interfaces/lib:/home/alumno1/turtlebot3_ws/install/dynamixel_sdk/lib:/usr/lib/x86_64-linux-gnu/gazebo-11/plugins:/opt/ros/humble/opt/rviz_ogre_vendor/lib:/opt/ros/humble/lib/x86_64-linux-gnu:/opt/ros/humble/lib:/usr/lib/x86_64-linux-gnu/gazebo-11/plugins PYTHONPATH=/home/alumno1/workspace/build/custom_code/prefix_override:/usr/lib/python3/dist-packages/colcon_core/task/python/colcon_distutils_commands:/home/alumno1/workspace/install/custom_code/lib/python3.10/site-packages:${PYTHONPATH} /usr/bin/python3 -W ignore:setup.py install is deprecated -W ignore:easy_install command is deprecated setup.py egg_info --egg-base ../../build/custom_code build --build-base /home/alumno1/workspace/build/custom_code/build install --record /home/alumno1/workspace/build/custom_code/install.log --single-version-externally-managed install_data
[0.434s] running egg_info
[0.434s] creating ../../build/custom_code/custom_code.egg-info
[0.434s] writing ../../build/custom_code/custom_code.egg-info/PKG-INFO
[0.434s] writing dependency_links to ../../build/custom_code/custom_code.egg-info/dependency_links.txt
[0.434s] writing entry points to ../../build/custom_code/custom_code.egg-info/entry_points.txt
[0.434s] writing requirements to ../../build/custom_code/custom_code.egg-info/requires.txt
[0.434s] writing top-level names to ../../build/custom_code/custom_code.egg-info/top_level.txt
[0.434s] writing manifest file '../../build/custom_code/custom_code.egg-info/SOURCES.txt'
[0.435s] reading manifest file '../../build/custom_code/custom_code.egg-info/SOURCES.txt'
[0.435s] writing manifest file '../../build/custom_code/custom_code.egg-info/SOURCES.txt'
[0.435s] running build
[0.436s] running build_py
[0.436s] creating /home/alumno1/workspace/build/custom_code/build
[0.436s] creating /home/alumno1/workspace/build/custom_code/build/lib
[0.436s] creating /home/alumno1/workspace/build/custom_code/build/lib/custom_code
[0.436s] copying custom_code/feature_finder.py -> /home/alumno1/workspace/build/custom_code/build/lib/custom_code
[0.436s] copying custom_code/my_ekf_correction.py -> /home/alumno1/workspace/build/custom_code/build/lib/custom_code
[0.436s] copying custom_code/my_odometry.py -> /home/alumno1/workspace/build/custom_code/build/lib/custom_code
[0.436s] copying custom_code/my_localization.py -> /home/alumno1/workspace/build/custom_code/build/lib/custom_code
[0.436s] copying custom_code/my_tf.py -> /home/alumno1/workspace/build/custom_code/build/lib/custom_code
[0.436s] copying custom_code/my_ekf_prediction.py -> /home/alumno1/workspace/build/custom_code/build/lib/custom_code
[0.436s] copying custom_code/likelihood.py -> /home/alumno1/workspace/build/custom_code/build/lib/custom_code
[0.436s] copying custom_code/features.py -> /home/alumno1/workspace/build/custom_code/build/lib/custom_code
[0.436s] copying custom_code/my_ekf.py -> /home/alumno1/workspace/build/custom_code/build/lib/custom_code
[0.436s] copying custom_code/robot_functions.py -> /home/alumno1/workspace/build/custom_code/build/lib/custom_code
[0.436s] copying custom_code/__init__.py -> /home/alumno1/workspace/build/custom_code/build/lib/custom_code
[0.436s] running install
[0.436s] running install_lib
[0.437s] creating /home/alumno1/workspace/install/custom_code/lib/python3.10/site-packages/custom_code
[0.437s] copying /home/alumno1/workspace/build/custom_code/build/lib/custom_code/feature_finder.py -> /home/alumno1/workspace/install/custom_code/lib/python3.10/site-packages/custom_code
[0.437s] copying /home/alumno1/workspace/build/custom_code/build/lib/custom_code/my_ekf_correction.py -> /home/alumno1/workspace/install/custom_code/lib/python3.10/site-packages/custom_code
[0.437s] copying /home/alumno1/workspace/build/custom_code/build/lib/custom_code/my_odometry.py -> /home/alumno1/workspace/install/custom_code/lib/python3.10/site-packages/custom_code
[0.437s] copying /home/alumno1/workspace/build/custom_code/build/lib/custom_code/my_localization.py -> /home/alumno1/workspace/install/custom_code/lib/python3.10/site-packages/custom_code
[0.437s] copying /home/alumno1/workspace/build/custom_code/build/lib/custom_code/my_tf.py -> /home/alumno1/workspace/install/custom_code/lib/python3.10/site-packages/custom_code
[0.437s] copying /home/alumno1/workspace/build/custom_code/build/lib/custom_code/my_ekf_prediction.py -> /home/alumno1/workspace/install/custom_code/lib/python3.10/site-packages/custom_code
[0.437s] copying /home/alumno1/workspace/build/custom_code/build/lib/custom_code/likelihood.py -> /home/alumno1/workspace/install/custom_code/lib/python3.10/site-packages/custom_code
[0.437s] copying /home/alumno1/workspace/build/custom_code/build/lib/custom_code/features.py -> /home/alumno1/workspace/install/custom_code/lib/python3.10/site-packages/custom_code
[0.437s] copying /home/alumno1/workspace/build/custom_code/build/lib/custom_code/my_ekf.py -> /home/alumno1/workspace/install/custom_code/lib/python3.10/site-packages/custom_code
[0.437s] copying /home/alumno1/workspace/build/custom_code/build/lib/custom_code/robot_functions.py -> /home/alumno1/workspace/install/custom_code/lib/python3.10/site-packages/custom_code
[0.437s] copying /home/alumno1/workspace/build/custom_code/build/lib/custom_code/__init__.py -> /home/alumno1/workspace/install/custom_code/lib/python3.10/site-packages/custom_code
[0.437s] byte-compiling /home/alumno1/workspace/install/custom_code/lib/python3.10/site-packages/custom_code/feature_finder.py to feature_finder.cpython-310.pyc
[0.438s] byte-compiling /home/alumno1/workspace/install/custom_code/lib/python3.10/site-packages/custom_code/my_ekf_correction.py to my_ekf_correction.cpython-310.pyc
[0.438s] byte-compiling /home/alumno1/workspace/install/custom_code/lib/python3.10/site-packages/custom_code/my_odometry.py to my_odometry.cpython-310.pyc
[0.439s] byte-compiling /home/alumno1/workspace/install/custom_code/lib/python3.10/site-packages/custom_code/my_localization.py to my_localization.cpython-310.pyc
[0.440s] byte-compiling /home/alumno1/workspace/install/custom_code/lib/python3.10/site-packages/custom_code/my_tf.py to my_tf.cpython-310.pyc
[0.440s] byte-compiling /home/alumno1/workspace/install/custom_code/lib/python3.10/site-packages/custom_code/my_ekf_prediction.py to my_ekf_prediction.cpython-310.pyc
[0.441s] byte-compiling /home/alumno1/workspace/install/custom_code/lib/python3.10/site-packages/custom_code/likelihood.py to likelihood.cpython-310.pyc
[0.441s] byte-compiling /home/alumno1/workspace/install/custom_code/lib/python3.10/site-packages/custom_code/features.py to features.cpython-310.pyc
[0.441s] byte-compiling /home/alumno1/workspace/install/custom_code/lib/python3.10/site-packages/custom_code/my_ekf.py to my_ekf.cpython-310.pyc
[0.442s] byte-compiling /home/alumno1/workspace/install/custom_code/lib/python3.10/site-packages/custom_code/robot_functions.py to robot_functions.cpython-310.pyc
[0.442s] byte-compiling /home/alumno1/workspace/install/custom_code/lib/python3.10/site-packages/custom_code/__init__.py to __init__.cpython-310.pyc
[0.442s] running install_data
[0.442s] creating /home/alumno1/workspace/install/custom_code/share/ament_index
[0.443s] creating /home/alumno1/workspace/install/custom_code/share/ament_index/resource_index
[0.443s] creating /home/alumno1/workspace/install/custom_code/share/ament_index/resource_index/packages
[0.443s] copying resource/custom_code -> /home/alumno1/workspace/install/custom_code/share/ament_index/resource_index/packages
[0.443s] copying package.xml -> /home/alumno1/workspace/install/custom_code/share/custom_code
[0.443s] creating /home/alumno1/workspace/install/custom_code/share/custom_code/launch
[0.443s] copying launch/launch_my_odometry.launch.py -> /home/alumno1/workspace/install/custom_code/share/custom_code/launch
[0.443s] copying launch/launch_my_ekf.launch.py -> /home/alumno1/workspace/install/custom_code/share/custom_code/launch
[0.443s] copying launch/launch_my_particles.launch.py -> /home/alumno1/workspace/install/custom_code/share/custom_code/launch
[0.443s] copying launch/launch_my_tf.launch.py -> /home/alumno1/workspace/install/custom_code/share/custom_code/launch
[0.443s] creating /home/alumno1/workspace/install/custom_code/share/custom_code/rviz
[0.443s] copying rviz/odometry.rviz -> /home/alumno1/workspace/install/custom_code/share/custom_code/rviz
[0.443s] copying rviz/particulas.rviz -> /home/alumno1/workspace/install/custom_code/share/custom_code/rviz
[0.443s] copying rviz/ekf.rviz -> /home/alumno1/workspace/install/custom_code/share/custom_code/rviz
[0.443s] copying rviz/tf.rviz -> /home/alumno1/workspace/install/custom_code/share/custom_code/rviz
[0.443s] running install_egg_info
[0.444s] Copying ../../build/custom_code/custom_code.egg-info to /home/alumno1/workspace/install/custom_code/lib/python3.10/site-packages/custom_code-0.0.0-py3.10.egg-info
[0.444s] running install_scripts
[0.455s] Installing ekf script to /home/alumno1/workspace/install/custom_code/lib/custom_code
[0.455s] Installing ekf_correction script to /home/alumno1/workspace/install/custom_code/lib/custom_code
[0.455s] Installing ekf_prediction script to /home/alumno1/workspace/install/custom_code/lib/custom_code
[0.455s] Installing feature_finder script to /home/alumno1/workspace/install/custom_code/lib/custom_code
[0.455s] Installing features script to /home/alumno1/workspace/install/custom_code/lib/custom_code
[0.455s] Installing likelihood script to /home/alumno1/workspace/install/custom_code/lib/custom_code
[0.455s] Installing localization script to /home/alumno1/workspace/install/custom_code/lib/custom_code
[0.456s] Installing my_odometry script to /home/alumno1/workspace/install/custom_code/lib/custom_code
[0.456s] Installing my_tf script to /home/alumno1/workspace/install/custom_code/lib/custom_code
[0.456s] writing list of installed files to '/home/alumno1/workspace/build/custom_code/install.log'
[0.467s] Invoked command in '/home/alumno1/workspace/src/custom_code' returned '0': CMAKE_PREFIX_PATH=/home/alumno1/workspace/install/custom_msgs:/home/alumno1/workspace/install/turtlebot3_custom_simulation:/home/alumno1/turtlebot3_ws/install/turtlebot3:/home/alumno1/turtlebot3_ws/install/turtlebot3_simulations:/home/alumno1/turtlebot3_ws/install/turtlebot3_bringup:/home/alumno1/turtlebot3_ws/install/turtlebot3_node:/home/alumno1/turtlebot3_ws/install/turtlebot3_navigation2:/home/alumno1/turtlebot3_ws/install/turtlebot3_fake_node:/home/alumno1/turtlebot3_ws/install/turtlebot3_custom_simulation:/home/alumno1/turtlebot3_ws/install/turtlebot3_msgs:/home/alumno1/turtlebot3_ws/install/turtlebot3_gazebo:/home/alumno1/turtlebot3_ws/install/turtlebot3_description:/home/alumno1/turtlebot3_ws/install/turtlebot3_cartographer:/home/alumno1/turtlebot3_ws/install/dynamixel_sdk_examples:/home/alumno1/turtlebot3_ws/install/dynamixel_sdk_custom_interfaces:/home/alumno1/turtlebot3_ws/install/dynamixel_sdk LD_LIBRARY_PATH=/home/alumno1/workspace/install/custom_msgs/lib:/home/alumno1/turtlebot3_ws/install/turtlebot3_msgs/lib:/home/alumno1/turtlebot3_ws/install/dynamixel_sdk_custom_interfaces/lib:/home/alumno1/turtlebot3_ws/install/dynamixel_sdk/lib:/usr/lib/x86_64-linux-gnu/gazebo-11/plugins:/opt/ros/humble/opt/rviz_ogre_vendor/lib:/opt/ros/humble/lib/x86_64-linux-gnu:/opt/ros/humble/lib:/usr/lib/x86_64-linux-gnu/gazebo-11/plugins PYTHONPATH=/home/alumno1/workspace/build/custom_code/prefix_override:/usr/lib/python3/dist-packages/colcon_core/task/python/colcon_distutils_commands:/home/alumno1/workspace/install/custom_code/lib/python3.10/site-packages:${PYTHONPATH} /usr/bin/python3 -W ignore:setup.py install is deprecated -W ignore:easy_install command is deprecated setup.py egg_info --egg-base ../../build/custom_code build --build-base /home/alumno1/workspace/build/custom_code/build install --record /home/alumno1/workspace/build/custom_code/install.log --single-version-externally-managed install_data
