[0.005s] Invoking command in '/home/facuvulcano/workspace/build/turtlebot3_custom_simulation': CONDA_PROMPT_MODIFIER=(rosenv) DEBUGINFOD_URLS=https://debuginfod.ubuntu.com /home/facuvulcano/miniconda3/envs/rosenv/bin/cmake /home/facuvulcano/workspace/src/turtlebot3_custom_simulation -DCMAKE_INSTALL_PREFIX=/home/facuvulcano/workspace/install/turtlebot3_custom_simulation
[0.013s] -- Found ament_cmake: 1.3.7 (/home/facuvulcano/miniconda3/envs/rosenv/share/ament_cmake/cmake)
[0.115s] -- Found geometry_msgs: 4.2.3 (/home/facuvulcano/miniconda3/envs/rosenv/share/geometry_msgs/cmake)
[0.128s] -- Found rosidl_generator_c: 3.1.5 (/home/facuvulcano/miniconda3/envs/rosenv/share/rosidl_generator_c/cmake)
[0.129s] -- Found rosidl_adapter: 3.1.5 (/home/facuvulcano/miniconda3/envs/rosenv/share/rosidl_adapter/cmake)
[0.133s] -- Found rosidl_generator_cpp: 3.1.5 (/home/facuvulcano/miniconda3/envs/rosenv/share/rosidl_generator_cpp/cmake)
[0.141s] -- Using all available rosidl_typesupport_c: rosidl_typesupport_fastrtps_c;rosidl_typesupport_introspection_c
[0.152s] -- Using all available rosidl_typesupport_cpp: rosidl_typesupport_fastrtps_cpp;rosidl_typesupport_introspection_cpp
[0.240s] -- Found nav_msgs: 4.2.3 (/home/facuvulcano/miniconda3/envs/rosenv/share/nav_msgs/cmake)
[0.300s] -- Found rclcpp: 16.0.8 (/home/facuvulcano/miniconda3/envs/rosenv/share/rclcpp/cmake)
[0.355s] -- Found rmw_implementation_cmake: 6.1.1 (/home/facuvulcano/miniconda3/envs/rosenv/share/rmw_implementation_cmake/cmake)
[0.357s] -- Found rmw_fastrtps_cpp: 6.2.6 (/home/facuvulcano/miniconda3/envs/rosenv/share/rmw_fastrtps_cpp/cmake)
[0.485s] -- Using RMW implementation 'rmw_fastrtps_cpp' as default
[0.581s] -- Found sensor_msgs: 4.2.3 (/home/facuvulcano/miniconda3/envs/rosenv/share/sensor_msgs/cmake)
[0.646s] -- Found tf2: 0.25.5 (/home/facuvulcano/miniconda3/envs/rosenv/share/tf2/cmake)
[0.651s] -- Found tf2_msgs: 0.25.5 (/home/facuvulcano/miniconda3/envs/rosenv/share/tf2_msgs/cmake)
[0.758s] -- Found turtlebot3_msgs: 2.2.3 (/home/facuvulcano/miniconda3/envs/rosenv/share/turtlebot3_msgs/cmake)
[0.862s] -- Configuring done (0.9s)
[0.868s] -- Generating done (0.0s)
[0.869s] -- Build files have been written to: /home/facuvulcano/workspace/build/turtlebot3_custom_simulation
[0.873s] Invoked command in '/home/facuvulcano/workspace/build/turtlebot3_custom_simulation' returned '0': CONDA_PROMPT_MODIFIER=(rosenv) DEBUGINFOD_URLS=https://debuginfod.ubuntu.com /home/facuvulcano/miniconda3/envs/rosenv/bin/cmake /home/facuvulcano/workspace/src/turtlebot3_custom_simulation -DCMAKE_INSTALL_PREFIX=/home/facuvulcano/workspace/install/turtlebot3_custom_simulation
[0.873s] Invoking command in '/home/facuvulcano/workspace/build/turtlebot3_custom_simulation': CONDA_PROMPT_MODIFIER=(rosenv) DEBUGINFOD_URLS=https://debuginfod.ubuntu.com /home/facuvulcano/miniconda3/envs/rosenv/bin/cmake --build /home/facuvulcano/workspace/build/turtlebot3_custom_simulation -- -j32 -l32
[0.899s] [ 50%] [32mBuilding CXX object CMakeFiles/turtlebot3_custom_simulation.dir/src/turtlebot3_custom_simulation.cpp.o[0m
[6.424s] [100%] [32m[1mLinking CXX executable turtlebot3_custom_simulation[0m
[6.596s] [100%] Built target turtlebot3_custom_simulation
[6.603s] Invoked command in '/home/facuvulcano/workspace/build/turtlebot3_custom_simulation' returned '0': CONDA_PROMPT_MODIFIER=(rosenv) DEBUGINFOD_URLS=https://debuginfod.ubuntu.com /home/facuvulcano/miniconda3/envs/rosenv/bin/cmake --build /home/facuvulcano/workspace/build/turtlebot3_custom_simulation -- -j32 -l32
[6.620s] Invoking command in '/home/facuvulcano/workspace/build/turtlebot3_custom_simulation': CONDA_PROMPT_MODIFIER=(rosenv) DEBUGINFOD_URLS=https://debuginfod.ubuntu.com /home/facuvulcano/miniconda3/envs/rosenv/bin/cmake --install /home/facuvulcano/workspace/build/turtlebot3_custom_simulation
[6.626s] -- Install configuration: ""
[6.626s] -- Installing: /home/facuvulcano/workspace/install/turtlebot3_custom_simulation/lib/turtlebot3_custom_simulation/turtlebot3_custom_simulation
[6.627s] -- Installing: /home/facuvulcano/workspace/install/turtlebot3_custom_simulation/share/turtlebot3_custom_simulation/launch
[6.627s] -- Installing: /home/facuvulcano/workspace/install/turtlebot3_custom_simulation/share/turtlebot3_custom_simulation/launch/custom_room.launch.py
[6.627s] -- Installing: /home/facuvulcano/workspace/install/turtlebot3_custom_simulation/share/turtlebot3_custom_simulation/launch/custom_simulation.launch.py
[6.627s] -- Installing: /home/facuvulcano/workspace/install/turtlebot3_custom_simulation/share/turtlebot3_custom_simulation/param
[6.627s] -- Installing: /home/facuvulcano/workspace/install/turtlebot3_custom_simulation/share/turtlebot3_custom_simulation/param/burger.yaml
[6.627s] -- Installing: /home/facuvulcano/workspace/install/turtlebot3_custom_simulation/share/turtlebot3_custom_simulation/worlds
[6.627s] -- Installing: /home/facuvulcano/workspace/install/turtlebot3_custom_simulation/share/turtlebot3_custom_simulation/worlds/Walls
[6.627s] -- Installing: /home/facuvulcano/workspace/install/turtlebot3_custom_simulation/share/turtlebot3_custom_simulation/worlds/Walls/model.config
[6.628s] -- Installing: /home/facuvulcano/workspace/install/turtlebot3_custom_simulation/share/turtlebot3_custom_simulation/worlds/Walls/model.sdf
[6.628s] -- Installing: /home/facuvulcano/workspace/install/turtlebot3_custom_simulation/share/turtlebot3_custom_simulation/worlds/map
[6.628s] -- Installing: /home/facuvulcano/workspace/install/turtlebot3_custom_simulation/share/turtlebot3_custom_simulation/worlds/map/map.pgm
[6.628s] -- Installing: /home/facuvulcano/workspace/install/turtlebot3_custom_simulation/share/turtlebot3_custom_simulation/worlds/map/map.yaml
[6.628s] -- Installing: /home/facuvulcano/workspace/install/turtlebot3_custom_simulation/share/turtlebot3_custom_simulation/worlds/slippery.world
[6.628s] -- Installing: /home/facuvulcano/workspace/install/turtlebot3_custom_simulation/share/turtlebot3_custom_simulation/worlds/room.world
[6.628s] -- Installing: /home/facuvulcano/workspace/install/turtlebot3_custom_simulation/include/
[6.628s] -- Installing: /home/facuvulcano/workspace/install/turtlebot3_custom_simulation/include//turtlebot3_custom_simulation
[6.628s] -- Installing: /home/facuvulcano/workspace/install/turtlebot3_custom_simulation/include//turtlebot3_custom_simulation/turtlebot3_custom_simulation.hpp
[6.628s] -- Installing: /home/facuvulcano/workspace/install/turtlebot3_custom_simulation/share/ament_index/resource_index/package_run_dependencies/turtlebot3_custom_simulation
[6.628s] -- Installing: /home/facuvulcano/workspace/install/turtlebot3_custom_simulation/share/ament_index/resource_index/parent_prefix_path/turtlebot3_custom_simulation
[6.628s] -- Installing: /home/facuvulcano/workspace/install/turtlebot3_custom_simulation/share/turtlebot3_custom_simulation/environment/ament_prefix_path.sh
[6.628s] -- Installing: /home/facuvulcano/workspace/install/turtlebot3_custom_simulation/share/turtlebot3_custom_simulation/environment/ament_prefix_path.dsv
[6.628s] -- Installing: /home/facuvulcano/workspace/install/turtlebot3_custom_simulation/share/turtlebot3_custom_simulation/environment/path.sh
[6.628s] -- Installing: /home/facuvulcano/workspace/install/turtlebot3_custom_simulation/share/turtlebot3_custom_simulation/environment/path.dsv
[6.628s] -- Installing: /home/facuvulcano/workspace/install/turtlebot3_custom_simulation/share/turtlebot3_custom_simulation/local_setup.bash
[6.628s] -- Installing: /home/facuvulcano/workspace/install/turtlebot3_custom_simulation/share/turtlebot3_custom_simulation/local_setup.sh
[6.628s] -- Installing: /home/facuvulcano/workspace/install/turtlebot3_custom_simulation/share/turtlebot3_custom_simulation/local_setup.zsh
[6.628s] -- Installing: /home/facuvulcano/workspace/install/turtlebot3_custom_simulation/share/turtlebot3_custom_simulation/local_setup.dsv
[6.628s] -- Installing: /home/facuvulcano/workspace/install/turtlebot3_custom_simulation/share/turtlebot3_custom_simulation/package.dsv
[6.629s] -- Installing: /home/facuvulcano/workspace/install/turtlebot3_custom_simulation/share/ament_index/resource_index/packages/turtlebot3_custom_simulation
[6.629s] -- Installing: /home/facuvulcano/workspace/install/turtlebot3_custom_simulation/share/turtlebot3_custom_simulation/cmake/ament_cmake_export_include_directories-extras.cmake
[6.629s] -- Installing: /home/facuvulcano/workspace/install/turtlebot3_custom_simulation/share/turtlebot3_custom_simulation/cmake/ament_cmake_export_dependencies-extras.cmake
[6.629s] -- Installing: /home/facuvulcano/workspace/install/turtlebot3_custom_simulation/share/turtlebot3_custom_simulation/cmake/turtlebot3_custom_simulationConfig.cmake
[6.629s] -- Installing: /home/facuvulcano/workspace/install/turtlebot3_custom_simulation/share/turtlebot3_custom_simulation/cmake/turtlebot3_custom_simulationConfig-version.cmake
[6.629s] -- Installing: /home/facuvulcano/workspace/install/turtlebot3_custom_simulation/share/turtlebot3_custom_simulation/package.xml
[6.630s] Invoked command in '/home/facuvulcano/workspace/build/turtlebot3_custom_simulation' returned '0': CONDA_PROMPT_MODIFIER=(rosenv) DEBUGINFOD_URLS=https://debuginfod.ubuntu.com /home/facuvulcano/miniconda3/envs/rosenv/bin/cmake --install /home/facuvulcano/workspace/build/turtlebot3_custom_simulation
