[0.113s] colcon DEBUG Command line arguments: ['/home/facuvulcano/miniconda3/envs/rosenv/bin/colcon', 'build', '--packages-select', 'custom_msgs', 'custom_code']
[0.113s] colcon DEBUG Parsed command line arguments: Namespace(log_base=None, log_level=None, verb_name='build', build_base='build', install_base='install', merge_install=False, symlink_install=False, test_result_base=None, continue_on_error=False, executor='parallel', parallel_workers=32, event_handlers=None, ignore_user_meta=False, metas=['./colcon.meta'], base_paths=['.'], packages_ignore=None, packages_ignore_regex=None, paths=None, packages_up_to=None, packages_up_to_regex=None, packages_above=None, packages_above_and_dependencies=None, packages_above_depth=None, packages_select_by_dep=None, packages_skip_by_dep=None, packages_skip_up_to=None, packages_select_build_failed=False, packages_skip_build_finished=False, packages_select_test_failures=False, packages_skip_test_passed=False, packages_select=['custom_msgs', 'custom_code'], packages_skip=None, packages_select_regex=None, packages_skip_regex=None, packages_start=None, packages_end=None, cmake_args=None, cmake_target=None, cmake_target_skip_unavailable=False, cmake_clean_cache=False, cmake_clean_first=False, cmake_force_configure=False, ament_cmake_args=None, catkin_cmake_args=None, catkin_skip_building_tests=False, verb_parser=<colcon_defaults.argument_parser.defaults.DefaultArgumentsDecorator object at 0x7ff46aec5310>, verb_extension=<colcon_core.verb.build.BuildVerb object at 0x7ff46ad4cfd0>, main=<bound method BuildVerb.main of <colcon_core.verb.build.BuildVerb object at 0x7ff46ad4cfd0>>)
[0.142s] colcon.colcon_core.package_discovery Level 1 discover_packages(colcon_meta) check parameters
[0.142s] colcon.colcon_core.package_discovery Level 1 discover_packages(recursive) check parameters
[0.142s] colcon.colcon_core.package_discovery Level 1 discover_packages(ignore) check parameters
[0.142s] colcon.colcon_core.package_discovery Level 1 discover_packages(path) check parameters
[0.142s] colcon.colcon_core.package_discovery Level 1 discover_packages(colcon_meta) discover
[0.142s] colcon.colcon_core.package_discovery Level 1 discover_packages(recursive) discover
[0.142s] colcon.colcon_core.package_discovery INFO Crawling recursively for packages in '/home/facuvulcano/workspace'
[0.142s] colcon.colcon_core.package_identification Level 1 _identify(.) by extensions ['ignore', 'ignore_ament_install']
[0.142s] colcon.colcon_core.package_identification Level 1 _identify(.) by extension 'ignore'
[0.142s] colcon.colcon_core.package_identification Level 1 _identify(.) by extension 'ignore_ament_install'
[0.142s] colcon.colcon_core.package_identification Level 1 _identify(.) by extensions ['colcon_pkg']
[0.142s] colcon.colcon_core.package_identification Level 1 _identify(.) by extension 'colcon_pkg'
[0.142s] colcon.colcon_core.package_identification Level 1 _identify(.) by extensions ['colcon_meta']
[0.142s] colcon.colcon_core.package_identification Level 1 _identify(.) by extension 'colcon_meta'
[0.142s] colcon.colcon_core.package_identification Level 1 _identify(.) by extensions ['ros']
[0.142s] colcon.colcon_core.package_identification Level 1 _identify(.) by extension 'ros'
[0.165s] colcon.colcon_core.package_identification Level 1 _identify(.) by extensions ['cmake', 'python']
[0.165s] colcon.colcon_core.package_identification Level 1 _identify(.) by extension 'cmake'
[0.165s] colcon.colcon_core.package_identification Level 1 _identify(.) by extension 'python'
[0.165s] colcon.colcon_core.package_identification Level 1 _identify(.) by extensions ['python_setup_py']
[0.165s] colcon.colcon_core.package_identification Level 1 _identify(.) by extension 'python_setup_py'
[0.165s] colcon.colcon_core.package_identification Level 1 _identify(build) by extensions ['ignore', 'ignore_ament_install']
[0.165s] colcon.colcon_core.package_identification Level 1 _identify(build) by extension 'ignore'
[0.165s] colcon.colcon_core.package_identification Level 1 _identify(build) ignored
[0.165s] colcon.colcon_core.package_identification Level 1 _identify(install) by extensions ['ignore', 'ignore_ament_install']
[0.165s] colcon.colcon_core.package_identification Level 1 _identify(install) by extension 'ignore'
[0.165s] colcon.colcon_core.package_identification Level 1 _identify(install) ignored
[0.165s] colcon.colcon_core.package_identification Level 1 _identify(log) by extensions ['ignore', 'ignore_ament_install']
[0.165s] colcon.colcon_core.package_identification Level 1 _identify(log) by extension 'ignore'
[0.165s] colcon.colcon_core.package_identification Level 1 _identify(log) ignored
[0.165s] colcon.colcon_core.package_identification Level 1 _identify(src) by extensions ['ignore', 'ignore_ament_install']
[0.165s] colcon.colcon_core.package_identification Level 1 _identify(src) by extension 'ignore'
[0.166s] colcon.colcon_core.package_identification Level 1 _identify(src) by extension 'ignore_ament_install'
[0.166s] colcon.colcon_core.package_identification Level 1 _identify(src) by extensions ['colcon_pkg']
[0.166s] colcon.colcon_core.package_identification Level 1 _identify(src) by extension 'colcon_pkg'
[0.166s] colcon.colcon_core.package_identification Level 1 _identify(src) by extensions ['colcon_meta']
[0.166s] colcon.colcon_core.package_identification Level 1 _identify(src) by extension 'colcon_meta'
[0.166s] colcon.colcon_core.package_identification Level 1 _identify(src) by extensions ['ros']
[0.166s] colcon.colcon_core.package_identification Level 1 _identify(src) by extension 'ros'
[0.166s] colcon.colcon_core.package_identification Level 1 _identify(src) by extensions ['cmake', 'python']
[0.166s] colcon.colcon_core.package_identification Level 1 _identify(src) by extension 'cmake'
[0.166s] colcon.colcon_core.package_identification Level 1 _identify(src) by extension 'python'
[0.166s] colcon.colcon_core.package_identification Level 1 _identify(src) by extensions ['python_setup_py']
[0.166s] colcon.colcon_core.package_identification Level 1 _identify(src) by extension 'python_setup_py'
[0.166s] colcon.colcon_core.package_identification Level 1 _identify(src/custom_code) by extensions ['ignore', 'ignore_ament_install']
[0.166s] colcon.colcon_core.package_identification Level 1 _identify(src/custom_code) by extension 'ignore'
[0.166s] colcon.colcon_core.package_identification Level 1 _identify(src/custom_code) by extension 'ignore_ament_install'
[0.166s] colcon.colcon_core.package_identification Level 1 _identify(src/custom_code) by extensions ['colcon_pkg']
[0.166s] colcon.colcon_core.package_identification Level 1 _identify(src/custom_code) by extension 'colcon_pkg'
[0.166s] colcon.colcon_core.package_identification Level 1 _identify(src/custom_code) by extensions ['colcon_meta']
[0.166s] colcon.colcon_core.package_identification Level 1 _identify(src/custom_code) by extension 'colcon_meta'
[0.166s] colcon.colcon_core.package_identification Level 1 _identify(src/custom_code) by extensions ['ros']
[0.166s] colcon.colcon_core.package_identification Level 1 _identify(src/custom_code) by extension 'ros'
[0.169s] colcon.colcon_core.package_identification DEBUG Package 'src/custom_code' with type 'ros.ament_python' and name 'custom_code'
[0.169s] colcon.colcon_core.package_identification Level 1 _identify(src/custom_msgs) by extensions ['ignore', 'ignore_ament_install']
[0.169s] colcon.colcon_core.package_identification Level 1 _identify(src/custom_msgs) by extension 'ignore'
[0.169s] colcon.colcon_core.package_identification Level 1 _identify(src/custom_msgs) by extension 'ignore_ament_install'
[0.169s] colcon.colcon_core.package_identification Level 1 _identify(src/custom_msgs) by extensions ['colcon_pkg']
[0.169s] colcon.colcon_core.package_identification Level 1 _identify(src/custom_msgs) by extension 'colcon_pkg'
[0.169s] colcon.colcon_core.package_identification Level 1 _identify(src/custom_msgs) by extensions ['colcon_meta']
[0.169s] colcon.colcon_core.package_identification Level 1 _identify(src/custom_msgs) by extension 'colcon_meta'
[0.169s] colcon.colcon_core.package_identification Level 1 _identify(src/custom_msgs) by extensions ['ros']
[0.169s] colcon.colcon_core.package_identification Level 1 _identify(src/custom_msgs) by extension 'ros'
[0.170s] colcon.colcon_core.package_identification DEBUG Package 'src/custom_msgs' with type 'ros.ament_cmake' and name 'custom_msgs'
[0.170s] colcon.colcon_core.package_identification Level 1 _identify(src/turtlebot3_custom_simulation) by extensions ['ignore', 'ignore_ament_install']
[0.170s] colcon.colcon_core.package_identification Level 1 _identify(src/turtlebot3_custom_simulation) by extension 'ignore'
[0.170s] colcon.colcon_core.package_identification Level 1 _identify(src/turtlebot3_custom_simulation) by extension 'ignore_ament_install'
[0.170s] colcon.colcon_core.package_identification Level 1 _identify(src/turtlebot3_custom_simulation) by extensions ['colcon_pkg']
[0.170s] colcon.colcon_core.package_identification Level 1 _identify(src/turtlebot3_custom_simulation) by extension 'colcon_pkg'
[0.170s] colcon.colcon_core.package_identification Level 1 _identify(src/turtlebot3_custom_simulation) by extensions ['colcon_meta']
[0.170s] colcon.colcon_core.package_identification Level 1 _identify(src/turtlebot3_custom_simulation) by extension 'colcon_meta'
[0.170s] colcon.colcon_core.package_identification Level 1 _identify(src/turtlebot3_custom_simulation) by extensions ['ros']
[0.170s] colcon.colcon_core.package_identification Level 1 _identify(src/turtlebot3_custom_simulation) by extension 'ros'
[0.171s] colcon.colcon_core.package_identification DEBUG Package 'src/turtlebot3_custom_simulation' with type 'ros.ament_cmake' and name 'turtlebot3_custom_simulation'
[0.171s] colcon.colcon_core.package_identification Level 1 _identify(src/turtlebot3_obstacle_avoidance) by extensions ['ignore', 'ignore_ament_install']
[0.171s] colcon.colcon_core.package_identification Level 1 _identify(src/turtlebot3_obstacle_avoidance) by extension 'ignore'
[0.171s] colcon.colcon_core.package_identification Level 1 _identify(src/turtlebot3_obstacle_avoidance) by extension 'ignore_ament_install'
[0.171s] colcon.colcon_core.package_identification Level 1 _identify(src/turtlebot3_obstacle_avoidance) by extensions ['colcon_pkg']
[0.171s] colcon.colcon_core.package_identification Level 1 _identify(src/turtlebot3_obstacle_avoidance) by extension 'colcon_pkg'
[0.171s] colcon.colcon_core.package_identification Level 1 _identify(src/turtlebot3_obstacle_avoidance) by extensions ['colcon_meta']
[0.171s] colcon.colcon_core.package_identification Level 1 _identify(src/turtlebot3_obstacle_avoidance) by extension 'colcon_meta'
[0.171s] colcon.colcon_core.package_identification Level 1 _identify(src/turtlebot3_obstacle_avoidance) by extensions ['ros']
[0.171s] colcon.colcon_core.package_identification Level 1 _identify(src/turtlebot3_obstacle_avoidance) by extension 'ros'
[0.172s] colcon.colcon_core.package_identification DEBUG Package 'src/turtlebot3_obstacle_avoidance' with type 'ros.ament_python' and name 'turtlebot3_obstacle_avoidance'
[0.172s] colcon.colcon_core.package_discovery Level 1 discover_packages(recursive) using defaults
[0.172s] colcon.colcon_core.package_discovery Level 1 discover_packages(ignore) discover
[0.172s] colcon.colcon_core.package_discovery Level 1 discover_packages(ignore) using defaults
[0.172s] colcon.colcon_core.package_discovery Level 1 discover_packages(path) discover
[0.172s] colcon.colcon_core.package_discovery Level 1 discover_packages(path) using defaults
[0.185s] colcon.colcon_core.package_selection INFO Skipping not selected package 'turtlebot3_custom_simulation' in 'src/turtlebot3_custom_simulation'
[0.185s] colcon.colcon_core.package_selection INFO Skipping not selected package 'turtlebot3_obstacle_avoidance' in 'src/turtlebot3_obstacle_avoidance'
[0.185s] colcon.colcon_core.verb Level 5 set package 'custom_msgs' build argument 'cmake_args' from command line to 'None'
[0.185s] colcon.colcon_core.verb Level 5 set package 'custom_msgs' build argument 'cmake_target' from command line to 'None'
[0.185s] colcon.colcon_core.verb Level 5 set package 'custom_msgs' build argument 'cmake_target_skip_unavailable' from command line to 'False'
[0.185s] colcon.colcon_core.verb Level 5 set package 'custom_msgs' build argument 'cmake_clean_cache' from command line to 'False'
[0.185s] colcon.colcon_core.verb Level 5 set package 'custom_msgs' build argument 'cmake_clean_first' from command line to 'False'
[0.185s] colcon.colcon_core.verb Level 5 set package 'custom_msgs' build argument 'cmake_force_configure' from command line to 'False'
[0.186s] colcon.colcon_core.verb Level 5 set package 'custom_msgs' build argument 'ament_cmake_args' from command line to 'None'
[0.186s] colcon.colcon_core.verb Level 5 set package 'custom_msgs' build argument 'catkin_cmake_args' from command line to 'None'
[0.186s] colcon.colcon_core.verb Level 5 set package 'custom_msgs' build argument 'catkin_skip_building_tests' from command line to 'False'
[0.186s] colcon.colcon_core.verb DEBUG Building package 'custom_msgs' with the following arguments: {'ament_cmake_args': None, 'build_base': '/home/facuvulcano/workspace/build/custom_msgs', 'catkin_cmake_args': None, 'catkin_skip_building_tests': False, 'cmake_args': None, 'cmake_clean_cache': False, 'cmake_clean_first': False, 'cmake_force_configure': False, 'cmake_target': None, 'cmake_target_skip_unavailable': False, 'install_base': '/home/facuvulcano/workspace/install/custom_msgs', 'merge_install': False, 'path': '/home/facuvulcano/workspace/src/custom_msgs', 'symlink_install': False, 'test_result_base': None}
[0.186s] colcon.colcon_core.verb Level 5 set package 'custom_code' build argument 'cmake_args' from command line to 'None'
[0.186s] colcon.colcon_core.verb Level 5 set package 'custom_code' build argument 'cmake_target' from command line to 'None'
[0.186s] colcon.colcon_core.verb Level 5 set package 'custom_code' build argument 'cmake_target_skip_unavailable' from command line to 'False'
[0.186s] colcon.colcon_core.verb Level 5 set package 'custom_code' build argument 'cmake_clean_cache' from command line to 'False'
[0.186s] colcon.colcon_core.verb Level 5 set package 'custom_code' build argument 'cmake_clean_first' from command line to 'False'
[0.186s] colcon.colcon_core.verb Level 5 set package 'custom_code' build argument 'cmake_force_configure' from command line to 'False'
[0.186s] colcon.colcon_core.verb Level 5 set package 'custom_code' build argument 'ament_cmake_args' from command line to 'None'
[0.186s] colcon.colcon_core.verb Level 5 set package 'custom_code' build argument 'catkin_cmake_args' from command line to 'None'
[0.186s] colcon.colcon_core.verb Level 5 set package 'custom_code' build argument 'catkin_skip_building_tests' from command line to 'False'
[0.186s] colcon.colcon_core.verb DEBUG Building package 'custom_code' with the following arguments: {'ament_cmake_args': None, 'build_base': '/home/facuvulcano/workspace/build/custom_code', 'catkin_cmake_args': None, 'catkin_skip_building_tests': False, 'cmake_args': None, 'cmake_clean_cache': False, 'cmake_clean_first': False, 'cmake_force_configure': False, 'cmake_target': None, 'cmake_target_skip_unavailable': False, 'install_base': '/home/facuvulcano/workspace/install/custom_code', 'merge_install': False, 'path': '/home/facuvulcano/workspace/src/custom_code', 'symlink_install': False, 'test_result_base': None}
[0.186s] colcon.colcon_core.executor INFO Executing jobs using 'parallel' executor
[0.187s] colcon.colcon_parallel_executor.executor.parallel DEBUG run_until_complete
[0.187s] colcon.colcon_ros.task.ament_cmake.build INFO Building ROS package in '/home/facuvulcano/workspace/src/custom_msgs' with build type 'ament_cmake'
[0.187s] colcon.colcon_cmake.task.cmake.build INFO Building CMake package in '/home/facuvulcano/workspace/src/custom_msgs'
[0.189s] colcon.colcon_core.plugin_system INFO Skipping extension 'colcon_core.shell.bat': Not used on non-Windows systems
[0.189s] colcon.colcon_core.shell INFO Skip shell extension 'powershell' for command environment: Not usable outside of PowerShell
[0.189s] colcon.colcon_core.shell DEBUG Skip shell extension 'dsv' for command environment
[0.197s] colcon.colcon_core.event_handler.log_command DEBUG Invoking command in '/home/facuvulcano/workspace/build/custom_msgs': CONDA_PROMPT_MODIFIER=(rosenv) DEBUGINFOD_URLS=https://debuginfod.ubuntu.com /home/facuvulcano/miniconda3/envs/rosenv/bin/cmake /home/facuvulcano/workspace/src/custom_msgs -DCMAKE_INSTALL_PREFIX=/home/facuvulcano/workspace/install/custom_msgs
[3.134s] colcon.colcon_core.event_handler.log_command DEBUG Invoked command in '/home/facuvulcano/workspace/build/custom_msgs' returned '1': CONDA_PROMPT_MODIFIER=(rosenv) DEBUGINFOD_URLS=https://debuginfod.ubuntu.com /home/facuvulcano/miniconda3/envs/rosenv/bin/cmake /home/facuvulcano/workspace/src/custom_msgs -DCMAKE_INSTALL_PREFIX=/home/facuvulcano/workspace/install/custom_msgs
[30.214s] colcon.colcon_core.environment Level 1 create_environment_scripts_only(custom_msgs)
[30.217s] colcon.colcon_core.environment Level 1 checking '/home/facuvulcano/workspace/install/custom_msgs' for CMake module files
[30.218s] colcon.colcon_core.environment Level 1 checking '/home/facuvulcano/workspace/install/custom_msgs' for CMake config files
[30.219s] colcon.colcon_core.shell Level 1 create_environment_hook('custom_msgs', 'cmake_prefix_path')
[30.219s] colcon.colcon_core.shell INFO Creating environment hook '/home/facuvulcano/workspace/install/custom_msgs/share/custom_msgs/hook/cmake_prefix_path.ps1'
[30.220s] colcon.colcon_core.shell INFO Creating environment descriptor '/home/facuvulcano/workspace/install/custom_msgs/share/custom_msgs/hook/cmake_prefix_path.dsv'
[30.221s] colcon.colcon_core.shell INFO Creating environment hook '/home/facuvulcano/workspace/install/custom_msgs/share/custom_msgs/hook/cmake_prefix_path.sh'
[30.222s] colcon.colcon_core.environment Level 1 checking '/home/facuvulcano/workspace/install/custom_msgs/lib'
[30.222s] colcon.colcon_core.shell Level 1 create_environment_hook('custom_msgs', 'ld_library_path_lib')
[30.222s] colcon.colcon_core.shell INFO Creating environment hook '/home/facuvulcano/workspace/install/custom_msgs/share/custom_msgs/hook/ld_library_path_lib.ps1'
[30.223s] colcon.colcon_core.shell INFO Creating environment descriptor '/home/facuvulcano/workspace/install/custom_msgs/share/custom_msgs/hook/ld_library_path_lib.dsv'
[30.223s] colcon.colcon_core.shell INFO Creating environment hook '/home/facuvulcano/workspace/install/custom_msgs/share/custom_msgs/hook/ld_library_path_lib.sh'
[30.223s] colcon.colcon_core.environment Level 1 checking '/home/facuvulcano/workspace/install/custom_msgs/bin'
[30.224s] colcon.colcon_core.environment Level 1 checking '/home/facuvulcano/workspace/install/custom_msgs/lib/pkgconfig/custom_msgs.pc'
[30.225s] colcon.colcon_core.environment Level 1 checking '/home/facuvulcano/workspace/install/custom_msgs/lib/python3.11/site-packages'
[30.226s] colcon.colcon_core.environment Level 1 checking '/home/facuvulcano/workspace/install/custom_msgs/bin'
[30.226s] colcon.colcon_core.shell INFO Creating package script '/home/facuvulcano/workspace/install/custom_msgs/share/custom_msgs/package.ps1'
[30.227s] colcon.colcon_core.shell INFO Creating package descriptor '/home/facuvulcano/workspace/install/custom_msgs/share/custom_msgs/package.dsv'
[30.228s] colcon.colcon_core.shell INFO Creating package script '/home/facuvulcano/workspace/install/custom_msgs/share/custom_msgs/package.sh'
[30.229s] colcon.colcon_core.shell INFO Creating package script '/home/facuvulcano/workspace/install/custom_msgs/share/custom_msgs/package.bash'
[30.229s] colcon.colcon_core.shell INFO Creating package script '/home/facuvulcano/workspace/install/custom_msgs/share/custom_msgs/package.zsh'
[30.230s] colcon.colcon_core.environment Level 1 create_file_with_runtime_dependencies(/home/facuvulcano/workspace/install/custom_msgs/share/colcon-core/packages/custom_msgs)
[30.241s] colcon.colcon_parallel_executor.executor.parallel DEBUG closing loop
[30.241s] colcon.colcon_parallel_executor.executor.parallel DEBUG loop closed
[30.241s] colcon.colcon_parallel_executor.executor.parallel DEBUG run_until_complete finished with '1'
[30.241s] colcon.colcon_core.event_reactor DEBUG joining thread
[30.242s] colcon.colcon_core.event_reactor DEBUG joined thread
[30.242s] colcon.colcon_core.shell INFO Creating prefix script '/home/facuvulcano/workspace/install/local_setup.ps1'
[30.243s] colcon.colcon_core.shell INFO Creating prefix util module '/home/facuvulcano/workspace/install/_local_setup_util_ps1.py'
[30.245s] colcon.colcon_core.shell INFO Creating prefix chain script '/home/facuvulcano/workspace/install/setup.ps1'
[30.246s] colcon.colcon_core.shell INFO Creating prefix script '/home/facuvulcano/workspace/install/local_setup.sh'
[30.246s] colcon.colcon_core.shell INFO Creating prefix util module '/home/facuvulcano/workspace/install/_local_setup_util_sh.py'
[30.247s] colcon.colcon_core.shell INFO Creating prefix chain script '/home/facuvulcano/workspace/install/setup.sh'
[30.248s] colcon.colcon_core.shell INFO Creating prefix script '/home/facuvulcano/workspace/install/local_setup.bash'
[30.249s] colcon.colcon_core.shell INFO Creating prefix chain script '/home/facuvulcano/workspace/install/setup.bash'
[30.250s] colcon.colcon_core.shell INFO Creating prefix script '/home/facuvulcano/workspace/install/local_setup.zsh'
[30.251s] colcon.colcon_core.shell INFO Creating prefix chain script '/home/facuvulcano/workspace/install/setup.zsh'
