[100%] Built target turtlebot3_custom_simulation
-- Install configuration: ""
-- Installing: /home/facuvulcano/workspace/install/turtlebot3_custom_simulation/lib/turtlebot3_custom_simulation/turtlebot3_custom_simulation
-- Up-to-date: /home/facuvulcano/workspace/install/turtlebot3_custom_simulation/share/turtlebot3_custom_simulation/launch
-- Up-to-date: /home/facuvulcano/workspace/install/turtlebot3_custom_simulation/share/turtlebot3_custom_simulation/launch/custom_room.launch.py
-- Up-to-date: /home/facuvulcano/workspace/install/turtlebot3_custom_simulation/share/turtlebot3_custom_simulation/launch/custom_simulation.launch.py
-- Up-to-date: /home/facuvulcano/workspace/install/turtlebot3_custom_simulation/share/turtlebot3_custom_simulation/param
-- Up-to-date: /home/facuvulcano/workspace/install/turtlebot3_custom_simulation/share/turtlebot3_custom_simulation/param/burger.yaml
-- Up-to-date: /home/facuvulcano/workspace/install/turtlebot3_custom_simulation/share/turtlebot3_custom_simulation/worlds
-- Up-to-date: /home/facuvulcano/workspace/install/turtlebot3_custom_simulation/share/turtlebot3_custom_simulation/worlds/Walls
-- Up-to-date: /home/facuvulcano/workspace/install/turtlebot3_custom_simulation/share/turtlebot3_custom_simulation/worlds/Walls/model.config
-- Up-to-date: /home/facuvulcano/workspace/install/turtlebot3_custom_simulation/share/turtlebot3_custom_simulation/worlds/Walls/model.sdf
-- Up-to-date: /home/facuvulcano/workspace/install/turtlebot3_custom_simulation/share/turtlebot3_custom_simulation/worlds/map
-- Up-to-date: /home/facuvulcano/workspace/install/turtlebot3_custom_simulation/share/turtlebot3_custom_simulation/worlds/map/map.pgm
-- Up-to-date: /home/facuvulcano/workspace/install/turtlebot3_custom_simulation/share/turtlebot3_custom_simulation/worlds/map/map.yaml
-- Up-to-date: /home/facuvulcano/workspace/install/turtlebot3_custom_simulation/share/turtlebot3_custom_simulation/worlds/slippery.world
-- Up-to-date: /home/facuvulcano/workspace/install/turtlebot3_custom_simulation/share/turtlebot3_custom_simulation/worlds/room.world
-- Up-to-date: /home/facuvulcano/workspace/install/turtlebot3_custom_simulation/include/
-- Up-to-date: /home/facuvulcano/workspace/install/turtlebot3_custom_simulation/include//turtlebot3_custom_simulation
-- Up-to-date: /home/facuvulcano/workspace/install/turtlebot3_custom_simulation/include//turtlebot3_custom_simulation/turtlebot3_custom_simulation.hpp
-- Up-to-date: /home/facuvulcano/workspace/install/turtlebot3_custom_simulation/lib/turtlebot3_custom_simulation/spawn_turtlebot3.py
-- Up-to-date: /home/facuvulcano/workspace/install/turtlebot3_custom_simulation/share/ament_index/resource_index/package_run_dependencies/turtlebot3_custom_simulation
-- Up-to-date: /home/facuvulcano/workspace/install/turtlebot3_custom_simulation/share/ament_index/resource_index/parent_prefix_path/turtlebot3_custom_simulation
-- Up-to-date: /home/facuvulcano/workspace/install/turtlebot3_custom_simulation/share/turtlebot3_custom_simulation/environment/ament_prefix_path.sh
-- Up-to-date: /home/facuvulcano/workspace/install/turtlebot3_custom_simulation/share/turtlebot3_custom_simulation/environment/ament_prefix_path.dsv
-- Up-to-date: /home/facuvulcano/workspace/install/turtlebot3_custom_simulation/share/turtlebot3_custom_simulation/environment/path.sh
-- Up-to-date: /home/facuvulcano/workspace/install/turtlebot3_custom_simulation/share/turtlebot3_custom_simulation/environment/path.dsv
-- Up-to-date: /home/facuvulcano/workspace/install/turtlebot3_custom_simulation/share/turtlebot3_custom_simulation/local_setup.bash
-- Up-to-date: /home/facuvulcano/workspace/install/turtlebot3_custom_simulation/share/turtlebot3_custom_simulation/local_setup.sh
-- Up-to-date: /home/facuvulcano/workspace/install/turtlebot3_custom_simulation/share/turtlebot3_custom_simulation/local_setup.zsh
-- Up-to-date: /home/facuvulcano/workspace/install/turtlebot3_custom_simulation/share/turtlebot3_custom_simulation/local_setup.dsv
-- Up-to-date: /home/facuvulcano/workspace/install/turtlebot3_custom_simulation/share/turtlebot3_custom_simulation/package.dsv
-- Up-to-date: /home/facuvulcano/workspace/install/turtlebot3_custom_simulation/share/ament_index/resource_index/packages/turtlebot3_custom_simulation
-- Up-to-date: /home/facuvulcano/workspace/install/turtlebot3_custom_simulation/share/turtlebot3_custom_simulation/cmake/ament_cmake_export_include_directories-extras.cmake
-- Up-to-date: /home/facuvulcano/workspace/install/turtlebot3_custom_simulation/share/turtlebot3_custom_simulation/cmake/ament_cmake_export_dependencies-extras.cmake
-- Up-to-date: /home/facuvulcano/workspace/install/turtlebot3_custom_simulation/share/turtlebot3_custom_simulation/cmake/turtlebot3_custom_simulationConfig.cmake
-- Up-to-date: /home/facuvulcano/workspace/install/turtlebot3_custom_simulation/share/turtlebot3_custom_simulation/cmake/turtlebot3_custom_simulationConfig-version.cmake
-- Up-to-date: /home/facuvulcano/workspace/install/turtlebot3_custom_simulation/share/turtlebot3_custom_simulation/package.xml
