-- Found ament_cmake: 1.3.7 (/home/facuvulcano/miniconda3/envs/rosenv/share/ament_cmake/cmake)
-- Found geometry_msgs: 4.2.3 (/home/facuvulcano/miniconda3/envs/rosenv/share/geometry_msgs/cmake)
-- Found rosidl_generator_c: 3.1.5 (/home/facuvulcano/miniconda3/envs/rosenv/share/rosidl_generator_c/cmake)
-- Found rosidl_adapter: 3.1.5 (/home/facuvulcano/miniconda3/envs/rosenv/share/rosidl_adapter/cmake)
-- Found rosidl_generator_cpp: 3.1.5 (/home/facuvulcano/miniconda3/envs/rosenv/share/rosidl_generator_cpp/cmake)
-- Using all available rosidl_typesupport_c: rosidl_typesupport_fastrtps_c;rosidl_typesupport_introspection_c
-- Using all available rosidl_typesupport_cpp: rosidl_typesupport_fastrtps_cpp;rosidl_typesupport_introspection_cpp
-- Found rosidl_default_generators: 1.2.0 (/home/facuvulcano/miniconda3/envs/rosenv/share/rosidl_default_generators/cmake)
-- Found Python3: /home/facuvulcano/miniconda3/envs/rosenv/include/python3.11 (found version "3.11.8") found components: Development NumPy Interpreter Development.Module Development.Embed 
-- Found ament_lint_auto: 0.12.10 (/home/facuvulcano/miniconda3/envs/rosenv/share/ament_lint_auto/cmake)
-- Found Python3: /home/facuvulcano/miniconda3/envs/rosenv/bin/python3 (found version "3.11.8") found components: Interpreter 
-- Found ament_cmake_ros: 0.10.0 (/home/facuvulcano/miniconda3/envs/rosenv/share/ament_cmake_ros/cmake)
-- Using all available rosidl_typesupport_c: rosidl_typesupport_fastrtps_c;rosidl_typesupport_introspection_c
-- Using all available rosidl_typesupport_cpp: rosidl_typesupport_fastrtps_cpp;rosidl_typesupport_introspection_cpp
-- Found PythonInterp: /home/facuvulcano/miniconda3/envs/rosenv/bin/python3 (found suitable version "3.11.8", minimum required is "3.6") 
-- Found python_cmake_module: 0.10.0 (/home/facuvulcano/miniconda3/envs/rosenv/share/python_cmake_module/cmake)
-- Found PythonLibs: /home/facuvulcano/miniconda3/envs/rosenv/lib/libpython3.11.so (found suitable version "3.11.8", minimum required is "3.5") 
-- Using PYTHON_EXECUTABLE: /home/facuvulcano/miniconda3/envs/rosenv/bin/python3
-- Using PYTHON_INCLUDE_DIRS: /home/facuvulcano/miniconda3/envs/rosenv/include/python3.11
-- Using PYTHON_LIBRARIES: /home/facuvulcano/miniconda3/envs/rosenv/lib/libpython3.11.so
-- Found PythonExtra: .so  
-- Found Python3: /home/facuvulcano/miniconda3/envs/rosenv/include/python3.11 (found version "3.11.8") found components: Development NumPy Interpreter Development.Module Development.Embed 
-- Added test 'lint_cmake' to check CMake code style
-- Added test 'xmllint' to check XML markup files
-- Configuring done (1.1s)
-- Generating done (0.0s)
-- Build files have been written to: /home/facuvulcano/workspace/build/custom_msgs
