[0.016s] Invoking command in '/home/facuvulcano/workspace/build/custom_msgs': CONDA_PROMPT_MODIFIER=(rosenv) DEBUGINFOD_URLS=https://debuginfod.ubuntu.com /home/facuvulcano/miniconda3/envs/rosenv/bin/cmake /home/facuvulcano/workspace/src/custom_msgs -DCMAKE_INSTALL_PREFIX=/home/facuvulcano/workspace/install/custom_msgs
[0.028s] -- Found ament_cmake: 1.3.7 (/home/facuvulcano/miniconda3/envs/rosenv/share/ament_cmake/cmake)
[0.113s] -- Found geometry_msgs: 4.2.3 (/home/facuvulcano/miniconda3/envs/rosenv/share/geometry_msgs/cmake)
[0.134s] -- Found rosidl_generator_c: 3.1.5 (/home/facuvulcano/miniconda3/envs/rosenv/share/rosidl_generator_c/cmake)
[0.136s] -- Found rosidl_adapter: 3.1.5 (/home/facuvulcano/miniconda3/envs/rosenv/share/rosidl_adapter/cmake)
[0.141s] -- Found rosidl_generator_cpp: 3.1.5 (/home/facuvulcano/miniconda3/envs/rosenv/share/rosidl_generator_cpp/cmake)
[0.150s] -- Using all available rosidl_typesupport_c: rosidl_typesupport_fastrtps_c;rosidl_typesupport_introspection_c
[0.162s] -- Using all available rosidl_typesupport_cpp: rosidl_typesupport_fastrtps_cpp;rosidl_typesupport_introspection_cpp
[0.233s] -- Found rosidl_default_generators: 1.2.0 (/home/facuvulcano/miniconda3/envs/rosenv/share/rosidl_default_generators/cmake)
[0.450s] -- Found Python3: /home/facuvulcano/miniconda3/envs/rosenv/include/python3.11 (found version "3.11.8") found components: Development NumPy Interpreter Development.Module Development.Embed 
[0.455s] -- Found ament_lint_auto: 0.12.10 (/home/facuvulcano/miniconda3/envs/rosenv/share/ament_lint_auto/cmake)
[0.522s] -- Found Python3: /home/facuvulcano/miniconda3/envs/rosenv/bin/python3 (found version "3.11.8") found components: Interpreter 
[0.594s] -- Found ament_cmake_ros: 0.10.0 (/home/facuvulcano/miniconda3/envs/rosenv/share/ament_cmake_ros/cmake)
[0.751s] -- Using all available rosidl_typesupport_c: rosidl_typesupport_fastrtps_c;rosidl_typesupport_introspection_c
[0.812s] -- Using all available rosidl_typesupport_cpp: rosidl_typesupport_fastrtps_cpp;rosidl_typesupport_introspection_cpp
[0.814s] [33mCMake Warning (dev) at /home/facuvulcano/miniconda3/envs/rosenv/share/rosidl_generator_py/cmake/rosidl_generator_py_generate_interfaces.cmake:20 (find_package):
[0.814s]   Policy CMP0148 is not set: The FindPythonInterp and FindPythonLibs modules
[0.814s]   are removed.  Run "cmake --help-policy CMP0148" for policy details.  Use
[0.814s]   the cmake_policy command to set the policy and suppress this warning.
[0.815s] 
[0.815s] Call Stack (most recent call first):
[0.815s]   /home/facuvulcano/miniconda3/envs/rosenv/share/ament_cmake_core/cmake/core/ament_execute_extensions.cmake:48 (include)
[0.815s]   /home/facuvulcano/miniconda3/envs/rosenv/share/rosidl_cmake/cmake/rosidl_generate_interfaces.cmake:286 (ament_execute_extensions)
[0.815s]   CMakeLists.txt:27 (rosidl_generate_interfaces)
[0.815s] This warning is for project developers.  Use -Wno-dev to suppress it.
[0.815s] [0m
[0.823s] -- Found PythonInterp: /home/facuvulcano/miniconda3/envs/rosenv/bin/python3 (found suitable version "3.11.8", minimum required is "3.6") 
[0.824s] -- Found python_cmake_module: 0.10.0 (/home/facuvulcano/miniconda3/envs/rosenv/share/python_cmake_module/cmake)
[0.824s] [33mCMake Warning (dev) at /home/facuvulcano/miniconda3/envs/rosenv/share/python_cmake_module/cmake/Modules/FindPythonExtra.cmake:52 (find_package):
[0.824s]   Policy CMP0148 is not set: The FindPythonInterp and FindPythonLibs modules
[0.824s]   are removed.  Run "cmake --help-policy CMP0148" for policy details.  Use
[0.824s]   the cmake_policy command to set the policy and suppress this warning.
[0.825s] 
[0.825s] Call Stack (most recent call first):
[0.825s]   /home/facuvulcano/miniconda3/envs/rosenv/share/rosidl_generator_py/cmake/rosidl_generator_py_generate_interfaces.cmake:23 (find_package)
[0.825s]   /home/facuvulcano/miniconda3/envs/rosenv/share/ament_cmake_core/cmake/core/ament_execute_extensions.cmake:48 (include)
[0.825s]   /home/facuvulcano/miniconda3/envs/rosenv/share/rosidl_cmake/cmake/rosidl_generate_interfaces.cmake:286 (ament_execute_extensions)
[0.825s]   CMakeLists.txt:27 (rosidl_generate_interfaces)
[0.825s] This warning is for project developers.  Use -Wno-dev to suppress it.
[0.825s] [0m
[0.838s] [33mCMake Warning (dev) at /home/facuvulcano/miniconda3/envs/rosenv/share/python_cmake_module/cmake/Modules/FindPythonExtra.cmake:140 (find_package):
[0.838s]   Policy CMP0148 is not set: The FindPythonInterp and FindPythonLibs modules
[0.838s]   are removed.  Run "cmake --help-policy CMP0148" for policy details.  Use
[0.838s]   the cmake_policy command to set the policy and suppress this warning.
[0.838s] 
[0.838s] Call Stack (most recent call first):
[0.838s]   /home/facuvulcano/miniconda3/envs/rosenv/share/rosidl_generator_py/cmake/rosidl_generator_py_generate_interfaces.cmake:23 (find_package)
[0.838s]   /home/facuvulcano/miniconda3/envs/rosenv/share/ament_cmake_core/cmake/core/ament_execute_extensions.cmake:48 (include)
[0.839s]   /home/facuvulcano/miniconda3/envs/rosenv/share/rosidl_cmake/cmake/rosidl_generate_interfaces.cmake:286 (ament_execute_extensions)
[0.839s]   CMakeLists.txt:27 (rosidl_generate_interfaces)
[0.839s] This warning is for project developers.  Use -Wno-dev to suppress it.
[0.839s] [0m
[0.842s] -- Found PythonLibs: /home/facuvulcano/miniconda3/envs/rosenv/lib/libpython3.11.so (found suitable version "3.11.8", minimum required is "3.5") 
[0.842s] -- Using PYTHON_EXECUTABLE: /home/facuvulcano/miniconda3/envs/rosenv/bin/python3
[0.842s] -- Using PYTHON_INCLUDE_DIRS: /home/facuvulcano/miniconda3/envs/rosenv/include/python3.11
[0.842s] -- Using PYTHON_LIBRARIES: /home/facuvulcano/miniconda3/envs/rosenv/lib/libpython3.11.so
[0.856s] -- Found PythonExtra: .so  
[1.058s] -- Found Python3: /home/facuvulcano/miniconda3/envs/rosenv/include/python3.11 (found version "3.11.8") found components: Development NumPy Interpreter Development.Module Development.Embed 
[1.126s] -- Added test 'lint_cmake' to check CMake code style
[1.128s] -- Added test 'xmllint' to check XML markup files
[1.136s] -- Configuring done (1.1s)
[1.174s] -- Generating done (0.0s)
[1.175s] -- Build files have been written to: /home/facuvulcano/workspace/build/custom_msgs
