[0.006s] Invoking command in '/home/facuvulcano/workspace/build/custom_msgs': CMAKE_PREFIX_PATH=${CMAKE_PREFIX_PATH}:/home/facuvulcano/workspace/install/custom_code CONDA_PROMPT_MODIFIER=(rosenv) DEBUGINFOD_URLS=https://debuginfod.ubuntu.com /home/facuvulcano/miniconda3/envs/rosenv/bin/cmake --build /home/facuvulcano/workspace/build/custom_msgs -- -j32 -l32
[0.037s] [  2%] Built target custom_msgs__cpp
[0.040s] [ 12%] Built target custom_msgs__rosidl_generator_c
[0.047s] [ 12%] Built target ament_cmake_python_copy_custom_msgs
[0.054s] [ 23%] Built target custom_msgs__rosidl_typesupport_introspection_c
[0.054s] [ 33%] Built target custom_msgs__rosidl_typesupport_introspection_cpp
[0.054s] [ 43%] Built target custom_msgs__rosidl_typesupport_c
[0.054s] [ 53%] Built target custom_msgs__rosidl_typesupport_cpp
[0.054s] [ 64%] Built target custom_msgs__rosidl_typesupport_fastrtps_cpp
[0.056s] [ 74%] Built target custom_msgs__rosidl_typesupport_fastrtps_c
[0.065s] [ 74%] Built target custom_msgs
[0.075s] [ 76%] Built target custom_msgs__py
[0.087s] [ 84%] Built target custom_msgs__rosidl_generator_py
[0.100s] [ 89%] Built target custom_msgs__rosidl_typesupport_fastrtps_c__pyext
[0.100s] [ 94%] Built target custom_msgs__rosidl_typesupport_introspection_c__pyext
[0.102s] [100%] Built target custom_msgs__rosidl_typesupport_c__pyext
[0.141s] running egg_info
[0.146s] writing custom_msgs.egg-info/PKG-INFO
[0.146s] writing dependency_links to custom_msgs.egg-info/dependency_links.txt
[0.146s] writing top-level names to custom_msgs.egg-info/top_level.txt
[0.161s] reading manifest file 'custom_msgs.egg-info/SOURCES.txt'
[0.161s] writing manifest file 'custom_msgs.egg-info/SOURCES.txt'
[0.177s] [100%] Built target ament_cmake_python_build_custom_msgs_egg
[0.184s] Invoked command in '/home/facuvulcano/workspace/build/custom_msgs' returned '0': CMAKE_PREFIX_PATH=${CMAKE_PREFIX_PATH}:/home/facuvulcano/workspace/install/custom_code CONDA_PROMPT_MODIFIER=(rosenv) DEBUGINFOD_URLS=https://debuginfod.ubuntu.com /home/facuvulcano/miniconda3/envs/rosenv/bin/cmake --build /home/facuvulcano/workspace/build/custom_msgs -- -j32 -l32
[0.254s] Invoking command in '/home/facuvulcano/workspace/build/custom_msgs': CMAKE_PREFIX_PATH=${CMAKE_PREFIX_PATH}:/home/facuvulcano/workspace/install/custom_code CONDA_PROMPT_MODIFIER=(rosenv) DEBUGINFOD_URLS=https://debuginfod.ubuntu.com /home/facuvulcano/miniconda3/envs/rosenv/bin/cmake --install /home/facuvulcano/workspace/build/custom_msgs
[0.258s] -- Install configuration: ""
[0.258s] -- Up-to-date: /home/facuvulcano/workspace/install/custom_msgs/share/ament_index/resource_index/rosidl_interfaces/custom_msgs
[0.258s] -- Up-to-date: /home/facuvulcano/workspace/install/custom_msgs/include/custom_msgs/custom_msgs
[0.258s] -- Up-to-date: /home/facuvulcano/workspace/install/custom_msgs/include/custom_msgs/custom_msgs/msg
[0.258s] -- Up-to-date: /home/facuvulcano/workspace/install/custom_msgs/include/custom_msgs/custom_msgs/msg/rosidl_generator_c__visibility_control.h
[0.258s] -- Up-to-date: /home/facuvulcano/workspace/install/custom_msgs/include/custom_msgs/custom_msgs/msg/detail
[0.258s] -- Up-to-date: /home/facuvulcano/workspace/install/custom_msgs/include/custom_msgs/custom_msgs/msg/detail/delta_odom__functions.c
[0.258s] -- Up-to-date: /home/facuvulcano/workspace/install/custom_msgs/include/custom_msgs/custom_msgs/msg/detail/belief__functions.h
[0.258s] -- Up-to-date: /home/facuvulcano/workspace/install/custom_msgs/include/custom_msgs/custom_msgs/msg/detail/delta_odom__functions.h
[0.258s] -- Up-to-date: /home/facuvulcano/workspace/install/custom_msgs/include/custom_msgs/custom_msgs/msg/detail/delta_odom__type_support.h
[0.258s] -- Up-to-date: /home/facuvulcano/workspace/install/custom_msgs/include/custom_msgs/custom_msgs/msg/detail/belief__type_support.h
[0.258s] -- Up-to-date: /home/facuvulcano/workspace/install/custom_msgs/include/custom_msgs/custom_msgs/msg/detail/delta_odom__struct.h
[0.258s] -- Up-to-date: /home/facuvulcano/workspace/install/custom_msgs/include/custom_msgs/custom_msgs/msg/detail/belief__functions.c
[0.258s] -- Up-to-date: /home/facuvulcano/workspace/install/custom_msgs/include/custom_msgs/custom_msgs/msg/detail/belief__struct.h
[0.258s] -- Up-to-date: /home/facuvulcano/workspace/install/custom_msgs/include/custom_msgs/custom_msgs/msg/delta_odom.h
[0.258s] -- Up-to-date: /home/facuvulcano/workspace/install/custom_msgs/include/custom_msgs/custom_msgs/msg/belief.h
[0.258s] -- Installing: /home/facuvulcano/workspace/install/custom_msgs/lib/libcustom_msgs__rosidl_generator_c.so
[0.258s] -- Up-to-date: /home/facuvulcano/workspace/install/custom_msgs/include/custom_msgs/custom_msgs
[0.259s] -- Up-to-date: /home/facuvulcano/workspace/install/custom_msgs/include/custom_msgs/custom_msgs/msg
[0.259s] -- Up-to-date: /home/facuvulcano/workspace/install/custom_msgs/include/custom_msgs/custom_msgs/msg/detail
[0.259s] -- Up-to-date: /home/facuvulcano/workspace/install/custom_msgs/include/custom_msgs/custom_msgs/msg/detail/delta_odom__rosidl_typesupport_fastrtps_c.h
[0.259s] -- Up-to-date: /home/facuvulcano/workspace/install/custom_msgs/include/custom_msgs/custom_msgs/msg/detail/belief__rosidl_typesupport_fastrtps_c.h
[0.259s] -- Up-to-date: /home/facuvulcano/workspace/install/custom_msgs/include/custom_msgs/custom_msgs/msg/rosidl_typesupport_fastrtps_c__visibility_control.h
[0.259s] -- Installing: /home/facuvulcano/workspace/install/custom_msgs/lib/libcustom_msgs__rosidl_typesupport_fastrtps_c.so
[0.259s] -- Set non-toolchain portion of runtime path of "/home/facuvulcano/workspace/install/custom_msgs/lib/libcustom_msgs__rosidl_typesupport_fastrtps_c.so" to ""
[0.259s] -- Up-to-date: /home/facuvulcano/workspace/install/custom_msgs/include/custom_msgs/custom_msgs
[0.259s] -- Up-to-date: /home/facuvulcano/workspace/install/custom_msgs/include/custom_msgs/custom_msgs/msg
[0.259s] -- Up-to-date: /home/facuvulcano/workspace/install/custom_msgs/include/custom_msgs/custom_msgs/msg/detail
[0.259s] -- Up-to-date: /home/facuvulcano/workspace/install/custom_msgs/include/custom_msgs/custom_msgs/msg/detail/delta_odom__struct.hpp
[0.259s] -- Up-to-date: /home/facuvulcano/workspace/install/custom_msgs/include/custom_msgs/custom_msgs/msg/detail/delta_odom__builder.hpp
[0.259s] -- Up-to-date: /home/facuvulcano/workspace/install/custom_msgs/include/custom_msgs/custom_msgs/msg/detail/delta_odom__traits.hpp
[0.259s] -- Up-to-date: /home/facuvulcano/workspace/install/custom_msgs/include/custom_msgs/custom_msgs/msg/detail/belief__traits.hpp
[0.259s] -- Up-to-date: /home/facuvulcano/workspace/install/custom_msgs/include/custom_msgs/custom_msgs/msg/detail/belief__struct.hpp
[0.259s] -- Up-to-date: /home/facuvulcano/workspace/install/custom_msgs/include/custom_msgs/custom_msgs/msg/detail/belief__builder.hpp
[0.259s] -- Up-to-date: /home/facuvulcano/workspace/install/custom_msgs/include/custom_msgs/custom_msgs/msg/belief.hpp
[0.259s] -- Up-to-date: /home/facuvulcano/workspace/install/custom_msgs/include/custom_msgs/custom_msgs/msg/delta_odom.hpp
[0.259s] -- Up-to-date: /home/facuvulcano/workspace/install/custom_msgs/include/custom_msgs/custom_msgs
[0.259s] -- Up-to-date: /home/facuvulcano/workspace/install/custom_msgs/include/custom_msgs/custom_msgs/msg
[0.259s] -- Up-to-date: /home/facuvulcano/workspace/install/custom_msgs/include/custom_msgs/custom_msgs/msg/rosidl_typesupport_fastrtps_cpp__visibility_control.h
[0.259s] -- Up-to-date: /home/facuvulcano/workspace/install/custom_msgs/include/custom_msgs/custom_msgs/msg/detail
[0.259s] -- Up-to-date: /home/facuvulcano/workspace/install/custom_msgs/include/custom_msgs/custom_msgs/msg/detail/delta_odom__rosidl_typesupport_fastrtps_cpp.hpp
[0.259s] -- Up-to-date: /home/facuvulcano/workspace/install/custom_msgs/include/custom_msgs/custom_msgs/msg/detail/dds_fastrtps
[0.259s] -- Up-to-date: /home/facuvulcano/workspace/install/custom_msgs/include/custom_msgs/custom_msgs/msg/detail/belief__rosidl_typesupport_fastrtps_cpp.hpp
[0.259s] -- Installing: /home/facuvulcano/workspace/install/custom_msgs/lib/libcustom_msgs__rosidl_typesupport_fastrtps_cpp.so
[0.259s] -- Up-to-date: /home/facuvulcano/workspace/install/custom_msgs/include/custom_msgs/custom_msgs
[0.259s] -- Up-to-date: /home/facuvulcano/workspace/install/custom_msgs/include/custom_msgs/custom_msgs/msg
[0.259s] -- Up-to-date: /home/facuvulcano/workspace/install/custom_msgs/include/custom_msgs/custom_msgs/msg/rosidl_typesupport_introspection_c__visibility_control.h
[0.259s] -- Up-to-date: /home/facuvulcano/workspace/install/custom_msgs/include/custom_msgs/custom_msgs/msg/detail
[0.260s] -- Up-to-date: /home/facuvulcano/workspace/install/custom_msgs/include/custom_msgs/custom_msgs/msg/detail/belief__type_support.c
[0.260s] -- Up-to-date: /home/facuvulcano/workspace/install/custom_msgs/include/custom_msgs/custom_msgs/msg/detail/delta_odom__rosidl_typesupport_introspection_c.h
[0.260s] -- Up-to-date: /home/facuvulcano/workspace/install/custom_msgs/include/custom_msgs/custom_msgs/msg/detail/delta_odom__type_support.c
[0.260s] -- Up-to-date: /home/facuvulcano/workspace/install/custom_msgs/include/custom_msgs/custom_msgs/msg/detail/belief__rosidl_typesupport_introspection_c.h
[0.260s] -- Installing: /home/facuvulcano/workspace/install/custom_msgs/lib/libcustom_msgs__rosidl_typesupport_introspection_c.so
[0.260s] -- Set non-toolchain portion of runtime path of "/home/facuvulcano/workspace/install/custom_msgs/lib/libcustom_msgs__rosidl_typesupport_introspection_c.so" to ""
[0.260s] -- Installing: /home/facuvulcano/workspace/install/custom_msgs/lib/libcustom_msgs__rosidl_typesupport_c.so
[0.260s] -- Set non-toolchain portion of runtime path of "/home/facuvulcano/workspace/install/custom_msgs/lib/libcustom_msgs__rosidl_typesupport_c.so" to ""
[0.260s] -- Up-to-date: /home/facuvulcano/workspace/install/custom_msgs/include/custom_msgs/custom_msgs
[0.260s] -- Up-to-date: /home/facuvulcano/workspace/install/custom_msgs/include/custom_msgs/custom_msgs/msg
[0.260s] -- Up-to-date: /home/facuvulcano/workspace/install/custom_msgs/include/custom_msgs/custom_msgs/msg/detail
[0.260s] -- Up-to-date: /home/facuvulcano/workspace/install/custom_msgs/include/custom_msgs/custom_msgs/msg/detail/delta_odom__rosidl_typesupport_introspection_cpp.hpp
[0.260s] -- Up-to-date: /home/facuvulcano/workspace/install/custom_msgs/include/custom_msgs/custom_msgs/msg/detail/belief__rosidl_typesupport_introspection_cpp.hpp
[0.260s] -- Up-to-date: /home/facuvulcano/workspace/install/custom_msgs/include/custom_msgs/custom_msgs/msg/detail/belief__type_support.cpp
[0.260s] -- Up-to-date: /home/facuvulcano/workspace/install/custom_msgs/include/custom_msgs/custom_msgs/msg/detail/delta_odom__type_support.cpp
[0.260s] -- Installing: /home/facuvulcano/workspace/install/custom_msgs/lib/libcustom_msgs__rosidl_typesupport_introspection_cpp.so
[0.260s] -- Installing: /home/facuvulcano/workspace/install/custom_msgs/lib/libcustom_msgs__rosidl_typesupport_cpp.so
[0.260s] -- Up-to-date: /home/facuvulcano/workspace/install/custom_msgs/share/custom_msgs/environment/pythonpath.sh
[0.260s] -- Up-to-date: /home/facuvulcano/workspace/install/custom_msgs/share/custom_msgs/environment/pythonpath.dsv
[0.260s] -- Up-to-date: /home/facuvulcano/workspace/install/custom_msgs/lib/python3.11/site-packages/custom_msgs-0.0.0-py3.11.egg-info
[0.260s] -- Installing: /home/facuvulcano/workspace/install/custom_msgs/lib/python3.11/site-packages/custom_msgs-0.0.0-py3.11.egg-info/PKG-INFO
[0.260s] -- Installing: /home/facuvulcano/workspace/install/custom_msgs/lib/python3.11/site-packages/custom_msgs-0.0.0-py3.11.egg-info/top_level.txt
[0.260s] -- Installing: /home/facuvulcano/workspace/install/custom_msgs/lib/python3.11/site-packages/custom_msgs-0.0.0-py3.11.egg-info/dependency_links.txt
[0.260s] -- Installing: /home/facuvulcano/workspace/install/custom_msgs/lib/python3.11/site-packages/custom_msgs-0.0.0-py3.11.egg-info/SOURCES.txt
[0.260s] -- Up-to-date: /home/facuvulcano/workspace/install/custom_msgs/lib/python3.11/site-packages/custom_msgs
[0.260s] -- Up-to-date: /home/facuvulcano/workspace/install/custom_msgs/lib/python3.11/site-packages/custom_msgs/custom_msgs_s__rosidl_typesupport_introspection_c.cpython-311-x86_64-linux-gnu.so
[0.260s] -- Up-to-date: /home/facuvulcano/workspace/install/custom_msgs/lib/python3.11/site-packages/custom_msgs/_custom_msgs_s.ep.rosidl_typesupport_introspection_c.c
[0.260s] -- Up-to-date: /home/facuvulcano/workspace/install/custom_msgs/lib/python3.11/site-packages/custom_msgs/msg
[0.260s] -- Up-to-date: /home/facuvulcano/workspace/install/custom_msgs/lib/python3.11/site-packages/custom_msgs/msg/_belief.py
[0.260s] -- Up-to-date: /home/facuvulcano/workspace/install/custom_msgs/lib/python3.11/site-packages/custom_msgs/msg/_delta_odom.py
[0.260s] -- Up-to-date: /home/facuvulcano/workspace/install/custom_msgs/lib/python3.11/site-packages/custom_msgs/msg/_belief_s.c
[0.260s] -- Up-to-date: /home/facuvulcano/workspace/install/custom_msgs/lib/python3.11/site-packages/custom_msgs/msg/_delta_odom_s.c
[0.260s] -- Up-to-date: /home/facuvulcano/workspace/install/custom_msgs/lib/python3.11/site-packages/custom_msgs/msg/__init__.py
[0.261s] -- Up-to-date: /home/facuvulcano/workspace/install/custom_msgs/lib/python3.11/site-packages/custom_msgs/libcustom_msgs__rosidl_generator_py.so
[0.261s] -- Up-to-date: /home/facuvulcano/workspace/install/custom_msgs/lib/python3.11/site-packages/custom_msgs/custom_msgs_s__rosidl_typesupport_fastrtps_c.cpython-311-x86_64-linux-gnu.so
[0.261s] -- Up-to-date: /home/facuvulcano/workspace/install/custom_msgs/lib/python3.11/site-packages/custom_msgs/custom_msgs_s__rosidl_typesupport_c.cpython-311-x86_64-linux-gnu.so
[0.261s] -- Up-to-date: /home/facuvulcano/workspace/install/custom_msgs/lib/python3.11/site-packages/custom_msgs/_custom_msgs_s.ep.rosidl_typesupport_c.c
[0.261s] -- Up-to-date: /home/facuvulcano/workspace/install/custom_msgs/lib/python3.11/site-packages/custom_msgs/__init__.py
[0.261s] -- Up-to-date: /home/facuvulcano/workspace/install/custom_msgs/lib/python3.11/site-packages/custom_msgs/_custom_msgs_s.ep.rosidl_typesupport_fastrtps_c.c
[0.281s] Listing 'lib/python3.11/site-packages/custom_msgs'...
[0.281s] Can't list 'lib/python3.11/site-packages/custom_msgs'
[0.283s] -- Installing: /home/facuvulcano/workspace/install/custom_msgs/lib/python3.11/site-packages/custom_msgs/custom_msgs_s__rosidl_typesupport_fastrtps_c.cpython-311-x86_64-linux-gnu.so
[0.283s] -- Set non-toolchain portion of runtime path of "/home/facuvulcano/workspace/install/custom_msgs/lib/python3.11/site-packages/custom_msgs/custom_msgs_s__rosidl_typesupport_fastrtps_c.cpython-311-x86_64-linux-gnu.so" to ""
[0.283s] -- Installing: /home/facuvulcano/workspace/install/custom_msgs/lib/python3.11/site-packages/custom_msgs/custom_msgs_s__rosidl_typesupport_introspection_c.cpython-311-x86_64-linux-gnu.so
[0.283s] -- Set non-toolchain portion of runtime path of "/home/facuvulcano/workspace/install/custom_msgs/lib/python3.11/site-packages/custom_msgs/custom_msgs_s__rosidl_typesupport_introspection_c.cpython-311-x86_64-linux-gnu.so" to ""
[0.283s] -- Installing: /home/facuvulcano/workspace/install/custom_msgs/lib/python3.11/site-packages/custom_msgs/custom_msgs_s__rosidl_typesupport_c.cpython-311-x86_64-linux-gnu.so
[0.283s] -- Set non-toolchain portion of runtime path of "/home/facuvulcano/workspace/install/custom_msgs/lib/python3.11/site-packages/custom_msgs/custom_msgs_s__rosidl_typesupport_c.cpython-311-x86_64-linux-gnu.so" to ""
[0.283s] -- Installing: /home/facuvulcano/workspace/install/custom_msgs/lib/libcustom_msgs__rosidl_generator_py.so
[0.283s] -- Set non-toolchain portion of runtime path of "/home/facuvulcano/workspace/install/custom_msgs/lib/libcustom_msgs__rosidl_generator_py.so" to ""
[0.283s] -- Up-to-date: /home/facuvulcano/workspace/install/custom_msgs/share/custom_msgs/msg/DeltaOdom.idl
[0.283s] -- Up-to-date: /home/facuvulcano/workspace/install/custom_msgs/share/custom_msgs/msg/Belief.idl
[0.283s] -- Up-to-date: /home/facuvulcano/workspace/install/custom_msgs/share/custom_msgs/msg/DeltaOdom.msg
[0.283s] -- Up-to-date: /home/facuvulcano/workspace/install/custom_msgs/share/custom_msgs/msg/Belief.msg
[0.284s] -- Up-to-date: /home/facuvulcano/workspace/install/custom_msgs/share/ament_index/resource_index/package_run_dependencies/custom_msgs
[0.284s] -- Up-to-date: /home/facuvulcano/workspace/install/custom_msgs/share/ament_index/resource_index/parent_prefix_path/custom_msgs
[0.284s] -- Up-to-date: /home/facuvulcano/workspace/install/custom_msgs/share/custom_msgs/environment/ament_prefix_path.sh
[0.284s] -- Up-to-date: /home/facuvulcano/workspace/install/custom_msgs/share/custom_msgs/environment/ament_prefix_path.dsv
[0.284s] -- Up-to-date: /home/facuvulcano/workspace/install/custom_msgs/share/custom_msgs/environment/path.sh
[0.284s] -- Up-to-date: /home/facuvulcano/workspace/install/custom_msgs/share/custom_msgs/environment/path.dsv
[0.284s] -- Up-to-date: /home/facuvulcano/workspace/install/custom_msgs/share/custom_msgs/local_setup.bash
[0.284s] -- Up-to-date: /home/facuvulcano/workspace/install/custom_msgs/share/custom_msgs/local_setup.sh
[0.284s] -- Up-to-date: /home/facuvulcano/workspace/install/custom_msgs/share/custom_msgs/local_setup.zsh
[0.284s] -- Up-to-date: /home/facuvulcano/workspace/install/custom_msgs/share/custom_msgs/local_setup.dsv
[0.284s] -- Installing: /home/facuvulcano/workspace/install/custom_msgs/share/custom_msgs/package.dsv
[0.284s] -- Up-to-date: /home/facuvulcano/workspace/install/custom_msgs/share/ament_index/resource_index/packages/custom_msgs
[0.284s] -- Up-to-date: /home/facuvulcano/workspace/install/custom_msgs/share/custom_msgs/cmake/export_custom_msgs__rosidl_generator_cExport.cmake
[0.284s] -- Up-to-date: /home/facuvulcano/workspace/install/custom_msgs/share/custom_msgs/cmake/export_custom_msgs__rosidl_generator_cExport-noconfig.cmake
[0.284s] -- Up-to-date: /home/facuvulcano/workspace/install/custom_msgs/share/custom_msgs/cmake/export_custom_msgs__rosidl_typesupport_fastrtps_cExport.cmake
[0.284s] -- Up-to-date: /home/facuvulcano/workspace/install/custom_msgs/share/custom_msgs/cmake/export_custom_msgs__rosidl_typesupport_fastrtps_cExport-noconfig.cmake
[0.284s] -- Up-to-date: /home/facuvulcano/workspace/install/custom_msgs/share/custom_msgs/cmake/export_custom_msgs__rosidl_generator_cppExport.cmake
[0.284s] -- Up-to-date: /home/facuvulcano/workspace/install/custom_msgs/share/custom_msgs/cmake/export_custom_msgs__rosidl_typesupport_fastrtps_cppExport.cmake
[0.284s] -- Up-to-date: /home/facuvulcano/workspace/install/custom_msgs/share/custom_msgs/cmake/export_custom_msgs__rosidl_typesupport_fastrtps_cppExport-noconfig.cmake
[0.284s] -- Up-to-date: /home/facuvulcano/workspace/install/custom_msgs/share/custom_msgs/cmake/custom_msgs__rosidl_typesupport_introspection_cExport.cmake
[0.284s] -- Up-to-date: /home/facuvulcano/workspace/install/custom_msgs/share/custom_msgs/cmake/custom_msgs__rosidl_typesupport_introspection_cExport-noconfig.cmake
[0.284s] -- Up-to-date: /home/facuvulcano/workspace/install/custom_msgs/share/custom_msgs/cmake/custom_msgs__rosidl_typesupport_cExport.cmake
[0.284s] -- Up-to-date: /home/facuvulcano/workspace/install/custom_msgs/share/custom_msgs/cmake/custom_msgs__rosidl_typesupport_cExport-noconfig.cmake
[0.284s] -- Up-to-date: /home/facuvulcano/workspace/install/custom_msgs/share/custom_msgs/cmake/custom_msgs__rosidl_typesupport_introspection_cppExport.cmake
[0.284s] -- Up-to-date: /home/facuvulcano/workspace/install/custom_msgs/share/custom_msgs/cmake/custom_msgs__rosidl_typesupport_introspection_cppExport-noconfig.cmake
[0.284s] -- Up-to-date: /home/facuvulcano/workspace/install/custom_msgs/share/custom_msgs/cmake/custom_msgs__rosidl_typesupport_cppExport.cmake
[0.284s] -- Up-to-date: /home/facuvulcano/workspace/install/custom_msgs/share/custom_msgs/cmake/custom_msgs__rosidl_typesupport_cppExport-noconfig.cmake
[0.284s] -- Up-to-date: /home/facuvulcano/workspace/install/custom_msgs/share/custom_msgs/cmake/export_custom_msgs__rosidl_generator_pyExport.cmake
[0.284s] -- Up-to-date: /home/facuvulcano/workspace/install/custom_msgs/share/custom_msgs/cmake/export_custom_msgs__rosidl_generator_pyExport-noconfig.cmake
[0.284s] -- Up-to-date: /home/facuvulcano/workspace/install/custom_msgs/share/custom_msgs/cmake/rosidl_cmake-extras.cmake
[0.284s] -- Up-to-date: /home/facuvulcano/workspace/install/custom_msgs/share/custom_msgs/cmake/ament_cmake_export_dependencies-extras.cmake
[0.284s] -- Up-to-date: /home/facuvulcano/workspace/install/custom_msgs/share/custom_msgs/cmake/ament_cmake_export_include_directories-extras.cmake
[0.284s] -- Up-to-date: /home/facuvulcano/workspace/install/custom_msgs/share/custom_msgs/cmake/ament_cmake_export_libraries-extras.cmake
[0.284s] -- Up-to-date: /home/facuvulcano/workspace/install/custom_msgs/share/custom_msgs/cmake/ament_cmake_export_targets-extras.cmake
[0.284s] -- Up-to-date: /home/facuvulcano/workspace/install/custom_msgs/share/custom_msgs/cmake/rosidl_cmake_export_typesupport_targets-extras.cmake
[0.284s] -- Up-to-date: /home/facuvulcano/workspace/install/custom_msgs/share/custom_msgs/cmake/rosidl_cmake_export_typesupport_libraries-extras.cmake
[0.284s] -- Up-to-date: /home/facuvulcano/workspace/install/custom_msgs/share/custom_msgs/cmake/custom_msgsConfig.cmake
[0.284s] -- Up-to-date: /home/facuvulcano/workspace/install/custom_msgs/share/custom_msgs/cmake/custom_msgsConfig-version.cmake
[0.284s] -- Up-to-date: /home/facuvulcano/workspace/install/custom_msgs/share/custom_msgs/package.xml
[0.285s] Invoked command in '/home/facuvulcano/workspace/build/custom_msgs' returned '0': CMAKE_PREFIX_PATH=${CMAKE_PREFIX_PATH}:/home/facuvulcano/workspace/install/custom_code CONDA_PROMPT_MODIFIER=(rosenv) DEBUGINFOD_URLS=https://debuginfod.ubuntu.com /home/facuvulcano/miniconda3/envs/rosenv/bin/cmake --install /home/facuvulcano/workspace/build/custom_msgs
