[0.263s] Invoking command in '/home/facuvulcano/workspace/src/turtlebot3_obstacle_avoidance': CONDA_PROMPT_MODIFIER=(rosenv) DEBUGINFOD_URLS=https://debuginfod.ubuntu.com PYTHONPATH=/home/facuvulcano/workspace/build/turtlebot3_obstacle_avoidance/prefix_override:/home/facuvulcano/miniconda3/envs/rosenv/lib/python3.11/site-packages/colcon_core/task/python/colcon_distutils_commands:/home/facuvulcano/workspace/install/turtlebot3_obstacle_avoidance/lib/python3.11/site-packages:${PYTHONPATH} /home/facuvulcano/miniconda3/envs/rosenv/bin/python3.11 -W ignore:setup.py install is deprecated -W ignore:easy_install command is deprecated setup.py egg_info --egg-base ../../build/turtlebot3_obstacle_avoidance build --build-base /home/facuvulcano/workspace/build/turtlebot3_obstacle_avoidance/build install --record /home/facuvulcano/workspace/build/turtlebot3_obstacle_avoidance/install.log --single-version-externally-managed install_data
[0.362s] running egg_info
[0.366s] writing ../../build/turtlebot3_obstacle_avoidance/turtlebot3_obstacle_avoidance.egg-info/PKG-INFO
[0.366s] writing dependency_links to ../../build/turtlebot3_obstacle_avoidance/turtlebot3_obstacle_avoidance.egg-info/dependency_links.txt
[0.367s] writing entry points to ../../build/turtlebot3_obstacle_avoidance/turtlebot3_obstacle_avoidance.egg-info/entry_points.txt
[0.367s] writing requirements to ../../build/turtlebot3_obstacle_avoidance/turtlebot3_obstacle_avoidance.egg-info/requires.txt
[0.367s] writing top-level names to ../../build/turtlebot3_obstacle_avoidance/turtlebot3_obstacle_avoidance.egg-info/top_level.txt
[0.377s] reading manifest file '../../build/turtlebot3_obstacle_avoidance/turtlebot3_obstacle_avoidance.egg-info/SOURCES.txt'
[0.378s] writing manifest file '../../build/turtlebot3_obstacle_avoidance/turtlebot3_obstacle_avoidance.egg-info/SOURCES.txt'
[0.378s] running build
[0.378s] running build_py
[0.378s] copying turtlebot3_obstacle_avoidance/obstacle_avoidance_node.py -> /home/facuvulcano/workspace/build/turtlebot3_obstacle_avoidance/build/lib/turtlebot3_obstacle_avoidance
[0.378s] copying turtlebot3_obstacle_avoidance/__init__.py -> /home/facuvulcano/workspace/build/turtlebot3_obstacle_avoidance/build/lib/turtlebot3_obstacle_avoidance
[0.378s] running install
[0.381s] running install_lib
[0.386s] running install_data
[0.386s] copying resource/turtlebot3_obstacle_avoidance -> /home/facuvulcano/workspace/install/turtlebot3_obstacle_avoidance/share/ament_index/resource_index/packages
[0.386s] copying package.xml -> /home/facuvulcano/workspace/install/turtlebot3_obstacle_avoidance/share/turtlebot3_obstacle_avoidance
[0.386s] copying launch/avoid_obstacle.launch.py -> /home/facuvulcano/workspace/install/turtlebot3_obstacle_avoidance/share/turtlebot3_obstacle_avoidance/launch
[0.386s] running install_egg_info
[0.392s] removing '/home/facuvulcano/workspace/install/turtlebot3_obstacle_avoidance/lib/python3.11/site-packages/turtlebot3_obstacle_avoidance-0.1.0-py3.11.egg-info' (and everything under it)
[0.392s] Copying ../../build/turtlebot3_obstacle_avoidance/turtlebot3_obstacle_avoidance.egg-info to /home/facuvulcano/workspace/install/turtlebot3_obstacle_avoidance/lib/python3.11/site-packages/turtlebot3_obstacle_avoidance-0.1.0-py3.11.egg-info
[0.392s] running install_scripts
[0.425s] Installing obstacle_avoidance script to /home/facuvulcano/workspace/install/turtlebot3_obstacle_avoidance/lib/turtlebot3_obstacle_avoidance
[0.425s] writing list of installed files to '/home/facuvulcano/workspace/build/turtlebot3_obstacle_avoidance/install.log'
[0.439s] Invoked command in '/home/facuvulcano/workspace/src/turtlebot3_obstacle_avoidance' returned '0': CONDA_PROMPT_MODIFIER=(rosenv) DEBUGINFOD_URLS=https://debuginfod.ubuntu.com PYTHONPATH=/home/facuvulcano/workspace/build/turtlebot3_obstacle_avoidance/prefix_override:/home/facuvulcano/miniconda3/envs/rosenv/lib/python3.11/site-packages/colcon_core/task/python/colcon_distutils_commands:/home/facuvulcano/workspace/install/turtlebot3_obstacle_avoidance/lib/python3.11/site-packages:${PYTHONPATH} /home/facuvulcano/miniconda3/envs/rosenv/bin/python3.11 -W ignore:setup.py install is deprecated -W ignore:easy_install command is deprecated setup.py egg_info --egg-base ../../build/turtlebot3_obstacle_avoidance build --build-base /home/facuvulcano/workspace/build/turtlebot3_obstacle_avoidance/build install --record /home/facuvulcano/workspace/build/turtlebot3_obstacle_avoidance/install.log --single-version-externally-managed install_data
