[0.000000] (-) TimerEvent: {}
[0.000323] (-) JobUnselected: {'identifier': 'custom_msgs'}
[0.000350] (-) JobUnselected: {'identifier': 'turtlebot3_custom_simulation'}
[0.000363] (custom_code) JobQueued: {'identifier': 'custom_code', 'dependencies': OrderedDict([('custom_msgs', '/home/facuvulcano/workspace/install/custom_msgs')])}
[0.000546] (custom_code) JobStarted: {'identifier': 'custom_code'}
[0.100064] (-) TimerEvent: {}
[0.200294] (-) TimerEvent: {}
[0.300546] (-) TimerEvent: {}
[0.400806] (-) TimerEvent: {}
[0.501058] (-) TimerEvent: {}
[0.601258] (-) TimerEvent: {}
[0.701463] (-) TimerEvent: {}
[0.801639] (-) TimerEvent: {}
[0.901828] (-) TimerEvent: {}
[1.002019] (-) TimerEvent: {}
[1.102225] (-) TimerEvent: {}
[1.202396] (-) TimerEvent: {}
[1.302563] (-) TimerEvent: {}
[1.402774] (-) TimerEvent: {}
[1.503038] (-) TimerEvent: {}
[1.603231] (-) TimerEvent: {}
[1.703415] (-) TimerEvent: {}
[1.803583] (-) TimerEvent: {}
[1.903751] (-) TimerEvent: {}
[2.003906] (-) TimerEvent: {}
[2.104098] (-) TimerEvent: {}
[2.204272] (-) TimerEvent: {}
[2.304431] (-) TimerEvent: {}
[2.404608] (-) TimerEvent: {}
[2.504890] (-) TimerEvent: {}
[2.605243] (-) TimerEvent: {}
[2.705419] (-) TimerEvent: {}
[2.805679] (-) TimerEvent: {}
[2.905905] (-) TimerEvent: {}
[3.006136] (-) TimerEvent: {}
[3.106373] (-) TimerEvent: {}
[3.206560] (-) TimerEvent: {}
[3.306731] (-) TimerEvent: {}
[3.406913] (-) TimerEvent: {}
[3.507117] (-) TimerEvent: {}
[3.607324] (-) TimerEvent: {}
[3.707540] (-) TimerEvent: {}
[3.807840] (-) TimerEvent: {}
[3.908088] (-) TimerEvent: {}
[4.008283] (-) TimerEvent: {}
[4.108503] (-) TimerEvent: {}
[4.208734] (-) TimerEvent: {}
[4.309011] (-) TimerEvent: {}
[4.409230] (-) TimerEvent: {}
[4.509431] (-) TimerEvent: {}
[4.609623] (-) TimerEvent: {}
[4.709812] (-) TimerEvent: {}
[4.809991] (-) TimerEvent: {}
[4.910187] (-) TimerEvent: {}
[5.010411] (-) TimerEvent: {}
[5.110632] (-) TimerEvent: {}
[5.210809] (-) TimerEvent: {}
[5.311017] (-) TimerEvent: {}
[5.411203] (-) TimerEvent: {}
[5.511441] (-) TimerEvent: {}
[5.611665] (-) TimerEvent: {}
[5.711871] (-) TimerEvent: {}
[5.812053] (-) TimerEvent: {}
[5.912206] (-) TimerEvent: {}
[6.012393] (-) TimerEvent: {}
[6.112670] (-) TimerEvent: {}
[6.212861] (-) TimerEvent: {}
[6.313053] (-) TimerEvent: {}
[6.413232] (-) TimerEvent: {}
[6.513437] (-) TimerEvent: {}
[6.613671] (-) TimerEvent: {}
[6.713859] (-) TimerEvent: {}
[6.814030] (-) TimerEvent: {}
[6.914217] (-) TimerEvent: {}
[7.014429] (-) TimerEvent: {}
[7.114642] (-) TimerEvent: {}
[7.214887] (-) TimerEvent: {}
[7.315100] (-) TimerEvent: {}
[7.415330] (-) TimerEvent: {}
[7.515542] (-) TimerEvent: {}
[7.615794] (-) TimerEvent: {}
[7.716029] (-) TimerEvent: {}
[7.816177] (-) TimerEvent: {}
[7.916399] (-) TimerEvent: {}
[8.016608] (-) TimerEvent: {}
[8.116855] (-) TimerEvent: {}
[8.217114] (-) TimerEvent: {}
[8.317325] (-) TimerEvent: {}
[8.417541] (-) TimerEvent: {}
[8.517776] (-) TimerEvent: {}
[8.617989] (-) TimerEvent: {}
[8.718193] (-) TimerEvent: {}
[8.818426] (-) TimerEvent: {}
[8.918671] (-) TimerEvent: {}
[9.019002] (-) TimerEvent: {}
[9.119193] (-) TimerEvent: {}
[9.219385] (-) TimerEvent: {}
[9.319572] (-) TimerEvent: {}
[9.419736] (-) TimerEvent: {}
[9.519927] (-) TimerEvent: {}
[9.620149] (-) TimerEvent: {}
[9.720309] (-) TimerEvent: {}
[9.820545] (-) TimerEvent: {}
