/home/facuvulcano/workspace/install/custom_code/lib/python3.11/site-packages/custom_code/my_tf.py
/home/facuvulcano/workspace/install/custom_code/lib/python3.11/site-packages/custom_code/robot_functions.py
/home/facuvulcano/workspace/install/custom_code/lib/python3.11/site-packages/custom_code/likelihood.py
/home/facuvulcano/workspace/install/custom_code/lib/python3.11/site-packages/custom_code/my_ekf_prediction.py
/home/facuvulcano/workspace/install/custom_code/lib/python3.11/site-packages/custom_code/my_odometry.py
/home/facuvulcano/workspace/install/custom_code/lib/python3.11/site-packages/custom_code/my_ekf_correction.py
/home/facuvulcano/workspace/install/custom_code/lib/python3.11/site-packages/custom_code/my_ekf.py
/home/facuvulcano/workspace/install/custom_code/lib/python3.11/site-packages/custom_code/feature_finder.py
/home/facuvulcano/workspace/install/custom_code/lib/python3.11/site-packages/custom_code/my_localization.py
/home/facuvulcano/workspace/install/custom_code/lib/python3.11/site-packages/custom_code/features.py
/home/facuvulcano/workspace/install/custom_code/lib/python3.11/site-packages/custom_code/__init__.py
/home/facuvulcano/workspace/install/custom_code/lib/python3.11/site-packages/custom_code/__pycache__/my_tf.cpython-311.pyc
/home/facuvulcano/workspace/install/custom_code/lib/python3.11/site-packages/custom_code/__pycache__/robot_functions.cpython-311.pyc
/home/facuvulcano/workspace/install/custom_code/lib/python3.11/site-packages/custom_code/__pycache__/likelihood.cpython-311.pyc
/home/facuvulcano/workspace/install/custom_code/lib/python3.11/site-packages/custom_code/__pycache__/my_ekf_prediction.cpython-311.pyc
/home/facuvulcano/workspace/install/custom_code/lib/python3.11/site-packages/custom_code/__pycache__/my_odometry.cpython-311.pyc
/home/facuvulcano/workspace/install/custom_code/lib/python3.11/site-packages/custom_code/__pycache__/my_ekf_correction.cpython-311.pyc
/home/facuvulcano/workspace/install/custom_code/lib/python3.11/site-packages/custom_code/__pycache__/my_ekf.cpython-311.pyc
/home/facuvulcano/workspace/install/custom_code/lib/python3.11/site-packages/custom_code/__pycache__/feature_finder.cpython-311.pyc
/home/facuvulcano/workspace/install/custom_code/lib/python3.11/site-packages/custom_code/__pycache__/my_localization.cpython-311.pyc
/home/facuvulcano/workspace/install/custom_code/lib/python3.11/site-packages/custom_code/__pycache__/features.cpython-311.pyc
/home/facuvulcano/workspace/install/custom_code/lib/python3.11/site-packages/custom_code/__pycache__/__init__.cpython-311.pyc
/home/facuvulcano/workspace/install/custom_code/share/ament_index/resource_index/packages/custom_code
/home/facuvulcano/workspace/install/custom_code/share/custom_code/package.xml
/home/facuvulcano/workspace/install/custom_code/share/custom_code/launch/launch_my_tf.launch.py
/home/facuvulcano/workspace/install/custom_code/share/custom_code/launch/launch_my_odometry.launch.py
/home/facuvulcano/workspace/install/custom_code/share/custom_code/launch/launch_my_ekf.launch.py
/home/facuvulcano/workspace/install/custom_code/share/custom_code/launch/launch_my_particles.launch.py
/home/facuvulcano/workspace/install/custom_code/share/custom_code/rviz/ekf.rviz
/home/facuvulcano/workspace/install/custom_code/share/custom_code/rviz/tf.rviz
/home/facuvulcano/workspace/install/custom_code/share/custom_code/rviz/particulas.rviz
/home/facuvulcano/workspace/install/custom_code/share/custom_code/rviz/odometry.rviz
/home/facuvulcano/workspace/install/custom_code/lib/python3.11/site-packages/custom_code-0.0.0-py3.11.egg-info/zip-safe
/home/facuvulcano/workspace/install/custom_code/lib/python3.11/site-packages/custom_code-0.0.0-py3.11.egg-info/PKG-INFO
/home/facuvulcano/workspace/install/custom_code/lib/python3.11/site-packages/custom_code-0.0.0-py3.11.egg-info/top_level.txt
/home/facuvulcano/workspace/install/custom_code/lib/python3.11/site-packages/custom_code-0.0.0-py3.11.egg-info/entry_points.txt
/home/facuvulcano/workspace/install/custom_code/lib/python3.11/site-packages/custom_code-0.0.0-py3.11.egg-info/requires.txt
/home/facuvulcano/workspace/install/custom_code/lib/python3.11/site-packages/custom_code-0.0.0-py3.11.egg-info/dependency_links.txt
/home/facuvulcano/workspace/install/custom_code/lib/python3.11/site-packages/custom_code-0.0.0-py3.11.egg-info/SOURCES.txt
/home/facuvulcano/workspace/install/custom_code/lib/custom_code/ekf
/home/facuvulcano/workspace/install/custom_code/lib/custom_code/ekf_correction
/home/facuvulcano/workspace/install/custom_code/lib/custom_code/ekf_prediction
/home/facuvulcano/workspace/install/custom_code/lib/custom_code/feature_finder
/home/facuvulcano/workspace/install/custom_code/lib/custom_code/features
/home/facuvulcano/workspace/install/custom_code/lib/custom_code/likelihood
/home/facuvulcano/workspace/install/custom_code/lib/custom_code/localization
/home/facuvulcano/workspace/install/custom_code/lib/custom_code/my_odometry
/home/facuvulcano/workspace/install/custom_code/lib/custom_code/my_tf
