[0.005s] Invoking command in '/home/facuvulcano/workspace/build/turtlebot3_custom_simulation': CONDA_PROMPT_MODIFIER=(rosenv) DEBUGINFOD_URLS=https://debuginfod.ubuntu.com /home/facuvulcano/miniconda3/envs/rosenv/bin/cmake /home/facuvulcano/workspace/src/turtlebot3_custom_simulation -DCMAKE_INSTALL_PREFIX=/home/facuvulcano/workspace/install/turtlebot3_custom_simulation
[0.015s] -- Found ament_cmake: 1.3.7 (/home/facuvulcano/miniconda3/envs/rosenv/share/ament_cmake/cmake)
[0.135s] -- Found geometry_msgs: 4.2.3 (/home/facuvulcano/miniconda3/envs/rosenv/share/geometry_msgs/cmake)
[0.146s] -- Found rosidl_generator_c: 3.1.5 (/home/facuvulcano/miniconda3/envs/rosenv/share/rosidl_generator_c/cmake)
[0.147s] -- Found rosidl_adapter: 3.1.5 (/home/facuvulcano/miniconda3/envs/rosenv/share/rosidl_adapter/cmake)
[0.150s] -- Found rosidl_generator_cpp: 3.1.5 (/home/facuvulcano/miniconda3/envs/rosenv/share/rosidl_generator_cpp/cmake)
[0.156s] -- Using all available rosidl_typesupport_c: rosidl_typesupport_fastrtps_c;rosidl_typesupport_introspection_c
[0.165s] -- Using all available rosidl_typesupport_cpp: rosidl_typesupport_fastrtps_cpp;rosidl_typesupport_introspection_cpp
[0.226s] -- Found nav_msgs: 4.2.3 (/home/facuvulcano/miniconda3/envs/rosenv/share/nav_msgs/cmake)
[0.299s] -- Found rclcpp: 16.0.8 (/home/facuvulcano/miniconda3/envs/rosenv/share/rclcpp/cmake)
[0.382s] -- Found rmw_implementation_cmake: 6.1.1 (/home/facuvulcano/miniconda3/envs/rosenv/share/rmw_implementation_cmake/cmake)
[0.384s] -- Found rmw_fastrtps_cpp: 6.2.6 (/home/facuvulcano/miniconda3/envs/rosenv/share/rmw_fastrtps_cpp/cmake)
[0.534s] -- Using RMW implementation 'rmw_fastrtps_cpp' as default
[0.617s] -- Found sensor_msgs: 4.2.3 (/home/facuvulcano/miniconda3/envs/rosenv/share/sensor_msgs/cmake)
[0.677s] -- Found tf2: 0.25.5 (/home/facuvulcano/miniconda3/envs/rosenv/share/tf2/cmake)
[0.683s] -- Found tf2_msgs: 0.25.5 (/home/facuvulcano/miniconda3/envs/rosenv/share/tf2_msgs/cmake)
[0.788s] -- Configuring incomplete, errors occurred!
[0.788s] [31mCMake Error at CMakeLists.txt:18 (find_package):
[0.788s]   By not providing "Findturtlebot3_msgs.cmake" in CMAKE_MODULE_PATH this
[0.788s]   project has asked CMake to find a package configuration file provided by
[0.788s]   "turtlebot3_msgs", but CMake did not find one.
[0.788s] 
[0.788s]   Could not find a package configuration file provided by "turtlebot3_msgs"
[0.788s]   with any of the following names:
[0.788s] 
[0.788s]     turtlebot3_msgsConfig.cmake
[0.788s]     turtlebot3_msgs-config.cmake
[0.788s] 
[0.788s]   Add the installation prefix of "turtlebot3_msgs" to CMAKE_PREFIX_PATH or
[0.788s]   set "turtlebot3_msgs_DIR" to a directory containing one of the above files.
[0.788s]   If "turtlebot3_msgs" provides a separate development package or SDK, be
[0.788s]   sure it has been installed.
[0.789s] 
[0.789s] [0m
[0.791s] Invoked command in '/home/facuvulcano/workspace/build/turtlebot3_custom_simulation' returned '1': CONDA_PROMPT_MODIFIER=(rosenv) DEBUGINFOD_URLS=https://debuginfod.ubuntu.com /home/facuvulcano/miniconda3/envs/rosenv/bin/cmake /home/facuvulcano/workspace/src/turtlebot3_custom_simulation -DCMAKE_INSTALL_PREFIX=/home/facuvulcano/workspace/install/turtlebot3_custom_simulation
