[0.073s] colcon DEBUG Command line arguments: ['/home/facuvulcano/miniconda3/envs/rosenv/bin/colcon', 'build', '--packages-select', 'custom_code']
[0.073s] colcon DEBUG Parsed command line arguments: Namespace(log_base=None, log_level=None, verb_name='build', build_base='build', install_base='install', merge_install=False, symlink_install=False, test_result_base=None, continue_on_error=False, executor='parallel', parallel_workers=32, event_handlers=None, ignore_user_meta=False, metas=['./colcon.meta'], base_paths=['.'], packages_ignore=None, packages_ignore_regex=None, paths=None, packages_up_to=None, packages_up_to_regex=None, packages_above=None, packages_above_and_dependencies=None, packages_above_depth=None, packages_select_by_dep=None, packages_skip_by_dep=None, packages_skip_up_to=None, packages_select_build_failed=False, packages_skip_build_finished=False, packages_select_test_failures=False, packages_skip_test_passed=False, packages_select=['custom_code'], packages_skip=None, packages_select_regex=None, packages_skip_regex=None, packages_start=None, packages_end=None, cmake_args=None, cmake_target=None, cmake_target_skip_unavailable=False, cmake_clean_cache=False, cmake_clean_first=False, cmake_force_configure=False, ament_cmake_args=None, catkin_cmake_args=None, catkin_skip_building_tests=False, verb_parser=<colcon_defaults.argument_parser.defaults.DefaultArgumentsDecorator object at 0x7a56c7ecced0>, verb_extension=<colcon_core.verb.build.BuildVerb object at 0x7a56c7e96ad0>, main=<bound method BuildVerb.main of <colcon_core.verb.build.BuildVerb object at 0x7a56c7e96ad0>>)
[0.094s] colcon.colcon_core.package_discovery Level 1 discover_packages(colcon_meta) check parameters
[0.094s] colcon.colcon_core.package_discovery Level 1 discover_packages(recursive) check parameters
[0.094s] colcon.colcon_core.package_discovery Level 1 discover_packages(ignore) check parameters
[0.094s] colcon.colcon_core.package_discovery Level 1 discover_packages(path) check parameters
[0.094s] colcon.colcon_core.package_discovery Level 1 discover_packages(colcon_meta) discover
[0.094s] colcon.colcon_core.package_discovery Level 1 discover_packages(recursive) discover
[0.094s] colcon.colcon_core.package_discovery INFO Crawling recursively for packages in '/home/facuvulcano/workspace'
[0.094s] colcon.colcon_core.package_identification Level 1 _identify(.) by extensions ['ignore', 'ignore_ament_install']
[0.094s] colcon.colcon_core.package_identification Level 1 _identify(.) by extension 'ignore'
[0.094s] colcon.colcon_core.package_identification Level 1 _identify(.) by extension 'ignore_ament_install'
[0.094s] colcon.colcon_core.package_identification Level 1 _identify(.) by extensions ['colcon_pkg']
[0.094s] colcon.colcon_core.package_identification Level 1 _identify(.) by extension 'colcon_pkg'
[0.094s] colcon.colcon_core.package_identification Level 1 _identify(.) by extensions ['colcon_meta']
[0.094s] colcon.colcon_core.package_identification Level 1 _identify(.) by extension 'colcon_meta'
[0.094s] colcon.colcon_core.package_identification Level 1 _identify(.) by extensions ['ros']
[0.094s] colcon.colcon_core.package_identification Level 1 _identify(.) by extension 'ros'
[0.110s] colcon.colcon_core.package_identification Level 1 _identify(.) by extensions ['cmake', 'python']
[0.110s] colcon.colcon_core.package_identification Level 1 _identify(.) by extension 'cmake'
[0.110s] colcon.colcon_core.package_identification Level 1 _identify(.) by extension 'python'
[0.110s] colcon.colcon_core.package_identification Level 1 _identify(.) by extensions ['python_setup_py']
[0.110s] colcon.colcon_core.package_identification Level 1 _identify(.) by extension 'python_setup_py'
[0.110s] colcon.colcon_core.package_identification Level 1 _identify(build) by extensions ['ignore', 'ignore_ament_install']
[0.110s] colcon.colcon_core.package_identification Level 1 _identify(build) by extension 'ignore'
[0.111s] colcon.colcon_core.package_identification Level 1 _identify(build) ignored
[0.111s] colcon.colcon_core.package_identification Level 1 _identify(install) by extensions ['ignore', 'ignore_ament_install']
[0.111s] colcon.colcon_core.package_identification Level 1 _identify(install) by extension 'ignore'
[0.111s] colcon.colcon_core.package_identification Level 1 _identify(install) ignored
[0.111s] colcon.colcon_core.package_identification Level 1 _identify(log) by extensions ['ignore', 'ignore_ament_install']
[0.111s] colcon.colcon_core.package_identification Level 1 _identify(log) by extension 'ignore'
[0.111s] colcon.colcon_core.package_identification Level 1 _identify(log) ignored
[0.111s] colcon.colcon_core.package_identification Level 1 _identify(src) by extensions ['ignore', 'ignore_ament_install']
[0.111s] colcon.colcon_core.package_identification Level 1 _identify(src) by extension 'ignore'
[0.111s] colcon.colcon_core.package_identification Level 1 _identify(src) by extension 'ignore_ament_install'
[0.111s] colcon.colcon_core.package_identification Level 1 _identify(src) by extensions ['colcon_pkg']
[0.111s] colcon.colcon_core.package_identification Level 1 _identify(src) by extension 'colcon_pkg'
[0.111s] colcon.colcon_core.package_identification Level 1 _identify(src) by extensions ['colcon_meta']
[0.111s] colcon.colcon_core.package_identification Level 1 _identify(src) by extension 'colcon_meta'
[0.111s] colcon.colcon_core.package_identification Level 1 _identify(src) by extensions ['ros']
[0.111s] colcon.colcon_core.package_identification Level 1 _identify(src) by extension 'ros'
[0.111s] colcon.colcon_core.package_identification Level 1 _identify(src) by extensions ['cmake', 'python']
[0.111s] colcon.colcon_core.package_identification Level 1 _identify(src) by extension 'cmake'
[0.111s] colcon.colcon_core.package_identification Level 1 _identify(src) by extension 'python'
[0.111s] colcon.colcon_core.package_identification Level 1 _identify(src) by extensions ['python_setup_py']
[0.111s] colcon.colcon_core.package_identification Level 1 _identify(src) by extension 'python_setup_py'
[0.111s] colcon.colcon_core.package_identification Level 1 _identify(src/custom_code) by extensions ['ignore', 'ignore_ament_install']
[0.111s] colcon.colcon_core.package_identification Level 1 _identify(src/custom_code) by extension 'ignore'
[0.111s] colcon.colcon_core.package_identification Level 1 _identify(src/custom_code) by extension 'ignore_ament_install'
[0.111s] colcon.colcon_core.package_identification Level 1 _identify(src/custom_code) by extensions ['colcon_pkg']
[0.111s] colcon.colcon_core.package_identification Level 1 _identify(src/custom_code) by extension 'colcon_pkg'
[0.111s] colcon.colcon_core.package_identification Level 1 _identify(src/custom_code) by extensions ['colcon_meta']
[0.111s] colcon.colcon_core.package_identification Level 1 _identify(src/custom_code) by extension 'colcon_meta'
[0.111s] colcon.colcon_core.package_identification Level 1 _identify(src/custom_code) by extensions ['ros']
[0.111s] colcon.colcon_core.package_identification Level 1 _identify(src/custom_code) by extension 'ros'
[0.113s] colcon.colcon_core.package_identification DEBUG Package 'src/custom_code' with type 'ros.ament_python' and name 'custom_code'
[0.113s] colcon.colcon_core.package_identification Level 1 _identify(src/custom_msgs) by extensions ['ignore', 'ignore_ament_install']
[0.113s] colcon.colcon_core.package_identification Level 1 _identify(src/custom_msgs) by extension 'ignore'
[0.113s] colcon.colcon_core.package_identification Level 1 _identify(src/custom_msgs) by extension 'ignore_ament_install'
[0.113s] colcon.colcon_core.package_identification Level 1 _identify(src/custom_msgs) by extensions ['colcon_pkg']
[0.113s] colcon.colcon_core.package_identification Level 1 _identify(src/custom_msgs) by extension 'colcon_pkg'
[0.113s] colcon.colcon_core.package_identification Level 1 _identify(src/custom_msgs) by extensions ['colcon_meta']
[0.113s] colcon.colcon_core.package_identification Level 1 _identify(src/custom_msgs) by extension 'colcon_meta'
[0.113s] colcon.colcon_core.package_identification Level 1 _identify(src/custom_msgs) by extensions ['ros']
[0.113s] colcon.colcon_core.package_identification Level 1 _identify(src/custom_msgs) by extension 'ros'
[0.114s] colcon.colcon_core.package_identification DEBUG Package 'src/custom_msgs' with type 'ros.ament_cmake' and name 'custom_msgs'
[0.114s] colcon.colcon_core.package_identification Level 1 _identify(src/turtlebot3_custom_simulation) by extensions ['ignore', 'ignore_ament_install']
[0.114s] colcon.colcon_core.package_identification Level 1 _identify(src/turtlebot3_custom_simulation) by extension 'ignore'
[0.114s] colcon.colcon_core.package_identification Level 1 _identify(src/turtlebot3_custom_simulation) by extension 'ignore_ament_install'
[0.114s] colcon.colcon_core.package_identification Level 1 _identify(src/turtlebot3_custom_simulation) by extensions ['colcon_pkg']
[0.114s] colcon.colcon_core.package_identification Level 1 _identify(src/turtlebot3_custom_simulation) by extension 'colcon_pkg'
[0.114s] colcon.colcon_core.package_identification Level 1 _identify(src/turtlebot3_custom_simulation) by extensions ['colcon_meta']
[0.114s] colcon.colcon_core.package_identification Level 1 _identify(src/turtlebot3_custom_simulation) by extension 'colcon_meta'
[0.114s] colcon.colcon_core.package_identification Level 1 _identify(src/turtlebot3_custom_simulation) by extensions ['ros']
[0.114s] colcon.colcon_core.package_identification Level 1 _identify(src/turtlebot3_custom_simulation) by extension 'ros'
[0.114s] colcon.colcon_core.package_identification DEBUG Package 'src/turtlebot3_custom_simulation' with type 'ros.ament_cmake' and name 'turtlebot3_custom_simulation'
[0.115s] colcon.colcon_core.package_discovery Level 1 discover_packages(recursive) using defaults
[0.115s] colcon.colcon_core.package_discovery Level 1 discover_packages(ignore) discover
[0.115s] colcon.colcon_core.package_discovery Level 1 discover_packages(ignore) using defaults
[0.115s] colcon.colcon_core.package_discovery Level 1 discover_packages(path) discover
[0.115s] colcon.colcon_core.package_discovery Level 1 discover_packages(path) using defaults
[0.125s] colcon.colcon_core.package_selection INFO Skipping not selected package 'custom_msgs' in 'src/custom_msgs'
[0.125s] colcon.colcon_core.package_selection INFO Skipping not selected package 'turtlebot3_custom_simulation' in 'src/turtlebot3_custom_simulation'
[0.125s] colcon.colcon_core.verb Level 5 set package 'custom_code' build argument 'cmake_args' from command line to 'None'
[0.125s] colcon.colcon_core.verb Level 5 set package 'custom_code' build argument 'cmake_target' from command line to 'None'
[0.125s] colcon.colcon_core.verb Level 5 set package 'custom_code' build argument 'cmake_target_skip_unavailable' from command line to 'False'
[0.125s] colcon.colcon_core.verb Level 5 set package 'custom_code' build argument 'cmake_clean_cache' from command line to 'False'
[0.125s] colcon.colcon_core.verb Level 5 set package 'custom_code' build argument 'cmake_clean_first' from command line to 'False'
[0.125s] colcon.colcon_core.verb Level 5 set package 'custom_code' build argument 'cmake_force_configure' from command line to 'False'
[0.125s] colcon.colcon_core.verb Level 5 set package 'custom_code' build argument 'ament_cmake_args' from command line to 'None'
[0.125s] colcon.colcon_core.verb Level 5 set package 'custom_code' build argument 'catkin_cmake_args' from command line to 'None'
[0.125s] colcon.colcon_core.verb Level 5 set package 'custom_code' build argument 'catkin_skip_building_tests' from command line to 'False'
[0.125s] colcon.colcon_core.verb DEBUG Building package 'custom_code' with the following arguments: {'ament_cmake_args': None, 'build_base': '/home/facuvulcano/workspace/build/custom_code', 'catkin_cmake_args': None, 'catkin_skip_building_tests': False, 'cmake_args': None, 'cmake_clean_cache': False, 'cmake_clean_first': False, 'cmake_force_configure': False, 'cmake_target': None, 'cmake_target_skip_unavailable': False, 'install_base': '/home/facuvulcano/workspace/install/custom_code', 'merge_install': False, 'path': '/home/facuvulcano/workspace/src/custom_code', 'symlink_install': False, 'test_result_base': None}
[0.125s] colcon.colcon_core.executor INFO Executing jobs using 'parallel' executor
[0.126s] colcon.colcon_parallel_executor.executor.parallel DEBUG run_until_complete
[0.126s] colcon.colcon_ros.task.ament_python.build INFO Building ROS package in '/home/facuvulcano/workspace/src/custom_code' with build type 'ament_python'
[0.126s] colcon.colcon_core.shell Level 1 create_environment_hook('custom_code', 'ament_prefix_path')
[0.127s] colcon.colcon_core.plugin_system INFO Skipping extension 'colcon_core.shell.bat': Not used on non-Windows systems
[0.128s] colcon.colcon_core.shell INFO Creating environment hook '/home/facuvulcano/workspace/install/custom_code/share/custom_code/hook/ament_prefix_path.ps1'
[0.128s] colcon.colcon_core.shell INFO Creating environment descriptor '/home/facuvulcano/workspace/install/custom_code/share/custom_code/hook/ament_prefix_path.dsv'
[0.128s] colcon.colcon_core.shell INFO Creating environment hook '/home/facuvulcano/workspace/install/custom_code/share/custom_code/hook/ament_prefix_path.sh'
[0.129s] colcon.colcon_core.shell INFO Skip shell extension 'powershell' for command environment: Not usable outside of PowerShell
[0.129s] colcon.colcon_core.shell DEBUG Skip shell extension 'dsv' for command environment
[30.279s] colcon.colcon_core.task.python.build INFO Building Python package in '/home/facuvulcano/workspace/src/custom_code'
[30.279s] colcon.colcon_core.shell INFO Skip shell extension 'powershell' for command environment: Not usable outside of PowerShell
[30.279s] colcon.colcon_core.shell DEBUG Skip shell extension 'dsv' for command environment
[60.189s] colcon.colcon_core.event_handler.log_command DEBUG Invoking command in '/home/facuvulcano/workspace/src/custom_code': AMENT_PREFIX_PATH=/home/facuvulcano/workspace/install/custom_msgs:${AMENT_PREFIX_PATH} CMAKE_PREFIX_PATH=/home/facuvulcano/workspace/install/custom_msgs:${CMAKE_PREFIX_PATH} CONDA_PROMPT_MODIFIER=(rosenv) DEBUGINFOD_URLS=https://debuginfod.ubuntu.com LD_LIBRARY_PATH=/home/facuvulcano/workspace/install/custom_msgs/lib PYTHONPATH=/home/facuvulcano/workspace/build/custom_code/prefix_override:/home/facuvulcano/miniconda3/envs/rosenv/lib/python3.11/site-packages/colcon_core/task/python/colcon_distutils_commands:/home/facuvulcano/workspace/install/custom_code/lib/python3.11/site-packages:/home/facuvulcano/workspace/install/custom_msgs/lib/python3.11/site-packages:${PYTHONPATH} /home/facuvulcano/miniconda3/envs/rosenv/bin/python3.11 -W ignore:setup.py install is deprecated -W ignore:easy_install command is deprecated setup.py egg_info --egg-base ../../build/custom_code build --build-base /home/facuvulcano/workspace/build/custom_code/build install --record /home/facuvulcano/workspace/build/custom_code/install.log --single-version-externally-managed install_data
[90.220s] colcon.colcon_core.event_handler.log_command DEBUG Invoked command in '/home/facuvulcano/workspace/src/custom_code' returned '0': AMENT_PREFIX_PATH=/home/facuvulcano/workspace/install/custom_msgs:${AMENT_PREFIX_PATH} CMAKE_PREFIX_PATH=/home/facuvulcano/workspace/install/custom_msgs:${CMAKE_PREFIX_PATH} CONDA_PROMPT_MODIFIER=(rosenv) DEBUGINFOD_URLS=https://debuginfod.ubuntu.com LD_LIBRARY_PATH=/home/facuvulcano/workspace/install/custom_msgs/lib PYTHONPATH=/home/facuvulcano/workspace/build/custom_code/prefix_override:/home/facuvulcano/miniconda3/envs/rosenv/lib/python3.11/site-packages/colcon_core/task/python/colcon_distutils_commands:/home/facuvulcano/workspace/install/custom_code/lib/python3.11/site-packages:/home/facuvulcano/workspace/install/custom_msgs/lib/python3.11/site-packages:${PYTHONPATH} /home/facuvulcano/miniconda3/envs/rosenv/bin/python3.11 -W ignore:setup.py install is deprecated -W ignore:easy_install command is deprecated setup.py egg_info --egg-base ../../build/custom_code build --build-base /home/facuvulcano/workspace/build/custom_code/build install --record /home/facuvulcano/workspace/build/custom_code/install.log --single-version-externally-managed install_data
[90.221s] colcon.colcon_core.environment Level 1 checking '/home/facuvulcano/workspace/install/custom_code' for CMake module files
[90.221s] colcon.colcon_core.environment Level 1 checking '/home/facuvulcano/workspace/install/custom_code' for CMake config files
[90.222s] colcon.colcon_core.environment Level 1 checking '/home/facuvulcano/workspace/install/custom_code/lib'
[90.222s] colcon.colcon_core.environment Level 1 checking '/home/facuvulcano/workspace/install/custom_code/bin'
[90.222s] colcon.colcon_core.environment Level 1 checking '/home/facuvulcano/workspace/install/custom_code/lib/pkgconfig/custom_code.pc'
[90.222s] colcon.colcon_core.environment Level 1 checking '/home/facuvulcano/workspace/install/custom_code/lib/python3.11/site-packages'
[90.222s] colcon.colcon_core.shell Level 1 create_environment_hook('custom_code', 'pythonpath')
[90.222s] colcon.colcon_core.shell INFO Creating environment hook '/home/facuvulcano/workspace/install/custom_code/share/custom_code/hook/pythonpath.ps1'
[90.223s] colcon.colcon_core.shell INFO Creating environment descriptor '/home/facuvulcano/workspace/install/custom_code/share/custom_code/hook/pythonpath.dsv'
[90.223s] colcon.colcon_core.shell INFO Creating environment hook '/home/facuvulcano/workspace/install/custom_code/share/custom_code/hook/pythonpath.sh'
[90.223s] colcon.colcon_core.environment Level 1 checking '/home/facuvulcano/workspace/install/custom_code/bin'
[90.223s] colcon.colcon_core.environment Level 1 create_environment_scripts_only(custom_code)
[90.223s] colcon.colcon_core.shell INFO Creating package script '/home/facuvulcano/workspace/install/custom_code/share/custom_code/package.ps1'
[90.224s] colcon.colcon_core.shell INFO Creating package descriptor '/home/facuvulcano/workspace/install/custom_code/share/custom_code/package.dsv'
[90.224s] colcon.colcon_core.shell INFO Creating package script '/home/facuvulcano/workspace/install/custom_code/share/custom_code/package.sh'
[90.224s] colcon.colcon_core.shell INFO Creating package script '/home/facuvulcano/workspace/install/custom_code/share/custom_code/package.bash'
[90.225s] colcon.colcon_core.shell INFO Creating package script '/home/facuvulcano/workspace/install/custom_code/share/custom_code/package.zsh'
[90.225s] colcon.colcon_core.environment Level 1 create_file_with_runtime_dependencies(/home/facuvulcano/workspace/install/custom_code/share/colcon-core/packages/custom_code)
[90.225s] colcon.colcon_parallel_executor.executor.parallel DEBUG closing loop
[90.225s] colcon.colcon_parallel_executor.executor.parallel DEBUG loop closed
[90.225s] colcon.colcon_parallel_executor.executor.parallel DEBUG run_until_complete finished with '0'
[90.225s] colcon.colcon_core.event_reactor DEBUG joining thread
[90.226s] colcon.colcon_core.event_reactor DEBUG joined thread
[90.226s] colcon.colcon_core.shell INFO Creating prefix script '/home/facuvulcano/workspace/install/local_setup.ps1'
[90.226s] colcon.colcon_core.shell INFO Creating prefix util module '/home/facuvulcano/workspace/install/_local_setup_util_ps1.py'
[90.227s] colcon.colcon_core.shell INFO Creating prefix chain script '/home/facuvulcano/workspace/install/setup.ps1'
[90.227s] colcon.colcon_core.shell INFO Creating prefix script '/home/facuvulcano/workspace/install/local_setup.sh'
[90.228s] colcon.colcon_core.shell INFO Creating prefix util module '/home/facuvulcano/workspace/install/_local_setup_util_sh.py'
[90.228s] colcon.colcon_core.shell INFO Creating prefix chain script '/home/facuvulcano/workspace/install/setup.sh'
[90.228s] colcon.colcon_core.shell INFO Creating prefix script '/home/facuvulcano/workspace/install/local_setup.bash'
[90.229s] colcon.colcon_core.shell INFO Creating prefix chain script '/home/facuvulcano/workspace/install/setup.bash'
[90.229s] colcon.colcon_core.shell INFO Creating prefix script '/home/facuvulcano/workspace/install/local_setup.zsh'
[90.229s] colcon.colcon_core.shell INFO Creating prefix chain script '/home/facuvulcano/workspace/install/setup.zsh'
