[0.014s] Invoking command in '/home/facuvulcano/workspace/build/custom_msgs': CMAKE_PREFIX_PATH=${CMAKE_PREFIX_PATH}:/home/facuvulcano/workspace/install/turtlebot3_obstacle_avoidance:/home/facuvulcano/workspace/install/custom_code CONDA_PROMPT_MODIFIER=(rosenv) DEBUGINFOD_URLS=https://debuginfod.ubuntu.com /home/facuvulcano/miniconda3/envs/rosenv/bin/cmake /home/facuvulcano/workspace/src/custom_msgs -DCMAKE_INSTALL_PREFIX=/home/facuvulcano/workspace/install/custom_msgs
[0.028s] -- Found ament_cmake: 1.3.7 (/home/facuvulcano/miniconda3/envs/rosenv/share/ament_cmake/cmake)
[0.158s] -- Found geometry_msgs: 4.2.3 (/home/facuvulcano/miniconda3/envs/rosenv/share/geometry_msgs/cmake)
[0.180s] -- Found rosidl_generator_c: 3.1.5 (/home/facuvulcano/miniconda3/envs/rosenv/share/rosidl_generator_c/cmake)
[0.182s] -- Found rosidl_adapter: 3.1.5 (/home/facuvulcano/miniconda3/envs/rosenv/share/rosidl_adapter/cmake)
[0.188s] -- Found rosidl_generator_cpp: 3.1.5 (/home/facuvulcano/miniconda3/envs/rosenv/share/rosidl_generator_cpp/cmake)
[0.199s] -- Using all available rosidl_typesupport_c: rosidl_typesupport_fastrtps_c;rosidl_typesupport_introspection_c
[0.216s] -- Using all available rosidl_typesupport_cpp: rosidl_typesupport_fastrtps_cpp;rosidl_typesupport_introspection_cpp
[0.325s] -- Found rosidl_default_generators: 1.2.0 (/home/facuvulcano/miniconda3/envs/rosenv/share/rosidl_default_generators/cmake)
[0.371s] [31mCMake Error at /home/facuvulcano/miniconda3/envs/rosenv/share/cmake-3.28/Modules/FindPackageHandleStandardArgs.cmake:230 (message):
[0.371s]   Could NOT find Python3 (missing: Python3_NumPy_INCLUDE_DIRS NumPy) (found
[0.371s]   version "3.12.3")
[0.371s] Call Stack (most recent call first):
[0.371s]   /home/facuvulcano/miniconda3/envs/rosenv/share/cmake-3.28/Modules/FindPackageHandleStandardArgs.cmake:600 (_FPHSA_FAILURE_MESSAGE)
[0.371s]   /home/facuvulcano/miniconda3/envs/rosenv/share/cmake-3.28/Modules/FindPython/Support.cmake:3867 (find_package_handle_standard_args)
[0.371s]   /home/facuvulcano/miniconda3/envs/rosenv/share/cmake-3.28/Modules/FindPython3.cmake:545 (include)
[0.371s]   /home/facuvulcano/miniconda3/envs/rosenv/share/rosidl_generator_py/cmake/rosidl_generator_py-extras.cmake:2 (find_package)
[0.371s]   /home/facuvulcano/miniconda3/envs/rosenv/share/rosidl_generator_py/cmake/rosidl_generator_pyConfig.cmake:41 (include)
[0.371s]   /home/facuvulcano/miniconda3/envs/rosenv/share/rosidl_default_generators/cmake/rosidl_default_generators-extras.cmake:21 (find_package)
[0.371s]   /home/facuvulcano/miniconda3/envs/rosenv/share/rosidl_default_generators/cmake/rosidl_default_generatorsConfig.cmake:41 (include)
[0.371s]   CMakeLists.txt:13 (find_package)
[0.371s] 
[0.371s] [0m
[0.372s] -- Configuring incomplete, errors occurred!
[0.376s] Invoked command in '/home/facuvulcano/workspace/build/custom_msgs' returned '1': CMAKE_PREFIX_PATH=${CMAKE_PREFIX_PATH}:/home/facuvulcano/workspace/install/turtlebot3_obstacle_avoidance:/home/facuvulcano/workspace/install/custom_code CONDA_PROMPT_MODIFIER=(rosenv) DEBUGINFOD_URLS=https://debuginfod.ubuntu.com /home/facuvulcano/miniconda3/envs/rosenv/bin/cmake /home/facuvulcano/workspace/src/custom_msgs -DCMAKE_INSTALL_PREFIX=/home/facuvulcano/workspace/install/custom_msgs
