[0.005s] Invoking command in '/home/facuvulcano/workspace/build/turtlebot3_custom_simulation': CONDA_PROMPT_MODIFIER=(rosenv) DEBUGINFOD_URLS=https://debuginfod.ubuntu.com /home/facuvulcano/miniconda3/envs/rosenv/bin/cmake /home/facuvulcano/workspace/src/turtlebot3_custom_simulation -DCMAKE_INSTALL_PREFIX=/home/facuvulcano/workspace/install/turtlebot3_custom_simulation
[0.045s] -- The C compiler identification is GNU 14.3.0
[0.104s] -- The CXX compiler identification is GNU 14.3.0
[0.116s] -- Detecting C compiler ABI info
[0.171s] -- Detecting C compiler ABI info - done
[0.177s] -- Check for working C compiler: /home/facuvulcano/miniconda3/envs/rosenv/bin/x86_64-conda-linux-gnu-cc - skipped
[0.177s] -- Detecting C compile features
[0.178s] -- Detecting C compile features - done
[0.184s] -- Detecting CXX compiler ABI info
[0.253s] -- Detecting CXX compiler ABI info - done
[0.262s] -- Check for working CXX compiler: /home/facuvulcano/miniconda3/envs/rosenv/bin/x86_64-conda-linux-gnu-c++ - skipped
[0.262s] -- Detecting CXX compile features
[0.262s] -- Detecting CXX compile features - done
[0.266s] -- Found ament_cmake: 1.3.7 (/home/facuvulcano/miniconda3/envs/rosenv/share/ament_cmake/cmake)
[0.630s] -- Found Python3: /usr/bin/python3.12 (found version "3.12.3") found components: Interpreter 
[0.707s] -- Found geometry_msgs: 4.2.3 (/home/facuvulcano/miniconda3/envs/rosenv/share/geometry_msgs/cmake)
[0.744s] -- Found rosidl_generator_c: 3.1.5 (/home/facuvulcano/miniconda3/envs/rosenv/share/rosidl_generator_c/cmake)
[0.750s] -- Found rosidl_adapter: 3.1.5 (/home/facuvulcano/miniconda3/envs/rosenv/share/rosidl_adapter/cmake)
[0.759s] -- Found rosidl_generator_cpp: 3.1.5 (/home/facuvulcano/miniconda3/envs/rosenv/share/rosidl_generator_cpp/cmake)
[0.771s] -- Using all available rosidl_typesupport_c: rosidl_typesupport_fastrtps_c;rosidl_typesupport_introspection_c
[0.790s] -- Using all available rosidl_typesupport_cpp: rosidl_typesupport_fastrtps_cpp;rosidl_typesupport_introspection_cpp
[0.872s] -- Found nav_msgs: 4.2.3 (/home/facuvulcano/miniconda3/envs/rosenv/share/nav_msgs/cmake)
[0.924s] -- Found rclcpp: 16.0.8 (/home/facuvulcano/miniconda3/envs/rosenv/share/rclcpp/cmake)
[0.993s] -- Checking for module 'yaml-0.1'
[1.123s] --   Found yaml-0.1, version 0.2.5
[1.489s] -- Found rmw_implementation_cmake: 6.1.1 (/home/facuvulcano/miniconda3/envs/rosenv/share/rmw_implementation_cmake/cmake)
[1.492s] -- Found rmw_fastrtps_cpp: 6.2.6 (/home/facuvulcano/miniconda3/envs/rosenv/share/rmw_fastrtps_cpp/cmake)
[2.006s] -- Found OpenSSL: /home/facuvulcano/miniconda3/envs/rosenv/lib/libcrypto.so (found version "3.5.4")  
[2.032s] -- Found FastRTPS: /home/facuvulcano/miniconda3/envs/rosenv/include  
[2.074s] -- Using RMW implementation 'rmw_fastrtps_cpp' as default
[2.081s] -- Performing Test CMAKE_HAVE_LIBC_PTHREAD
[2.135s] -- Performing Test CMAKE_HAVE_LIBC_PTHREAD - Success
[2.136s] -- Found Threads: TRUE  
[2.213s] -- Found sensor_msgs: 4.2.3 (/home/facuvulcano/miniconda3/envs/rosenv/share/sensor_msgs/cmake)
[2.268s] -- Found tf2: 0.25.5 (/home/facuvulcano/miniconda3/envs/rosenv/share/tf2/cmake)
[2.277s] -- Found tf2_msgs: 0.25.5 (/home/facuvulcano/miniconda3/envs/rosenv/share/tf2_msgs/cmake)
[2.376s] -- Found turtlebot3_msgs: 2.2.3 (/home/facuvulcano/miniconda3/envs/rosenv/share/turtlebot3_msgs/cmake)
[2.477s] -- Configuring done (2.5s)
[2.483s] -- Generating done (0.0s)
[2.484s] -- Build files have been written to: /home/facuvulcano/workspace/build/turtlebot3_custom_simulation
