[0.068s] [34mcolcon[0m [1;30mDEBUG[0m [32mCommand line arguments: ['/home/facuvulcano/miniconda3/envs/rosenv/bin/colcon', 'build', '--packages-select', 'customome_code'][0m
[0.068s] [34mcolcon[0m [1;30mDEBUG[0m [32mParsed command line arguments: Namespace(log_base=None, log_level=None, verb_name='build', build_base='build', install_base='install', merge_install=False, symlink_install=False, test_result_base=None, continue_on_error=False, executor='parallel', parallel_workers=32, event_handlers=None, ignore_user_meta=False, metas=['./colcon.meta'], base_paths=['.'], packages_ignore=None, packages_ignore_regex=None, paths=None, packages_up_to=None, packages_up_to_regex=None, packages_above=None, packages_above_and_dependencies=None, packages_above_depth=None, packages_select_by_dep=None, packages_skip_by_dep=None, packages_skip_up_to=None, packages_select_build_failed=False, packages_skip_build_finished=False, packages_select_test_failures=False, packages_skip_test_passed=False, packages_select=['customome_code'], packages_skip=None, packages_select_regex=None, packages_skip_regex=None, packages_start=None, packages_end=None, cmake_args=None, cmake_target=None, cmake_target_skip_unavailable=False, cmake_clean_cache=False, cmake_clean_first=False, cmake_force_configure=False, ament_cmake_args=None, catkin_cmake_args=None, catkin_skip_building_tests=False, verb_parser=<colcon_defaults.argument_parser.defaults.DefaultArgumentsDecorator object at 0x746d54e553d0>, verb_extension=<colcon_core.verb.build.BuildVerb object at 0x746d54fc8c90>, main=<bound method BuildVerb.main of <colcon_core.verb.build.BuildVerb object at 0x746d54fc8c90>>)[0m
[0.086s] [34mcolcon.colcon_core.package_discovery[0m [1;30mLevel 1[0m discover_packages(colcon_meta) check parameters
[0.086s] [34mcolcon.colcon_core.package_discovery[0m [1;30mLevel 1[0m discover_packages(recursive) check parameters
[0.086s] [34mcolcon.colcon_core.package_discovery[0m [1;30mLevel 1[0m discover_packages(ignore) check parameters
[0.086s] [34mcolcon.colcon_core.package_discovery[0m [1;30mLevel 1[0m discover_packages(path) check parameters
[0.086s] [34mcolcon.colcon_core.package_discovery[0m [1;30mLevel 1[0m discover_packages(colcon_meta) discover
[0.086s] [34mcolcon.colcon_core.package_discovery[0m [1;30mLevel 1[0m discover_packages(recursive) discover
[0.086s] [34mcolcon.colcon_core.package_discovery[0m [1;30mINFO[0m Crawling recursively for packages in '/home/facuvulcano/workspace'
[0.086s] [34mcolcon.colcon_core.package_identification[0m [1;30mLevel 1[0m _identify(.) by extensions ['ignore', 'ignore_ament_install']
[0.086s] [34mcolcon.colcon_core.package_identification[0m [1;30mLevel 1[0m _identify(.) by extension 'ignore'
[0.087s] [34mcolcon.colcon_core.package_identification[0m [1;30mLevel 1[0m _identify(.) by extension 'ignore_ament_install'
[0.087s] [34mcolcon.colcon_core.package_identification[0m [1;30mLevel 1[0m _identify(.) by extensions ['colcon_pkg']
[0.087s] [34mcolcon.colcon_core.package_identification[0m [1;30mLevel 1[0m _identify(.) by extension 'colcon_pkg'
[0.087s] [34mcolcon.colcon_core.package_identification[0m [1;30mLevel 1[0m _identify(.) by extensions ['colcon_meta']
[0.087s] [34mcolcon.colcon_core.package_identification[0m [1;30mLevel 1[0m _identify(.) by extension 'colcon_meta'
[0.087s] [34mcolcon.colcon_core.package_identification[0m [1;30mLevel 1[0m _identify(.) by extensions ['ros']
[0.087s] [34mcolcon.colcon_core.package_identification[0m [1;30mLevel 1[0m _identify(.) by extension 'ros'
[0.099s] [34mcolcon.colcon_core.package_identification[0m [1;30mLevel 1[0m _identify(.) by extensions ['cmake', 'python']
[0.099s] [34mcolcon.colcon_core.package_identification[0m [1;30mLevel 1[0m _identify(.) by extension 'cmake'
[0.099s] [34mcolcon.colcon_core.package_identification[0m [1;30mLevel 1[0m _identify(.) by extension 'python'
[0.100s] [34mcolcon.colcon_core.package_identification[0m [1;30mLevel 1[0m _identify(.) by extensions ['python_setup_py']
[0.100s] [34mcolcon.colcon_core.package_identification[0m [1;30mLevel 1[0m _identify(.) by extension 'python_setup_py'
[0.100s] [34mcolcon.colcon_core.package_identification[0m [1;30mLevel 1[0m _identify(build) by extensions ['ignore', 'ignore_ament_install']
[0.100s] [34mcolcon.colcon_core.package_identification[0m [1;30mLevel 1[0m _identify(build) by extension 'ignore'
[0.100s] [34mcolcon.colcon_core.package_identification[0m [1;30mLevel 1[0m _identify(build) ignored
[0.100s] [34mcolcon.colcon_core.package_identification[0m [1;30mLevel 1[0m _identify(install) by extensions ['ignore', 'ignore_ament_install']
[0.100s] [34mcolcon.colcon_core.package_identification[0m [1;30mLevel 1[0m _identify(install) by extension 'ignore'
[0.100s] [34mcolcon.colcon_core.package_identification[0m [1;30mLevel 1[0m _identify(install) ignored
[0.100s] [34mcolcon.colcon_core.package_identification[0m [1;30mLevel 1[0m _identify(log) by extensions ['ignore', 'ignore_ament_install']
[0.100s] [34mcolcon.colcon_core.package_identification[0m [1;30mLevel 1[0m _identify(log) by extension 'ignore'
[0.100s] [34mcolcon.colcon_core.package_identification[0m [1;30mLevel 1[0m _identify(log) ignored
[0.100s] [34mcolcon.colcon_core.package_identification[0m [1;30mLevel 1[0m _identify(src) by extensions ['ignore', 'ignore_ament_install']
[0.100s] [34mcolcon.colcon_core.package_identification[0m [1;30mLevel 1[0m _identify(src) by extension 'ignore'
[0.100s] [34mcolcon.colcon_core.package_identification[0m [1;30mLevel 1[0m _identify(src) by extension 'ignore_ament_install'
[0.100s] [34mcolcon.colcon_core.package_identification[0m [1;30mLevel 1[0m _identify(src) by extensions ['colcon_pkg']
[0.100s] [34mcolcon.colcon_core.package_identification[0m [1;30mLevel 1[0m _identify(src) by extension 'colcon_pkg'
[0.100s] [34mcolcon.colcon_core.package_identification[0m [1;30mLevel 1[0m _identify(src) by extensions ['colcon_meta']
[0.100s] [34mcolcon.colcon_core.package_identification[0m [1;30mLevel 1[0m _identify(src) by extension 'colcon_meta'
[0.100s] [34mcolcon.colcon_core.package_identification[0m [1;30mLevel 1[0m _identify(src) by extensions ['ros']
[0.100s] [34mcolcon.colcon_core.package_identification[0m [1;30mLevel 1[0m _identify(src) by extension 'ros'
[0.100s] [34mcolcon.colcon_core.package_identification[0m [1;30mLevel 1[0m _identify(src) by extensions ['cmake', 'python']
[0.100s] [34mcolcon.colcon_core.package_identification[0m [1;30mLevel 1[0m _identify(src) by extension 'cmake'
[0.100s] [34mcolcon.colcon_core.package_identification[0m [1;30mLevel 1[0m _identify(src) by extension 'python'
[0.100s] [34mcolcon.colcon_core.package_identification[0m [1;30mLevel 1[0m _identify(src) by extensions ['python_setup_py']
[0.100s] [34mcolcon.colcon_core.package_identification[0m [1;30mLevel 1[0m _identify(src) by extension 'python_setup_py'
[0.100s] [34mcolcon.colcon_core.package_identification[0m [1;30mLevel 1[0m _identify(src/custom_code) by extensions ['ignore', 'ignore_ament_install']
[0.100s] [34mcolcon.colcon_core.package_identification[0m [1;30mLevel 1[0m _identify(src/custom_code) by extension 'ignore'
[0.100s] [34mcolcon.colcon_core.package_identification[0m [1;30mLevel 1[0m _identify(src/custom_code) by extension 'ignore_ament_install'
[0.100s] [34mcolcon.colcon_core.package_identification[0m [1;30mLevel 1[0m _identify(src/custom_code) by extensions ['colcon_pkg']
[0.100s] [34mcolcon.colcon_core.package_identification[0m [1;30mLevel 1[0m _identify(src/custom_code) by extension 'colcon_pkg'
[0.100s] [34mcolcon.colcon_core.package_identification[0m [1;30mLevel 1[0m _identify(src/custom_code) by extensions ['colcon_meta']
[0.100s] [34mcolcon.colcon_core.package_identification[0m [1;30mLevel 1[0m _identify(src/custom_code) by extension 'colcon_meta'
[0.100s] [34mcolcon.colcon_core.package_identification[0m [1;30mLevel 1[0m _identify(src/custom_code) by extensions ['ros']
[0.100s] [34mcolcon.colcon_core.package_identification[0m [1;30mLevel 1[0m _identify(src/custom_code) by extension 'ros'
[0.102s] [34mcolcon.colcon_core.package_identification[0m [1;30mDEBUG[0m [32mPackage 'src/custom_code' with type 'ros.ament_python' and name 'custom_code'[0m
[0.102s] [34mcolcon.colcon_core.package_identification[0m [1;30mLevel 1[0m _identify(src/custom_msgs) by extensions ['ignore', 'ignore_ament_install']
[0.102s] [34mcolcon.colcon_core.package_identification[0m [1;30mLevel 1[0m _identify(src/custom_msgs) by extension 'ignore'
[0.102s] [34mcolcon.colcon_core.package_identification[0m [1;30mLevel 1[0m _identify(src/custom_msgs) by extension 'ignore_ament_install'
[0.102s] [34mcolcon.colcon_core.package_identification[0m [1;30mLevel 1[0m _identify(src/custom_msgs) by extensions ['colcon_pkg']
[0.102s] [34mcolcon.colcon_core.package_identification[0m [1;30mLevel 1[0m _identify(src/custom_msgs) by extension 'colcon_pkg'
[0.102s] [34mcolcon.colcon_core.package_identification[0m [1;30mLevel 1[0m _identify(src/custom_msgs) by extensions ['colcon_meta']
[0.102s] [34mcolcon.colcon_core.package_identification[0m [1;30mLevel 1[0m _identify(src/custom_msgs) by extension 'colcon_meta'
[0.102s] [34mcolcon.colcon_core.package_identification[0m [1;30mLevel 1[0m _identify(src/custom_msgs) by extensions ['ros']
[0.102s] [34mcolcon.colcon_core.package_identification[0m [1;30mLevel 1[0m _identify(src/custom_msgs) by extension 'ros'
[0.102s] [34mcolcon.colcon_core.package_identification[0m [1;30mDEBUG[0m [32mPackage 'src/custom_msgs' with type 'ros.ament_cmake' and name 'custom_msgs'[0m
[0.102s] [34mcolcon.colcon_core.package_identification[0m [1;30mLevel 1[0m _identify(src/turtlebot3_custom_simulation) by extensions ['ignore', 'ignore_ament_install']
[0.102s] [34mcolcon.colcon_core.package_identification[0m [1;30mLevel 1[0m _identify(src/turtlebot3_custom_simulation) by extension 'ignore'
[0.103s] [34mcolcon.colcon_core.package_identification[0m [1;30mLevel 1[0m _identify(src/turtlebot3_custom_simulation) by extension 'ignore_ament_install'
[0.103s] [34mcolcon.colcon_core.package_identification[0m [1;30mLevel 1[0m _identify(src/turtlebot3_custom_simulation) by extensions ['colcon_pkg']
[0.103s] [34mcolcon.colcon_core.package_identification[0m [1;30mLevel 1[0m _identify(src/turtlebot3_custom_simulation) by extension 'colcon_pkg'
[0.103s] [34mcolcon.colcon_core.package_identification[0m [1;30mLevel 1[0m _identify(src/turtlebot3_custom_simulation) by extensions ['colcon_meta']
[0.103s] [34mcolcon.colcon_core.package_identification[0m [1;30mLevel 1[0m _identify(src/turtlebot3_custom_simulation) by extension 'colcon_meta'
[0.103s] [34mcolcon.colcon_core.package_identification[0m [1;30mLevel 1[0m _identify(src/turtlebot3_custom_simulation) by extensions ['ros']
[0.103s] [34mcolcon.colcon_core.package_identification[0m [1;30mLevel 1[0m _identify(src/turtlebot3_custom_simulation) by extension 'ros'
[0.103s] [34mcolcon.colcon_core.package_identification[0m [1;30mDEBUG[0m [32mPackage 'src/turtlebot3_custom_simulation' with type 'ros.ament_cmake' and name 'turtlebot3_custom_simulation'[0m
[0.103s] [34mcolcon.colcon_core.package_discovery[0m [1;30mLevel 1[0m discover_packages(recursive) using defaults
[0.103s] [34mcolcon.colcon_core.package_discovery[0m [1;30mLevel 1[0m discover_packages(ignore) discover
[0.103s] [34mcolcon.colcon_core.package_discovery[0m [1;30mLevel 1[0m discover_packages(ignore) using defaults
[0.103s] [34mcolcon.colcon_core.package_discovery[0m [1;30mLevel 1[0m discover_packages(path) discover
[0.103s] [34mcolcon.colcon_core.package_discovery[0m [1;30mLevel 1[0m discover_packages(path) using defaults
[0.103s] [34mcolcon.colcon_core.package_selection[0m [1;30mWARNING[0m [33mignoring unknown package 'customome_code' in --packages-select[0m
[0.112s] [34mcolcon.colcon_core.package_selection[0m [1;30mINFO[0m Skipping not selected package 'custom_msgs' in 'src/custom_msgs'
[0.112s] [34mcolcon.colcon_core.package_selection[0m [1;30mINFO[0m Skipping not selected package 'turtlebot3_custom_simulation' in 'src/turtlebot3_custom_simulation'
[0.112s] [34mcolcon.colcon_core.package_selection[0m [1;30mINFO[0m Skipping not selected package 'custom_code' in 'src/custom_code'
[0.112s] [34mcolcon.colcon_core.executor[0m [1;30mINFO[0m Executing jobs using 'parallel' executor
[0.113s] [34mcolcon.colcon_parallel_executor.executor.parallel[0m [1;30mDEBUG[0m [32mrun_until_complete[0m
[0.113s] [34mcolcon.colcon_parallel_executor.executor.parallel[0m [1;30mDEBUG[0m [32mclosing loop[0m
[0.113s] [34mcolcon.colcon_parallel_executor.executor.parallel[0m [1;30mDEBUG[0m [32mloop closed[0m
[0.113s] [34mcolcon.colcon_parallel_executor.executor.parallel[0m [1;30mDEBUG[0m [32mrun_until_complete finished with '0'[0m
[0.113s] [34mcolcon.colcon_core.event_reactor[0m [1;30mDEBUG[0m [32mjoining thread[0m
[0.113s] [34mcolcon.colcon_core.event_reactor[0m [1;30mDEBUG[0m [32mjoined thread[0m
[0.114s] [34mcolcon.colcon_core.plugin_system[0m [1;30mINFO[0m Skipping extension 'colcon_core.shell.bat': Not used on non-Windows systems
[0.114s] [34mcolcon.colcon_core.shell[0m [1;30mINFO[0m Creating prefix script '/home/facuvulcano/workspace/install/local_setup.ps1'
[0.114s] [34mcolcon.colcon_core.shell[0m [1;30mINFO[0m Creating prefix util module '/home/facuvulcano/workspace/install/_local_setup_util_ps1.py'
[0.115s] [34mcolcon.colcon_core.shell[0m [1;30mINFO[0m Creating prefix chain script '/home/facuvulcano/workspace/install/setup.ps1'
[0.115s] [34mcolcon.colcon_core.shell[0m [1;30mINFO[0m Creating prefix script '/home/facuvulcano/workspace/install/local_setup.sh'
[0.116s] [34mcolcon.colcon_core.shell[0m [1;30mINFO[0m Creating prefix util module '/home/facuvulcano/workspace/install/_local_setup_util_sh.py'
[0.116s] [34mcolcon.colcon_core.shell[0m [1;30mINFO[0m Creating prefix chain script '/home/facuvulcano/workspace/install/setup.sh'
[0.116s] [34mcolcon.colcon_core.shell[0m [1;30mINFO[0m Creating prefix script '/home/facuvulcano/workspace/install/local_setup.bash'
[0.116s] [34mcolcon.colcon_core.shell[0m [1;30mINFO[0m Creating prefix chain script '/home/facuvulcano/workspace/install/setup.bash'
[0.117s] [34mcolcon.colcon_core.shell[0m [1;30mINFO[0m Creating prefix script '/home/facuvulcano/workspace/install/local_setup.zsh'
[0.117s] [34mcolcon.colcon_core.shell[0m [1;30mINFO[0m Creating prefix chain script '/home/facuvulcano/workspace/install/setup.zsh'
