[0.046s] DEBUG:colcon:Command line arguments: ['/usr/bin/colcon', 'build', '--symlink-install']
[0.047s] DEBUG:colcon:Parsed command line arguments: Namespace(log_base=None, log_level=None, verb_name='build', build_base='build', install_base='install', merge_install=False, symlink_install=True, test_result_base=None, continue_on_error=False, executor='parallel', parallel_workers=28, event_handlers=None, ignore_user_meta=False, metas=['./colcon.meta'], base_paths=['.'], packages_ignore=None, packages_ignore_regex=None, paths=None, packages_up_to=None, packages_up_to_regex=None, packages_above=None, packages_above_and_dependencies=None, packages_above_depth=None, packages_select_by_dep=None, packages_skip_by_dep=None, packages_skip_up_to=None, packages_select_build_failed=False, packages_skip_build_finished=False, packages_select_test_failures=False, packages_skip_test_passed=False, packages_select=None, packages_skip=None, packages_select_regex=None, packages_skip_regex=None, packages_start=None, packages_end=None, allow_overriding=[], cmake_args=None, cmake_target=None, cmake_target_skip_unavailable=False, cmake_clean_cache=False, cmake_clean_first=False, cmake_force_configure=False, ament_cmake_args=None, catkin_cmake_args=None, catkin_skip_building_tests=False, mixin_files=None, mixin=None, verb_parser=<colcon_mixin.mixin.mixin_argument.MixinArgumentDecorator object at 0x70cb76037d30>, verb_extension=<colcon_core.verb.build.BuildVerb object at 0x70cb76037880>, main=<bound method BuildVerb.main of <colcon_core.verb.build.BuildVerb object at 0x70cb76037880>>, mixin_verb=('build',))
[0.115s] Level 1:colcon.colcon_core.package_discovery:discover_packages(colcon_meta) check parameters
[0.115s] Level 1:colcon.colcon_core.package_discovery:discover_packages(recursive) check parameters
[0.115s] Level 1:colcon.colcon_core.package_discovery:discover_packages(ignore) check parameters
[0.115s] Level 1:colcon.colcon_core.package_discovery:discover_packages(path) check parameters
[0.115s] Level 1:colcon.colcon_core.package_discovery:discover_packages(colcon_meta) discover
[0.115s] Level 1:colcon.colcon_core.package_discovery:discover_packages(recursive) discover
[0.115s] INFO:colcon.colcon_core.package_discovery:Crawling recursively for packages in '/home/alumno1/workspace'
[0.115s] Level 1:colcon.colcon_core.package_identification:_identify(.) by extensions ['ignore', 'ignore_ament_install']
[0.115s] Level 1:colcon.colcon_core.package_identification:_identify(.) by extension 'ignore'
[0.115s] Level 1:colcon.colcon_core.package_identification:_identify(.) by extension 'ignore_ament_install'
[0.115s] Level 1:colcon.colcon_core.package_identification:_identify(.) by extensions ['colcon_pkg']
[0.115s] Level 1:colcon.colcon_core.package_identification:_identify(.) by extension 'colcon_pkg'
[0.115s] Level 1:colcon.colcon_core.package_identification:_identify(.) by extensions ['colcon_meta']
[0.115s] Level 1:colcon.colcon_core.package_identification:_identify(.) by extension 'colcon_meta'
[0.115s] Level 1:colcon.colcon_core.package_identification:_identify(.) by extensions ['ros']
[0.115s] Level 1:colcon.colcon_core.package_identification:_identify(.) by extension 'ros'
[0.120s] Level 1:colcon.colcon_core.package_identification:_identify(.) by extensions ['cmake', 'python']
[0.120s] Level 1:colcon.colcon_core.package_identification:_identify(.) by extension 'cmake'
[0.120s] Level 1:colcon.colcon_core.package_identification:_identify(.) by extension 'python'
[0.120s] Level 1:colcon.colcon_core.package_identification:_identify(.) by extensions ['python_setup_py']
[0.120s] Level 1:colcon.colcon_core.package_identification:_identify(.) by extension 'python_setup_py'
[0.120s] Level 1:colcon.colcon_core.package_identification:_identify(build) by extensions ['ignore', 'ignore_ament_install']
[0.120s] Level 1:colcon.colcon_core.package_identification:_identify(build) by extension 'ignore'
[0.120s] Level 1:colcon.colcon_core.package_identification:_identify(build) ignored
[0.120s] Level 1:colcon.colcon_core.package_identification:_identify(install) by extensions ['ignore', 'ignore_ament_install']
[0.120s] Level 1:colcon.colcon_core.package_identification:_identify(install) by extension 'ignore'
[0.120s] Level 1:colcon.colcon_core.package_identification:_identify(install) ignored
[0.120s] Level 1:colcon.colcon_core.package_identification:_identify(log) by extensions ['ignore', 'ignore_ament_install']
[0.120s] Level 1:colcon.colcon_core.package_identification:_identify(log) by extension 'ignore'
[0.120s] Level 1:colcon.colcon_core.package_identification:_identify(log) ignored
[0.120s] Level 1:colcon.colcon_core.package_identification:_identify(src) by extensions ['ignore', 'ignore_ament_install']
[0.120s] Level 1:colcon.colcon_core.package_identification:_identify(src) by extension 'ignore'
[0.120s] Level 1:colcon.colcon_core.package_identification:_identify(src) by extension 'ignore_ament_install'
[0.121s] Level 1:colcon.colcon_core.package_identification:_identify(src) by extensions ['colcon_pkg']
[0.121s] Level 1:colcon.colcon_core.package_identification:_identify(src) by extension 'colcon_pkg'
[0.121s] Level 1:colcon.colcon_core.package_identification:_identify(src) by extensions ['colcon_meta']
[0.121s] Level 1:colcon.colcon_core.package_identification:_identify(src) by extension 'colcon_meta'
[0.121s] Level 1:colcon.colcon_core.package_identification:_identify(src) by extensions ['ros']
[0.121s] Level 1:colcon.colcon_core.package_identification:_identify(src) by extension 'ros'
[0.121s] Level 1:colcon.colcon_core.package_identification:_identify(src) by extensions ['cmake', 'python']
[0.121s] Level 1:colcon.colcon_core.package_identification:_identify(src) by extension 'cmake'
[0.121s] Level 1:colcon.colcon_core.package_identification:_identify(src) by extension 'python'
[0.121s] Level 1:colcon.colcon_core.package_identification:_identify(src) by extensions ['python_setup_py']
[0.121s] Level 1:colcon.colcon_core.package_identification:_identify(src) by extension 'python_setup_py'
[0.121s] Level 1:colcon.colcon_core.package_identification:_identify(src/custom_code) by extensions ['ignore', 'ignore_ament_install']
[0.121s] Level 1:colcon.colcon_core.package_identification:_identify(src/custom_code) by extension 'ignore'
[0.121s] Level 1:colcon.colcon_core.package_identification:_identify(src/custom_code) by extension 'ignore_ament_install'
[0.121s] Level 1:colcon.colcon_core.package_identification:_identify(src/custom_code) by extensions ['colcon_pkg']
[0.121s] Level 1:colcon.colcon_core.package_identification:_identify(src/custom_code) by extension 'colcon_pkg'
[0.121s] Level 1:colcon.colcon_core.package_identification:_identify(src/custom_code) by extensions ['colcon_meta']
[0.121s] Level 1:colcon.colcon_core.package_identification:_identify(src/custom_code) by extension 'colcon_meta'
[0.121s] Level 1:colcon.colcon_core.package_identification:_identify(src/custom_code) by extensions ['ros']
[0.121s] Level 1:colcon.colcon_core.package_identification:_identify(src/custom_code) by extension 'ros'
[0.122s] DEBUG:colcon.colcon_core.package_identification:Package 'src/custom_code' with type 'ros.ament_python' and name 'custom_code'
[0.122s] Level 1:colcon.colcon_core.package_identification:_identify(src/custom_msgs) by extensions ['ignore', 'ignore_ament_install']
[0.122s] Level 1:colcon.colcon_core.package_identification:_identify(src/custom_msgs) by extension 'ignore'
[0.122s] Level 1:colcon.colcon_core.package_identification:_identify(src/custom_msgs) by extension 'ignore_ament_install'
[0.122s] Level 1:colcon.colcon_core.package_identification:_identify(src/custom_msgs) by extensions ['colcon_pkg']
[0.122s] Level 1:colcon.colcon_core.package_identification:_identify(src/custom_msgs) by extension 'colcon_pkg'
[0.122s] Level 1:colcon.colcon_core.package_identification:_identify(src/custom_msgs) by extensions ['colcon_meta']
[0.122s] Level 1:colcon.colcon_core.package_identification:_identify(src/custom_msgs) by extension 'colcon_meta'
[0.122s] Level 1:colcon.colcon_core.package_identification:_identify(src/custom_msgs) by extensions ['ros']
[0.122s] Level 1:colcon.colcon_core.package_identification:_identify(src/custom_msgs) by extension 'ros'
[0.123s] DEBUG:colcon.colcon_core.package_identification:Package 'src/custom_msgs' with type 'ros.ament_cmake' and name 'custom_msgs'
[0.123s] Level 1:colcon.colcon_core.package_identification:_identify(src/turtlebot3_custom_simulation) by extensions ['ignore', 'ignore_ament_install']
[0.123s] Level 1:colcon.colcon_core.package_identification:_identify(src/turtlebot3_custom_simulation) by extension 'ignore'
[0.123s] Level 1:colcon.colcon_core.package_identification:_identify(src/turtlebot3_custom_simulation) by extension 'ignore_ament_install'
[0.123s] Level 1:colcon.colcon_core.package_identification:_identify(src/turtlebot3_custom_simulation) by extensions ['colcon_pkg']
[0.123s] Level 1:colcon.colcon_core.package_identification:_identify(src/turtlebot3_custom_simulation) by extension 'colcon_pkg'
[0.123s] Level 1:colcon.colcon_core.package_identification:_identify(src/turtlebot3_custom_simulation) by extensions ['colcon_meta']
[0.123s] Level 1:colcon.colcon_core.package_identification:_identify(src/turtlebot3_custom_simulation) by extension 'colcon_meta'
[0.123s] Level 1:colcon.colcon_core.package_identification:_identify(src/turtlebot3_custom_simulation) by extensions ['ros']
[0.123s] Level 1:colcon.colcon_core.package_identification:_identify(src/turtlebot3_custom_simulation) by extension 'ros'
[0.124s] DEBUG:colcon.colcon_core.package_identification:Package 'src/turtlebot3_custom_simulation' with type 'ros.ament_cmake' and name 'turtlebot3_custom_simulation'
[0.124s] Level 1:colcon.colcon_core.package_identification:_identify(src/turtlebot3_obstacle_avoidance) by extensions ['ignore', 'ignore_ament_install']
[0.124s] Level 1:colcon.colcon_core.package_identification:_identify(src/turtlebot3_obstacle_avoidance) by extension 'ignore'
[0.124s] Level 1:colcon.colcon_core.package_identification:_identify(src/turtlebot3_obstacle_avoidance) by extension 'ignore_ament_install'
[0.124s] Level 1:colcon.colcon_core.package_identification:_identify(src/turtlebot3_obstacle_avoidance) by extensions ['colcon_pkg']
[0.124s] Level 1:colcon.colcon_core.package_identification:_identify(src/turtlebot3_obstacle_avoidance) by extension 'colcon_pkg'
[0.124s] Level 1:colcon.colcon_core.package_identification:_identify(src/turtlebot3_obstacle_avoidance) by extensions ['colcon_meta']
[0.124s] Level 1:colcon.colcon_core.package_identification:_identify(src/turtlebot3_obstacle_avoidance) by extension 'colcon_meta'
[0.124s] Level 1:colcon.colcon_core.package_identification:_identify(src/turtlebot3_obstacle_avoidance) by extensions ['ros']
[0.124s] Level 1:colcon.colcon_core.package_identification:_identify(src/turtlebot3_obstacle_avoidance) by extension 'ros'
[0.124s] DEBUG:colcon.colcon_core.package_identification:Package 'src/turtlebot3_obstacle_avoidance' with type 'ros.ament_python' and name 'turtlebot3_obstacle_avoidance'
[0.124s] Level 1:colcon.colcon_core.package_discovery:discover_packages(recursive) using defaults
[0.124s] Level 1:colcon.colcon_core.package_discovery:discover_packages(ignore) discover
[0.124s] Level 1:colcon.colcon_core.package_discovery:discover_packages(ignore) using defaults
[0.124s] Level 1:colcon.colcon_core.package_discovery:discover_packages(path) discover
[0.124s] Level 1:colcon.colcon_core.package_discovery:discover_packages(path) using defaults
[0.137s] Level 1:colcon.colcon_core.package_discovery:discover_packages(prefix_path) check parameters
[0.137s] Level 1:colcon.colcon_core.package_discovery:discover_packages(prefix_path) discover
[0.138s] DEBUG:colcon.colcon_installed_package_information.package_discovery:Found 4 installed packages in /home/alumno1/workspace/install
[0.138s] DEBUG:colcon.colcon_installed_package_information.package_discovery:Found 16 installed packages in /home/alumno1/turtlebot3_ws/install
[0.139s] DEBUG:colcon.colcon_installed_package_information.package_discovery:Found 363 installed packages in /opt/ros/humble
[0.139s] Level 1:colcon.colcon_core.package_discovery:discover_packages(prefix_path) using defaults
[0.157s] Level 5:colcon.colcon_core.verb:set package 'custom_msgs' build argument 'cmake_args' from command line to 'None'
[0.157s] Level 5:colcon.colcon_core.verb:set package 'custom_msgs' build argument 'cmake_target' from command line to 'None'
[0.157s] Level 5:colcon.colcon_core.verb:set package 'custom_msgs' build argument 'cmake_target_skip_unavailable' from command line to 'False'
[0.157s] Level 5:colcon.colcon_core.verb:set package 'custom_msgs' build argument 'cmake_clean_cache' from command line to 'False'
[0.157s] Level 5:colcon.colcon_core.verb:set package 'custom_msgs' build argument 'cmake_clean_first' from command line to 'False'
[0.157s] Level 5:colcon.colcon_core.verb:set package 'custom_msgs' build argument 'cmake_force_configure' from command line to 'False'
[0.157s] Level 5:colcon.colcon_core.verb:set package 'custom_msgs' build argument 'ament_cmake_args' from command line to 'None'
[0.157s] Level 5:colcon.colcon_core.verb:set package 'custom_msgs' build argument 'catkin_cmake_args' from command line to 'None'
[0.157s] Level 5:colcon.colcon_core.verb:set package 'custom_msgs' build argument 'catkin_skip_building_tests' from command line to 'False'
[0.157s] DEBUG:colcon.colcon_core.verb:Building package 'custom_msgs' with the following arguments: {'ament_cmake_args': None, 'build_base': '/home/alumno1/workspace/build/custom_msgs', 'catkin_cmake_args': None, 'catkin_skip_building_tests': False, 'cmake_args': None, 'cmake_clean_cache': False, 'cmake_clean_first': False, 'cmake_force_configure': False, 'cmake_target': None, 'cmake_target_skip_unavailable': False, 'install_base': '/home/alumno1/workspace/install/custom_msgs', 'merge_install': False, 'path': '/home/alumno1/workspace/src/custom_msgs', 'symlink_install': True, 'test_result_base': None}
[0.157s] Level 5:colcon.colcon_core.verb:set package 'turtlebot3_custom_simulation' build argument 'cmake_args' from command line to 'None'
[0.157s] Level 5:colcon.colcon_core.verb:set package 'turtlebot3_custom_simulation' build argument 'cmake_target' from command line to 'None'
[0.157s] Level 5:colcon.colcon_core.verb:set package 'turtlebot3_custom_simulation' build argument 'cmake_target_skip_unavailable' from command line to 'False'
[0.157s] Level 5:colcon.colcon_core.verb:set package 'turtlebot3_custom_simulation' build argument 'cmake_clean_cache' from command line to 'False'
[0.157s] Level 5:colcon.colcon_core.verb:set package 'turtlebot3_custom_simulation' build argument 'cmake_clean_first' from command line to 'False'
[0.157s] Level 5:colcon.colcon_core.verb:set package 'turtlebot3_custom_simulation' build argument 'cmake_force_configure' from command line to 'False'
[0.157s] Level 5:colcon.colcon_core.verb:set package 'turtlebot3_custom_simulation' build argument 'ament_cmake_args' from command line to 'None'
[0.157s] Level 5:colcon.colcon_core.verb:set package 'turtlebot3_custom_simulation' build argument 'catkin_cmake_args' from command line to 'None'
[0.157s] Level 5:colcon.colcon_core.verb:set package 'turtlebot3_custom_simulation' build argument 'catkin_skip_building_tests' from command line to 'False'
[0.157s] DEBUG:colcon.colcon_core.verb:Building package 'turtlebot3_custom_simulation' with the following arguments: {'ament_cmake_args': None, 'build_base': '/home/alumno1/workspace/build/turtlebot3_custom_simulation', 'catkin_cmake_args': None, 'catkin_skip_building_tests': False, 'cmake_args': None, 'cmake_clean_cache': False, 'cmake_clean_first': False, 'cmake_force_configure': False, 'cmake_target': None, 'cmake_target_skip_unavailable': False, 'install_base': '/home/alumno1/workspace/install/turtlebot3_custom_simulation', 'merge_install': False, 'path': '/home/alumno1/workspace/src/turtlebot3_custom_simulation', 'symlink_install': True, 'test_result_base': None}
[0.158s] Level 5:colcon.colcon_core.verb:set package 'turtlebot3_obstacle_avoidance' build argument 'cmake_args' from command line to 'None'
[0.158s] Level 5:colcon.colcon_core.verb:set package 'turtlebot3_obstacle_avoidance' build argument 'cmake_target' from command line to 'None'
[0.158s] Level 5:colcon.colcon_core.verb:set package 'turtlebot3_obstacle_avoidance' build argument 'cmake_target_skip_unavailable' from command line to 'False'
[0.158s] Level 5:colcon.colcon_core.verb:set package 'turtlebot3_obstacle_avoidance' build argument 'cmake_clean_cache' from command line to 'False'
[0.158s] Level 5:colcon.colcon_core.verb:set package 'turtlebot3_obstacle_avoidance' build argument 'cmake_clean_first' from command line to 'False'
[0.158s] Level 5:colcon.colcon_core.verb:set package 'turtlebot3_obstacle_avoidance' build argument 'cmake_force_configure' from command line to 'False'
[0.158s] Level 5:colcon.colcon_core.verb:set package 'turtlebot3_obstacle_avoidance' build argument 'ament_cmake_args' from command line to 'None'
[0.158s] Level 5:colcon.colcon_core.verb:set package 'turtlebot3_obstacle_avoidance' build argument 'catkin_cmake_args' from command line to 'None'
[0.158s] Level 5:colcon.colcon_core.verb:set package 'turtlebot3_obstacle_avoidance' build argument 'catkin_skip_building_tests' from command line to 'False'
[0.158s] DEBUG:colcon.colcon_core.verb:Building package 'turtlebot3_obstacle_avoidance' with the following arguments: {'ament_cmake_args': None, 'build_base': '/home/alumno1/workspace/build/turtlebot3_obstacle_avoidance', 'catkin_cmake_args': None, 'catkin_skip_building_tests': False, 'cmake_args': None, 'cmake_clean_cache': False, 'cmake_clean_first': False, 'cmake_force_configure': False, 'cmake_target': None, 'cmake_target_skip_unavailable': False, 'install_base': '/home/alumno1/workspace/install/turtlebot3_obstacle_avoidance', 'merge_install': False, 'path': '/home/alumno1/workspace/src/turtlebot3_obstacle_avoidance', 'symlink_install': True, 'test_result_base': None}
[0.158s] Level 5:colcon.colcon_core.verb:set package 'custom_code' build argument 'cmake_args' from command line to 'None'
[0.158s] Level 5:colcon.colcon_core.verb:set package 'custom_code' build argument 'cmake_target' from command line to 'None'
[0.158s] Level 5:colcon.colcon_core.verb:set package 'custom_code' build argument 'cmake_target_skip_unavailable' from command line to 'False'
[0.158s] Level 5:colcon.colcon_core.verb:set package 'custom_code' build argument 'cmake_clean_cache' from command line to 'False'
[0.158s] Level 5:colcon.colcon_core.verb:set package 'custom_code' build argument 'cmake_clean_first' from command line to 'False'
[0.158s] Level 5:colcon.colcon_core.verb:set package 'custom_code' build argument 'cmake_force_configure' from command line to 'False'
[0.158s] Level 5:colcon.colcon_core.verb:set package 'custom_code' build argument 'ament_cmake_args' from command line to 'None'
[0.158s] Level 5:colcon.colcon_core.verb:set package 'custom_code' build argument 'catkin_cmake_args' from command line to 'None'
[0.158s] Level 5:colcon.colcon_core.verb:set package 'custom_code' build argument 'catkin_skip_building_tests' from command line to 'False'
[0.158s] DEBUG:colcon.colcon_core.verb:Building package 'custom_code' with the following arguments: {'ament_cmake_args': None, 'build_base': '/home/alumno1/workspace/build/custom_code', 'catkin_cmake_args': None, 'catkin_skip_building_tests': False, 'cmake_args': None, 'cmake_clean_cache': False, 'cmake_clean_first': False, 'cmake_force_configure': False, 'cmake_target': None, 'cmake_target_skip_unavailable': False, 'install_base': '/home/alumno1/workspace/install/custom_code', 'merge_install': False, 'path': '/home/alumno1/workspace/src/custom_code', 'symlink_install': True, 'test_result_base': None}
[0.158s] INFO:colcon.colcon_core.executor:Executing jobs using 'parallel' executor
[0.158s] DEBUG:colcon.colcon_parallel_executor.executor.parallel:run_until_complete
[0.158s] INFO:colcon.colcon_ros.task.ament_cmake.build:Building ROS package in '/home/alumno1/workspace/src/custom_msgs' with build type 'ament_cmake'
[0.159s] INFO:colcon.colcon_cmake.task.cmake.build:Building CMake package in '/home/alumno1/workspace/src/custom_msgs'
[0.159s] INFO:colcon.colcon_core.plugin_system:Skipping extension 'colcon_core.shell.bat': Not used on non-Windows systems
[0.160s] INFO:colcon.colcon_core.shell:Skip shell extension 'powershell' for command environment: Not usable outside of PowerShell
[0.160s] DEBUG:colcon.colcon_core.shell:Skip shell extension 'dsv' for command environment
[0.162s] INFO:colcon.colcon_ros.task.ament_cmake.build:Building ROS package in '/home/alumno1/workspace/src/turtlebot3_custom_simulation' with build type 'ament_cmake'
[0.162s] INFO:colcon.colcon_cmake.task.cmake.build:Building CMake package in '/home/alumno1/workspace/src/turtlebot3_custom_simulation'
[0.162s] INFO:colcon.colcon_core.shell:Skip shell extension 'powershell' for command environment: Not usable outside of PowerShell
[0.162s] DEBUG:colcon.colcon_core.shell:Skip shell extension 'dsv' for command environment
[0.163s] INFO:colcon.colcon_ros.task.ament_python.build:Building ROS package in '/home/alumno1/workspace/src/turtlebot3_obstacle_avoidance' with build type 'ament_python'
[0.163s] Level 1:colcon.colcon_core.shell:create_environment_hook('turtlebot3_obstacle_avoidance', 'ament_prefix_path')
[0.164s] INFO:colcon.colcon_core.shell:Creating environment hook '/home/alumno1/workspace/install/turtlebot3_obstacle_avoidance/share/turtlebot3_obstacle_avoidance/hook/ament_prefix_path.ps1'
[0.164s] INFO:colcon.colcon_core.shell:Creating environment descriptor '/home/alumno1/workspace/install/turtlebot3_obstacle_avoidance/share/turtlebot3_obstacle_avoidance/hook/ament_prefix_path.dsv'
[0.164s] INFO:colcon.colcon_core.shell:Creating environment hook '/home/alumno1/workspace/install/turtlebot3_obstacle_avoidance/share/turtlebot3_obstacle_avoidance/hook/ament_prefix_path.sh'
[0.164s] INFO:colcon.colcon_core.shell:Skip shell extension 'powershell' for command environment: Not usable outside of PowerShell
[0.164s] DEBUG:colcon.colcon_core.shell:Skip shell extension 'dsv' for command environment
[0.168s] DEBUG:colcon.colcon_core.event_handler.log_command:Invoking command in '/home/alumno1/workspace/build/custom_msgs': CMAKE_PREFIX_PATH=${CMAKE_PREFIX_PATH}:/home/alumno1/workspace/install/turtlebot3_obstacle_avoidance:/home/alumno1/workspace/install/custom_code:/home/alumno1/turtlebot3_ws/install/turtlebot3_teleop:/home/alumno1/turtlebot3_ws/install/turtlebot3_example:/opt/ros/humble /usr/bin/cmake --build /home/alumno1/workspace/build/custom_msgs -- -j28 -l28
[0.170s] DEBUG:colcon.colcon_core.event_handler.log_command:Invoking command in '/home/alumno1/workspace/build/turtlebot3_custom_simulation': CMAKE_PREFIX_PATH=${CMAKE_PREFIX_PATH}:/home/alumno1/workspace/install/turtlebot3_obstacle_avoidance:/home/alumno1/workspace/install/custom_code:/home/alumno1/turtlebot3_ws/install/turtlebot3_teleop:/home/alumno1/turtlebot3_ws/install/turtlebot3_example:/opt/ros/humble /usr/bin/cmake --build /home/alumno1/workspace/build/turtlebot3_custom_simulation -- -j28 -l28
[0.293s] INFO:colcon.colcon_core.task.python.build:Building Python package in '/home/alumno1/workspace/src/turtlebot3_obstacle_avoidance'
[0.293s] INFO:colcon.colcon_core.shell:Skip shell extension 'powershell' for command environment: Not usable outside of PowerShell
[0.293s] DEBUG:colcon.colcon_core.shell:Skip shell extension 'dsv' for command environment
[0.296s] DEBUG:colcon.colcon_core.event_handler.log_command:Invoked command in '/home/alumno1/workspace/build/turtlebot3_custom_simulation' returned '0': CMAKE_PREFIX_PATH=${CMAKE_PREFIX_PATH}:/home/alumno1/workspace/install/turtlebot3_obstacle_avoidance:/home/alumno1/workspace/install/custom_code:/home/alumno1/turtlebot3_ws/install/turtlebot3_teleop:/home/alumno1/turtlebot3_ws/install/turtlebot3_example:/opt/ros/humble /usr/bin/cmake --build /home/alumno1/workspace/build/turtlebot3_custom_simulation -- -j28 -l28
[0.303s] DEBUG:colcon.colcon_core.event_handler.log_command:Invoking command in '/home/alumno1/workspace/build/turtlebot3_custom_simulation': CMAKE_PREFIX_PATH=${CMAKE_PREFIX_PATH}:/home/alumno1/workspace/install/turtlebot3_obstacle_avoidance:/home/alumno1/workspace/install/custom_code:/home/alumno1/turtlebot3_ws/install/turtlebot3_teleop:/home/alumno1/turtlebot3_ws/install/turtlebot3_example:/opt/ros/humble /usr/bin/cmake --install /home/alumno1/workspace/build/turtlebot3_custom_simulation
[0.313s] Level 1:colcon.colcon_core.environment:create_environment_scripts_only(turtlebot3_custom_simulation)
[0.313s] DEBUG:colcon.colcon_core.event_handler.log_command:Invoked command in '/home/alumno1/workspace/build/turtlebot3_custom_simulation' returned '0': CMAKE_PREFIX_PATH=${CMAKE_PREFIX_PATH}:/home/alumno1/workspace/install/turtlebot3_obstacle_avoidance:/home/alumno1/workspace/install/custom_code:/home/alumno1/turtlebot3_ws/install/turtlebot3_teleop:/home/alumno1/turtlebot3_ws/install/turtlebot3_example:/opt/ros/humble /usr/bin/cmake --install /home/alumno1/workspace/build/turtlebot3_custom_simulation
[0.315s] Level 1:colcon.colcon_core.environment:checking '/home/alumno1/workspace/install/turtlebot3_custom_simulation' for CMake module files
[0.315s] Level 1:colcon.colcon_core.environment:checking '/home/alumno1/workspace/install/turtlebot3_custom_simulation' for CMake config files
[0.316s] Level 1:colcon.colcon_core.shell:create_environment_hook('turtlebot3_custom_simulation', 'cmake_prefix_path')
[0.316s] INFO:colcon.colcon_core.shell:Creating environment hook '/home/alumno1/workspace/install/turtlebot3_custom_simulation/share/turtlebot3_custom_simulation/hook/cmake_prefix_path.ps1'
[0.316s] INFO:colcon.colcon_core.shell:Creating environment descriptor '/home/alumno1/workspace/install/turtlebot3_custom_simulation/share/turtlebot3_custom_simulation/hook/cmake_prefix_path.dsv'
[0.316s] INFO:colcon.colcon_core.shell:Creating environment hook '/home/alumno1/workspace/install/turtlebot3_custom_simulation/share/turtlebot3_custom_simulation/hook/cmake_prefix_path.sh'
[0.317s] Level 1:colcon.colcon_core.environment:checking '/home/alumno1/workspace/install/turtlebot3_custom_simulation/lib'
[0.317s] Level 1:colcon.colcon_core.environment:checking '/home/alumno1/workspace/install/turtlebot3_custom_simulation/bin'
[0.317s] Level 1:colcon.colcon_core.environment:checking '/home/alumno1/workspace/install/turtlebot3_custom_simulation/lib/pkgconfig/turtlebot3_custom_simulation.pc'
[0.317s] Level 1:colcon.colcon_core.environment:checking '/home/alumno1/workspace/install/turtlebot3_custom_simulation/lib/python3.10/site-packages'
[0.317s] Level 1:colcon.colcon_core.environment:checking '/home/alumno1/workspace/install/turtlebot3_custom_simulation/bin'
[0.318s] INFO:colcon.colcon_core.shell:Creating package script '/home/alumno1/workspace/install/turtlebot3_custom_simulation/share/turtlebot3_custom_simulation/package.ps1'
[0.318s] INFO:colcon.colcon_core.shell:Creating package descriptor '/home/alumno1/workspace/install/turtlebot3_custom_simulation/share/turtlebot3_custom_simulation/package.dsv'
[0.318s] INFO:colcon.colcon_core.shell:Creating package script '/home/alumno1/workspace/install/turtlebot3_custom_simulation/share/turtlebot3_custom_simulation/package.sh'
[0.319s] INFO:colcon.colcon_core.shell:Creating package script '/home/alumno1/workspace/install/turtlebot3_custom_simulation/share/turtlebot3_custom_simulation/package.bash'
[0.319s] INFO:colcon.colcon_core.shell:Creating package script '/home/alumno1/workspace/install/turtlebot3_custom_simulation/share/turtlebot3_custom_simulation/package.zsh'
[0.320s] Level 1:colcon.colcon_core.environment:create_file_with_runtime_dependencies(/home/alumno1/workspace/install/turtlebot3_custom_simulation/share/colcon-core/packages/turtlebot3_custom_simulation)
[0.320s] Level 1:colcon.colcon_core.environment:create_environment_scripts_only(turtlebot3_custom_simulation)
[0.320s] Level 1:colcon.colcon_core.environment:checking '/home/alumno1/workspace/install/turtlebot3_custom_simulation' for CMake module files
[0.321s] Level 1:colcon.colcon_core.environment:checking '/home/alumno1/workspace/install/turtlebot3_custom_simulation' for CMake config files
[0.321s] Level 1:colcon.colcon_core.shell:create_environment_hook('turtlebot3_custom_simulation', 'cmake_prefix_path')
[0.321s] INFO:colcon.colcon_core.shell:Creating environment hook '/home/alumno1/workspace/install/turtlebot3_custom_simulation/share/turtlebot3_custom_simulation/hook/cmake_prefix_path.ps1'
[0.321s] INFO:colcon.colcon_core.shell:Creating environment descriptor '/home/alumno1/workspace/install/turtlebot3_custom_simulation/share/turtlebot3_custom_simulation/hook/cmake_prefix_path.dsv'
[0.322s] INFO:colcon.colcon_core.shell:Creating environment hook '/home/alumno1/workspace/install/turtlebot3_custom_simulation/share/turtlebot3_custom_simulation/hook/cmake_prefix_path.sh'
[0.322s] Level 1:colcon.colcon_core.environment:checking '/home/alumno1/workspace/install/turtlebot3_custom_simulation/lib'
[0.322s] Level 1:colcon.colcon_core.environment:checking '/home/alumno1/workspace/install/turtlebot3_custom_simulation/bin'
[0.322s] Level 1:colcon.colcon_core.environment:checking '/home/alumno1/workspace/install/turtlebot3_custom_simulation/lib/pkgconfig/turtlebot3_custom_simulation.pc'
[0.322s] Level 1:colcon.colcon_core.environment:checking '/home/alumno1/workspace/install/turtlebot3_custom_simulation/lib/python3.10/site-packages'
[0.323s] Level 1:colcon.colcon_core.environment:checking '/home/alumno1/workspace/install/turtlebot3_custom_simulation/bin'
[0.323s] INFO:colcon.colcon_core.shell:Creating package script '/home/alumno1/workspace/install/turtlebot3_custom_simulation/share/turtlebot3_custom_simulation/package.ps1'
[0.323s] INFO:colcon.colcon_core.shell:Creating package descriptor '/home/alumno1/workspace/install/turtlebot3_custom_simulation/share/turtlebot3_custom_simulation/package.dsv'
[0.323s] INFO:colcon.colcon_core.shell:Creating package script '/home/alumno1/workspace/install/turtlebot3_custom_simulation/share/turtlebot3_custom_simulation/package.sh'
[0.323s] INFO:colcon.colcon_core.shell:Creating package script '/home/alumno1/workspace/install/turtlebot3_custom_simulation/share/turtlebot3_custom_simulation/package.bash'
[0.323s] INFO:colcon.colcon_core.shell:Creating package script '/home/alumno1/workspace/install/turtlebot3_custom_simulation/share/turtlebot3_custom_simulation/package.zsh'
[0.324s] Level 1:colcon.colcon_core.environment:create_file_with_runtime_dependencies(/home/alumno1/workspace/install/turtlebot3_custom_simulation/share/colcon-core/packages/turtlebot3_custom_simulation)
[0.336s] DEBUG:colcon.colcon_core.event_handler.log_command:Invoked command in '/home/alumno1/workspace/build/custom_msgs' returned '0': CMAKE_PREFIX_PATH=${CMAKE_PREFIX_PATH}:/home/alumno1/workspace/install/turtlebot3_obstacle_avoidance:/home/alumno1/workspace/install/custom_code:/home/alumno1/turtlebot3_ws/install/turtlebot3_teleop:/home/alumno1/turtlebot3_ws/install/turtlebot3_example:/opt/ros/humble /usr/bin/cmake --build /home/alumno1/workspace/build/custom_msgs -- -j28 -l28
[0.336s] DEBUG:colcon.colcon_core.event_handler.log_command:Invoking command in '/home/alumno1/workspace/build/custom_msgs': CMAKE_PREFIX_PATH=${CMAKE_PREFIX_PATH}:/home/alumno1/workspace/install/turtlebot3_obstacle_avoidance:/home/alumno1/workspace/install/custom_code:/home/alumno1/turtlebot3_ws/install/turtlebot3_teleop:/home/alumno1/turtlebot3_ws/install/turtlebot3_example:/opt/ros/humble /usr/bin/cmake --install /home/alumno1/workspace/build/custom_msgs
[0.371s] Level 1:colcon.colcon_core.environment:create_environment_scripts_only(custom_msgs)
[0.371s] Level 1:colcon.colcon_core.environment:checking '/home/alumno1/workspace/install/custom_msgs' for CMake module files
[0.371s] DEBUG:colcon.colcon_core.event_handler.log_command:Invoked command in '/home/alumno1/workspace/build/custom_msgs' returned '0': CMAKE_PREFIX_PATH=${CMAKE_PREFIX_PATH}:/home/alumno1/workspace/install/turtlebot3_obstacle_avoidance:/home/alumno1/workspace/install/custom_code:/home/alumno1/turtlebot3_ws/install/turtlebot3_teleop:/home/alumno1/turtlebot3_ws/install/turtlebot3_example:/opt/ros/humble /usr/bin/cmake --install /home/alumno1/workspace/build/custom_msgs
[0.372s] Level 1:colcon.colcon_core.environment:checking '/home/alumno1/workspace/install/custom_msgs' for CMake config files
[0.373s] Level 1:colcon.colcon_core.shell:create_environment_hook('custom_msgs', 'cmake_prefix_path')
[0.373s] INFO:colcon.colcon_core.shell:Creating environment hook '/home/alumno1/workspace/install/custom_msgs/share/custom_msgs/hook/cmake_prefix_path.ps1'
[0.373s] INFO:colcon.colcon_core.shell:Creating environment descriptor '/home/alumno1/workspace/install/custom_msgs/share/custom_msgs/hook/cmake_prefix_path.dsv'
[0.373s] INFO:colcon.colcon_core.shell:Creating environment hook '/home/alumno1/workspace/install/custom_msgs/share/custom_msgs/hook/cmake_prefix_path.sh'
[0.374s] Level 1:colcon.colcon_core.environment:checking '/home/alumno1/workspace/install/custom_msgs/lib'
[0.374s] Level 1:colcon.colcon_core.shell:create_environment_hook('custom_msgs', 'ld_library_path_lib')
[0.374s] INFO:colcon.colcon_core.shell:Creating environment hook '/home/alumno1/workspace/install/custom_msgs/share/custom_msgs/hook/ld_library_path_lib.ps1'
[0.374s] INFO:colcon.colcon_core.shell:Creating environment descriptor '/home/alumno1/workspace/install/custom_msgs/share/custom_msgs/hook/ld_library_path_lib.dsv'
[0.374s] INFO:colcon.colcon_core.shell:Creating environment hook '/home/alumno1/workspace/install/custom_msgs/share/custom_msgs/hook/ld_library_path_lib.sh'
[0.375s] Level 1:colcon.colcon_core.environment:checking '/home/alumno1/workspace/install/custom_msgs/bin'
[0.375s] Level 1:colcon.colcon_core.environment:checking '/home/alumno1/workspace/install/custom_msgs/lib/pkgconfig/custom_msgs.pc'
[0.375s] Level 1:colcon.colcon_core.environment:checking '/home/alumno1/workspace/install/custom_msgs/lib/python3.10/site-packages'
[0.375s] Level 1:colcon.colcon_core.environment:checking '/home/alumno1/workspace/install/custom_msgs/bin'
[0.375s] INFO:colcon.colcon_core.shell:Creating package script '/home/alumno1/workspace/install/custom_msgs/share/custom_msgs/package.ps1'
[0.376s] INFO:colcon.colcon_core.shell:Creating package descriptor '/home/alumno1/workspace/install/custom_msgs/share/custom_msgs/package.dsv'
[0.376s] INFO:colcon.colcon_core.shell:Creating package script '/home/alumno1/workspace/install/custom_msgs/share/custom_msgs/package.sh'
[0.376s] INFO:colcon.colcon_core.shell:Creating package script '/home/alumno1/workspace/install/custom_msgs/share/custom_msgs/package.bash'
[0.376s] INFO:colcon.colcon_core.shell:Creating package script '/home/alumno1/workspace/install/custom_msgs/share/custom_msgs/package.zsh'
[0.377s] Level 1:colcon.colcon_core.environment:create_file_with_runtime_dependencies(/home/alumno1/workspace/install/custom_msgs/share/colcon-core/packages/custom_msgs)
[0.377s] Level 1:colcon.colcon_core.environment:create_environment_scripts_only(custom_msgs)
[0.377s] Level 1:colcon.colcon_core.environment:checking '/home/alumno1/workspace/install/custom_msgs' for CMake module files
[0.378s] Level 1:colcon.colcon_core.environment:checking '/home/alumno1/workspace/install/custom_msgs' for CMake config files
[0.378s] Level 1:colcon.colcon_core.shell:create_environment_hook('custom_msgs', 'cmake_prefix_path')
[0.378s] INFO:colcon.colcon_core.shell:Creating environment hook '/home/alumno1/workspace/install/custom_msgs/share/custom_msgs/hook/cmake_prefix_path.ps1'
[0.378s] INFO:colcon.colcon_core.shell:Creating environment descriptor '/home/alumno1/workspace/install/custom_msgs/share/custom_msgs/hook/cmake_prefix_path.dsv'
[0.378s] INFO:colcon.colcon_core.shell:Creating environment hook '/home/alumno1/workspace/install/custom_msgs/share/custom_msgs/hook/cmake_prefix_path.sh'
[0.378s] Level 1:colcon.colcon_core.environment:checking '/home/alumno1/workspace/install/custom_msgs/lib'
[0.378s] Level 1:colcon.colcon_core.shell:create_environment_hook('custom_msgs', 'ld_library_path_lib')
[0.379s] INFO:colcon.colcon_core.shell:Creating environment hook '/home/alumno1/workspace/install/custom_msgs/share/custom_msgs/hook/ld_library_path_lib.ps1'
[0.379s] INFO:colcon.colcon_core.shell:Creating environment descriptor '/home/alumno1/workspace/install/custom_msgs/share/custom_msgs/hook/ld_library_path_lib.dsv'
[0.379s] INFO:colcon.colcon_core.shell:Creating environment hook '/home/alumno1/workspace/install/custom_msgs/share/custom_msgs/hook/ld_library_path_lib.sh'
[0.379s] Level 1:colcon.colcon_core.environment:checking '/home/alumno1/workspace/install/custom_msgs/bin'
[0.379s] Level 1:colcon.colcon_core.environment:checking '/home/alumno1/workspace/install/custom_msgs/lib/pkgconfig/custom_msgs.pc'
[0.379s] Level 1:colcon.colcon_core.environment:checking '/home/alumno1/workspace/install/custom_msgs/lib/python3.10/site-packages'
[0.379s] Level 1:colcon.colcon_core.environment:checking '/home/alumno1/workspace/install/custom_msgs/bin'
[0.379s] INFO:colcon.colcon_core.shell:Creating package script '/home/alumno1/workspace/install/custom_msgs/share/custom_msgs/package.ps1'
[0.379s] INFO:colcon.colcon_core.shell:Creating package descriptor '/home/alumno1/workspace/install/custom_msgs/share/custom_msgs/package.dsv'
[0.380s] INFO:colcon.colcon_core.shell:Creating package script '/home/alumno1/workspace/install/custom_msgs/share/custom_msgs/package.sh'
[0.380s] INFO:colcon.colcon_core.shell:Creating package script '/home/alumno1/workspace/install/custom_msgs/share/custom_msgs/package.bash'
[0.380s] INFO:colcon.colcon_core.shell:Creating package script '/home/alumno1/workspace/install/custom_msgs/share/custom_msgs/package.zsh'
[0.380s] Level 1:colcon.colcon_core.environment:create_file_with_runtime_dependencies(/home/alumno1/workspace/install/custom_msgs/share/colcon-core/packages/custom_msgs)
[0.380s] INFO:colcon.colcon_ros.task.ament_python.build:Building ROS package in '/home/alumno1/workspace/src/custom_code' with build type 'ament_python'
[0.380s] Level 1:colcon.colcon_core.shell:create_environment_hook('custom_code', 'ament_prefix_path')
[0.380s] INFO:colcon.colcon_core.shell:Creating environment hook '/home/alumno1/workspace/install/custom_code/share/custom_code/hook/ament_prefix_path.ps1'
[0.381s] INFO:colcon.colcon_core.shell:Creating environment descriptor '/home/alumno1/workspace/install/custom_code/share/custom_code/hook/ament_prefix_path.dsv'
[0.381s] INFO:colcon.colcon_core.shell:Creating environment hook '/home/alumno1/workspace/install/custom_code/share/custom_code/hook/ament_prefix_path.sh'
[0.381s] INFO:colcon.colcon_core.shell:Skip shell extension 'powershell' for command environment: Not usable outside of PowerShell
[0.381s] DEBUG:colcon.colcon_core.shell:Skip shell extension 'dsv' for command environment
[0.496s] INFO:colcon.colcon_core.task.python.build:Building Python package in '/home/alumno1/workspace/src/custom_code'
[0.496s] INFO:colcon.colcon_core.shell:Skip shell extension 'powershell' for command environment: Not usable outside of PowerShell
[0.496s] DEBUG:colcon.colcon_core.shell:Skip shell extension 'dsv' for command environment
[0.499s] DEBUG:colcon.colcon_core.event_handler.log_command:Invoking command in '/home/alumno1/workspace/build/turtlebot3_obstacle_avoidance': PYTHONPATH=/home/alumno1/workspace/build/turtlebot3_obstacle_avoidance/prefix_override:/usr/lib/python3/dist-packages/colcon_core/task/python/colcon_distutils_commands:/home/alumno1/workspace/install/turtlebot3_obstacle_avoidance/lib/python3.10/site-packages:${PYTHONPATH} /usr/bin/python3 -W ignore:setup.py install is deprecated -W ignore:easy_install command is deprecated setup.py develop --editable --build-directory /home/alumno1/workspace/build/turtlebot3_obstacle_avoidance/build --no-deps symlink_data
[0.652s] DEBUG:colcon.colcon_core.event_handler.log_command:Invoking command in '/home/alumno1/workspace/build/custom_code': CMAKE_PREFIX_PATH=/home/alumno1/workspace/install/custom_msgs:/home/alumno1/workspace/install/turtlebot3_custom_simulation:/home/alumno1/turtlebot3_ws/install/turtlebot3:/home/alumno1/turtlebot3_ws/install/turtlebot3_simulations:/home/alumno1/turtlebot3_ws/install/turtlebot3_bringup:/home/alumno1/turtlebot3_ws/install/turtlebot3_node:/home/alumno1/turtlebot3_ws/install/turtlebot3_navigation2:/home/alumno1/turtlebot3_ws/install/turtlebot3_fake_node:/home/alumno1/turtlebot3_ws/install/turtlebot3_custom_simulation:/home/alumno1/turtlebot3_ws/install/turtlebot3_msgs:/home/alumno1/turtlebot3_ws/install/turtlebot3_gazebo:/home/alumno1/turtlebot3_ws/install/turtlebot3_description:/home/alumno1/turtlebot3_ws/install/turtlebot3_cartographer:/home/alumno1/turtlebot3_ws/install/dynamixel_sdk_examples:/home/alumno1/turtlebot3_ws/install/dynamixel_sdk_custom_interfaces:/home/alumno1/turtlebot3_ws/install/dynamixel_sdk LD_LIBRARY_PATH=/home/alumno1/workspace/install/custom_msgs/lib:/home/alumno1/turtlebot3_ws/install/turtlebot3_msgs/lib:/home/alumno1/turtlebot3_ws/install/dynamixel_sdk_custom_interfaces/lib:/home/alumno1/turtlebot3_ws/install/dynamixel_sdk/lib:/usr/lib/x86_64-linux-gnu/gazebo-11/plugins:/opt/ros/humble/opt/rviz_ogre_vendor/lib:/opt/ros/humble/lib/x86_64-linux-gnu:/opt/ros/humble/lib:/usr/lib/x86_64-linux-gnu/gazebo-11/plugins PYTHONPATH=/home/alumno1/workspace/build/custom_code/prefix_override:/usr/lib/python3/dist-packages/colcon_core/task/python/colcon_distutils_commands:/home/alumno1/workspace/install/custom_code/lib/python3.10/site-packages:${PYTHONPATH} /usr/bin/python3 -W ignore:setup.py install is deprecated -W ignore:easy_install command is deprecated setup.py develop --editable --build-directory /home/alumno1/workspace/build/custom_code/build --no-deps symlink_data
[0.692s] Level 1:colcon.colcon_core.shell:create_environment_hook('turtlebot3_obstacle_avoidance', 'pythonpath_develop')
[0.693s] INFO:colcon.colcon_core.shell:Creating environment hook '/home/alumno1/workspace/build/turtlebot3_obstacle_avoidance/share/turtlebot3_obstacle_avoidance/hook/pythonpath_develop.ps1'
[0.693s] DEBUG:colcon.colcon_core.event_handler.log_command:Invoked command in '/home/alumno1/workspace/build/turtlebot3_obstacle_avoidance' returned '0': PYTHONPATH=/home/alumno1/workspace/build/turtlebot3_obstacle_avoidance/prefix_override:/usr/lib/python3/dist-packages/colcon_core/task/python/colcon_distutils_commands:/home/alumno1/workspace/install/turtlebot3_obstacle_avoidance/lib/python3.10/site-packages:${PYTHONPATH} /usr/bin/python3 -W ignore:setup.py install is deprecated -W ignore:easy_install command is deprecated setup.py develop --editable --build-directory /home/alumno1/workspace/build/turtlebot3_obstacle_avoidance/build --no-deps symlink_data
[0.693s] INFO:colcon.colcon_core.shell:Creating environment descriptor '/home/alumno1/workspace/build/turtlebot3_obstacle_avoidance/share/turtlebot3_obstacle_avoidance/hook/pythonpath_develop.dsv'
[0.693s] INFO:colcon.colcon_core.shell:Creating environment hook '/home/alumno1/workspace/build/turtlebot3_obstacle_avoidance/share/turtlebot3_obstacle_avoidance/hook/pythonpath_develop.sh'
[0.693s] Level 1:colcon.colcon_core.environment:checking '/home/alumno1/workspace/install/turtlebot3_obstacle_avoidance' for CMake module files
[0.694s] Level 1:colcon.colcon_core.environment:checking '/home/alumno1/workspace/install/turtlebot3_obstacle_avoidance' for CMake config files
[0.694s] Level 1:colcon.colcon_core.environment:checking '/home/alumno1/workspace/install/turtlebot3_obstacle_avoidance/lib'
[0.694s] Level 1:colcon.colcon_core.environment:checking '/home/alumno1/workspace/install/turtlebot3_obstacle_avoidance/bin'
[0.694s] Level 1:colcon.colcon_core.environment:checking '/home/alumno1/workspace/install/turtlebot3_obstacle_avoidance/lib/pkgconfig/turtlebot3_obstacle_avoidance.pc'
[0.694s] Level 1:colcon.colcon_core.environment:checking '/home/alumno1/workspace/install/turtlebot3_obstacle_avoidance/lib/python3.10/site-packages'
[0.694s] Level 1:colcon.colcon_core.shell:create_environment_hook('turtlebot3_obstacle_avoidance', 'pythonpath')
[0.694s] INFO:colcon.colcon_core.shell:Creating environment hook '/home/alumno1/workspace/install/turtlebot3_obstacle_avoidance/share/turtlebot3_obstacle_avoidance/hook/pythonpath.ps1'
[0.694s] INFO:colcon.colcon_core.shell:Creating environment descriptor '/home/alumno1/workspace/install/turtlebot3_obstacle_avoidance/share/turtlebot3_obstacle_avoidance/hook/pythonpath.dsv'
[0.694s] INFO:colcon.colcon_core.shell:Creating environment hook '/home/alumno1/workspace/install/turtlebot3_obstacle_avoidance/share/turtlebot3_obstacle_avoidance/hook/pythonpath.sh'
[0.694s] Level 1:colcon.colcon_core.environment:checking '/home/alumno1/workspace/install/turtlebot3_obstacle_avoidance/bin'
[0.695s] Level 1:colcon.colcon_core.environment:create_environment_scripts_only(turtlebot3_obstacle_avoidance)
[0.695s] INFO:colcon.colcon_core.shell:Creating package script '/home/alumno1/workspace/install/turtlebot3_obstacle_avoidance/share/turtlebot3_obstacle_avoidance/package.ps1'
[0.695s] INFO:colcon.colcon_core.shell:Creating package descriptor '/home/alumno1/workspace/install/turtlebot3_obstacle_avoidance/share/turtlebot3_obstacle_avoidance/package.dsv'
[0.695s] INFO:colcon.colcon_core.shell:Creating package script '/home/alumno1/workspace/install/turtlebot3_obstacle_avoidance/share/turtlebot3_obstacle_avoidance/package.sh'
[0.695s] INFO:colcon.colcon_core.shell:Creating package script '/home/alumno1/workspace/install/turtlebot3_obstacle_avoidance/share/turtlebot3_obstacle_avoidance/package.bash'
[0.695s] INFO:colcon.colcon_core.shell:Creating package script '/home/alumno1/workspace/install/turtlebot3_obstacle_avoidance/share/turtlebot3_obstacle_avoidance/package.zsh'
[0.695s] Level 1:colcon.colcon_core.environment:create_file_with_runtime_dependencies(/home/alumno1/workspace/install/turtlebot3_obstacle_avoidance/share/colcon-core/packages/turtlebot3_obstacle_avoidance)
[0.852s] Level 1:colcon.colcon_core.shell:create_environment_hook('custom_code', 'pythonpath_develop')
[0.853s] DEBUG:colcon.colcon_core.event_handler.log_command:Invoked command in '/home/alumno1/workspace/build/custom_code' returned '0': CMAKE_PREFIX_PATH=/home/alumno1/workspace/install/custom_msgs:/home/alumno1/workspace/install/turtlebot3_custom_simulation:/home/alumno1/turtlebot3_ws/install/turtlebot3:/home/alumno1/turtlebot3_ws/install/turtlebot3_simulations:/home/alumno1/turtlebot3_ws/install/turtlebot3_bringup:/home/alumno1/turtlebot3_ws/install/turtlebot3_node:/home/alumno1/turtlebot3_ws/install/turtlebot3_navigation2:/home/alumno1/turtlebot3_ws/install/turtlebot3_fake_node:/home/alumno1/turtlebot3_ws/install/turtlebot3_custom_simulation:/home/alumno1/turtlebot3_ws/install/turtlebot3_msgs:/home/alumno1/turtlebot3_ws/install/turtlebot3_gazebo:/home/alumno1/turtlebot3_ws/install/turtlebot3_description:/home/alumno1/turtlebot3_ws/install/turtlebot3_cartographer:/home/alumno1/turtlebot3_ws/install/dynamixel_sdk_examples:/home/alumno1/turtlebot3_ws/install/dynamixel_sdk_custom_interfaces:/home/alumno1/turtlebot3_ws/install/dynamixel_sdk LD_LIBRARY_PATH=/home/alumno1/workspace/install/custom_msgs/lib:/home/alumno1/turtlebot3_ws/install/turtlebot3_msgs/lib:/home/alumno1/turtlebot3_ws/install/dynamixel_sdk_custom_interfaces/lib:/home/alumno1/turtlebot3_ws/install/dynamixel_sdk/lib:/usr/lib/x86_64-linux-gnu/gazebo-11/plugins:/opt/ros/humble/opt/rviz_ogre_vendor/lib:/opt/ros/humble/lib/x86_64-linux-gnu:/opt/ros/humble/lib:/usr/lib/x86_64-linux-gnu/gazebo-11/plugins PYTHONPATH=/home/alumno1/workspace/build/custom_code/prefix_override:/usr/lib/python3/dist-packages/colcon_core/task/python/colcon_distutils_commands:/home/alumno1/workspace/install/custom_code/lib/python3.10/site-packages:${PYTHONPATH} /usr/bin/python3 -W ignore:setup.py install is deprecated -W ignore:easy_install command is deprecated setup.py develop --editable --build-directory /home/alumno1/workspace/build/custom_code/build --no-deps symlink_data
[0.853s] INFO:colcon.colcon_core.shell:Creating environment hook '/home/alumno1/workspace/build/custom_code/share/custom_code/hook/pythonpath_develop.ps1'
[0.853s] INFO:colcon.colcon_core.shell:Creating environment descriptor '/home/alumno1/workspace/build/custom_code/share/custom_code/hook/pythonpath_develop.dsv'
[0.853s] INFO:colcon.colcon_core.shell:Creating environment hook '/home/alumno1/workspace/build/custom_code/share/custom_code/hook/pythonpath_develop.sh'
[0.854s] Level 1:colcon.colcon_core.environment:checking '/home/alumno1/workspace/install/custom_code' for CMake module files
[0.854s] Level 1:colcon.colcon_core.environment:checking '/home/alumno1/workspace/install/custom_code' for CMake config files
[0.854s] Level 1:colcon.colcon_core.environment:checking '/home/alumno1/workspace/install/custom_code/lib'
[0.854s] Level 1:colcon.colcon_core.environment:checking '/home/alumno1/workspace/install/custom_code/bin'
[0.854s] Level 1:colcon.colcon_core.environment:checking '/home/alumno1/workspace/install/custom_code/lib/pkgconfig/custom_code.pc'
[0.854s] Level 1:colcon.colcon_core.environment:checking '/home/alumno1/workspace/install/custom_code/lib/python3.10/site-packages'
[0.854s] Level 1:colcon.colcon_core.shell:create_environment_hook('custom_code', 'pythonpath')
[0.854s] INFO:colcon.colcon_core.shell:Creating environment hook '/home/alumno1/workspace/install/custom_code/share/custom_code/hook/pythonpath.ps1'
[0.854s] INFO:colcon.colcon_core.shell:Creating environment descriptor '/home/alumno1/workspace/install/custom_code/share/custom_code/hook/pythonpath.dsv'
[0.854s] INFO:colcon.colcon_core.shell:Creating environment hook '/home/alumno1/workspace/install/custom_code/share/custom_code/hook/pythonpath.sh'
[0.855s] Level 1:colcon.colcon_core.environment:checking '/home/alumno1/workspace/install/custom_code/bin'
[0.855s] Level 1:colcon.colcon_core.environment:create_environment_scripts_only(custom_code)
[0.855s] INFO:colcon.colcon_core.shell:Creating package script '/home/alumno1/workspace/install/custom_code/share/custom_code/package.ps1'
[0.855s] INFO:colcon.colcon_core.shell:Creating package descriptor '/home/alumno1/workspace/install/custom_code/share/custom_code/package.dsv'
[0.855s] INFO:colcon.colcon_core.shell:Creating package script '/home/alumno1/workspace/install/custom_code/share/custom_code/package.sh'
[0.855s] INFO:colcon.colcon_core.shell:Creating package script '/home/alumno1/workspace/install/custom_code/share/custom_code/package.bash'
[0.856s] INFO:colcon.colcon_core.shell:Creating package script '/home/alumno1/workspace/install/custom_code/share/custom_code/package.zsh'
[0.856s] Level 1:colcon.colcon_core.environment:create_file_with_runtime_dependencies(/home/alumno1/workspace/install/custom_code/share/colcon-core/packages/custom_code)
[0.856s] DEBUG:colcon.colcon_parallel_executor.executor.parallel:closing loop
[0.856s] DEBUG:colcon.colcon_parallel_executor.executor.parallel:loop closed
[0.856s] DEBUG:colcon.colcon_parallel_executor.executor.parallel:run_until_complete finished with '0'
[0.856s] DEBUG:colcon.colcon_core.event_reactor:joining thread
[0.858s] INFO:colcon.colcon_core.plugin_system:Skipping extension 'colcon_notification.desktop_notification.terminal_notifier': Not used on non-Darwin systems
[0.858s] INFO:colcon.colcon_core.plugin_system:Skipping extension 'colcon_notification.desktop_notification.win32': Not used on non-Windows systems
[0.858s] INFO:colcon.colcon_notification.desktop_notification:Sending desktop notification using 'notify2'
[0.865s] DEBUG:colcon.colcon_core.event_reactor:joined thread
[0.865s] INFO:colcon.colcon_core.shell:Creating prefix script '/home/alumno1/workspace/install/local_setup.ps1'
[0.865s] INFO:colcon.colcon_core.shell:Creating prefix util module '/home/alumno1/workspace/install/_local_setup_util_ps1.py'
[0.866s] INFO:colcon.colcon_core.shell:Creating prefix chain script '/home/alumno1/workspace/install/setup.ps1'
[0.867s] INFO:colcon.colcon_core.shell:Creating prefix script '/home/alumno1/workspace/install/local_setup.sh'
[0.867s] INFO:colcon.colcon_core.shell:Creating prefix util module '/home/alumno1/workspace/install/_local_setup_util_sh.py'
[0.867s] INFO:colcon.colcon_core.shell:Creating prefix chain script '/home/alumno1/workspace/install/setup.sh'
[0.868s] INFO:colcon.colcon_core.shell:Creating prefix script '/home/alumno1/workspace/install/local_setup.bash'
[0.868s] INFO:colcon.colcon_core.shell:Creating prefix chain script '/home/alumno1/workspace/install/setup.bash'
[0.868s] INFO:colcon.colcon_core.shell:Creating prefix script '/home/alumno1/workspace/install/local_setup.zsh'
[0.868s] INFO:colcon.colcon_core.shell:Creating prefix chain script '/home/alumno1/workspace/install/setup.zsh'
