running egg_info
writing ../../build/custom_code/custom_code.egg-info/PKG-INFO
writing dependency_links to ../../build/custom_code/custom_code.egg-info/dependency_links.txt
writing entry points to ../../build/custom_code/custom_code.egg-info/entry_points.txt
writing requirements to ../../build/custom_code/custom_code.egg-info/requires.txt
writing top-level names to ../../build/custom_code/custom_code.egg-info/top_level.txt
reading manifest file '../../build/custom_code/custom_code.egg-info/SOURCES.txt'
writing manifest file '../../build/custom_code/custom_code.egg-info/SOURCES.txt'
running build
running build_py
copying custom_code/robot_functions.py -> /home/facuvulcano/workspace/build/custom_code/build/lib/custom_code
copying custom_code/likelihood.py -> /home/facuvulcano/workspace/build/custom_code/build/lib/custom_code
copying custom_code/my_ekf_prediction.py -> /home/facuvulcano/workspace/build/custom_code/build/lib/custom_code
copying custom_code/my_odometry.py -> /home/facuvulcano/workspace/build/custom_code/build/lib/custom_code
copying custom_code/my_ekf_correction.py -> /home/facuvulcano/workspace/build/custom_code/build/lib/custom_code
copying custom_code/my_ekf.py -> /home/facuvulcano/workspace/build/custom_code/build/lib/custom_code
copying custom_code/feature_finder.py -> /home/facuvulcano/workspace/build/custom_code/build/lib/custom_code
copying custom_code/my_localization.py -> /home/facuvulcano/workspace/build/custom_code/build/lib/custom_code
copying custom_code/features.py -> /home/facuvulcano/workspace/build/custom_code/build/lib/custom_code
running install
running install_lib
copying /home/facuvulcano/workspace/build/custom_code/build/lib/custom_code/my_ekf_prediction.py -> /home/facuvulcano/workspace/install/custom_code/lib/python3.11/site-packages/custom_code
copying /home/facuvulcano/workspace/build/custom_code/build/lib/custom_code/my_ekf_correction.py -> /home/facuvulcano/workspace/install/custom_code/lib/python3.11/site-packages/custom_code
copying /home/facuvulcano/workspace/build/custom_code/build/lib/custom_code/my_ekf.py -> /home/facuvulcano/workspace/install/custom_code/lib/python3.11/site-packages/custom_code
byte-compiling /home/facuvulcano/workspace/install/custom_code/lib/python3.11/site-packages/custom_code/my_ekf_prediction.py to my_ekf_prediction.cpython-311.pyc
byte-compiling /home/facuvulcano/workspace/install/custom_code/lib/python3.11/site-packages/custom_code/my_ekf_correction.py to my_ekf_correction.cpython-311.pyc
byte-compiling /home/facuvulcano/workspace/install/custom_code/lib/python3.11/site-packages/custom_code/my_ekf.py to my_ekf.cpython-311.pyc
running install_data
copying package.xml -> /home/facuvulcano/workspace/install/custom_code/share/custom_code
copying launch/launch_my_odometry.launch.py -> /home/facuvulcano/workspace/install/custom_code/share/custom_code/launch
copying launch/launch_my_ekf.launch.py -> /home/facuvulcano/workspace/install/custom_code/share/custom_code/launch
copying launch/launch_my_particles.launch.py -> /home/facuvulcano/workspace/install/custom_code/share/custom_code/launch
copying rviz/ekf.rviz -> /home/facuvulcano/workspace/install/custom_code/share/custom_code/rviz
copying rviz/particulas.rviz -> /home/facuvulcano/workspace/install/custom_code/share/custom_code/rviz
copying rviz/odometry.rviz -> /home/facuvulcano/workspace/install/custom_code/share/custom_code/rviz
running install_egg_info
removing '/home/facuvulcano/workspace/install/custom_code/lib/python3.11/site-packages/custom_code-0.0.0-py3.11.egg-info' (and everything under it)
Copying ../../build/custom_code/custom_code.egg-info to /home/facuvulcano/workspace/install/custom_code/lib/python3.11/site-packages/custom_code-0.0.0-py3.11.egg-info
running install_scripts
Installing ekf script to /home/facuvulcano/workspace/install/custom_code/lib/custom_code
Installing ekf_correction script to /home/facuvulcano/workspace/install/custom_code/lib/custom_code
Installing ekf_prediction script to /home/facuvulcano/workspace/install/custom_code/lib/custom_code
Installing feature_finder script to /home/facuvulcano/workspace/install/custom_code/lib/custom_code
Installing features script to /home/facuvulcano/workspace/install/custom_code/lib/custom_code
Installing likelihood script to /home/facuvulcano/workspace/install/custom_code/lib/custom_code
Installing localization script to /home/facuvulcano/workspace/install/custom_code/lib/custom_code
Installing my_odometry script to /home/facuvulcano/workspace/install/custom_code/lib/custom_code
Installing my_tf script to /home/facuvulcano/workspace/install/custom_code/lib/custom_code
writing list of installed files to '/home/facuvulcano/workspace/build/custom_code/install.log'
