[0.352s] Invoking command in '/home/facuvulcano/workspace/src/custom_code': AMENT_PREFIX_PATH=/home/facuvulcano/workspace/install/custom_msgs:${AMENT_PREFIX_PATH} CMAKE_PREFIX_PATH=/home/facuvulcano/workspace/install/custom_msgs:${CMAKE_PREFIX_PATH} CONDA_PROMPT_MODIFIER=(rosenv) DEBUGINFOD_URLS=https://debuginfod.ubuntu.com LD_LIBRARY_PATH=/home/facuvulcano/workspace/install/custom_msgs/lib:/home/facuvulcano/miniconda3/envs/rosenv/opt/rviz_ogre_vendor/lib:/home/facuvulcano/miniconda3/envs/rosenv/lib/gazebo-11/plugins PYTHONPATH=/home/facuvulcano/workspace/build/custom_code/prefix_override:/home/facuvulcano/miniconda3/envs/rosenv/lib/python3.11/site-packages/colcon_core/task/python/colcon_distutils_commands:/home/facuvulcano/workspace/install/custom_code/lib/python3.11/site-packages:/home/facuvulcano/workspace/install/custom_msgs/lib/python3.11/site-packages:${PYTHONPATH} /home/facuvulcano/miniconda3/envs/rosenv/bin/python3.11 -W ignore:setup.py install is deprecated -W ignore:easy_install command is deprecated setup.py egg_info --egg-base ../../build/custom_code build --build-base /home/facuvulcano/workspace/build/custom_code/build install --record /home/facuvulcano/workspace/build/custom_code/install.log --single-version-externally-managed install_data
[0.434s] running egg_info
[0.438s] writing ../../build/custom_code/custom_code.egg-info/PKG-INFO
[0.438s] writing dependency_links to ../../build/custom_code/custom_code.egg-info/dependency_links.txt
[0.439s] writing entry points to ../../build/custom_code/custom_code.egg-info/entry_points.txt
[0.439s] writing requirements to ../../build/custom_code/custom_code.egg-info/requires.txt
[0.439s] writing top-level names to ../../build/custom_code/custom_code.egg-info/top_level.txt
[0.447s] reading manifest file '../../build/custom_code/custom_code.egg-info/SOURCES.txt'
[0.448s] writing manifest file '../../build/custom_code/custom_code.egg-info/SOURCES.txt'
[0.448s] running build
[0.448s] running build_py
[0.448s] copying custom_code/robot_functions.py -> /home/facuvulcano/workspace/build/custom_code/build/lib/custom_code
[0.448s] copying custom_code/likelihood.py -> /home/facuvulcano/workspace/build/custom_code/build/lib/custom_code
[0.448s] copying custom_code/my_ekf_prediction.py -> /home/facuvulcano/workspace/build/custom_code/build/lib/custom_code
[0.448s] copying custom_code/my_odometry.py -> /home/facuvulcano/workspace/build/custom_code/build/lib/custom_code
[0.448s] copying custom_code/my_ekf_correction.py -> /home/facuvulcano/workspace/build/custom_code/build/lib/custom_code
[0.448s] copying custom_code/my_ekf.py -> /home/facuvulcano/workspace/build/custom_code/build/lib/custom_code
[0.448s] copying custom_code/feature_finder.py -> /home/facuvulcano/workspace/build/custom_code/build/lib/custom_code
[0.448s] copying custom_code/my_localization.py -> /home/facuvulcano/workspace/build/custom_code/build/lib/custom_code
[0.448s] copying custom_code/features.py -> /home/facuvulcano/workspace/build/custom_code/build/lib/custom_code
[0.448s] running install
[0.451s] running install_lib
[0.454s] copying /home/facuvulcano/workspace/build/custom_code/build/lib/custom_code/my_ekf_prediction.py -> /home/facuvulcano/workspace/install/custom_code/lib/python3.11/site-packages/custom_code
[0.454s] copying /home/facuvulcano/workspace/build/custom_code/build/lib/custom_code/my_ekf_correction.py -> /home/facuvulcano/workspace/install/custom_code/lib/python3.11/site-packages/custom_code
[0.454s] copying /home/facuvulcano/workspace/build/custom_code/build/lib/custom_code/my_ekf.py -> /home/facuvulcano/workspace/install/custom_code/lib/python3.11/site-packages/custom_code
[0.454s] byte-compiling /home/facuvulcano/workspace/install/custom_code/lib/python3.11/site-packages/custom_code/my_ekf_prediction.py to my_ekf_prediction.cpython-311.pyc
[0.455s] byte-compiling /home/facuvulcano/workspace/install/custom_code/lib/python3.11/site-packages/custom_code/my_ekf_correction.py to my_ekf_correction.cpython-311.pyc
[0.456s] byte-compiling /home/facuvulcano/workspace/install/custom_code/lib/python3.11/site-packages/custom_code/my_ekf.py to my_ekf.cpython-311.pyc
[0.457s] running install_data
[0.457s] copying package.xml -> /home/facuvulcano/workspace/install/custom_code/share/custom_code
[0.457s] copying launch/launch_my_odometry.launch.py -> /home/facuvulcano/workspace/install/custom_code/share/custom_code/launch
[0.457s] copying launch/launch_my_ekf.launch.py -> /home/facuvulcano/workspace/install/custom_code/share/custom_code/launch
[0.457s] copying launch/launch_my_particles.launch.py -> /home/facuvulcano/workspace/install/custom_code/share/custom_code/launch
[0.457s] copying rviz/ekf.rviz -> /home/facuvulcano/workspace/install/custom_code/share/custom_code/rviz
[0.457s] copying rviz/particulas.rviz -> /home/facuvulcano/workspace/install/custom_code/share/custom_code/rviz
[0.457s] copying rviz/odometry.rviz -> /home/facuvulcano/workspace/install/custom_code/share/custom_code/rviz
[0.457s] running install_egg_info
[0.462s] removing '/home/facuvulcano/workspace/install/custom_code/lib/python3.11/site-packages/custom_code-0.0.0-py3.11.egg-info' (and everything under it)
[0.462s] Copying ../../build/custom_code/custom_code.egg-info to /home/facuvulcano/workspace/install/custom_code/lib/python3.11/site-packages/custom_code-0.0.0-py3.11.egg-info
[0.462s] running install_scripts
[0.487s] Installing ekf script to /home/facuvulcano/workspace/install/custom_code/lib/custom_code
[0.488s] Installing ekf_correction script to /home/facuvulcano/workspace/install/custom_code/lib/custom_code
[0.488s] Installing ekf_prediction script to /home/facuvulcano/workspace/install/custom_code/lib/custom_code
[0.488s] Installing feature_finder script to /home/facuvulcano/workspace/install/custom_code/lib/custom_code
[0.488s] Installing features script to /home/facuvulcano/workspace/install/custom_code/lib/custom_code
[0.488s] Installing likelihood script to /home/facuvulcano/workspace/install/custom_code/lib/custom_code
[0.488s] Installing localization script to /home/facuvulcano/workspace/install/custom_code/lib/custom_code
[0.488s] Installing my_odometry script to /home/facuvulcano/workspace/install/custom_code/lib/custom_code
[0.488s] Installing my_tf script to /home/facuvulcano/workspace/install/custom_code/lib/custom_code
[0.488s] writing list of installed files to '/home/facuvulcano/workspace/build/custom_code/install.log'
[0.499s] Invoked command in '/home/facuvulcano/workspace/src/custom_code' returned '0': AMENT_PREFIX_PATH=/home/facuvulcano/workspace/install/custom_msgs:${AMENT_PREFIX_PATH} CMAKE_PREFIX_PATH=/home/facuvulcano/workspace/install/custom_msgs:${CMAKE_PREFIX_PATH} CONDA_PROMPT_MODIFIER=(rosenv) DEBUGINFOD_URLS=https://debuginfod.ubuntu.com LD_LIBRARY_PATH=/home/facuvulcano/workspace/install/custom_msgs/lib:/home/facuvulcano/miniconda3/envs/rosenv/opt/rviz_ogre_vendor/lib:/home/facuvulcano/miniconda3/envs/rosenv/lib/gazebo-11/plugins PYTHONPATH=/home/facuvulcano/workspace/build/custom_code/prefix_override:/home/facuvulcano/miniconda3/envs/rosenv/lib/python3.11/site-packages/colcon_core/task/python/colcon_distutils_commands:/home/facuvulcano/workspace/install/custom_code/lib/python3.11/site-packages:/home/facuvulcano/workspace/install/custom_msgs/lib/python3.11/site-packages:${PYTHONPATH} /home/facuvulcano/miniconda3/envs/rosenv/bin/python3.11 -W ignore:setup.py install is deprecated -W ignore:easy_install command is deprecated setup.py egg_info --egg-base ../../build/custom_code build --build-base /home/facuvulcano/workspace/build/custom_code/build install --record /home/facuvulcano/workspace/build/custom_code/install.log --single-version-externally-managed install_data
