[0.009s] Invoking command in '/home/facuvulcano/workspace/build/custom_msgs': CMAKE_PREFIX_PATH=${CMAKE_PREFIX_PATH}:/home/facuvulcano/workspace/install/custom_code CONDA_PROMPT_MODIFIER=(rosenv) DEBUGINFOD_URLS=https://debuginfod.ubuntu.com /home/facuvulcano/miniconda3/envs/rosenv/bin/cmake --build /home/facuvulcano/workspace/build/custom_msgs -- -j32 -l32
[0.054s] [  2%] Built target custom_msgs__cpp
[0.057s] [ 12%] Built target custom_msgs__rosidl_generator_c
[0.062s] [ 12%] Built target ament_cmake_python_copy_custom_msgs
[0.085s] [ 23%] Built target custom_msgs__rosidl_typesupport_introspection_cpp
[0.085s] [ 33%] Built target custom_msgs__rosidl_typesupport_c
[0.086s] [ 43%] Built target custom_msgs__rosidl_typesupport_cpp
[0.087s] [ 64%] Built target custom_msgs__rosidl_typesupport_introspection_c
[0.087s] [ 64%] Built target custom_msgs__rosidl_typesupport_fastrtps_cpp
[0.090s] [ 74%] Built target custom_msgs__rosidl_typesupport_fastrtps_c
[0.114s] [ 74%] Built target custom_msgs
[0.145s] [ 76%] Built target custom_msgs__py
[0.171s] [ 84%] Built target custom_msgs__rosidl_generator_py
[0.200s] [ 89%] Built target custom_msgs__rosidl_typesupport_fastrtps_c__pyext
[0.201s] [ 94%] Built target custom_msgs__rosidl_typesupport_introspection_c__pyext
[0.203s] [100%] Built target custom_msgs__rosidl_typesupport_c__pyext
[0.246s] running egg_info
[0.251s] writing custom_msgs.egg-info/PKG-INFO
[0.251s] writing dependency_links to custom_msgs.egg-info/dependency_links.txt
[0.251s] writing top-level names to custom_msgs.egg-info/top_level.txt
[0.264s] reading manifest file 'custom_msgs.egg-info/SOURCES.txt'
[0.265s] writing manifest file 'custom_msgs.egg-info/SOURCES.txt'
[0.284s] [100%] Built target ament_cmake_python_build_custom_msgs_egg
[0.293s] Invoked command in '/home/facuvulcano/workspace/build/custom_msgs' returned '0': CMAKE_PREFIX_PATH=${CMAKE_PREFIX_PATH}:/home/facuvulcano/workspace/install/custom_code CONDA_PROMPT_MODIFIER=(rosenv) DEBUGINFOD_URLS=https://debuginfod.ubuntu.com /home/facuvulcano/miniconda3/envs/rosenv/bin/cmake --build /home/facuvulcano/workspace/build/custom_msgs -- -j32 -l32
[0.409s] Invoking command in '/home/facuvulcano/workspace/build/custom_msgs': CMAKE_PREFIX_PATH=${CMAKE_PREFIX_PATH}:/home/facuvulcano/workspace/install/custom_code CONDA_PROMPT_MODIFIER=(rosenv) DEBUGINFOD_URLS=https://debuginfod.ubuntu.com /home/facuvulcano/miniconda3/envs/rosenv/bin/cmake --install /home/facuvulcano/workspace/build/custom_msgs
[0.418s] -- Install configuration: ""
[0.419s] -- Up-to-date: /home/facuvulcano/workspace/install/custom_msgs/share/ament_index/resource_index/rosidl_interfaces/custom_msgs
[0.419s] -- Up-to-date: /home/facuvulcano/workspace/install/custom_msgs/include/custom_msgs/custom_msgs
[0.419s] -- Up-to-date: /home/facuvulcano/workspace/install/custom_msgs/include/custom_msgs/custom_msgs/msg
[0.419s] -- Up-to-date: /home/facuvulcano/workspace/install/custom_msgs/include/custom_msgs/custom_msgs/msg/rosidl_generator_c__visibility_control.h
[0.419s] -- Up-to-date: /home/facuvulcano/workspace/install/custom_msgs/include/custom_msgs/custom_msgs/msg/detail
[0.419s] -- Up-to-date: /home/facuvulcano/workspace/install/custom_msgs/include/custom_msgs/custom_msgs/msg/detail/delta_odom__functions.c
[0.419s] -- Up-to-date: /home/facuvulcano/workspace/install/custom_msgs/include/custom_msgs/custom_msgs/msg/detail/belief__functions.h
[0.419s] -- Up-to-date: /home/facuvulcano/workspace/install/custom_msgs/include/custom_msgs/custom_msgs/msg/detail/delta_odom__functions.h
[0.420s] -- Up-to-date: /home/facuvulcano/workspace/install/custom_msgs/include/custom_msgs/custom_msgs/msg/detail/delta_odom__type_support.h
[0.420s] -- Up-to-date: /home/facuvulcano/workspace/install/custom_msgs/include/custom_msgs/custom_msgs/msg/detail/belief__type_support.h
[0.420s] -- Up-to-date: /home/facuvulcano/workspace/install/custom_msgs/include/custom_msgs/custom_msgs/msg/detail/delta_odom__struct.h
[0.420s] -- Up-to-date: /home/facuvulcano/workspace/install/custom_msgs/include/custom_msgs/custom_msgs/msg/detail/belief__functions.c
[0.421s] -- Up-to-date: /home/facuvulcano/workspace/install/custom_msgs/include/custom_msgs/custom_msgs/msg/detail/belief__struct.h
[0.421s] -- Up-to-date: /home/facuvulcano/workspace/install/custom_msgs/include/custom_msgs/custom_msgs/msg/delta_odom.h
[0.421s] -- Up-to-date: /home/facuvulcano/workspace/install/custom_msgs/include/custom_msgs/custom_msgs/msg/belief.h
[0.421s] -- Installing: /home/facuvulcano/workspace/install/custom_msgs/lib/libcustom_msgs__rosidl_generator_c.so
[0.421s] -- Up-to-date: /home/facuvulcano/workspace/install/custom_msgs/include/custom_msgs/custom_msgs
[0.421s] -- Up-to-date: /home/facuvulcano/workspace/install/custom_msgs/include/custom_msgs/custom_msgs/msg
[0.421s] -- Up-to-date: /home/facuvulcano/workspace/install/custom_msgs/include/custom_msgs/custom_msgs/msg/detail
[0.421s] -- Up-to-date: /home/facuvulcano/workspace/install/custom_msgs/include/custom_msgs/custom_msgs/msg/detail/delta_odom__rosidl_typesupport_fastrtps_c.h
[0.421s] -- Up-to-date: /home/facuvulcano/workspace/install/custom_msgs/include/custom_msgs/custom_msgs/msg/detail/belief__rosidl_typesupport_fastrtps_c.h
[0.421s] -- Up-to-date: /home/facuvulcano/workspace/install/custom_msgs/include/custom_msgs/custom_msgs/msg/rosidl_typesupport_fastrtps_c__visibility_control.h
[0.421s] -- Installing: /home/facuvulcano/workspace/install/custom_msgs/lib/libcustom_msgs__rosidl_typesupport_fastrtps_c.so
[0.422s] -- Set non-toolchain portion of runtime path of "/home/facuvulcano/workspace/install/custom_msgs/lib/libcustom_msgs__rosidl_typesupport_fastrtps_c.so" to ""
[0.422s] -- Up-to-date: /home/facuvulcano/workspace/install/custom_msgs/include/custom_msgs/custom_msgs
[0.422s] -- Up-to-date: /home/facuvulcano/workspace/install/custom_msgs/include/custom_msgs/custom_msgs/msg
[0.422s] -- Up-to-date: /home/facuvulcano/workspace/install/custom_msgs/include/custom_msgs/custom_msgs/msg/detail
[0.422s] -- Up-to-date: /home/facuvulcano/workspace/install/custom_msgs/include/custom_msgs/custom_msgs/msg/detail/delta_odom__struct.hpp
[0.422s] -- Up-to-date: /home/facuvulcano/workspace/install/custom_msgs/include/custom_msgs/custom_msgs/msg/detail/delta_odom__builder.hpp
[0.422s] -- Up-to-date: /home/facuvulcano/workspace/install/custom_msgs/include/custom_msgs/custom_msgs/msg/detail/delta_odom__traits.hpp
[0.422s] -- Up-to-date: /home/facuvulcano/workspace/install/custom_msgs/include/custom_msgs/custom_msgs/msg/detail/belief__traits.hpp
[0.422s] -- Up-to-date: /home/facuvulcano/workspace/install/custom_msgs/include/custom_msgs/custom_msgs/msg/detail/belief__struct.hpp
[0.422s] -- Up-to-date: /home/facuvulcano/workspace/install/custom_msgs/include/custom_msgs/custom_msgs/msg/detail/belief__builder.hpp
[0.422s] -- Up-to-date: /home/facuvulcano/workspace/install/custom_msgs/include/custom_msgs/custom_msgs/msg/belief.hpp
[0.422s] -- Up-to-date: /home/facuvulcano/workspace/install/custom_msgs/include/custom_msgs/custom_msgs/msg/delta_odom.hpp
[0.422s] -- Up-to-date: /home/facuvulcano/workspace/install/custom_msgs/include/custom_msgs/custom_msgs
[0.422s] -- Up-to-date: /home/facuvulcano/workspace/install/custom_msgs/include/custom_msgs/custom_msgs/msg
[0.423s] -- Up-to-date: /home/facuvulcano/workspace/install/custom_msgs/include/custom_msgs/custom_msgs/msg/rosidl_typesupport_fastrtps_cpp__visibility_control.h
[0.423s] -- Up-to-date: /home/facuvulcano/workspace/install/custom_msgs/include/custom_msgs/custom_msgs/msg/detail
[0.423s] -- Up-to-date: /home/facuvulcano/workspace/install/custom_msgs/include/custom_msgs/custom_msgs/msg/detail/delta_odom__rosidl_typesupport_fastrtps_cpp.hpp
[0.423s] -- Up-to-date: /home/facuvulcano/workspace/install/custom_msgs/include/custom_msgs/custom_msgs/msg/detail/dds_fastrtps
[0.423s] -- Up-to-date: /home/facuvulcano/workspace/install/custom_msgs/include/custom_msgs/custom_msgs/msg/detail/belief__rosidl_typesupport_fastrtps_cpp.hpp
[0.423s] -- Installing: /home/facuvulcano/workspace/install/custom_msgs/lib/libcustom_msgs__rosidl_typesupport_fastrtps_cpp.so
[0.423s] -- Up-to-date: /home/facuvulcano/workspace/install/custom_msgs/include/custom_msgs/custom_msgs
[0.423s] -- Up-to-date: /home/facuvulcano/workspace/install/custom_msgs/include/custom_msgs/custom_msgs/msg
[0.423s] -- Up-to-date: /home/facuvulcano/workspace/install/custom_msgs/include/custom_msgs/custom_msgs/msg/rosidl_typesupport_introspection_c__visibility_control.h
[0.423s] -- Up-to-date: /home/facuvulcano/workspace/install/custom_msgs/include/custom_msgs/custom_msgs/msg/detail
[0.423s] -- Up-to-date: /home/facuvulcano/workspace/install/custom_msgs/include/custom_msgs/custom_msgs/msg/detail/belief__type_support.c
[0.423s] -- Up-to-date: /home/facuvulcano/workspace/install/custom_msgs/include/custom_msgs/custom_msgs/msg/detail/delta_odom__rosidl_typesupport_introspection_c.h
[0.423s] -- Up-to-date: /home/facuvulcano/workspace/install/custom_msgs/include/custom_msgs/custom_msgs/msg/detail/delta_odom__type_support.c
[0.423s] -- Up-to-date: /home/facuvulcano/workspace/install/custom_msgs/include/custom_msgs/custom_msgs/msg/detail/belief__rosidl_typesupport_introspection_c.h
[0.423s] -- Installing: /home/facuvulcano/workspace/install/custom_msgs/lib/libcustom_msgs__rosidl_typesupport_introspection_c.so
[0.423s] -- Set non-toolchain portion of runtime path of "/home/facuvulcano/workspace/install/custom_msgs/lib/libcustom_msgs__rosidl_typesupport_introspection_c.so" to ""
[0.423s] -- Installing: /home/facuvulcano/workspace/install/custom_msgs/lib/libcustom_msgs__rosidl_typesupport_c.so
[0.424s] -- Set non-toolchain portion of runtime path of "/home/facuvulcano/workspace/install/custom_msgs/lib/libcustom_msgs__rosidl_typesupport_c.so" to ""
[0.424s] -- Up-to-date: /home/facuvulcano/workspace/install/custom_msgs/include/custom_msgs/custom_msgs
[0.424s] -- Up-to-date: /home/facuvulcano/workspace/install/custom_msgs/include/custom_msgs/custom_msgs/msg
[0.424s] -- Up-to-date: /home/facuvulcano/workspace/install/custom_msgs/include/custom_msgs/custom_msgs/msg/detail
[0.424s] -- Up-to-date: /home/facuvulcano/workspace/install/custom_msgs/include/custom_msgs/custom_msgs/msg/detail/delta_odom__rosidl_typesupport_introspection_cpp.hpp
[0.424s] -- Up-to-date: /home/facuvulcano/workspace/install/custom_msgs/include/custom_msgs/custom_msgs/msg/detail/belief__rosidl_typesupport_introspection_cpp.hpp
[0.424s] -- Up-to-date: /home/facuvulcano/workspace/install/custom_msgs/include/custom_msgs/custom_msgs/msg/detail/belief__type_support.cpp
[0.424s] -- Up-to-date: /home/facuvulcano/workspace/install/custom_msgs/include/custom_msgs/custom_msgs/msg/detail/delta_odom__type_support.cpp
[0.424s] -- Installing: /home/facuvulcano/workspace/install/custom_msgs/lib/libcustom_msgs__rosidl_typesupport_introspection_cpp.so
[0.424s] -- Installing: /home/facuvulcano/workspace/install/custom_msgs/lib/libcustom_msgs__rosidl_typesupport_cpp.so
[0.424s] -- Up-to-date: /home/facuvulcano/workspace/install/custom_msgs/share/custom_msgs/environment/pythonpath.sh
[0.424s] -- Up-to-date: /home/facuvulcano/workspace/install/custom_msgs/share/custom_msgs/environment/pythonpath.dsv
[0.424s] -- Up-to-date: /home/facuvulcano/workspace/install/custom_msgs/lib/python3.11/site-packages/custom_msgs-0.0.0-py3.11.egg-info
[0.424s] -- Installing: /home/facuvulcano/workspace/install/custom_msgs/lib/python3.11/site-packages/custom_msgs-0.0.0-py3.11.egg-info/PKG-INFO
[0.424s] -- Installing: /home/facuvulcano/workspace/install/custom_msgs/lib/python3.11/site-packages/custom_msgs-0.0.0-py3.11.egg-info/top_level.txt
[0.424s] -- Installing: /home/facuvulcano/workspace/install/custom_msgs/lib/python3.11/site-packages/custom_msgs-0.0.0-py3.11.egg-info/dependency_links.txt
[0.424s] -- Installing: /home/facuvulcano/workspace/install/custom_msgs/lib/python3.11/site-packages/custom_msgs-0.0.0-py3.11.egg-info/SOURCES.txt
[0.424s] -- Up-to-date: /home/facuvulcano/workspace/install/custom_msgs/lib/python3.11/site-packages/custom_msgs
[0.424s] -- Up-to-date: /home/facuvulcano/workspace/install/custom_msgs/lib/python3.11/site-packages/custom_msgs/custom_msgs_s__rosidl_typesupport_introspection_c.cpython-311-x86_64-linux-gnu.so
[0.424s] -- Up-to-date: /home/facuvulcano/workspace/install/custom_msgs/lib/python3.11/site-packages/custom_msgs/_custom_msgs_s.ep.rosidl_typesupport_introspection_c.c
[0.425s] -- Up-to-date: /home/facuvulcano/workspace/install/custom_msgs/lib/python3.11/site-packages/custom_msgs/msg
[0.425s] -- Up-to-date: /home/facuvulcano/workspace/install/custom_msgs/lib/python3.11/site-packages/custom_msgs/msg/_belief.py
[0.425s] -- Up-to-date: /home/facuvulcano/workspace/install/custom_msgs/lib/python3.11/site-packages/custom_msgs/msg/_delta_odom.py
[0.425s] -- Up-to-date: /home/facuvulcano/workspace/install/custom_msgs/lib/python3.11/site-packages/custom_msgs/msg/_belief_s.c
[0.425s] -- Up-to-date: /home/facuvulcano/workspace/install/custom_msgs/lib/python3.11/site-packages/custom_msgs/msg/_delta_odom_s.c
[0.425s] -- Up-to-date: /home/facuvulcano/workspace/install/custom_msgs/lib/python3.11/site-packages/custom_msgs/msg/__init__.py
[0.425s] -- Up-to-date: /home/facuvulcano/workspace/install/custom_msgs/lib/python3.11/site-packages/custom_msgs/libcustom_msgs__rosidl_generator_py.so
[0.425s] -- Up-to-date: /home/facuvulcano/workspace/install/custom_msgs/lib/python3.11/site-packages/custom_msgs/custom_msgs_s__rosidl_typesupport_fastrtps_c.cpython-311-x86_64-linux-gnu.so
[0.425s] -- Up-to-date: /home/facuvulcano/workspace/install/custom_msgs/lib/python3.11/site-packages/custom_msgs/custom_msgs_s__rosidl_typesupport_c.cpython-311-x86_64-linux-gnu.so
[0.425s] -- Up-to-date: /home/facuvulcano/workspace/install/custom_msgs/lib/python3.11/site-packages/custom_msgs/_custom_msgs_s.ep.rosidl_typesupport_c.c
[0.425s] -- Up-to-date: /home/facuvulcano/workspace/install/custom_msgs/lib/python3.11/site-packages/custom_msgs/__init__.py
[0.425s] -- Up-to-date: /home/facuvulcano/workspace/install/custom_msgs/lib/python3.11/site-packages/custom_msgs/_custom_msgs_s.ep.rosidl_typesupport_fastrtps_c.c
[0.468s] Listing 'lib/python3.11/site-packages/custom_msgs'...
[0.468s] Can't list 'lib/python3.11/site-packages/custom_msgs'
[0.475s] -- Installing: /home/facuvulcano/workspace/install/custom_msgs/lib/python3.11/site-packages/custom_msgs/custom_msgs_s__rosidl_typesupport_fastrtps_c.cpython-311-x86_64-linux-gnu.so
[0.475s] -- Set non-toolchain portion of runtime path of "/home/facuvulcano/workspace/install/custom_msgs/lib/python3.11/site-packages/custom_msgs/custom_msgs_s__rosidl_typesupport_fastrtps_c.cpython-311-x86_64-linux-gnu.so" to ""
[0.475s] -- Installing: /home/facuvulcano/workspace/install/custom_msgs/lib/python3.11/site-packages/custom_msgs/custom_msgs_s__rosidl_typesupport_introspection_c.cpython-311-x86_64-linux-gnu.so
[0.475s] -- Set non-toolchain portion of runtime path of "/home/facuvulcano/workspace/install/custom_msgs/lib/python3.11/site-packages/custom_msgs/custom_msgs_s__rosidl_typesupport_introspection_c.cpython-311-x86_64-linux-gnu.so" to ""
[0.476s] -- Installing: /home/facuvulcano/workspace/install/custom_msgs/lib/python3.11/site-packages/custom_msgs/custom_msgs_s__rosidl_typesupport_c.cpython-311-x86_64-linux-gnu.so
[0.476s] -- Set non-toolchain portion of runtime path of "/home/facuvulcano/workspace/install/custom_msgs/lib/python3.11/site-packages/custom_msgs/custom_msgs_s__rosidl_typesupport_c.cpython-311-x86_64-linux-gnu.so" to ""
[0.476s] -- Installing: /home/facuvulcano/workspace/install/custom_msgs/lib/libcustom_msgs__rosidl_generator_py.so
[0.476s] -- Set non-toolchain portion of runtime path of "/home/facuvulcano/workspace/install/custom_msgs/lib/libcustom_msgs__rosidl_generator_py.so" to ""
[0.476s] -- Up-to-date: /home/facuvulcano/workspace/install/custom_msgs/share/custom_msgs/msg/DeltaOdom.idl
[0.476s] -- Up-to-date: /home/facuvulcano/workspace/install/custom_msgs/share/custom_msgs/msg/Belief.idl
[0.476s] -- Up-to-date: /home/facuvulcano/workspace/install/custom_msgs/share/custom_msgs/msg/DeltaOdom.msg
[0.476s] -- Up-to-date: /home/facuvulcano/workspace/install/custom_msgs/share/custom_msgs/msg/Belief.msg
[0.477s] -- Up-to-date: /home/facuvulcano/workspace/install/custom_msgs/share/ament_index/resource_index/package_run_dependencies/custom_msgs
[0.477s] -- Up-to-date: /home/facuvulcano/workspace/install/custom_msgs/share/ament_index/resource_index/parent_prefix_path/custom_msgs
[0.477s] -- Up-to-date: /home/facuvulcano/workspace/install/custom_msgs/share/custom_msgs/environment/ament_prefix_path.sh
[0.477s] -- Up-to-date: /home/facuvulcano/workspace/install/custom_msgs/share/custom_msgs/environment/ament_prefix_path.dsv
[0.477s] -- Up-to-date: /home/facuvulcano/workspace/install/custom_msgs/share/custom_msgs/environment/path.sh
[0.477s] -- Up-to-date: /home/facuvulcano/workspace/install/custom_msgs/share/custom_msgs/environment/path.dsv
[0.477s] -- Up-to-date: /home/facuvulcano/workspace/install/custom_msgs/share/custom_msgs/local_setup.bash
[0.477s] -- Up-to-date: /home/facuvulcano/workspace/install/custom_msgs/share/custom_msgs/local_setup.sh
[0.477s] -- Up-to-date: /home/facuvulcano/workspace/install/custom_msgs/share/custom_msgs/local_setup.zsh
[0.477s] -- Up-to-date: /home/facuvulcano/workspace/install/custom_msgs/share/custom_msgs/local_setup.dsv
[0.477s] -- Installing: /home/facuvulcano/workspace/install/custom_msgs/share/custom_msgs/package.dsv
[0.477s] -- Up-to-date: /home/facuvulcano/workspace/install/custom_msgs/share/ament_index/resource_index/packages/custom_msgs
[0.477s] -- Up-to-date: /home/facuvulcano/workspace/install/custom_msgs/share/custom_msgs/cmake/export_custom_msgs__rosidl_generator_cExport.cmake
[0.477s] -- Up-to-date: /home/facuvulcano/workspace/install/custom_msgs/share/custom_msgs/cmake/export_custom_msgs__rosidl_generator_cExport-noconfig.cmake
[0.477s] -- Up-to-date: /home/facuvulcano/workspace/install/custom_msgs/share/custom_msgs/cmake/export_custom_msgs__rosidl_typesupport_fastrtps_cExport.cmake
[0.477s] -- Up-to-date: /home/facuvulcano/workspace/install/custom_msgs/share/custom_msgs/cmake/export_custom_msgs__rosidl_typesupport_fastrtps_cExport-noconfig.cmake
[0.478s] -- Up-to-date: /home/facuvulcano/workspace/install/custom_msgs/share/custom_msgs/cmake/export_custom_msgs__rosidl_generator_cppExport.cmake
[0.478s] -- Up-to-date: /home/facuvulcano/workspace/install/custom_msgs/share/custom_msgs/cmake/export_custom_msgs__rosidl_typesupport_fastrtps_cppExport.cmake
[0.478s] -- Up-to-date: /home/facuvulcano/workspace/install/custom_msgs/share/custom_msgs/cmake/export_custom_msgs__rosidl_typesupport_fastrtps_cppExport-noconfig.cmake
[0.478s] -- Up-to-date: /home/facuvulcano/workspace/install/custom_msgs/share/custom_msgs/cmake/custom_msgs__rosidl_typesupport_introspection_cExport.cmake
[0.478s] -- Up-to-date: /home/facuvulcano/workspace/install/custom_msgs/share/custom_msgs/cmake/custom_msgs__rosidl_typesupport_introspection_cExport-noconfig.cmake
[0.478s] -- Up-to-date: /home/facuvulcano/workspace/install/custom_msgs/share/custom_msgs/cmake/custom_msgs__rosidl_typesupport_cExport.cmake
[0.478s] -- Up-to-date: /home/facuvulcano/workspace/install/custom_msgs/share/custom_msgs/cmake/custom_msgs__rosidl_typesupport_cExport-noconfig.cmake
[0.478s] -- Up-to-date: /home/facuvulcano/workspace/install/custom_msgs/share/custom_msgs/cmake/custom_msgs__rosidl_typesupport_introspection_cppExport.cmake
[0.478s] -- Up-to-date: /home/facuvulcano/workspace/install/custom_msgs/share/custom_msgs/cmake/custom_msgs__rosidl_typesupport_introspection_cppExport-noconfig.cmake
[0.478s] -- Up-to-date: /home/facuvulcano/workspace/install/custom_msgs/share/custom_msgs/cmake/custom_msgs__rosidl_typesupport_cppExport.cmake
[0.478s] -- Up-to-date: /home/facuvulcano/workspace/install/custom_msgs/share/custom_msgs/cmake/custom_msgs__rosidl_typesupport_cppExport-noconfig.cmake
[0.478s] -- Up-to-date: /home/facuvulcano/workspace/install/custom_msgs/share/custom_msgs/cmake/export_custom_msgs__rosidl_generator_pyExport.cmake
[0.478s] -- Up-to-date: /home/facuvulcano/workspace/install/custom_msgs/share/custom_msgs/cmake/export_custom_msgs__rosidl_generator_pyExport-noconfig.cmake
[0.478s] -- Up-to-date: /home/facuvulcano/workspace/install/custom_msgs/share/custom_msgs/cmake/rosidl_cmake-extras.cmake
[0.478s] -- Up-to-date: /home/facuvulcano/workspace/install/custom_msgs/share/custom_msgs/cmake/ament_cmake_export_dependencies-extras.cmake
[0.478s] -- Up-to-date: /home/facuvulcano/workspace/install/custom_msgs/share/custom_msgs/cmake/ament_cmake_export_include_directories-extras.cmake
[0.478s] -- Up-to-date: /home/facuvulcano/workspace/install/custom_msgs/share/custom_msgs/cmake/ament_cmake_export_libraries-extras.cmake
[0.479s] -- Up-to-date: /home/facuvulcano/workspace/install/custom_msgs/share/custom_msgs/cmake/ament_cmake_export_targets-extras.cmake
[0.479s] -- Up-to-date: /home/facuvulcano/workspace/install/custom_msgs/share/custom_msgs/cmake/rosidl_cmake_export_typesupport_targets-extras.cmake
[0.479s] -- Up-to-date: /home/facuvulcano/workspace/install/custom_msgs/share/custom_msgs/cmake/rosidl_cmake_export_typesupport_libraries-extras.cmake
[0.479s] -- Up-to-date: /home/facuvulcano/workspace/install/custom_msgs/share/custom_msgs/cmake/custom_msgsConfig.cmake
[0.479s] -- Up-to-date: /home/facuvulcano/workspace/install/custom_msgs/share/custom_msgs/cmake/custom_msgsConfig-version.cmake
[0.479s] -- Up-to-date: /home/facuvulcano/workspace/install/custom_msgs/share/custom_msgs/package.xml
[0.481s] Invoked command in '/home/facuvulcano/workspace/build/custom_msgs' returned '0': CMAKE_PREFIX_PATH=${CMAKE_PREFIX_PATH}:/home/facuvulcano/workspace/install/custom_code CONDA_PROMPT_MODIFIER=(rosenv) DEBUGINFOD_URLS=https://debuginfod.ubuntu.com /home/facuvulcano/miniconda3/envs/rosenv/bin/cmake --install /home/facuvulcano/workspace/build/custom_msgs
