[0.090s] [34mcolcon[0m [1;30mDEBUG[0m [32mCommand line arguments: ['/home/facuvulcano/miniconda3/envs/rosenv/bin/colcon', 'build'][0m
[0.090s] [34mcolcon[0m [1;30mDEBUG[0m [32mParsed command line arguments: Namespace(log_base=None, log_level=None, verb_name='build', build_base='build', install_base='install', merge_install=False, symlink_install=False, test_result_base=None, continue_on_error=False, executor='parallel', parallel_workers=32, event_handlers=None, ignore_user_meta=False, metas=['./colcon.meta'], base_paths=['.'], packages_ignore=None, packages_ignore_regex=None, paths=None, packages_up_to=None, packages_up_to_regex=None, packages_above=None, packages_above_and_dependencies=None, packages_above_depth=None, packages_select_by_dep=None, packages_skip_by_dep=None, packages_skip_up_to=None, packages_select_build_failed=False, packages_skip_build_finished=False, packages_select_test_failures=False, packages_skip_test_passed=False, packages_select=None, packages_skip=None, packages_select_regex=None, packages_skip_regex=None, packages_start=None, packages_end=None, cmake_args=None, cmake_target=None, cmake_target_skip_unavailable=False, cmake_clean_cache=False, cmake_clean_first=False, cmake_force_configure=False, ament_cmake_args=None, catkin_cmake_args=None, catkin_skip_building_tests=False, verb_parser=<colcon_defaults.argument_parser.defaults.DefaultArgumentsDecorator object at 0x7d1fae052d90>, verb_extension=<colcon_core.verb.build.BuildVerb object at 0x7d1fae050e90>, main=<bound method BuildVerb.main of <colcon_core.verb.build.BuildVerb object at 0x7d1fae050e90>>)[0m
[0.114s] [34mcolcon.colcon_core.package_discovery[0m [1;30mLevel 1[0m discover_packages(colcon_meta) check parameters
[0.114s] [34mcolcon.colcon_core.package_discovery[0m [1;30mLevel 1[0m discover_packages(recursive) check parameters
[0.114s] [34mcolcon.colcon_core.package_discovery[0m [1;30mLevel 1[0m discover_packages(ignore) check parameters
[0.114s] [34mcolcon.colcon_core.package_discovery[0m [1;30mLevel 1[0m discover_packages(path) check parameters
[0.114s] [34mcolcon.colcon_core.package_discovery[0m [1;30mLevel 1[0m discover_packages(colcon_meta) discover
[0.114s] [34mcolcon.colcon_core.package_discovery[0m [1;30mLevel 1[0m discover_packages(recursive) discover
[0.114s] [34mcolcon.colcon_core.package_discovery[0m [1;30mINFO[0m Crawling recursively for packages in '/home/facuvulcano/workspace'
[0.114s] [34mcolcon.colcon_core.package_identification[0m [1;30mLevel 1[0m _identify(.) by extensions ['ignore', 'ignore_ament_install']
[0.114s] [34mcolcon.colcon_core.package_identification[0m [1;30mLevel 1[0m _identify(.) by extension 'ignore'
[0.114s] [34mcolcon.colcon_core.package_identification[0m [1;30mLevel 1[0m _identify(.) by extension 'ignore_ament_install'
[0.114s] [34mcolcon.colcon_core.package_identification[0m [1;30mLevel 1[0m _identify(.) by extensions ['colcon_pkg']
[0.114s] [34mcolcon.colcon_core.package_identification[0m [1;30mLevel 1[0m _identify(.) by extension 'colcon_pkg'
[0.114s] [34mcolcon.colcon_core.package_identification[0m [1;30mLevel 1[0m _identify(.) by extensions ['colcon_meta']
[0.114s] [34mcolcon.colcon_core.package_identification[0m [1;30mLevel 1[0m _identify(.) by extension 'colcon_meta'
[0.114s] [34mcolcon.colcon_core.package_identification[0m [1;30mLevel 1[0m _identify(.) by extensions ['ros']
[0.114s] [34mcolcon.colcon_core.package_identification[0m [1;30mLevel 1[0m _identify(.) by extension 'ros'
[0.131s] [34mcolcon.colcon_core.package_identification[0m [1;30mLevel 1[0m _identify(.) by extensions ['cmake', 'python']
[0.131s] [34mcolcon.colcon_core.package_identification[0m [1;30mLevel 1[0m _identify(.) by extension 'cmake'
[0.131s] [34mcolcon.colcon_core.package_identification[0m [1;30mLevel 1[0m _identify(.) by extension 'python'
[0.131s] [34mcolcon.colcon_core.package_identification[0m [1;30mLevel 1[0m _identify(.) by extensions ['python_setup_py']
[0.131s] [34mcolcon.colcon_core.package_identification[0m [1;30mLevel 1[0m _identify(.) by extension 'python_setup_py'
[0.131s] [34mcolcon.colcon_core.package_identification[0m [1;30mLevel 1[0m _identify(build) by extensions ['ignore', 'ignore_ament_install']
[0.131s] [34mcolcon.colcon_core.package_identification[0m [1;30mLevel 1[0m _identify(build) by extension 'ignore'
[0.131s] [34mcolcon.colcon_core.package_identification[0m [1;30mLevel 1[0m _identify(build) ignored
[0.131s] [34mcolcon.colcon_core.package_identification[0m [1;30mLevel 1[0m _identify(install) by extensions ['ignore', 'ignore_ament_install']
[0.131s] [34mcolcon.colcon_core.package_identification[0m [1;30mLevel 1[0m _identify(install) by extension 'ignore'
[0.131s] [34mcolcon.colcon_core.package_identification[0m [1;30mLevel 1[0m _identify(install) ignored
[0.131s] [34mcolcon.colcon_core.package_identification[0m [1;30mLevel 1[0m _identify(log) by extensions ['ignore', 'ignore_ament_install']
[0.131s] [34mcolcon.colcon_core.package_identification[0m [1;30mLevel 1[0m _identify(log) by extension 'ignore'
[0.131s] [34mcolcon.colcon_core.package_identification[0m [1;30mLevel 1[0m _identify(log) ignored
[0.131s] [34mcolcon.colcon_core.package_identification[0m [1;30mLevel 1[0m _identify(src) by extensions ['ignore', 'ignore_ament_install']
[0.131s] [34mcolcon.colcon_core.package_identification[0m [1;30mLevel 1[0m _identify(src) by extension 'ignore'
[0.131s] [34mcolcon.colcon_core.package_identification[0m [1;30mLevel 1[0m _identify(src) by extension 'ignore_ament_install'
[0.131s] [34mcolcon.colcon_core.package_identification[0m [1;30mLevel 1[0m _identify(src) by extensions ['colcon_pkg']
[0.131s] [34mcolcon.colcon_core.package_identification[0m [1;30mLevel 1[0m _identify(src) by extension 'colcon_pkg'
[0.131s] [34mcolcon.colcon_core.package_identification[0m [1;30mLevel 1[0m _identify(src) by extensions ['colcon_meta']
[0.131s] [34mcolcon.colcon_core.package_identification[0m [1;30mLevel 1[0m _identify(src) by extension 'colcon_meta'
[0.131s] [34mcolcon.colcon_core.package_identification[0m [1;30mLevel 1[0m _identify(src) by extensions ['ros']
[0.131s] [34mcolcon.colcon_core.package_identification[0m [1;30mLevel 1[0m _identify(src) by extension 'ros'
[0.131s] [34mcolcon.colcon_core.package_identification[0m [1;30mLevel 1[0m _identify(src) by extensions ['cmake', 'python']
[0.132s] [34mcolcon.colcon_core.package_identification[0m [1;30mLevel 1[0m _identify(src) by extension 'cmake'
[0.132s] [34mcolcon.colcon_core.package_identification[0m [1;30mLevel 1[0m _identify(src) by extension 'python'
[0.132s] [34mcolcon.colcon_core.package_identification[0m [1;30mLevel 1[0m _identify(src) by extensions ['python_setup_py']
[0.132s] [34mcolcon.colcon_core.package_identification[0m [1;30mLevel 1[0m _identify(src) by extension 'python_setup_py'
[0.132s] [34mcolcon.colcon_core.package_identification[0m [1;30mLevel 1[0m _identify(src/custom_code) by extensions ['ignore', 'ignore_ament_install']
[0.132s] [34mcolcon.colcon_core.package_identification[0m [1;30mLevel 1[0m _identify(src/custom_code) by extension 'ignore'
[0.132s] [34mcolcon.colcon_core.package_identification[0m [1;30mLevel 1[0m _identify(src/custom_code) by extension 'ignore_ament_install'
[0.132s] [34mcolcon.colcon_core.package_identification[0m [1;30mLevel 1[0m _identify(src/custom_code) by extensions ['colcon_pkg']
[0.132s] [34mcolcon.colcon_core.package_identification[0m [1;30mLevel 1[0m _identify(src/custom_code) by extension 'colcon_pkg'
[0.132s] [34mcolcon.colcon_core.package_identification[0m [1;30mLevel 1[0m _identify(src/custom_code) by extensions ['colcon_meta']
[0.132s] [34mcolcon.colcon_core.package_identification[0m [1;30mLevel 1[0m _identify(src/custom_code) by extension 'colcon_meta'
[0.132s] [34mcolcon.colcon_core.package_identification[0m [1;30mLevel 1[0m _identify(src/custom_code) by extensions ['ros']
[0.132s] [34mcolcon.colcon_core.package_identification[0m [1;30mLevel 1[0m _identify(src/custom_code) by extension 'ros'
[0.134s] [34mcolcon.colcon_core.package_identification[0m [1;30mDEBUG[0m [32mPackage 'src/custom_code' with type 'ros.ament_python' and name 'custom_code'[0m
[0.134s] [34mcolcon.colcon_core.package_identification[0m [1;30mLevel 1[0m _identify(src/custom_msgs) by extensions ['ignore', 'ignore_ament_install']
[0.134s] [34mcolcon.colcon_core.package_identification[0m [1;30mLevel 1[0m _identify(src/custom_msgs) by extension 'ignore'
[0.134s] [34mcolcon.colcon_core.package_identification[0m [1;30mLevel 1[0m _identify(src/custom_msgs) by extension 'ignore_ament_install'
[0.134s] [34mcolcon.colcon_core.package_identification[0m [1;30mLevel 1[0m _identify(src/custom_msgs) by extensions ['colcon_pkg']
[0.134s] [34mcolcon.colcon_core.package_identification[0m [1;30mLevel 1[0m _identify(src/custom_msgs) by extension 'colcon_pkg'
[0.134s] [34mcolcon.colcon_core.package_identification[0m [1;30mLevel 1[0m _identify(src/custom_msgs) by extensions ['colcon_meta']
[0.134s] [34mcolcon.colcon_core.package_identification[0m [1;30mLevel 1[0m _identify(src/custom_msgs) by extension 'colcon_meta'
[0.134s] [34mcolcon.colcon_core.package_identification[0m [1;30mLevel 1[0m _identify(src/custom_msgs) by extensions ['ros']
[0.134s] [34mcolcon.colcon_core.package_identification[0m [1;30mLevel 1[0m _identify(src/custom_msgs) by extension 'ros'
[0.134s] [34mcolcon.colcon_core.package_identification[0m [1;30mDEBUG[0m [32mPackage 'src/custom_msgs' with type 'ros.ament_cmake' and name 'custom_msgs'[0m
[0.134s] [34mcolcon.colcon_core.package_identification[0m [1;30mLevel 1[0m _identify(src/turtlebot3_custom_simulation) by extensions ['ignore', 'ignore_ament_install']
[0.135s] [34mcolcon.colcon_core.package_identification[0m [1;30mLevel 1[0m _identify(src/turtlebot3_custom_simulation) by extension 'ignore'
[0.135s] [34mcolcon.colcon_core.package_identification[0m [1;30mLevel 1[0m _identify(src/turtlebot3_custom_simulation) by extension 'ignore_ament_install'
[0.135s] [34mcolcon.colcon_core.package_identification[0m [1;30mLevel 1[0m _identify(src/turtlebot3_custom_simulation) by extensions ['colcon_pkg']
[0.135s] [34mcolcon.colcon_core.package_identification[0m [1;30mLevel 1[0m _identify(src/turtlebot3_custom_simulation) by extension 'colcon_pkg'
[0.135s] [34mcolcon.colcon_core.package_identification[0m [1;30mLevel 1[0m _identify(src/turtlebot3_custom_simulation) by extensions ['colcon_meta']
[0.135s] [34mcolcon.colcon_core.package_identification[0m [1;30mLevel 1[0m _identify(src/turtlebot3_custom_simulation) by extension 'colcon_meta'
[0.135s] [34mcolcon.colcon_core.package_identification[0m [1;30mLevel 1[0m _identify(src/turtlebot3_custom_simulation) by extensions ['ros']
[0.135s] [34mcolcon.colcon_core.package_identification[0m [1;30mLevel 1[0m _identify(src/turtlebot3_custom_simulation) by extension 'ros'
[0.135s] [34mcolcon.colcon_core.package_identification[0m [1;30mDEBUG[0m [32mPackage 'src/turtlebot3_custom_simulation' with type 'ros.ament_cmake' and name 'turtlebot3_custom_simulation'[0m
[0.135s] [34mcolcon.colcon_core.package_identification[0m [1;30mLevel 1[0m _identify(src/turtlebot3_obstacle_avoidance) by extensions ['ignore', 'ignore_ament_install']
[0.135s] [34mcolcon.colcon_core.package_identification[0m [1;30mLevel 1[0m _identify(src/turtlebot3_obstacle_avoidance) by extension 'ignore'
[0.135s] [34mcolcon.colcon_core.package_identification[0m [1;30mLevel 1[0m _identify(src/turtlebot3_obstacle_avoidance) by extension 'ignore_ament_install'
[0.135s] [34mcolcon.colcon_core.package_identification[0m [1;30mLevel 1[0m _identify(src/turtlebot3_obstacle_avoidance) by extensions ['colcon_pkg']
[0.135s] [34mcolcon.colcon_core.package_identification[0m [1;30mLevel 1[0m _identify(src/turtlebot3_obstacle_avoidance) by extension 'colcon_pkg'
[0.135s] [34mcolcon.colcon_core.package_identification[0m [1;30mLevel 1[0m _identify(src/turtlebot3_obstacle_avoidance) by extensions ['colcon_meta']
[0.135s] [34mcolcon.colcon_core.package_identification[0m [1;30mLevel 1[0m _identify(src/turtlebot3_obstacle_avoidance) by extension 'colcon_meta'
[0.135s] [34mcolcon.colcon_core.package_identification[0m [1;30mLevel 1[0m _identify(src/turtlebot3_obstacle_avoidance) by extensions ['ros']
[0.135s] [34mcolcon.colcon_core.package_identification[0m [1;30mLevel 1[0m _identify(src/turtlebot3_obstacle_avoidance) by extension 'ros'
[0.136s] [34mcolcon.colcon_core.package_identification[0m [1;30mDEBUG[0m [32mPackage 'src/turtlebot3_obstacle_avoidance' with type 'ros.ament_python' and name 'turtlebot3_obstacle_avoidance'[0m
[0.136s] [34mcolcon.colcon_core.package_discovery[0m [1;30mLevel 1[0m discover_packages(recursive) using defaults
[0.137s] [34mcolcon.colcon_core.package_discovery[0m [1;30mLevel 1[0m discover_packages(ignore) discover
[0.137s] [34mcolcon.colcon_core.package_discovery[0m [1;30mLevel 1[0m discover_packages(ignore) using defaults
[0.137s] [34mcolcon.colcon_core.package_discovery[0m [1;30mLevel 1[0m discover_packages(path) discover
[0.137s] [34mcolcon.colcon_core.package_discovery[0m [1;30mLevel 1[0m discover_packages(path) using defaults
[0.147s] [34mcolcon.colcon_core.verb[0m [1;30mLevel 5[0m set package 'custom_msgs' build argument 'cmake_args' from command line to 'None'
[0.147s] [34mcolcon.colcon_core.verb[0m [1;30mLevel 5[0m set package 'custom_msgs' build argument 'cmake_target' from command line to 'None'
[0.147s] [34mcolcon.colcon_core.verb[0m [1;30mLevel 5[0m set package 'custom_msgs' build argument 'cmake_target_skip_unavailable' from command line to 'False'
[0.147s] [34mcolcon.colcon_core.verb[0m [1;30mLevel 5[0m set package 'custom_msgs' build argument 'cmake_clean_cache' from command line to 'False'
[0.147s] [34mcolcon.colcon_core.verb[0m [1;30mLevel 5[0m set package 'custom_msgs' build argument 'cmake_clean_first' from command line to 'False'
[0.147s] [34mcolcon.colcon_core.verb[0m [1;30mLevel 5[0m set package 'custom_msgs' build argument 'cmake_force_configure' from command line to 'False'
[0.147s] [34mcolcon.colcon_core.verb[0m [1;30mLevel 5[0m set package 'custom_msgs' build argument 'ament_cmake_args' from command line to 'None'
[0.147s] [34mcolcon.colcon_core.verb[0m [1;30mLevel 5[0m set package 'custom_msgs' build argument 'catkin_cmake_args' from command line to 'None'
[0.147s] [34mcolcon.colcon_core.verb[0m [1;30mLevel 5[0m set package 'custom_msgs' build argument 'catkin_skip_building_tests' from command line to 'False'
[0.147s] [34mcolcon.colcon_core.verb[0m [1;30mDEBUG[0m [32mBuilding package 'custom_msgs' with the following arguments: {'ament_cmake_args': None, 'build_base': '/home/facuvulcano/workspace/build/custom_msgs', 'catkin_cmake_args': None, 'catkin_skip_building_tests': False, 'cmake_args': None, 'cmake_clean_cache': False, 'cmake_clean_first': False, 'cmake_force_configure': False, 'cmake_target': None, 'cmake_target_skip_unavailable': False, 'install_base': '/home/facuvulcano/workspace/install/custom_msgs', 'merge_install': False, 'path': '/home/facuvulcano/workspace/src/custom_msgs', 'symlink_install': False, 'test_result_base': None}[0m
[0.147s] [34mcolcon.colcon_core.verb[0m [1;30mLevel 5[0m set package 'turtlebot3_custom_simulation' build argument 'cmake_args' from command line to 'None'
[0.147s] [34mcolcon.colcon_core.verb[0m [1;30mLevel 5[0m set package 'turtlebot3_custom_simulation' build argument 'cmake_target' from command line to 'None'
[0.147s] [34mcolcon.colcon_core.verb[0m [1;30mLevel 5[0m set package 'turtlebot3_custom_simulation' build argument 'cmake_target_skip_unavailable' from command line to 'False'
[0.147s] [34mcolcon.colcon_core.verb[0m [1;30mLevel 5[0m set package 'turtlebot3_custom_simulation' build argument 'cmake_clean_cache' from command line to 'False'
[0.147s] [34mcolcon.colcon_core.verb[0m [1;30mLevel 5[0m set package 'turtlebot3_custom_simulation' build argument 'cmake_clean_first' from command line to 'False'
[0.147s] [34mcolcon.colcon_core.verb[0m [1;30mLevel 5[0m set package 'turtlebot3_custom_simulation' build argument 'cmake_force_configure' from command line to 'False'
[0.147s] [34mcolcon.colcon_core.verb[0m [1;30mLevel 5[0m set package 'turtlebot3_custom_simulation' build argument 'ament_cmake_args' from command line to 'None'
[0.147s] [34mcolcon.colcon_core.verb[0m [1;30mLevel 5[0m set package 'turtlebot3_custom_simulation' build argument 'catkin_cmake_args' from command line to 'None'
[0.147s] [34mcolcon.colcon_core.verb[0m [1;30mLevel 5[0m set package 'turtlebot3_custom_simulation' build argument 'catkin_skip_building_tests' from command line to 'False'
[0.147s] [34mcolcon.colcon_core.verb[0m [1;30mDEBUG[0m [32mBuilding package 'turtlebot3_custom_simulation' with the following arguments: {'ament_cmake_args': None, 'build_base': '/home/facuvulcano/workspace/build/turtlebot3_custom_simulation', 'catkin_cmake_args': None, 'catkin_skip_building_tests': False, 'cmake_args': None, 'cmake_clean_cache': False, 'cmake_clean_first': False, 'cmake_force_configure': False, 'cmake_target': None, 'cmake_target_skip_unavailable': False, 'install_base': '/home/facuvulcano/workspace/install/turtlebot3_custom_simulation', 'merge_install': False, 'path': '/home/facuvulcano/workspace/src/turtlebot3_custom_simulation', 'symlink_install': False, 'test_result_base': None}[0m
[0.148s] [34mcolcon.colcon_core.verb[0m [1;30mLevel 5[0m set package 'turtlebot3_obstacle_avoidance' build argument 'cmake_args' from command line to 'None'
[0.148s] [34mcolcon.colcon_core.verb[0m [1;30mLevel 5[0m set package 'turtlebot3_obstacle_avoidance' build argument 'cmake_target' from command line to 'None'
[0.148s] [34mcolcon.colcon_core.verb[0m [1;30mLevel 5[0m set package 'turtlebot3_obstacle_avoidance' build argument 'cmake_target_skip_unavailable' from command line to 'False'
[0.148s] [34mcolcon.colcon_core.verb[0m [1;30mLevel 5[0m set package 'turtlebot3_obstacle_avoidance' build argument 'cmake_clean_cache' from command line to 'False'
[0.148s] [34mcolcon.colcon_core.verb[0m [1;30mLevel 5[0m set package 'turtlebot3_obstacle_avoidance' build argument 'cmake_clean_first' from command line to 'False'
[0.148s] [34mcolcon.colcon_core.verb[0m [1;30mLevel 5[0m set package 'turtlebot3_obstacle_avoidance' build argument 'cmake_force_configure' from command line to 'False'
[0.148s] [34mcolcon.colcon_core.verb[0m [1;30mLevel 5[0m set package 'turtlebot3_obstacle_avoidance' build argument 'ament_cmake_args' from command line to 'None'
[0.148s] [34mcolcon.colcon_core.verb[0m [1;30mLevel 5[0m set package 'turtlebot3_obstacle_avoidance' build argument 'catkin_cmake_args' from command line to 'None'
[0.148s] [34mcolcon.colcon_core.verb[0m [1;30mLevel 5[0m set package 'turtlebot3_obstacle_avoidance' build argument 'catkin_skip_building_tests' from command line to 'False'
[0.148s] [34mcolcon.colcon_core.verb[0m [1;30mDEBUG[0m [32mBuilding package 'turtlebot3_obstacle_avoidance' with the following arguments: {'ament_cmake_args': None, 'build_base': '/home/facuvulcano/workspace/build/turtlebot3_obstacle_avoidance', 'catkin_cmake_args': None, 'catkin_skip_building_tests': False, 'cmake_args': None, 'cmake_clean_cache': False, 'cmake_clean_first': False, 'cmake_force_configure': False, 'cmake_target': None, 'cmake_target_skip_unavailable': False, 'install_base': '/home/facuvulcano/workspace/install/turtlebot3_obstacle_avoidance', 'merge_install': False, 'path': '/home/facuvulcano/workspace/src/turtlebot3_obstacle_avoidance', 'symlink_install': False, 'test_result_base': None}[0m
[0.148s] [34mcolcon.colcon_core.verb[0m [1;30mLevel 5[0m set package 'custom_code' build argument 'cmake_args' from command line to 'None'
[0.148s] [34mcolcon.colcon_core.verb[0m [1;30mLevel 5[0m set package 'custom_code' build argument 'cmake_target' from command line to 'None'
[0.148s] [34mcolcon.colcon_core.verb[0m [1;30mLevel 5[0m set package 'custom_code' build argument 'cmake_target_skip_unavailable' from command line to 'False'
[0.148s] [34mcolcon.colcon_core.verb[0m [1;30mLevel 5[0m set package 'custom_code' build argument 'cmake_clean_cache' from command line to 'False'
[0.148s] [34mcolcon.colcon_core.verb[0m [1;30mLevel 5[0m set package 'custom_code' build argument 'cmake_clean_first' from command line to 'False'
[0.148s] [34mcolcon.colcon_core.verb[0m [1;30mLevel 5[0m set package 'custom_code' build argument 'cmake_force_configure' from command line to 'False'
[0.148s] [34mcolcon.colcon_core.verb[0m [1;30mLevel 5[0m set package 'custom_code' build argument 'ament_cmake_args' from command line to 'None'
[0.148s] [34mcolcon.colcon_core.verb[0m [1;30mLevel 5[0m set package 'custom_code' build argument 'catkin_cmake_args' from command line to 'None'
[0.148s] [34mcolcon.colcon_core.verb[0m [1;30mLevel 5[0m set package 'custom_code' build argument 'catkin_skip_building_tests' from command line to 'False'
[0.148s] [34mcolcon.colcon_core.verb[0m [1;30mDEBUG[0m [32mBuilding package 'custom_code' with the following arguments: {'ament_cmake_args': None, 'build_base': '/home/facuvulcano/workspace/build/custom_code', 'catkin_cmake_args': None, 'catkin_skip_building_tests': False, 'cmake_args': None, 'cmake_clean_cache': False, 'cmake_clean_first': False, 'cmake_force_configure': False, 'cmake_target': None, 'cmake_target_skip_unavailable': False, 'install_base': '/home/facuvulcano/workspace/install/custom_code', 'merge_install': False, 'path': '/home/facuvulcano/workspace/src/custom_code', 'symlink_install': False, 'test_result_base': None}[0m
[0.148s] [34mcolcon.colcon_core.executor[0m [1;30mINFO[0m Executing jobs using 'parallel' executor
[0.149s] [34mcolcon.colcon_parallel_executor.executor.parallel[0m [1;30mDEBUG[0m [32mrun_until_complete[0m
[0.149s] [34mcolcon.colcon_ros.task.ament_cmake.build[0m [1;30mINFO[0m Building ROS package in '/home/facuvulcano/workspace/src/custom_msgs' with build type 'ament_cmake'
[0.149s] [34mcolcon.colcon_cmake.task.cmake.build[0m [1;30mINFO[0m Building CMake package in '/home/facuvulcano/workspace/src/custom_msgs'
[0.151s] [34mcolcon.colcon_core.plugin_system[0m [1;30mINFO[0m Skipping extension 'colcon_core.shell.bat': Not used on non-Windows systems
[0.151s] [34mcolcon.colcon_core.shell[0m [1;30mINFO[0m Skip shell extension 'powershell' for command environment: Not usable outside of PowerShell
[0.151s] [34mcolcon.colcon_core.shell[0m [1;30mDEBUG[0m [32mSkip shell extension 'dsv' for command environment[0m
[0.151s] [34mcolcon.colcon_ros.prefix_path.ament[0m [1;30mWARNING[0m [33mThe path '/home/facuvulcano/workspace/install/turtlebot3_obstacle_avoidance' in the environment variable AMENT_PREFIX_PATH doesn't exist[0m
[0.151s] [34mcolcon.colcon_ros.prefix_path.ament[0m [1;30mWARNING[0m [33mThe path '/home/facuvulcano/workspace/install/turtlebot3_custom_simulation' in the environment variable AMENT_PREFIX_PATH doesn't exist[0m
[0.152s] [34mcolcon.colcon_ros.prefix_path.ament[0m [1;30mWARNING[0m [33mThe path '/home/facuvulcano/workspace/install/custom_code' in the environment variable AMENT_PREFIX_PATH doesn't exist[0m
[0.152s] [34mcolcon.colcon_ros.prefix_path.catkin[0m [1;30mWARNING[0m [33mThe path '/home/facuvulcano/workspace/install/turtlebot3_custom_simulation' in the environment variable CMAKE_PREFIX_PATH doesn't exist[0m
[0.152s] [34mcolcon.colcon_ros.prefix_path.catkin[0m [1;30mWARNING[0m [33mThe path '/home/facuvulcano/workspace/install/custom_msgs' in the environment variable CMAKE_PREFIX_PATH doesn't exist[0m
[0.155s] [34mcolcon.colcon_ros.task.ament_cmake.build[0m [1;30mINFO[0m Building ROS package in '/home/facuvulcano/workspace/src/turtlebot3_custom_simulation' with build type 'ament_cmake'
[0.155s] [34mcolcon.colcon_cmake.task.cmake.build[0m [1;30mINFO[0m Building CMake package in '/home/facuvulcano/workspace/src/turtlebot3_custom_simulation'
[0.155s] [34mcolcon.colcon_core.shell[0m [1;30mINFO[0m Skip shell extension 'powershell' for command environment: Not usable outside of PowerShell
[0.155s] [34mcolcon.colcon_core.shell[0m [1;30mDEBUG[0m [32mSkip shell extension 'dsv' for command environment[0m
[0.158s] [34mcolcon.colcon_ros.task.ament_python.build[0m [1;30mINFO[0m Building ROS package in '/home/facuvulcano/workspace/src/turtlebot3_obstacle_avoidance' with build type 'ament_python'
[0.158s] [34mcolcon.colcon_core.shell[0m [1;30mLevel 1[0m create_environment_hook('turtlebot3_obstacle_avoidance', 'ament_prefix_path')
[0.159s] [34mcolcon.colcon_core.shell[0m [1;30mINFO[0m Creating environment hook '/home/facuvulcano/workspace/install/turtlebot3_obstacle_avoidance/share/turtlebot3_obstacle_avoidance/hook/ament_prefix_path.ps1'
[0.159s] [34mcolcon.colcon_core.shell[0m [1;30mINFO[0m Creating environment descriptor '/home/facuvulcano/workspace/install/turtlebot3_obstacle_avoidance/share/turtlebot3_obstacle_avoidance/hook/ament_prefix_path.dsv'
[0.159s] [34mcolcon.colcon_core.shell[0m [1;30mINFO[0m Creating environment hook '/home/facuvulcano/workspace/install/turtlebot3_obstacle_avoidance/share/turtlebot3_obstacle_avoidance/hook/ament_prefix_path.sh'
[0.160s] [34mcolcon.colcon_core.shell[0m [1;30mINFO[0m Skip shell extension 'powershell' for command environment: Not usable outside of PowerShell
[0.160s] [34mcolcon.colcon_core.shell[0m [1;30mDEBUG[0m [32mSkip shell extension 'dsv' for command environment[0m
[0.164s] [34mcolcon.colcon_core.event_handler.log_command[0m [1;30mDEBUG[0m [32mInvoking command in '/home/facuvulcano/workspace/build/custom_msgs': CMAKE_PREFIX_PATH=${CMAKE_PREFIX_PATH}:/home/facuvulcano/workspace/install/turtlebot3_obstacle_avoidance:/home/facuvulcano/workspace/install/custom_code CONDA_PROMPT_MODIFIER=(rosenv) DEBUGINFOD_URLS=https://debuginfod.ubuntu.com /home/facuvulcano/miniconda3/envs/rosenv/bin/cmake /home/facuvulcano/workspace/src/custom_msgs -DCMAKE_INSTALL_PREFIX=/home/facuvulcano/workspace/install/custom_msgs[0m
[0.166s] [34mcolcon.colcon_core.event_handler.log_command[0m [1;30mDEBUG[0m [32mInvoking command in '/home/facuvulcano/workspace/build/turtlebot3_custom_simulation': CMAKE_PREFIX_PATH=${CMAKE_PREFIX_PATH}:/home/facuvulcano/workspace/install/turtlebot3_obstacle_avoidance:/home/facuvulcano/workspace/install/custom_code CONDA_PROMPT_MODIFIER=(rosenv) DEBUGINFOD_URLS=https://debuginfod.ubuntu.com /home/facuvulcano/miniconda3/envs/rosenv/bin/cmake /home/facuvulcano/workspace/src/turtlebot3_custom_simulation -DCMAKE_INSTALL_PREFIX=/home/facuvulcano/workspace/install/turtlebot3_custom_simulation[0m
[0.322s] [34mcolcon.colcon_core.task.python.build[0m [1;30mINFO[0m Building Python package in '/home/facuvulcano/workspace/src/turtlebot3_obstacle_avoidance'
[0.322s] [34mcolcon.colcon_core.shell[0m [1;30mINFO[0m Skip shell extension 'powershell' for command environment: Not usable outside of PowerShell
[0.322s] [34mcolcon.colcon_core.shell[0m [1;30mDEBUG[0m [32mSkip shell extension 'dsv' for command environment[0m
[0.614s] [34mcolcon.colcon_core.event_handler.log_command[0m [1;30mDEBUG[0m [32mInvoking command in '/home/facuvulcano/workspace/src/turtlebot3_obstacle_avoidance': CONDA_PROMPT_MODIFIER=(rosenv) DEBUGINFOD_URLS=https://debuginfod.ubuntu.com PYTHONPATH=/home/facuvulcano/workspace/build/turtlebot3_obstacle_avoidance/prefix_override:/home/facuvulcano/miniconda3/envs/rosenv/lib/python3.11/site-packages/colcon_core/task/python/colcon_distutils_commands:/home/facuvulcano/workspace/install/turtlebot3_obstacle_avoidance/lib/python3.11/site-packages:${PYTHONPATH} /home/facuvulcano/miniconda3/envs/rosenv/bin/python3.11 -W ignore:setup.py install is deprecated -W ignore:easy_install command is deprecated setup.py egg_info --egg-base ../../build/turtlebot3_obstacle_avoidance build --build-base /home/facuvulcano/workspace/build/turtlebot3_obstacle_avoidance/build install --record /home/facuvulcano/workspace/build/turtlebot3_obstacle_avoidance/install.log --single-version-externally-managed install_data[0m
[0.900s] [34mcolcon.colcon_core.event_handler.log_command[0m [1;30mDEBUG[0m [32mInvoked command in '/home/facuvulcano/workspace/src/turtlebot3_obstacle_avoidance' returned '0': CONDA_PROMPT_MODIFIER=(rosenv) DEBUGINFOD_URLS=https://debuginfod.ubuntu.com PYTHONPATH=/home/facuvulcano/workspace/build/turtlebot3_obstacle_avoidance/prefix_override:/home/facuvulcano/miniconda3/envs/rosenv/lib/python3.11/site-packages/colcon_core/task/python/colcon_distutils_commands:/home/facuvulcano/workspace/install/turtlebot3_obstacle_avoidance/lib/python3.11/site-packages:${PYTHONPATH} /home/facuvulcano/miniconda3/envs/rosenv/bin/python3.11 -W ignore:setup.py install is deprecated -W ignore:easy_install command is deprecated setup.py egg_info --egg-base ../../build/turtlebot3_obstacle_avoidance build --build-base /home/facuvulcano/workspace/build/turtlebot3_obstacle_avoidance/build install --record /home/facuvulcano/workspace/build/turtlebot3_obstacle_avoidance/install.log --single-version-externally-managed install_data[0m
[0.901s] [34mcolcon.colcon_core.environment[0m [1;30mLevel 1[0m checking '/home/facuvulcano/workspace/install/turtlebot3_obstacle_avoidance' for CMake module files
[0.901s] [34mcolcon.colcon_core.environment[0m [1;30mLevel 1[0m checking '/home/facuvulcano/workspace/install/turtlebot3_obstacle_avoidance' for CMake config files
[0.902s] [34mcolcon.colcon_core.environment[0m [1;30mLevel 1[0m checking '/home/facuvulcano/workspace/install/turtlebot3_obstacle_avoidance/lib'
[0.902s] [34mcolcon.colcon_core.environment[0m [1;30mLevel 1[0m checking '/home/facuvulcano/workspace/install/turtlebot3_obstacle_avoidance/bin'
[0.902s] [34mcolcon.colcon_core.environment[0m [1;30mLevel 1[0m checking '/home/facuvulcano/workspace/install/turtlebot3_obstacle_avoidance/lib/pkgconfig/turtlebot3_obstacle_avoidance.pc'
[0.902s] [34mcolcon.colcon_core.environment[0m [1;30mLevel 1[0m checking '/home/facuvulcano/workspace/install/turtlebot3_obstacle_avoidance/lib/python3.11/site-packages'
[0.902s] [34mcolcon.colcon_core.shell[0m [1;30mLevel 1[0m create_environment_hook('turtlebot3_obstacle_avoidance', 'pythonpath')
[0.902s] [34mcolcon.colcon_core.shell[0m [1;30mINFO[0m Creating environment hook '/home/facuvulcano/workspace/install/turtlebot3_obstacle_avoidance/share/turtlebot3_obstacle_avoidance/hook/pythonpath.ps1'
[0.903s] [34mcolcon.colcon_core.shell[0m [1;30mINFO[0m Creating environment descriptor '/home/facuvulcano/workspace/install/turtlebot3_obstacle_avoidance/share/turtlebot3_obstacle_avoidance/hook/pythonpath.dsv'
[0.903s] [34mcolcon.colcon_core.shell[0m [1;30mINFO[0m Creating environment hook '/home/facuvulcano/workspace/install/turtlebot3_obstacle_avoidance/share/turtlebot3_obstacle_avoidance/hook/pythonpath.sh'
[0.903s] [34mcolcon.colcon_core.environment[0m [1;30mLevel 1[0m checking '/home/facuvulcano/workspace/install/turtlebot3_obstacle_avoidance/bin'
[0.903s] [34mcolcon.colcon_core.environment[0m [1;30mLevel 1[0m create_environment_scripts_only(turtlebot3_obstacle_avoidance)
[0.904s] [34mcolcon.colcon_core.shell[0m [1;30mINFO[0m Creating package script '/home/facuvulcano/workspace/install/turtlebot3_obstacle_avoidance/share/turtlebot3_obstacle_avoidance/package.ps1'
[0.904s] [34mcolcon.colcon_core.shell[0m [1;30mINFO[0m Creating package descriptor '/home/facuvulcano/workspace/install/turtlebot3_obstacle_avoidance/share/turtlebot3_obstacle_avoidance/package.dsv'
[0.905s] [34mcolcon.colcon_core.shell[0m [1;30mINFO[0m Creating package script '/home/facuvulcano/workspace/install/turtlebot3_obstacle_avoidance/share/turtlebot3_obstacle_avoidance/package.sh'
[0.905s] [34mcolcon.colcon_core.shell[0m [1;30mINFO[0m Creating package script '/home/facuvulcano/workspace/install/turtlebot3_obstacle_avoidance/share/turtlebot3_obstacle_avoidance/package.bash'
[0.905s] [34mcolcon.colcon_core.shell[0m [1;30mINFO[0m Creating package script '/home/facuvulcano/workspace/install/turtlebot3_obstacle_avoidance/share/turtlebot3_obstacle_avoidance/package.zsh'
[0.906s] [34mcolcon.colcon_core.environment[0m [1;30mLevel 1[0m create_file_with_runtime_dependencies(/home/facuvulcano/workspace/install/turtlebot3_obstacle_avoidance/share/colcon-core/packages/turtlebot3_obstacle_avoidance)
[1.929s] [34mcolcon.colcon_core.event_handler.log_command[0m [1;30mDEBUG[0m [32mInvoked command in '/home/facuvulcano/workspace/build/custom_msgs' returned '1': CMAKE_PREFIX_PATH=${CMAKE_PREFIX_PATH}:/home/facuvulcano/workspace/install/turtlebot3_obstacle_avoidance:/home/facuvulcano/workspace/install/custom_code CONDA_PROMPT_MODIFIER=(rosenv) DEBUGINFOD_URLS=https://debuginfod.ubuntu.com /home/facuvulcano/miniconda3/envs/rosenv/bin/cmake /home/facuvulcano/workspace/src/custom_msgs -DCMAKE_INSTALL_PREFIX=/home/facuvulcano/workspace/install/custom_msgs[0m
[1.951s] [34mcolcon.colcon_core.environment[0m [1;30mLevel 1[0m create_environment_scripts_only(custom_msgs)
[1.952s] [34mcolcon.colcon_core.environment[0m [1;30mLevel 1[0m checking '/home/facuvulcano/workspace/install/custom_msgs' for CMake module files
[1.953s] [34mcolcon.colcon_core.environment[0m [1;30mLevel 1[0m checking '/home/facuvulcano/workspace/install/custom_msgs' for CMake config files
[1.953s] [34mcolcon.colcon_core.environment[0m [1;30mLevel 1[0m checking '/home/facuvulcano/workspace/install/custom_msgs/bin'
[1.954s] [34mcolcon.colcon_core.environment[0m [1;30mLevel 1[0m checking '/home/facuvulcano/workspace/install/custom_msgs/lib/pkgconfig/custom_msgs.pc'
[1.954s] [34mcolcon.colcon_core.environment[0m [1;30mLevel 1[0m checking '/home/facuvulcano/workspace/install/custom_msgs/lib/python3.11/site-packages'
[1.955s] [34mcolcon.colcon_core.environment[0m [1;30mLevel 1[0m checking '/home/facuvulcano/workspace/install/custom_msgs/bin'
[1.956s] [34mcolcon.colcon_core.shell[0m [1;30mINFO[0m Creating package script '/home/facuvulcano/workspace/install/custom_msgs/share/custom_msgs/package.ps1'
[1.957s] [34mcolcon.colcon_core.shell[0m [1;30mINFO[0m Creating package descriptor '/home/facuvulcano/workspace/install/custom_msgs/share/custom_msgs/package.dsv'
[1.958s] [34mcolcon.colcon_core.shell[0m [1;30mINFO[0m Creating package script '/home/facuvulcano/workspace/install/custom_msgs/share/custom_msgs/package.sh'
[1.959s] [34mcolcon.colcon_core.shell[0m [1;30mINFO[0m Creating package script '/home/facuvulcano/workspace/install/custom_msgs/share/custom_msgs/package.bash'
[1.959s] [34mcolcon.colcon_core.shell[0m [1;30mINFO[0m Creating package script '/home/facuvulcano/workspace/install/custom_msgs/share/custom_msgs/package.zsh'
[1.960s] [34mcolcon.colcon_core.environment[0m [1;30mLevel 1[0m create_file_with_runtime_dependencies(/home/facuvulcano/workspace/install/custom_msgs/share/colcon-core/packages/custom_msgs)
[4.400s] [34mcolcon.colcon_parallel_executor.executor.parallel[0m [1;30mDEBUG[0m [32mclosing loop[0m
[4.400s] [34mcolcon.colcon_parallel_executor.executor.parallel[0m [1;30mDEBUG[0m [32mloop closed[0m
[4.400s] [34mcolcon.colcon_parallel_executor.executor.parallel[0m [1;30mDEBUG[0m [32mrun_until_complete finished with '1'[0m
[4.400s] [34mcolcon.colcon_core.event_reactor[0m [1;30mDEBUG[0m [32mjoining thread[0m
[4.402s] [34mcolcon.colcon_core.event_reactor[0m [1;30mDEBUG[0m [32mjoined thread[0m
[4.402s] [34mcolcon.colcon_core.shell[0m [1;30mINFO[0m Creating prefix script '/home/facuvulcano/workspace/install/local_setup.ps1'
[4.403s] [34mcolcon.colcon_core.shell[0m [1;30mINFO[0m Creating prefix util module '/home/facuvulcano/workspace/install/_local_setup_util_ps1.py'
[4.404s] [34mcolcon.colcon_core.shell[0m [1;30mINFO[0m Creating prefix chain script '/home/facuvulcano/workspace/install/setup.ps1'
[4.405s] [34mcolcon.colcon_core.shell[0m [1;30mINFO[0m Creating prefix script '/home/facuvulcano/workspace/install/local_setup.sh'
[4.405s] [34mcolcon.colcon_core.shell[0m [1;30mINFO[0m Creating prefix util module '/home/facuvulcano/workspace/install/_local_setup_util_sh.py'
[4.405s] [34mcolcon.colcon_core.shell[0m [1;30mINFO[0m Creating prefix chain script '/home/facuvulcano/workspace/install/setup.sh'
[4.406s] [34mcolcon.colcon_core.shell[0m [1;30mINFO[0m Creating prefix script '/home/facuvulcano/workspace/install/local_setup.bash'
[4.406s] [34mcolcon.colcon_core.shell[0m [1;30mINFO[0m Creating prefix chain script '/home/facuvulcano/workspace/install/setup.bash'
[4.407s] [34mcolcon.colcon_core.shell[0m [1;30mINFO[0m Creating prefix script '/home/facuvulcano/workspace/install/local_setup.zsh'
[4.408s] [34mcolcon.colcon_core.shell[0m [1;30mINFO[0m Creating prefix chain script '/home/facuvulcano/workspace/install/setup.zsh'
