running develop
running egg_info
writing custom_code.egg-info/PKG-INFO
writing dependency_links to custom_code.egg-info/dependency_links.txt
writing entry points to custom_code.egg-info/entry_points.txt
writing requirements to custom_code.egg-info/requires.txt
writing top-level names to custom_code.egg-info/top_level.txt
reading manifest file 'custom_code.egg-info/SOURCES.txt'
writing manifest file 'custom_code.egg-info/SOURCES.txt'
running build_ext
Creating /home/alumno1/workspace/install/custom_code/lib/python3.10/site-packages/custom-code.egg-link (link to .)
Installing ekf script to /home/alumno1/workspace/install/custom_code/lib/custom_code
Installing ekf_correction script to /home/alumno1/workspace/install/custom_code/lib/custom_code
Installing ekf_prediction script to /home/alumno1/workspace/install/custom_code/lib/custom_code
Installing fastslam script to /home/alumno1/workspace/install/custom_code/lib/custom_code
Installing feature_finder script to /home/alumno1/workspace/install/custom_code/lib/custom_code
Installing features script to /home/alumno1/workspace/install/custom_code/lib/custom_code
Installing likelihood script to /home/alumno1/workspace/install/custom_code/lib/custom_code
Installing localization script to /home/alumno1/workspace/install/custom_code/lib/custom_code
Installing my_odometry script to /home/alumno1/workspace/install/custom_code/lib/custom_code
Installing my_tf script to /home/alumno1/workspace/install/custom_code/lib/custom_code

Installed /home/alumno1/workspace/build/custom_code
running symlink_data
