[0.271s] Invoking command in '/home/alumno1/workspace/build/custom_code': CMAKE_PREFIX_PATH=/home/alumno1/workspace/install/custom_msgs:/home/alumno1/workspace/install/turtlebot3_custom_simulation:/home/alumno1/turtlebot3_ws/install/turtlebot3:/home/alumno1/turtlebot3_ws/install/turtlebot3_simulations:/home/alumno1/turtlebot3_ws/install/turtlebot3_bringup:/home/alumno1/turtlebot3_ws/install/turtlebot3_node:/home/alumno1/turtlebot3_ws/install/turtlebot3_navigation2:/home/alumno1/turtlebot3_ws/install/turtlebot3_fake_node:/home/alumno1/turtlebot3_ws/install/turtlebot3_custom_simulation:/home/alumno1/turtlebot3_ws/install/turtlebot3_msgs:/home/alumno1/turtlebot3_ws/install/turtlebot3_gazebo:/home/alumno1/turtlebot3_ws/install/turtlebot3_description:/home/alumno1/turtlebot3_ws/install/turtlebot3_cartographer:/home/alumno1/turtlebot3_ws/install/dynamixel_sdk_examples:/home/alumno1/turtlebot3_ws/install/dynamixel_sdk_custom_interfaces:/home/alumno1/turtlebot3_ws/install/dynamixel_sdk LD_LIBRARY_PATH=/home/alumno1/workspace/install/custom_msgs/lib:/home/alumno1/turtlebot3_ws/install/turtlebot3_msgs/lib:/home/alumno1/turtlebot3_ws/install/dynamixel_sdk_custom_interfaces/lib:/home/alumno1/turtlebot3_ws/install/dynamixel_sdk/lib:/usr/lib/x86_64-linux-gnu/gazebo-11/plugins:/opt/ros/humble/opt/rviz_ogre_vendor/lib:/opt/ros/humble/lib/x86_64-linux-gnu:/opt/ros/humble/lib:/usr/lib/x86_64-linux-gnu/gazebo-11/plugins PYTHONPATH=/home/alumno1/workspace/build/custom_code/prefix_override:/usr/lib/python3/dist-packages/colcon_core/task/python/colcon_distutils_commands:/home/alumno1/workspace/install/custom_code/lib/python3.10/site-packages:${PYTHONPATH} /usr/bin/python3 -W ignore:setup.py install is deprecated -W ignore:easy_install command is deprecated setup.py develop --editable --build-directory /home/alumno1/workspace/build/custom_code/build --no-deps symlink_data
[0.386s] running develop
[0.458s] running egg_info
[0.458s] writing custom_code.egg-info/PKG-INFO
[0.458s] writing dependency_links to custom_code.egg-info/dependency_links.txt
[0.458s] writing entry points to custom_code.egg-info/entry_points.txt
[0.458s] writing requirements to custom_code.egg-info/requires.txt
[0.458s] writing top-level names to custom_code.egg-info/top_level.txt
[0.459s] reading manifest file 'custom_code.egg-info/SOURCES.txt'
[0.459s] writing manifest file 'custom_code.egg-info/SOURCES.txt'
[0.460s] running build_ext
[0.460s] Creating /home/alumno1/workspace/install/custom_code/lib/python3.10/site-packages/custom-code.egg-link (link to .)
[0.460s] Installing ekf script to /home/alumno1/workspace/install/custom_code/lib/custom_code
[0.460s] Installing ekf_correction script to /home/alumno1/workspace/install/custom_code/lib/custom_code
[0.460s] Installing ekf_prediction script to /home/alumno1/workspace/install/custom_code/lib/custom_code
[0.460s] Installing fastslam script to /home/alumno1/workspace/install/custom_code/lib/custom_code
[0.460s] Installing feature_finder script to /home/alumno1/workspace/install/custom_code/lib/custom_code
[0.460s] Installing features script to /home/alumno1/workspace/install/custom_code/lib/custom_code
[0.460s] Installing likelihood script to /home/alumno1/workspace/install/custom_code/lib/custom_code
[0.460s] Installing localization script to /home/alumno1/workspace/install/custom_code/lib/custom_code
[0.460s] Installing my_odometry script to /home/alumno1/workspace/install/custom_code/lib/custom_code
[0.460s] Installing my_tf script to /home/alumno1/workspace/install/custom_code/lib/custom_code
[0.460s] 
[0.460s] Installed /home/alumno1/workspace/build/custom_code
[0.460s] running symlink_data
[0.472s] Invoked command in '/home/alumno1/workspace/build/custom_code' returned '0': CMAKE_PREFIX_PATH=/home/alumno1/workspace/install/custom_msgs:/home/alumno1/workspace/install/turtlebot3_custom_simulation:/home/alumno1/turtlebot3_ws/install/turtlebot3:/home/alumno1/turtlebot3_ws/install/turtlebot3_simulations:/home/alumno1/turtlebot3_ws/install/turtlebot3_bringup:/home/alumno1/turtlebot3_ws/install/turtlebot3_node:/home/alumno1/turtlebot3_ws/install/turtlebot3_navigation2:/home/alumno1/turtlebot3_ws/install/turtlebot3_fake_node:/home/alumno1/turtlebot3_ws/install/turtlebot3_custom_simulation:/home/alumno1/turtlebot3_ws/install/turtlebot3_msgs:/home/alumno1/turtlebot3_ws/install/turtlebot3_gazebo:/home/alumno1/turtlebot3_ws/install/turtlebot3_description:/home/alumno1/turtlebot3_ws/install/turtlebot3_cartographer:/home/alumno1/turtlebot3_ws/install/dynamixel_sdk_examples:/home/alumno1/turtlebot3_ws/install/dynamixel_sdk_custom_interfaces:/home/alumno1/turtlebot3_ws/install/dynamixel_sdk LD_LIBRARY_PATH=/home/alumno1/workspace/install/custom_msgs/lib:/home/alumno1/turtlebot3_ws/install/turtlebot3_msgs/lib:/home/alumno1/turtlebot3_ws/install/dynamixel_sdk_custom_interfaces/lib:/home/alumno1/turtlebot3_ws/install/dynamixel_sdk/lib:/usr/lib/x86_64-linux-gnu/gazebo-11/plugins:/opt/ros/humble/opt/rviz_ogre_vendor/lib:/opt/ros/humble/lib/x86_64-linux-gnu:/opt/ros/humble/lib:/usr/lib/x86_64-linux-gnu/gazebo-11/plugins PYTHONPATH=/home/alumno1/workspace/build/custom_code/prefix_override:/usr/lib/python3/dist-packages/colcon_core/task/python/colcon_distutils_commands:/home/alumno1/workspace/install/custom_code/lib/python3.10/site-packages:${PYTHONPATH} /usr/bin/python3 -W ignore:setup.py install is deprecated -W ignore:easy_install command is deprecated setup.py develop --editable --build-directory /home/alumno1/workspace/build/custom_code/build --no-deps symlink_data
