[0.006s] Invoking command in '/home/facuvulcano/workspace/build/turtlebot3_custom_simulation': CONDA_PROMPT_MODIFIER=(rosenv) DEBUGINFOD_URLS=https://debuginfod.ubuntu.com /home/facuvulcano/miniconda3/envs/rosenv/bin/cmake /home/facuvulcano/workspace/src/turtlebot3_custom_simulation -DCMAKE_INSTALL_PREFIX=/home/facuvulcano/workspace/install/turtlebot3_custom_simulation
[0.042s] -- The C compiler identification is GNU 14.3.0
[0.099s] -- The CXX compiler identification is GNU 14.3.0
[0.110s] -- Detecting C compiler ABI info
[0.166s] -- Detecting C compiler ABI info - done
[0.178s] -- Check for working C compiler: /home/facuvulcano/miniconda3/envs/rosenv/bin/x86_64-conda-linux-gnu-cc - skipped
[0.178s] -- Detecting C compile features
[0.179s] -- Detecting C compile features - done
[0.185s] -- Detecting CXX compiler ABI info
[0.251s] -- Detecting CXX compiler ABI info - done
[0.259s] -- Check for working CXX compiler: /home/facuvulcano/miniconda3/envs/rosenv/bin/x86_64-conda-linux-gnu-c++ - skipped
[0.259s] -- Detecting CXX compile features
[0.259s] -- Detecting CXX compile features - done
[0.262s] -- Found ament_cmake: 1.3.7 (/home/facuvulcano/miniconda3/envs/rosenv/share/ament_cmake/cmake)
[0.626s] -- Found Python3: /usr/bin/python3.12 (found version "3.12.3") found components: Interpreter 
[0.696s] -- Found geometry_msgs: 4.2.3 (/home/facuvulcano/miniconda3/envs/rosenv/share/geometry_msgs/cmake)
[0.729s] -- Found rosidl_generator_c: 3.1.5 (/home/facuvulcano/miniconda3/envs/rosenv/share/rosidl_generator_c/cmake)
[0.735s] -- Found rosidl_adapter: 3.1.5 (/home/facuvulcano/miniconda3/envs/rosenv/share/rosidl_adapter/cmake)
[0.743s] -- Found rosidl_generator_cpp: 3.1.5 (/home/facuvulcano/miniconda3/envs/rosenv/share/rosidl_generator_cpp/cmake)
[0.755s] -- Using all available rosidl_typesupport_c: rosidl_typesupport_fastrtps_c;rosidl_typesupport_introspection_c
[0.772s] -- Using all available rosidl_typesupport_cpp: rosidl_typesupport_fastrtps_cpp;rosidl_typesupport_introspection_cpp
[0.856s] -- Found nav_msgs: 4.2.3 (/home/facuvulcano/miniconda3/envs/rosenv/share/nav_msgs/cmake)
[0.912s] -- Found rclcpp: 16.0.8 (/home/facuvulcano/miniconda3/envs/rosenv/share/rclcpp/cmake)
[0.978s] -- Checking for module 'yaml-0.1'
[1.091s] --   Found yaml-0.1, version 0.2.5
[1.446s] -- Found rmw_implementation_cmake: 6.1.1 (/home/facuvulcano/miniconda3/envs/rosenv/share/rmw_implementation_cmake/cmake)
[1.449s] -- Found rmw_fastrtps_cpp: 6.2.6 (/home/facuvulcano/miniconda3/envs/rosenv/share/rmw_fastrtps_cpp/cmake)
[1.968s] -- Found OpenSSL: /home/facuvulcano/miniconda3/envs/rosenv/lib/libcrypto.so (found version "3.5.4")  
[2.011s] -- Found FastRTPS: /home/facuvulcano/miniconda3/envs/rosenv/include  
[2.066s] -- Using RMW implementation 'rmw_fastrtps_cpp' as default
[2.073s] -- Performing Test CMAKE_HAVE_LIBC_PTHREAD
[2.123s] -- Performing Test CMAKE_HAVE_LIBC_PTHREAD - Success
[2.123s] -- Found Threads: TRUE  
[2.200s] -- Found sensor_msgs: 4.2.3 (/home/facuvulcano/miniconda3/envs/rosenv/share/sensor_msgs/cmake)
[2.254s] -- Found tf2: 0.25.5 (/home/facuvulcano/miniconda3/envs/rosenv/share/tf2/cmake)
[2.263s] -- Found tf2_msgs: 0.25.5 (/home/facuvulcano/miniconda3/envs/rosenv/share/tf2_msgs/cmake)
[2.363s] -- Found turtlebot3_msgs: 2.2.3 (/home/facuvulcano/miniconda3/envs/rosenv/share/turtlebot3_msgs/cmake)
[2.463s] -- Configuring done (2.5s)
[2.469s] -- Generating done (0.0s)
[2.471s] -- Build files have been written to: /home/facuvulcano/workspace/build/turtlebot3_custom_simulation
