[30.033s] Invoking command in '/home/facuvulcano/workspace/build/turtlebot3_custom_simulation': CONDA_PROMPT_MODIFIER=(rosenv) DEBUGINFOD_URLS=https://debuginfod.ubuntu.com /home/facuvulcano/miniconda3/envs/rosenv/bin/cmake --build /home/facuvulcano/workspace/build/turtlebot3_custom_simulation -- -j32 -l32
[30.058s] -- Found ament_cmake: 1.3.7 (/home/facuvulcano/miniconda3/envs/rosenv/share/ament_cmake/cmake)
[30.157s] -- Found geometry_msgs: 4.2.3 (/home/facuvulcano/miniconda3/envs/rosenv/share/geometry_msgs/cmake)
[30.171s] -- Found rosidl_generator_c: 3.1.5 (/home/facuvulcano/miniconda3/envs/rosenv/share/rosidl_generator_c/cmake)
[30.172s] -- Found rosidl_adapter: 3.1.5 (/home/facuvulcano/miniconda3/envs/rosenv/share/rosidl_adapter/cmake)
[30.176s] -- Found rosidl_generator_cpp: 3.1.5 (/home/facuvulcano/miniconda3/envs/rosenv/share/rosidl_generator_cpp/cmake)
[30.183s] -- Using all available rosidl_typesupport_c: rosidl_typesupport_fastrtps_c;rosidl_typesupport_introspection_c
[30.193s] -- Using all available rosidl_typesupport_cpp: rosidl_typesupport_fastrtps_cpp;rosidl_typesupport_introspection_cpp
[30.266s] -- Found nav_msgs: 4.2.3 (/home/facuvulcano/miniconda3/envs/rosenv/share/nav_msgs/cmake)
[30.316s] -- Found rclcpp: 16.0.8 (/home/facuvulcano/miniconda3/envs/rosenv/share/rclcpp/cmake)
[30.383s] -- Found rmw_implementation_cmake: 6.1.1 (/home/facuvulcano/miniconda3/envs/rosenv/share/rmw_implementation_cmake/cmake)
[30.384s] -- Found rmw_fastrtps_cpp: 6.2.6 (/home/facuvulcano/miniconda3/envs/rosenv/share/rmw_fastrtps_cpp/cmake)
[30.511s] -- Using RMW implementation 'rmw_fastrtps_cpp' as default
[30.608s] -- Found sensor_msgs: 4.2.3 (/home/facuvulcano/miniconda3/envs/rosenv/share/sensor_msgs/cmake)
[30.675s] -- Found tf2: 0.25.5 (/home/facuvulcano/miniconda3/envs/rosenv/share/tf2/cmake)
[30.681s] -- Found tf2_msgs: 0.25.5 (/home/facuvulcano/miniconda3/envs/rosenv/share/tf2_msgs/cmake)
[30.797s] -- Found turtlebot3_msgs: 2.2.3 (/home/facuvulcano/miniconda3/envs/rosenv/share/turtlebot3_msgs/cmake)
[30.917s] -- Configuring done (0.9s)
[30.933s] -- Generating done (0.0s)
[30.934s] -- Build files have been written to: /home/facuvulcano/workspace/build/turtlebot3_custom_simulation
[30.965s] [100%] Built target turtlebot3_custom_simulation
[30.970s] Invoked command in '/home/facuvulcano/workspace/build/turtlebot3_custom_simulation' returned '0': CONDA_PROMPT_MODIFIER=(rosenv) DEBUGINFOD_URLS=https://debuginfod.ubuntu.com /home/facuvulcano/miniconda3/envs/rosenv/bin/cmake --build /home/facuvulcano/workspace/build/turtlebot3_custom_simulation -- -j32 -l32
[30.992s] Invoking command in '/home/facuvulcano/workspace/build/turtlebot3_custom_simulation': CONDA_PROMPT_MODIFIER=(rosenv) DEBUGINFOD_URLS=https://debuginfod.ubuntu.com /home/facuvulcano/miniconda3/envs/rosenv/bin/cmake --install /home/facuvulcano/workspace/build/turtlebot3_custom_simulation
[30.996s] -- Install configuration: ""
[30.996s] -- Installing: /home/facuvulcano/workspace/install/turtlebot3_custom_simulation/lib/turtlebot3_custom_simulation/turtlebot3_custom_simulation
[30.997s] -- Up-to-date: /home/facuvulcano/workspace/install/turtlebot3_custom_simulation/share/turtlebot3_custom_simulation/launch
[30.997s] -- Installing: /home/facuvulcano/workspace/install/turtlebot3_custom_simulation/share/turtlebot3_custom_simulation/launch/custom_room.launch.py
[30.997s] -- Up-to-date: /home/facuvulcano/workspace/install/turtlebot3_custom_simulation/share/turtlebot3_custom_simulation/launch/custom_simulation.launch.py
[30.997s] -- Up-to-date: /home/facuvulcano/workspace/install/turtlebot3_custom_simulation/share/turtlebot3_custom_simulation/param
[30.997s] -- Up-to-date: /home/facuvulcano/workspace/install/turtlebot3_custom_simulation/share/turtlebot3_custom_simulation/param/burger.yaml
[30.997s] -- Up-to-date: /home/facuvulcano/workspace/install/turtlebot3_custom_simulation/share/turtlebot3_custom_simulation/worlds
[30.997s] -- Up-to-date: /home/facuvulcano/workspace/install/turtlebot3_custom_simulation/share/turtlebot3_custom_simulation/worlds/Walls
[30.997s] -- Up-to-date: /home/facuvulcano/workspace/install/turtlebot3_custom_simulation/share/turtlebot3_custom_simulation/worlds/Walls/model.config
[30.997s] -- Up-to-date: /home/facuvulcano/workspace/install/turtlebot3_custom_simulation/share/turtlebot3_custom_simulation/worlds/Walls/model.sdf
[30.997s] -- Up-to-date: /home/facuvulcano/workspace/install/turtlebot3_custom_simulation/share/turtlebot3_custom_simulation/worlds/map
[30.997s] -- Up-to-date: /home/facuvulcano/workspace/install/turtlebot3_custom_simulation/share/turtlebot3_custom_simulation/worlds/map/map.pgm
[30.997s] -- Up-to-date: /home/facuvulcano/workspace/install/turtlebot3_custom_simulation/share/turtlebot3_custom_simulation/worlds/map/map.yaml
[30.997s] -- Up-to-date: /home/facuvulcano/workspace/install/turtlebot3_custom_simulation/share/turtlebot3_custom_simulation/worlds/slippery.world
[30.997s] -- Up-to-date: /home/facuvulcano/workspace/install/turtlebot3_custom_simulation/share/turtlebot3_custom_simulation/worlds/room.world
[30.997s] -- Up-to-date: /home/facuvulcano/workspace/install/turtlebot3_custom_simulation/include/
[30.997s] -- Up-to-date: /home/facuvulcano/workspace/install/turtlebot3_custom_simulation/include//turtlebot3_custom_simulation
[30.997s] -- Up-to-date: /home/facuvulcano/workspace/install/turtlebot3_custom_simulation/include//turtlebot3_custom_simulation/turtlebot3_custom_simulation.hpp
[30.997s] -- Installing: /home/facuvulcano/workspace/install/turtlebot3_custom_simulation/lib/turtlebot3_custom_simulation/spawn_turtlebot3.py
[30.997s] -- Installing: /home/facuvulcano/workspace/install/turtlebot3_custom_simulation/share/ament_index/resource_index/package_run_dependencies/turtlebot3_custom_simulation
[30.997s] -- Up-to-date: /home/facuvulcano/workspace/install/turtlebot3_custom_simulation/share/ament_index/resource_index/parent_prefix_path/turtlebot3_custom_simulation
[30.997s] -- Up-to-date: /home/facuvulcano/workspace/install/turtlebot3_custom_simulation/share/turtlebot3_custom_simulation/environment/ament_prefix_path.sh
[30.997s] -- Installing: /home/facuvulcano/workspace/install/turtlebot3_custom_simulation/share/turtlebot3_custom_simulation/environment/ament_prefix_path.dsv
[30.997s] -- Up-to-date: /home/facuvulcano/workspace/install/turtlebot3_custom_simulation/share/turtlebot3_custom_simulation/environment/path.sh
[30.997s] -- Installing: /home/facuvulcano/workspace/install/turtlebot3_custom_simulation/share/turtlebot3_custom_simulation/environment/path.dsv
[30.997s] -- Up-to-date: /home/facuvulcano/workspace/install/turtlebot3_custom_simulation/share/turtlebot3_custom_simulation/local_setup.bash
[30.997s] -- Up-to-date: /home/facuvulcano/workspace/install/turtlebot3_custom_simulation/share/turtlebot3_custom_simulation/local_setup.sh
[30.997s] -- Up-to-date: /home/facuvulcano/workspace/install/turtlebot3_custom_simulation/share/turtlebot3_custom_simulation/local_setup.zsh
[30.997s] -- Installing: /home/facuvulcano/workspace/install/turtlebot3_custom_simulation/share/turtlebot3_custom_simulation/local_setup.dsv
[30.997s] -- Installing: /home/facuvulcano/workspace/install/turtlebot3_custom_simulation/share/turtlebot3_custom_simulation/package.dsv
[30.997s] -- Up-to-date: /home/facuvulcano/workspace/install/turtlebot3_custom_simulation/share/ament_index/resource_index/packages/turtlebot3_custom_simulation
[30.997s] -- Up-to-date: /home/facuvulcano/workspace/install/turtlebot3_custom_simulation/share/turtlebot3_custom_simulation/cmake/ament_cmake_export_include_directories-extras.cmake
[30.997s] -- Up-to-date: /home/facuvulcano/workspace/install/turtlebot3_custom_simulation/share/turtlebot3_custom_simulation/cmake/ament_cmake_export_dependencies-extras.cmake
[30.997s] -- Up-to-date: /home/facuvulcano/workspace/install/turtlebot3_custom_simulation/share/turtlebot3_custom_simulation/cmake/turtlebot3_custom_simulationConfig.cmake
[30.997s] -- Up-to-date: /home/facuvulcano/workspace/install/turtlebot3_custom_simulation/share/turtlebot3_custom_simulation/cmake/turtlebot3_custom_simulationConfig-version.cmake
[30.997s] -- Installing: /home/facuvulcano/workspace/install/turtlebot3_custom_simulation/share/turtlebot3_custom_simulation/package.xml
[30.998s] Invoked command in '/home/facuvulcano/workspace/build/turtlebot3_custom_simulation' returned '0': CONDA_PROMPT_MODIFIER=(rosenv) DEBUGINFOD_URLS=https://debuginfod.ubuntu.com /home/facuvulcano/miniconda3/envs/rosenv/bin/cmake --install /home/facuvulcano/workspace/build/turtlebot3_custom_simulation
