[0.077s] colcon DEBUG Command line arguments: ['/home/facuvulcano/miniconda3/envs/rosenv/bin/colcon', 'build', '--packages-select', 'turtlebot3_custom_simulation']
[0.078s] colcon DEBUG Parsed command line arguments: Namespace(log_base=None, log_level=None, verb_name='build', build_base='build', install_base='install', merge_install=False, symlink_install=False, test_result_base=None, continue_on_error=False, executor='parallel', parallel_workers=32, event_handlers=None, ignore_user_meta=False, metas=['./colcon.meta'], base_paths=['.'], packages_ignore=None, packages_ignore_regex=None, paths=None, packages_up_to=None, packages_up_to_regex=None, packages_above=None, packages_above_and_dependencies=None, packages_above_depth=None, packages_select_by_dep=None, packages_skip_by_dep=None, packages_skip_up_to=None, packages_select_build_failed=False, packages_skip_build_finished=False, packages_select_test_failures=False, packages_skip_test_passed=False, packages_select=['turtlebot3_custom_simulation'], packages_skip=None, packages_select_regex=None, packages_skip_regex=None, packages_start=None, packages_end=None, cmake_args=None, cmake_target=None, cmake_target_skip_unavailable=False, cmake_clean_cache=False, cmake_clean_first=False, cmake_force_configure=False, ament_cmake_args=None, catkin_cmake_args=None, catkin_skip_building_tests=False, verb_parser=<colcon_defaults.argument_parser.defaults.DefaultArgumentsDecorator object at 0x73384ec55150>, verb_extension=<colcon_core.verb.build.BuildVerb object at 0x73384ec333d0>, main=<bound method BuildVerb.main of <colcon_core.verb.build.BuildVerb object at 0x73384ec333d0>>)
[0.098s] colcon.colcon_core.package_discovery Level 1 discover_packages(colcon_meta) check parameters
[0.098s] colcon.colcon_core.package_discovery Level 1 discover_packages(recursive) check parameters
[0.098s] colcon.colcon_core.package_discovery Level 1 discover_packages(ignore) check parameters
[0.098s] colcon.colcon_core.package_discovery Level 1 discover_packages(path) check parameters
[0.098s] colcon.colcon_core.package_discovery Level 1 discover_packages(colcon_meta) discover
[0.098s] colcon.colcon_core.package_discovery Level 1 discover_packages(recursive) discover
[0.098s] colcon.colcon_core.package_discovery INFO Crawling recursively for packages in '/home/facuvulcano/workspace'
[0.098s] colcon.colcon_core.package_identification Level 1 _identify(.) by extensions ['ignore', 'ignore_ament_install']
[0.098s] colcon.colcon_core.package_identification Level 1 _identify(.) by extension 'ignore'
[0.098s] colcon.colcon_core.package_identification Level 1 _identify(.) by extension 'ignore_ament_install'
[0.099s] colcon.colcon_core.package_identification Level 1 _identify(.) by extensions ['colcon_pkg']
[0.099s] colcon.colcon_core.package_identification Level 1 _identify(.) by extension 'colcon_pkg'
[0.099s] colcon.colcon_core.package_identification Level 1 _identify(.) by extensions ['colcon_meta']
[0.099s] colcon.colcon_core.package_identification Level 1 _identify(.) by extension 'colcon_meta'
[0.099s] colcon.colcon_core.package_identification Level 1 _identify(.) by extensions ['ros']
[0.099s] colcon.colcon_core.package_identification Level 1 _identify(.) by extension 'ros'
[0.114s] colcon.colcon_core.package_identification Level 1 _identify(.) by extensions ['cmake', 'python']
[0.114s] colcon.colcon_core.package_identification Level 1 _identify(.) by extension 'cmake'
[0.114s] colcon.colcon_core.package_identification Level 1 _identify(.) by extension 'python'
[0.114s] colcon.colcon_core.package_identification Level 1 _identify(.) by extensions ['python_setup_py']
[0.114s] colcon.colcon_core.package_identification Level 1 _identify(.) by extension 'python_setup_py'
[0.114s] colcon.colcon_core.package_identification Level 1 _identify(build) by extensions ['ignore', 'ignore_ament_install']
[0.114s] colcon.colcon_core.package_identification Level 1 _identify(build) by extension 'ignore'
[0.114s] colcon.colcon_core.package_identification Level 1 _identify(build) ignored
[0.114s] colcon.colcon_core.package_identification Level 1 _identify(install) by extensions ['ignore', 'ignore_ament_install']
[0.114s] colcon.colcon_core.package_identification Level 1 _identify(install) by extension 'ignore'
[0.114s] colcon.colcon_core.package_identification Level 1 _identify(install) ignored
[0.114s] colcon.colcon_core.package_identification Level 1 _identify(log) by extensions ['ignore', 'ignore_ament_install']
[0.115s] colcon.colcon_core.package_identification Level 1 _identify(log) by extension 'ignore'
[0.115s] colcon.colcon_core.package_identification Level 1 _identify(log) ignored
[0.115s] colcon.colcon_core.package_identification Level 1 _identify(src) by extensions ['ignore', 'ignore_ament_install']
[0.115s] colcon.colcon_core.package_identification Level 1 _identify(src) by extension 'ignore'
[0.115s] colcon.colcon_core.package_identification Level 1 _identify(src) by extension 'ignore_ament_install'
[0.115s] colcon.colcon_core.package_identification Level 1 _identify(src) by extensions ['colcon_pkg']
[0.115s] colcon.colcon_core.package_identification Level 1 _identify(src) by extension 'colcon_pkg'
[0.115s] colcon.colcon_core.package_identification Level 1 _identify(src) by extensions ['colcon_meta']
[0.115s] colcon.colcon_core.package_identification Level 1 _identify(src) by extension 'colcon_meta'
[0.115s] colcon.colcon_core.package_identification Level 1 _identify(src) by extensions ['ros']
[0.115s] colcon.colcon_core.package_identification Level 1 _identify(src) by extension 'ros'
[0.115s] colcon.colcon_core.package_identification Level 1 _identify(src) by extensions ['cmake', 'python']
[0.115s] colcon.colcon_core.package_identification Level 1 _identify(src) by extension 'cmake'
[0.115s] colcon.colcon_core.package_identification Level 1 _identify(src) by extension 'python'
[0.115s] colcon.colcon_core.package_identification Level 1 _identify(src) by extensions ['python_setup_py']
[0.115s] colcon.colcon_core.package_identification Level 1 _identify(src) by extension 'python_setup_py'
[0.115s] colcon.colcon_core.package_identification Level 1 _identify(src/custom_code) by extensions ['ignore', 'ignore_ament_install']
[0.115s] colcon.colcon_core.package_identification Level 1 _identify(src/custom_code) by extension 'ignore'
[0.115s] colcon.colcon_core.package_identification Level 1 _identify(src/custom_code) by extension 'ignore_ament_install'
[0.115s] colcon.colcon_core.package_identification Level 1 _identify(src/custom_code) by extensions ['colcon_pkg']
[0.115s] colcon.colcon_core.package_identification Level 1 _identify(src/custom_code) by extension 'colcon_pkg'
[0.115s] colcon.colcon_core.package_identification Level 1 _identify(src/custom_code) by extensions ['colcon_meta']
[0.115s] colcon.colcon_core.package_identification Level 1 _identify(src/custom_code) by extension 'colcon_meta'
[0.115s] colcon.colcon_core.package_identification Level 1 _identify(src/custom_code) by extensions ['ros']
[0.115s] colcon.colcon_core.package_identification Level 1 _identify(src/custom_code) by extension 'ros'
[0.117s] colcon.colcon_core.package_identification DEBUG Package 'src/custom_code' with type 'ros.ament_python' and name 'custom_code'
[0.117s] colcon.colcon_core.package_identification Level 1 _identify(src/custom_msgs) by extensions ['ignore', 'ignore_ament_install']
[0.117s] colcon.colcon_core.package_identification Level 1 _identify(src/custom_msgs) by extension 'ignore'
[0.117s] colcon.colcon_core.package_identification Level 1 _identify(src/custom_msgs) by extension 'ignore_ament_install'
[0.117s] colcon.colcon_core.package_identification Level 1 _identify(src/custom_msgs) by extensions ['colcon_pkg']
[0.117s] colcon.colcon_core.package_identification Level 1 _identify(src/custom_msgs) by extension 'colcon_pkg'
[0.117s] colcon.colcon_core.package_identification Level 1 _identify(src/custom_msgs) by extensions ['colcon_meta']
[0.117s] colcon.colcon_core.package_identification Level 1 _identify(src/custom_msgs) by extension 'colcon_meta'
[0.117s] colcon.colcon_core.package_identification Level 1 _identify(src/custom_msgs) by extensions ['ros']
[0.117s] colcon.colcon_core.package_identification Level 1 _identify(src/custom_msgs) by extension 'ros'
[0.118s] colcon.colcon_core.package_identification DEBUG Package 'src/custom_msgs' with type 'ros.ament_cmake' and name 'custom_msgs'
[0.118s] colcon.colcon_core.package_identification Level 1 _identify(src/turtlebot3_custom_simulation) by extensions ['ignore', 'ignore_ament_install']
[0.118s] colcon.colcon_core.package_identification Level 1 _identify(src/turtlebot3_custom_simulation) by extension 'ignore'
[0.118s] colcon.colcon_core.package_identification Level 1 _identify(src/turtlebot3_custom_simulation) by extension 'ignore_ament_install'
[0.118s] colcon.colcon_core.package_identification Level 1 _identify(src/turtlebot3_custom_simulation) by extensions ['colcon_pkg']
[0.118s] colcon.colcon_core.package_identification Level 1 _identify(src/turtlebot3_custom_simulation) by extension 'colcon_pkg'
[0.118s] colcon.colcon_core.package_identification Level 1 _identify(src/turtlebot3_custom_simulation) by extensions ['colcon_meta']
[0.118s] colcon.colcon_core.package_identification Level 1 _identify(src/turtlebot3_custom_simulation) by extension 'colcon_meta'
[0.118s] colcon.colcon_core.package_identification Level 1 _identify(src/turtlebot3_custom_simulation) by extensions ['ros']
[0.118s] colcon.colcon_core.package_identification Level 1 _identify(src/turtlebot3_custom_simulation) by extension 'ros'
[0.118s] colcon.colcon_core.package_identification DEBUG Package 'src/turtlebot3_custom_simulation' with type 'ros.ament_cmake' and name 'turtlebot3_custom_simulation'
[0.118s] colcon.colcon_core.package_discovery Level 1 discover_packages(recursive) using defaults
[0.118s] colcon.colcon_core.package_discovery Level 1 discover_packages(ignore) discover
[0.118s] colcon.colcon_core.package_discovery Level 1 discover_packages(ignore) using defaults
[0.118s] colcon.colcon_core.package_discovery Level 1 discover_packages(path) discover
[0.118s] colcon.colcon_core.package_discovery Level 1 discover_packages(path) using defaults
[0.129s] colcon.colcon_core.package_selection INFO Skipping not selected package 'custom_msgs' in 'src/custom_msgs'
[0.129s] colcon.colcon_core.package_selection INFO Skipping not selected package 'custom_code' in 'src/custom_code'
[0.129s] colcon.colcon_core.verb Level 5 set package 'turtlebot3_custom_simulation' build argument 'cmake_args' from command line to 'None'
[0.129s] colcon.colcon_core.verb Level 5 set package 'turtlebot3_custom_simulation' build argument 'cmake_target' from command line to 'None'
[0.129s] colcon.colcon_core.verb Level 5 set package 'turtlebot3_custom_simulation' build argument 'cmake_target_skip_unavailable' from command line to 'False'
[0.129s] colcon.colcon_core.verb Level 5 set package 'turtlebot3_custom_simulation' build argument 'cmake_clean_cache' from command line to 'False'
[0.129s] colcon.colcon_core.verb Level 5 set package 'turtlebot3_custom_simulation' build argument 'cmake_clean_first' from command line to 'False'
[0.129s] colcon.colcon_core.verb Level 5 set package 'turtlebot3_custom_simulation' build argument 'cmake_force_configure' from command line to 'False'
[0.129s] colcon.colcon_core.verb Level 5 set package 'turtlebot3_custom_simulation' build argument 'ament_cmake_args' from command line to 'None'
[0.129s] colcon.colcon_core.verb Level 5 set package 'turtlebot3_custom_simulation' build argument 'catkin_cmake_args' from command line to 'None'
[0.129s] colcon.colcon_core.verb Level 5 set package 'turtlebot3_custom_simulation' build argument 'catkin_skip_building_tests' from command line to 'False'
[0.129s] colcon.colcon_core.verb DEBUG Building package 'turtlebot3_custom_simulation' with the following arguments: {'ament_cmake_args': None, 'build_base': '/home/facuvulcano/workspace/build/turtlebot3_custom_simulation', 'catkin_cmake_args': None, 'catkin_skip_building_tests': False, 'cmake_args': None, 'cmake_clean_cache': False, 'cmake_clean_first': False, 'cmake_force_configure': False, 'cmake_target': None, 'cmake_target_skip_unavailable': False, 'install_base': '/home/facuvulcano/workspace/install/turtlebot3_custom_simulation', 'merge_install': False, 'path': '/home/facuvulcano/workspace/src/turtlebot3_custom_simulation', 'symlink_install': False, 'test_result_base': None}
[0.129s] colcon.colcon_core.executor INFO Executing jobs using 'parallel' executor
[0.130s] colcon.colcon_parallel_executor.executor.parallel DEBUG run_until_complete
[0.130s] colcon.colcon_ros.task.ament_cmake.build INFO Building ROS package in '/home/facuvulcano/workspace/src/turtlebot3_custom_simulation' with build type 'ament_cmake'
[0.130s] colcon.colcon_cmake.task.cmake.build INFO Building CMake package in '/home/facuvulcano/workspace/src/turtlebot3_custom_simulation'
[0.131s] colcon.colcon_core.plugin_system INFO Skipping extension 'colcon_core.shell.bat': Not used on non-Windows systems
[0.131s] colcon.colcon_core.shell INFO Skip shell extension 'powershell' for command environment: Not usable outside of PowerShell
[0.131s] colcon.colcon_core.shell DEBUG Skip shell extension 'dsv' for command environment
[30.163s] colcon.colcon_core.event_handler.log_command DEBUG Invoking command in '/home/facuvulcano/workspace/build/turtlebot3_custom_simulation': CONDA_PROMPT_MODIFIER=(rosenv) DEBUGINFOD_URLS=https://debuginfod.ubuntu.com /home/facuvulcano/miniconda3/envs/rosenv/bin/cmake --build /home/facuvulcano/workspace/build/turtlebot3_custom_simulation -- -j32 -l32
[31.100s] colcon.colcon_core.event_handler.log_command DEBUG Invoked command in '/home/facuvulcano/workspace/build/turtlebot3_custom_simulation' returned '0': CONDA_PROMPT_MODIFIER=(rosenv) DEBUGINFOD_URLS=https://debuginfod.ubuntu.com /home/facuvulcano/miniconda3/envs/rosenv/bin/cmake --build /home/facuvulcano/workspace/build/turtlebot3_custom_simulation -- -j32 -l32
[31.122s] colcon.colcon_core.event_handler.log_command DEBUG Invoking command in '/home/facuvulcano/workspace/build/turtlebot3_custom_simulation': CONDA_PROMPT_MODIFIER=(rosenv) DEBUGINFOD_URLS=https://debuginfod.ubuntu.com /home/facuvulcano/miniconda3/envs/rosenv/bin/cmake --install /home/facuvulcano/workspace/build/turtlebot3_custom_simulation
[31.128s] colcon.colcon_core.environment Level 1 create_environment_scripts_only(turtlebot3_custom_simulation)
[31.128s] colcon.colcon_core.event_handler.log_command DEBUG Invoked command in '/home/facuvulcano/workspace/build/turtlebot3_custom_simulation' returned '0': CONDA_PROMPT_MODIFIER=(rosenv) DEBUGINFOD_URLS=https://debuginfod.ubuntu.com /home/facuvulcano/miniconda3/envs/rosenv/bin/cmake --install /home/facuvulcano/workspace/build/turtlebot3_custom_simulation
[31.129s] colcon.colcon_core.environment Level 1 checking '/home/facuvulcano/workspace/install/turtlebot3_custom_simulation' for CMake module files
[31.129s] colcon.colcon_core.environment Level 1 checking '/home/facuvulcano/workspace/install/turtlebot3_custom_simulation' for CMake config files
[31.129s] colcon.colcon_core.shell Level 1 create_environment_hook('turtlebot3_custom_simulation', 'cmake_prefix_path')
[31.129s] colcon.colcon_core.shell INFO Creating environment hook '/home/facuvulcano/workspace/install/turtlebot3_custom_simulation/share/turtlebot3_custom_simulation/hook/cmake_prefix_path.ps1'
[31.129s] colcon.colcon_core.shell INFO Creating environment descriptor '/home/facuvulcano/workspace/install/turtlebot3_custom_simulation/share/turtlebot3_custom_simulation/hook/cmake_prefix_path.dsv'
[31.130s] colcon.colcon_core.shell INFO Creating environment hook '/home/facuvulcano/workspace/install/turtlebot3_custom_simulation/share/turtlebot3_custom_simulation/hook/cmake_prefix_path.sh'
[31.130s] colcon.colcon_core.environment Level 1 checking '/home/facuvulcano/workspace/install/turtlebot3_custom_simulation/lib'
[31.130s] colcon.colcon_core.environment Level 1 checking '/home/facuvulcano/workspace/install/turtlebot3_custom_simulation/bin'
[31.130s] colcon.colcon_core.environment Level 1 checking '/home/facuvulcano/workspace/install/turtlebot3_custom_simulation/lib/pkgconfig/turtlebot3_custom_simulation.pc'
[31.131s] colcon.colcon_core.environment Level 1 checking '/home/facuvulcano/workspace/install/turtlebot3_custom_simulation/lib/python3.11/site-packages'
[31.131s] colcon.colcon_core.environment Level 1 checking '/home/facuvulcano/workspace/install/turtlebot3_custom_simulation/bin'
[31.131s] colcon.colcon_core.shell INFO Creating package script '/home/facuvulcano/workspace/install/turtlebot3_custom_simulation/share/turtlebot3_custom_simulation/package.ps1'
[31.131s] colcon.colcon_core.shell INFO Creating package descriptor '/home/facuvulcano/workspace/install/turtlebot3_custom_simulation/share/turtlebot3_custom_simulation/package.dsv'
[31.131s] colcon.colcon_core.shell INFO Creating package script '/home/facuvulcano/workspace/install/turtlebot3_custom_simulation/share/turtlebot3_custom_simulation/package.sh'
[31.132s] colcon.colcon_core.shell INFO Creating package script '/home/facuvulcano/workspace/install/turtlebot3_custom_simulation/share/turtlebot3_custom_simulation/package.bash'
[31.132s] colcon.colcon_core.shell INFO Creating package script '/home/facuvulcano/workspace/install/turtlebot3_custom_simulation/share/turtlebot3_custom_simulation/package.zsh'
[31.132s] colcon.colcon_core.environment Level 1 create_file_with_runtime_dependencies(/home/facuvulcano/workspace/install/turtlebot3_custom_simulation/share/colcon-core/packages/turtlebot3_custom_simulation)
[31.149s] colcon.colcon_core.environment Level 1 create_environment_scripts_only(turtlebot3_custom_simulation)
[31.150s] colcon.colcon_core.environment Level 1 checking '/home/facuvulcano/workspace/install/turtlebot3_custom_simulation' for CMake module files
[31.150s] colcon.colcon_core.environment Level 1 checking '/home/facuvulcano/workspace/install/turtlebot3_custom_simulation' for CMake config files
[31.150s] colcon.colcon_core.shell Level 1 create_environment_hook('turtlebot3_custom_simulation', 'cmake_prefix_path')
[31.150s] colcon.colcon_core.shell INFO Creating environment hook '/home/facuvulcano/workspace/install/turtlebot3_custom_simulation/share/turtlebot3_custom_simulation/hook/cmake_prefix_path.ps1'
[31.151s] colcon.colcon_core.shell INFO Creating environment descriptor '/home/facuvulcano/workspace/install/turtlebot3_custom_simulation/share/turtlebot3_custom_simulation/hook/cmake_prefix_path.dsv'
[31.151s] colcon.colcon_core.shell INFO Creating environment hook '/home/facuvulcano/workspace/install/turtlebot3_custom_simulation/share/turtlebot3_custom_simulation/hook/cmake_prefix_path.sh'
[31.151s] colcon.colcon_core.environment Level 1 checking '/home/facuvulcano/workspace/install/turtlebot3_custom_simulation/lib'
[31.152s] colcon.colcon_core.environment Level 1 checking '/home/facuvulcano/workspace/install/turtlebot3_custom_simulation/bin'
[31.152s] colcon.colcon_core.environment Level 1 checking '/home/facuvulcano/workspace/install/turtlebot3_custom_simulation/lib/pkgconfig/turtlebot3_custom_simulation.pc'
[31.152s] colcon.colcon_core.environment Level 1 checking '/home/facuvulcano/workspace/install/turtlebot3_custom_simulation/lib/python3.11/site-packages'
[31.152s] colcon.colcon_core.environment Level 1 checking '/home/facuvulcano/workspace/install/turtlebot3_custom_simulation/bin'
[31.152s] colcon.colcon_core.shell INFO Creating package script '/home/facuvulcano/workspace/install/turtlebot3_custom_simulation/share/turtlebot3_custom_simulation/package.ps1'
[31.152s] colcon.colcon_core.shell INFO Creating package descriptor '/home/facuvulcano/workspace/install/turtlebot3_custom_simulation/share/turtlebot3_custom_simulation/package.dsv'
[31.153s] colcon.colcon_core.shell INFO Creating package script '/home/facuvulcano/workspace/install/turtlebot3_custom_simulation/share/turtlebot3_custom_simulation/package.sh'
[31.153s] colcon.colcon_core.shell INFO Creating package script '/home/facuvulcano/workspace/install/turtlebot3_custom_simulation/share/turtlebot3_custom_simulation/package.bash'
[31.153s] colcon.colcon_core.shell INFO Creating package script '/home/facuvulcano/workspace/install/turtlebot3_custom_simulation/share/turtlebot3_custom_simulation/package.zsh'
[31.153s] colcon.colcon_core.environment Level 1 create_file_with_runtime_dependencies(/home/facuvulcano/workspace/install/turtlebot3_custom_simulation/share/colcon-core/packages/turtlebot3_custom_simulation)
[31.154s] colcon.colcon_parallel_executor.executor.parallel DEBUG closing loop
[31.154s] colcon.colcon_parallel_executor.executor.parallel DEBUG loop closed
[31.154s] colcon.colcon_parallel_executor.executor.parallel DEBUG run_until_complete finished with '0'
[31.154s] colcon.colcon_core.event_reactor DEBUG joining thread
[31.154s] colcon.colcon_core.event_reactor DEBUG joined thread
[31.154s] colcon.colcon_core.shell INFO Creating prefix script '/home/facuvulcano/workspace/install/local_setup.ps1'
[31.154s] colcon.colcon_core.shell INFO Creating prefix util module '/home/facuvulcano/workspace/install/_local_setup_util_ps1.py'
[31.155s] colcon.colcon_core.shell INFO Creating prefix chain script '/home/facuvulcano/workspace/install/setup.ps1'
[31.155s] colcon.colcon_core.shell INFO Creating prefix script '/home/facuvulcano/workspace/install/local_setup.sh'
[31.155s] colcon.colcon_core.shell INFO Creating prefix util module '/home/facuvulcano/workspace/install/_local_setup_util_sh.py'
[31.155s] colcon.colcon_core.shell INFO Creating prefix chain script '/home/facuvulcano/workspace/install/setup.sh'
[31.156s] colcon.colcon_core.shell INFO Creating prefix script '/home/facuvulcano/workspace/install/local_setup.bash'
[31.156s] colcon.colcon_core.shell INFO Creating prefix chain script '/home/facuvulcano/workspace/install/setup.bash'
[31.156s] colcon.colcon_core.shell INFO Creating prefix script '/home/facuvulcano/workspace/install/local_setup.zsh'
[31.156s] colcon.colcon_core.shell INFO Creating prefix chain script '/home/facuvulcano/workspace/install/setup.zsh'
