[0.106s] [34mcolcon[0m [1;30mDEBUG[0m [32mCommand line arguments: ['/home/facuvulcano/miniconda3/envs/rosenv/bin/colcon', 'build', '--packages-select', 'custom_msgs', 'custom_code'][0m
[0.106s] [34mcolcon[0m [1;30mDEBUG[0m [32mParsed command line arguments: Namespace(log_base=None, log_level=None, verb_name='build', build_base='build', install_base='install', merge_install=False, symlink_install=False, test_result_base=None, continue_on_error=False, executor='parallel', parallel_workers=32, event_handlers=None, ignore_user_meta=False, metas=['./colcon.meta'], base_paths=['.'], packages_ignore=None, packages_ignore_regex=None, paths=None, packages_up_to=None, packages_up_to_regex=None, packages_above=None, packages_above_and_dependencies=None, packages_above_depth=None, packages_select_by_dep=None, packages_skip_by_dep=None, packages_skip_up_to=None, packages_select_build_failed=False, packages_skip_build_finished=False, packages_select_test_failures=False, packages_skip_test_passed=False, packages_select=['custom_msgs', 'custom_code'], packages_skip=None, packages_select_regex=None, packages_skip_regex=None, packages_start=None, packages_end=None, cmake_args=None, cmake_target=None, cmake_target_skip_unavailable=False, cmake_clean_cache=False, cmake_clean_first=False, cmake_force_configure=False, ament_cmake_args=None, catkin_cmake_args=None, catkin_skip_building_tests=False, verb_parser=<colcon_defaults.argument_parser.defaults.DefaultArgumentsDecorator object at 0x76b79cf581d0>, verb_extension=<colcon_core.verb.build.BuildVerb object at 0x76b79cf47010>, main=<bound method BuildVerb.main of <colcon_core.verb.build.BuildVerb object at 0x76b79cf47010>>)[0m
[0.134s] [34mcolcon.colcon_core.package_discovery[0m [1;30mLevel 1[0m discover_packages(colcon_meta) check parameters
[0.134s] [34mcolcon.colcon_core.package_discovery[0m [1;30mLevel 1[0m discover_packages(recursive) check parameters
[0.134s] [34mcolcon.colcon_core.package_discovery[0m [1;30mLevel 1[0m discover_packages(ignore) check parameters
[0.134s] [34mcolcon.colcon_core.package_discovery[0m [1;30mLevel 1[0m discover_packages(path) check parameters
[0.134s] [34mcolcon.colcon_core.package_discovery[0m [1;30mLevel 1[0m discover_packages(colcon_meta) discover
[0.134s] [34mcolcon.colcon_core.package_discovery[0m [1;30mLevel 1[0m discover_packages(recursive) discover
[0.134s] [34mcolcon.colcon_core.package_discovery[0m [1;30mINFO[0m Crawling recursively for packages in '/home/facuvulcano/workspace'
[0.134s] [34mcolcon.colcon_core.package_identification[0m [1;30mLevel 1[0m _identify(.) by extensions ['ignore', 'ignore_ament_install']
[0.134s] [34mcolcon.colcon_core.package_identification[0m [1;30mLevel 1[0m _identify(.) by extension 'ignore'
[0.134s] [34mcolcon.colcon_core.package_identification[0m [1;30mLevel 1[0m _identify(.) by extension 'ignore_ament_install'
[0.134s] [34mcolcon.colcon_core.package_identification[0m [1;30mLevel 1[0m _identify(.) by extensions ['colcon_pkg']
[0.134s] [34mcolcon.colcon_core.package_identification[0m [1;30mLevel 1[0m _identify(.) by extension 'colcon_pkg'
[0.134s] [34mcolcon.colcon_core.package_identification[0m [1;30mLevel 1[0m _identify(.) by extensions ['colcon_meta']
[0.134s] [34mcolcon.colcon_core.package_identification[0m [1;30mLevel 1[0m _identify(.) by extension 'colcon_meta'
[0.134s] [34mcolcon.colcon_core.package_identification[0m [1;30mLevel 1[0m _identify(.) by extensions ['ros']
[0.134s] [34mcolcon.colcon_core.package_identification[0m [1;30mLevel 1[0m _identify(.) by extension 'ros'
[0.153s] [34mcolcon.colcon_core.package_identification[0m [1;30mLevel 1[0m _identify(.) by extensions ['cmake', 'python']
[0.153s] [34mcolcon.colcon_core.package_identification[0m [1;30mLevel 1[0m _identify(.) by extension 'cmake'
[0.153s] [34mcolcon.colcon_core.package_identification[0m [1;30mLevel 1[0m _identify(.) by extension 'python'
[0.153s] [34mcolcon.colcon_core.package_identification[0m [1;30mLevel 1[0m _identify(.) by extensions ['python_setup_py']
[0.153s] [34mcolcon.colcon_core.package_identification[0m [1;30mLevel 1[0m _identify(.) by extension 'python_setup_py'
[0.153s] [34mcolcon.colcon_core.package_identification[0m [1;30mLevel 1[0m _identify(build) by extensions ['ignore', 'ignore_ament_install']
[0.153s] [34mcolcon.colcon_core.package_identification[0m [1;30mLevel 1[0m _identify(build) by extension 'ignore'
[0.153s] [34mcolcon.colcon_core.package_identification[0m [1;30mLevel 1[0m _identify(build) ignored
[0.154s] [34mcolcon.colcon_core.package_identification[0m [1;30mLevel 1[0m _identify(install) by extensions ['ignore', 'ignore_ament_install']
[0.154s] [34mcolcon.colcon_core.package_identification[0m [1;30mLevel 1[0m _identify(install) by extension 'ignore'
[0.154s] [34mcolcon.colcon_core.package_identification[0m [1;30mLevel 1[0m _identify(install) ignored
[0.154s] [34mcolcon.colcon_core.package_identification[0m [1;30mLevel 1[0m _identify(log) by extensions ['ignore', 'ignore_ament_install']
[0.154s] [34mcolcon.colcon_core.package_identification[0m [1;30mLevel 1[0m _identify(log) by extension 'ignore'
[0.154s] [34mcolcon.colcon_core.package_identification[0m [1;30mLevel 1[0m _identify(log) ignored
[0.154s] [34mcolcon.colcon_core.package_identification[0m [1;30mLevel 1[0m _identify(src) by extensions ['ignore', 'ignore_ament_install']
[0.154s] [34mcolcon.colcon_core.package_identification[0m [1;30mLevel 1[0m _identify(src) by extension 'ignore'
[0.154s] [34mcolcon.colcon_core.package_identification[0m [1;30mLevel 1[0m _identify(src) by extension 'ignore_ament_install'
[0.154s] [34mcolcon.colcon_core.package_identification[0m [1;30mLevel 1[0m _identify(src) by extensions ['colcon_pkg']
[0.154s] [34mcolcon.colcon_core.package_identification[0m [1;30mLevel 1[0m _identify(src) by extension 'colcon_pkg'
[0.154s] [34mcolcon.colcon_core.package_identification[0m [1;30mLevel 1[0m _identify(src) by extensions ['colcon_meta']
[0.154s] [34mcolcon.colcon_core.package_identification[0m [1;30mLevel 1[0m _identify(src) by extension 'colcon_meta'
[0.154s] [34mcolcon.colcon_core.package_identification[0m [1;30mLevel 1[0m _identify(src) by extensions ['ros']
[0.154s] [34mcolcon.colcon_core.package_identification[0m [1;30mLevel 1[0m _identify(src) by extension 'ros'
[0.154s] [34mcolcon.colcon_core.package_identification[0m [1;30mLevel 1[0m _identify(src) by extensions ['cmake', 'python']
[0.154s] [34mcolcon.colcon_core.package_identification[0m [1;30mLevel 1[0m _identify(src) by extension 'cmake'
[0.154s] [34mcolcon.colcon_core.package_identification[0m [1;30mLevel 1[0m _identify(src) by extension 'python'
[0.154s] [34mcolcon.colcon_core.package_identification[0m [1;30mLevel 1[0m _identify(src) by extensions ['python_setup_py']
[0.154s] [34mcolcon.colcon_core.package_identification[0m [1;30mLevel 1[0m _identify(src) by extension 'python_setup_py'
[0.154s] [34mcolcon.colcon_core.package_identification[0m [1;30mLevel 1[0m _identify(src/custom_code) by extensions ['ignore', 'ignore_ament_install']
[0.154s] [34mcolcon.colcon_core.package_identification[0m [1;30mLevel 1[0m _identify(src/custom_code) by extension 'ignore'
[0.154s] [34mcolcon.colcon_core.package_identification[0m [1;30mLevel 1[0m _identify(src/custom_code) by extension 'ignore_ament_install'
[0.154s] [34mcolcon.colcon_core.package_identification[0m [1;30mLevel 1[0m _identify(src/custom_code) by extensions ['colcon_pkg']
[0.154s] [34mcolcon.colcon_core.package_identification[0m [1;30mLevel 1[0m _identify(src/custom_code) by extension 'colcon_pkg'
[0.154s] [34mcolcon.colcon_core.package_identification[0m [1;30mLevel 1[0m _identify(src/custom_code) by extensions ['colcon_meta']
[0.154s] [34mcolcon.colcon_core.package_identification[0m [1;30mLevel 1[0m _identify(src/custom_code) by extension 'colcon_meta'
[0.154s] [34mcolcon.colcon_core.package_identification[0m [1;30mLevel 1[0m _identify(src/custom_code) by extensions ['ros']
[0.154s] [34mcolcon.colcon_core.package_identification[0m [1;30mLevel 1[0m _identify(src/custom_code) by extension 'ros'
[0.156s] [34mcolcon.colcon_core.package_identification[0m [1;30mDEBUG[0m [32mPackage 'src/custom_code' with type 'ros.ament_python' and name 'custom_code'[0m
[0.157s] [34mcolcon.colcon_core.package_identification[0m [1;30mLevel 1[0m _identify(src/custom_msgs) by extensions ['ignore', 'ignore_ament_install']
[0.157s] [34mcolcon.colcon_core.package_identification[0m [1;30mLevel 1[0m _identify(src/custom_msgs) by extension 'ignore'
[0.157s] [34mcolcon.colcon_core.package_identification[0m [1;30mLevel 1[0m _identify(src/custom_msgs) by extension 'ignore_ament_install'
[0.157s] [34mcolcon.colcon_core.package_identification[0m [1;30mLevel 1[0m _identify(src/custom_msgs) by extensions ['colcon_pkg']
[0.157s] [34mcolcon.colcon_core.package_identification[0m [1;30mLevel 1[0m _identify(src/custom_msgs) by extension 'colcon_pkg'
[0.157s] [34mcolcon.colcon_core.package_identification[0m [1;30mLevel 1[0m _identify(src/custom_msgs) by extensions ['colcon_meta']
[0.157s] [34mcolcon.colcon_core.package_identification[0m [1;30mLevel 1[0m _identify(src/custom_msgs) by extension 'colcon_meta'
[0.157s] [34mcolcon.colcon_core.package_identification[0m [1;30mLevel 1[0m _identify(src/custom_msgs) by extensions ['ros']
[0.157s] [34mcolcon.colcon_core.package_identification[0m [1;30mLevel 1[0m _identify(src/custom_msgs) by extension 'ros'
[0.157s] [34mcolcon.colcon_core.package_identification[0m [1;30mDEBUG[0m [32mPackage 'src/custom_msgs' with type 'ros.ament_cmake' and name 'custom_msgs'[0m
[0.157s] [34mcolcon.colcon_core.package_identification[0m [1;30mLevel 1[0m _identify(src/turtlebot3_custom_simulation) by extensions ['ignore', 'ignore_ament_install']
[0.157s] [34mcolcon.colcon_core.package_identification[0m [1;30mLevel 1[0m _identify(src/turtlebot3_custom_simulation) by extension 'ignore'
[0.157s] [34mcolcon.colcon_core.package_identification[0m [1;30mLevel 1[0m _identify(src/turtlebot3_custom_simulation) by extension 'ignore_ament_install'
[0.157s] [34mcolcon.colcon_core.package_identification[0m [1;30mLevel 1[0m _identify(src/turtlebot3_custom_simulation) by extensions ['colcon_pkg']
[0.157s] [34mcolcon.colcon_core.package_identification[0m [1;30mLevel 1[0m _identify(src/turtlebot3_custom_simulation) by extension 'colcon_pkg'
[0.158s] [34mcolcon.colcon_core.package_identification[0m [1;30mLevel 1[0m _identify(src/turtlebot3_custom_simulation) by extensions ['colcon_meta']
[0.158s] [34mcolcon.colcon_core.package_identification[0m [1;30mLevel 1[0m _identify(src/turtlebot3_custom_simulation) by extension 'colcon_meta'
[0.158s] [34mcolcon.colcon_core.package_identification[0m [1;30mLevel 1[0m _identify(src/turtlebot3_custom_simulation) by extensions ['ros']
[0.158s] [34mcolcon.colcon_core.package_identification[0m [1;30mLevel 1[0m _identify(src/turtlebot3_custom_simulation) by extension 'ros'
[0.158s] [34mcolcon.colcon_core.package_identification[0m [1;30mDEBUG[0m [32mPackage 'src/turtlebot3_custom_simulation' with type 'ros.ament_cmake' and name 'turtlebot3_custom_simulation'[0m
[0.158s] [34mcolcon.colcon_core.package_identification[0m [1;30mLevel 1[0m _identify(src/turtlebot3_obstacle_avoidance) by extensions ['ignore', 'ignore_ament_install']
[0.158s] [34mcolcon.colcon_core.package_identification[0m [1;30mLevel 1[0m _identify(src/turtlebot3_obstacle_avoidance) by extension 'ignore'
[0.158s] [34mcolcon.colcon_core.package_identification[0m [1;30mLevel 1[0m _identify(src/turtlebot3_obstacle_avoidance) by extension 'ignore_ament_install'
[0.158s] [34mcolcon.colcon_core.package_identification[0m [1;30mLevel 1[0m _identify(src/turtlebot3_obstacle_avoidance) by extensions ['colcon_pkg']
[0.158s] [34mcolcon.colcon_core.package_identification[0m [1;30mLevel 1[0m _identify(src/turtlebot3_obstacle_avoidance) by extension 'colcon_pkg'
[0.158s] [34mcolcon.colcon_core.package_identification[0m [1;30mLevel 1[0m _identify(src/turtlebot3_obstacle_avoidance) by extensions ['colcon_meta']
[0.159s] [34mcolcon.colcon_core.package_identification[0m [1;30mLevel 1[0m _identify(src/turtlebot3_obstacle_avoidance) by extension 'colcon_meta'
[0.159s] [34mcolcon.colcon_core.package_identification[0m [1;30mLevel 1[0m _identify(src/turtlebot3_obstacle_avoidance) by extensions ['ros']
[0.159s] [34mcolcon.colcon_core.package_identification[0m [1;30mLevel 1[0m _identify(src/turtlebot3_obstacle_avoidance) by extension 'ros'
[0.159s] [34mcolcon.colcon_core.package_identification[0m [1;30mDEBUG[0m [32mPackage 'src/turtlebot3_obstacle_avoidance' with type 'ros.ament_python' and name 'turtlebot3_obstacle_avoidance'[0m
[0.159s] [34mcolcon.colcon_core.package_discovery[0m [1;30mLevel 1[0m discover_packages(recursive) using defaults
[0.160s] [34mcolcon.colcon_core.package_discovery[0m [1;30mLevel 1[0m discover_packages(ignore) discover
[0.160s] [34mcolcon.colcon_core.package_discovery[0m [1;30mLevel 1[0m discover_packages(ignore) using defaults
[0.160s] [34mcolcon.colcon_core.package_discovery[0m [1;30mLevel 1[0m discover_packages(path) discover
[0.160s] [34mcolcon.colcon_core.package_discovery[0m [1;30mLevel 1[0m discover_packages(path) using defaults
[0.173s] [34mcolcon.colcon_core.package_selection[0m [1;30mINFO[0m Skipping not selected package 'turtlebot3_custom_simulation' in 'src/turtlebot3_custom_simulation'
[0.173s] [34mcolcon.colcon_core.package_selection[0m [1;30mINFO[0m Skipping not selected package 'turtlebot3_obstacle_avoidance' in 'src/turtlebot3_obstacle_avoidance'
[0.174s] [34mcolcon.colcon_core.verb[0m [1;30mLevel 5[0m set package 'custom_msgs' build argument 'cmake_args' from command line to 'None'
[0.174s] [34mcolcon.colcon_core.verb[0m [1;30mLevel 5[0m set package 'custom_msgs' build argument 'cmake_target' from command line to 'None'
[0.174s] [34mcolcon.colcon_core.verb[0m [1;30mLevel 5[0m set package 'custom_msgs' build argument 'cmake_target_skip_unavailable' from command line to 'False'
[0.174s] [34mcolcon.colcon_core.verb[0m [1;30mLevel 5[0m set package 'custom_msgs' build argument 'cmake_clean_cache' from command line to 'False'
[0.174s] [34mcolcon.colcon_core.verb[0m [1;30mLevel 5[0m set package 'custom_msgs' build argument 'cmake_clean_first' from command line to 'False'
[0.174s] [34mcolcon.colcon_core.verb[0m [1;30mLevel 5[0m set package 'custom_msgs' build argument 'cmake_force_configure' from command line to 'False'
[0.174s] [34mcolcon.colcon_core.verb[0m [1;30mLevel 5[0m set package 'custom_msgs' build argument 'ament_cmake_args' from command line to 'None'
[0.174s] [34mcolcon.colcon_core.verb[0m [1;30mLevel 5[0m set package 'custom_msgs' build argument 'catkin_cmake_args' from command line to 'None'
[0.174s] [34mcolcon.colcon_core.verb[0m [1;30mLevel 5[0m set package 'custom_msgs' build argument 'catkin_skip_building_tests' from command line to 'False'
[0.174s] [34mcolcon.colcon_core.verb[0m [1;30mDEBUG[0m [32mBuilding package 'custom_msgs' with the following arguments: {'ament_cmake_args': None, 'build_base': '/home/facuvulcano/workspace/build/custom_msgs', 'catkin_cmake_args': None, 'catkin_skip_building_tests': False, 'cmake_args': None, 'cmake_clean_cache': False, 'cmake_clean_first': False, 'cmake_force_configure': False, 'cmake_target': None, 'cmake_target_skip_unavailable': False, 'install_base': '/home/facuvulcano/workspace/install/custom_msgs', 'merge_install': False, 'path': '/home/facuvulcano/workspace/src/custom_msgs', 'symlink_install': False, 'test_result_base': None}[0m
[0.174s] [34mcolcon.colcon_core.verb[0m [1;30mLevel 5[0m set package 'custom_code' build argument 'cmake_args' from command line to 'None'
[0.174s] [34mcolcon.colcon_core.verb[0m [1;30mLevel 5[0m set package 'custom_code' build argument 'cmake_target' from command line to 'None'
[0.174s] [34mcolcon.colcon_core.verb[0m [1;30mLevel 5[0m set package 'custom_code' build argument 'cmake_target_skip_unavailable' from command line to 'False'
[0.174s] [34mcolcon.colcon_core.verb[0m [1;30mLevel 5[0m set package 'custom_code' build argument 'cmake_clean_cache' from command line to 'False'
[0.174s] [34mcolcon.colcon_core.verb[0m [1;30mLevel 5[0m set package 'custom_code' build argument 'cmake_clean_first' from command line to 'False'
[0.174s] [34mcolcon.colcon_core.verb[0m [1;30mLevel 5[0m set package 'custom_code' build argument 'cmake_force_configure' from command line to 'False'
[0.174s] [34mcolcon.colcon_core.verb[0m [1;30mLevel 5[0m set package 'custom_code' build argument 'ament_cmake_args' from command line to 'None'
[0.174s] [34mcolcon.colcon_core.verb[0m [1;30mLevel 5[0m set package 'custom_code' build argument 'catkin_cmake_args' from command line to 'None'
[0.174s] [34mcolcon.colcon_core.verb[0m [1;30mLevel 5[0m set package 'custom_code' build argument 'catkin_skip_building_tests' from command line to 'False'
[0.174s] [34mcolcon.colcon_core.verb[0m [1;30mDEBUG[0m [32mBuilding package 'custom_code' with the following arguments: {'ament_cmake_args': None, 'build_base': '/home/facuvulcano/workspace/build/custom_code', 'catkin_cmake_args': None, 'catkin_skip_building_tests': False, 'cmake_args': None, 'cmake_clean_cache': False, 'cmake_clean_first': False, 'cmake_force_configure': False, 'cmake_target': None, 'cmake_target_skip_unavailable': False, 'install_base': '/home/facuvulcano/workspace/install/custom_code', 'merge_install': False, 'path': '/home/facuvulcano/workspace/src/custom_code', 'symlink_install': False, 'test_result_base': None}[0m
[0.174s] [34mcolcon.colcon_core.executor[0m [1;30mINFO[0m Executing jobs using 'parallel' executor
[0.175s] [34mcolcon.colcon_parallel_executor.executor.parallel[0m [1;30mDEBUG[0m [32mrun_until_complete[0m
[0.175s] [34mcolcon.colcon_ros.task.ament_cmake.build[0m [1;30mINFO[0m Building ROS package in '/home/facuvulcano/workspace/src/custom_msgs' with build type 'ament_cmake'
[0.175s] [34mcolcon.colcon_cmake.task.cmake.build[0m [1;30mINFO[0m Building CMake package in '/home/facuvulcano/workspace/src/custom_msgs'
[0.177s] [34mcolcon.colcon_core.plugin_system[0m [1;30mINFO[0m Skipping extension 'colcon_core.shell.bat': Not used on non-Windows systems
[0.177s] [34mcolcon.colcon_core.shell[0m [1;30mINFO[0m Skip shell extension 'powershell' for command environment: Not usable outside of PowerShell
[0.177s] [34mcolcon.colcon_core.shell[0m [1;30mDEBUG[0m [32mSkip shell extension 'dsv' for command environment[0m
[0.178s] [34mcolcon.colcon_ros.prefix_path.catkin[0m [1;30mWARNING[0m [33mThe path '/home/facuvulcano/workspace/install/custom_msgs' in the environment variable CMAKE_PREFIX_PATH doesn't exist[0m
[0.188s] [34mcolcon.colcon_core.event_handler.log_command[0m [1;30mDEBUG[0m [32mInvoking command in '/home/facuvulcano/workspace/build/custom_msgs': CMAKE_PREFIX_PATH=${CMAKE_PREFIX_PATH}:/home/facuvulcano/workspace/install/turtlebot3_obstacle_avoidance:/home/facuvulcano/workspace/install/custom_code CONDA_PROMPT_MODIFIER=(rosenv) DEBUGINFOD_URLS=https://debuginfod.ubuntu.com /home/facuvulcano/miniconda3/envs/rosenv/bin/cmake /home/facuvulcano/workspace/src/custom_msgs -DCMAKE_INSTALL_PREFIX=/home/facuvulcano/workspace/install/custom_msgs[0m
[2.979s] [34mcolcon.colcon_core.event_handler.log_command[0m [1;30mDEBUG[0m [32mInvoked command in '/home/facuvulcano/workspace/build/custom_msgs' returned '1': CMAKE_PREFIX_PATH=${CMAKE_PREFIX_PATH}:/home/facuvulcano/workspace/install/turtlebot3_obstacle_avoidance:/home/facuvulcano/workspace/install/custom_code CONDA_PROMPT_MODIFIER=(rosenv) DEBUGINFOD_URLS=https://debuginfod.ubuntu.com /home/facuvulcano/miniconda3/envs/rosenv/bin/cmake /home/facuvulcano/workspace/src/custom_msgs -DCMAKE_INSTALL_PREFIX=/home/facuvulcano/workspace/install/custom_msgs[0m
[2.995s] [34mcolcon.colcon_core.environment[0m [1;30mLevel 1[0m create_environment_scripts_only(custom_msgs)
[2.999s] [34mcolcon.colcon_core.environment[0m [1;30mLevel 1[0m checking '/home/facuvulcano/workspace/install/custom_msgs' for CMake module files
[3.000s] [34mcolcon.colcon_core.environment[0m [1;30mLevel 1[0m checking '/home/facuvulcano/workspace/install/custom_msgs' for CMake config files
[3.000s] [34mcolcon.colcon_core.environment[0m [1;30mLevel 1[0m checking '/home/facuvulcano/workspace/install/custom_msgs/bin'
[3.000s] [34mcolcon.colcon_core.environment[0m [1;30mLevel 1[0m checking '/home/facuvulcano/workspace/install/custom_msgs/lib/pkgconfig/custom_msgs.pc'
[3.002s] [34mcolcon.colcon_core.environment[0m [1;30mLevel 1[0m checking '/home/facuvulcano/workspace/install/custom_msgs/lib/python3.11/site-packages'
[3.003s] [34mcolcon.colcon_core.environment[0m [1;30mLevel 1[0m checking '/home/facuvulcano/workspace/install/custom_msgs/bin'
[3.003s] [34mcolcon.colcon_core.shell[0m [1;30mINFO[0m Creating package script '/home/facuvulcano/workspace/install/custom_msgs/share/custom_msgs/package.ps1'
[3.004s] [34mcolcon.colcon_core.shell[0m [1;30mINFO[0m Creating package descriptor '/home/facuvulcano/workspace/install/custom_msgs/share/custom_msgs/package.dsv'
[3.005s] [34mcolcon.colcon_core.shell[0m [1;30mINFO[0m Creating package script '/home/facuvulcano/workspace/install/custom_msgs/share/custom_msgs/package.sh'
[3.006s] [34mcolcon.colcon_core.shell[0m [1;30mINFO[0m Creating package script '/home/facuvulcano/workspace/install/custom_msgs/share/custom_msgs/package.bash'
[3.007s] [34mcolcon.colcon_core.shell[0m [1;30mINFO[0m Creating package script '/home/facuvulcano/workspace/install/custom_msgs/share/custom_msgs/package.zsh'
[3.008s] [34mcolcon.colcon_core.environment[0m [1;30mLevel 1[0m create_file_with_runtime_dependencies(/home/facuvulcano/workspace/install/custom_msgs/share/colcon-core/packages/custom_msgs)
[3.019s] [34mcolcon.colcon_parallel_executor.executor.parallel[0m [1;30mDEBUG[0m [32mclosing loop[0m
[3.020s] [34mcolcon.colcon_parallel_executor.executor.parallel[0m [1;30mDEBUG[0m [32mloop closed[0m
[3.020s] [34mcolcon.colcon_parallel_executor.executor.parallel[0m [1;30mDEBUG[0m [32mrun_until_complete finished with '1'[0m
[3.020s] [34mcolcon.colcon_core.event_reactor[0m [1;30mDEBUG[0m [32mjoining thread[0m
[3.021s] [34mcolcon.colcon_core.event_reactor[0m [1;30mDEBUG[0m [32mjoined thread[0m
[3.022s] [34mcolcon.colcon_core.shell[0m [1;30mINFO[0m Creating prefix script '/home/facuvulcano/workspace/install/local_setup.ps1'
[3.023s] [34mcolcon.colcon_core.shell[0m [1;30mINFO[0m Creating prefix util module '/home/facuvulcano/workspace/install/_local_setup_util_ps1.py'
[3.026s] [34mcolcon.colcon_core.shell[0m [1;30mINFO[0m Creating prefix chain script '/home/facuvulcano/workspace/install/setup.ps1'
[3.027s] [34mcolcon.colcon_core.shell[0m [1;30mINFO[0m Creating prefix script '/home/facuvulcano/workspace/install/local_setup.sh'
[3.028s] [34mcolcon.colcon_core.shell[0m [1;30mINFO[0m Creating prefix util module '/home/facuvulcano/workspace/install/_local_setup_util_sh.py'
[3.030s] [34mcolcon.colcon_core.shell[0m [1;30mINFO[0m Creating prefix chain script '/home/facuvulcano/workspace/install/setup.sh'
[3.032s] [34mcolcon.colcon_core.shell[0m [1;30mINFO[0m Creating prefix script '/home/facuvulcano/workspace/install/local_setup.bash'
[3.033s] [34mcolcon.colcon_core.shell[0m [1;30mINFO[0m Creating prefix chain script '/home/facuvulcano/workspace/install/setup.bash'
[3.034s] [34mcolcon.colcon_core.shell[0m [1;30mINFO[0m Creating prefix script '/home/facuvulcano/workspace/install/local_setup.zsh'
[3.035s] [34mcolcon.colcon_core.shell[0m [1;30mINFO[0m Creating prefix chain script '/home/facuvulcano/workspace/install/setup.zsh'
