[0.276s] Invoking command in '/home/alumno1/workspace/src/custom_code': CMAKE_PREFIX_PATH=/home/alumno1/workspace/install/custom_msgs:/home/alumno1/workspace/install/turtlebot3_custom_simulation:/home/alumno1/turtlebot3_ws/install/turtlebot3:/home/alumno1/turtlebot3_ws/install/turtlebot3_simulations:/home/alumno1/turtlebot3_ws/install/turtlebot3_bringup:/home/alumno1/turtlebot3_ws/install/turtlebot3_node:/home/alumno1/turtlebot3_ws/install/turtlebot3_navigation2:/home/alumno1/turtlebot3_ws/install/turtlebot3_fake_node:/home/alumno1/turtlebot3_ws/install/turtlebot3_custom_simulation:/home/alumno1/turtlebot3_ws/install/turtlebot3_msgs:/home/alumno1/turtlebot3_ws/install/turtlebot3_gazebo:/home/alumno1/turtlebot3_ws/install/turtlebot3_description:/home/alumno1/turtlebot3_ws/install/turtlebot3_cartographer:/home/alumno1/turtlebot3_ws/install/dynamixel_sdk_examples:/home/alumno1/turtlebot3_ws/install/dynamixel_sdk_custom_interfaces:/home/alumno1/turtlebot3_ws/install/dynamixel_sdk LD_LIBRARY_PATH=/home/alumno1/workspace/install/custom_msgs/lib:/home/alumno1/turtlebot3_ws/install/turtlebot3_msgs/lib:/home/alumno1/turtlebot3_ws/install/dynamixel_sdk_custom_interfaces/lib:/home/alumno1/turtlebot3_ws/install/dynamixel_sdk/lib:/usr/lib/x86_64-linux-gnu/gazebo-11/plugins:/opt/ros/humble/opt/rviz_ogre_vendor/lib:/opt/ros/humble/lib/x86_64-linux-gnu:/opt/ros/humble/lib:/usr/lib/x86_64-linux-gnu/gazebo-11/plugins PYTHONPATH=/home/alumno1/workspace/build/custom_code/prefix_override:/usr/lib/python3/dist-packages/colcon_core/task/python/colcon_distutils_commands:/home/alumno1/workspace/install/custom_code/lib/python3.10/site-packages:${PYTHONPATH} /usr/bin/python3 -W ignore:setup.py install is deprecated -W ignore:easy_install command is deprecated setup.py egg_info --egg-base ../../build/custom_code build --build-base /home/alumno1/workspace/build/custom_code/build install --record /home/alumno1/workspace/build/custom_code/install.log --single-version-externally-managed install_data
[0.380s] running egg_info
[0.380s] creating ../../build/custom_code/custom_code.egg-info
[0.380s] writing ../../build/custom_code/custom_code.egg-info/PKG-INFO
[0.380s] writing dependency_links to ../../build/custom_code/custom_code.egg-info/dependency_links.txt
[0.380s] writing entry points to ../../build/custom_code/custom_code.egg-info/entry_points.txt
[0.380s] writing requirements to ../../build/custom_code/custom_code.egg-info/requires.txt
[0.380s] writing top-level names to ../../build/custom_code/custom_code.egg-info/top_level.txt
[0.380s] writing manifest file '../../build/custom_code/custom_code.egg-info/SOURCES.txt'
[0.381s] reading manifest file '../../build/custom_code/custom_code.egg-info/SOURCES.txt'
[0.381s] writing manifest file '../../build/custom_code/custom_code.egg-info/SOURCES.txt'
[0.381s] running build
[0.381s] running build_py
[0.382s] creating /home/alumno1/workspace/build/custom_code/build
[0.382s] creating /home/alumno1/workspace/build/custom_code/build/lib
[0.382s] creating /home/alumno1/workspace/build/custom_code/build/lib/custom_code
[0.382s] copying custom_code/feature_finder.py -> /home/alumno1/workspace/build/custom_code/build/lib/custom_code
[0.382s] copying custom_code/my_ekf_correction.py -> /home/alumno1/workspace/build/custom_code/build/lib/custom_code
[0.382s] copying custom_code/my_fastslam.py -> /home/alumno1/workspace/build/custom_code/build/lib/custom_code
[0.382s] copying custom_code/my_odometry.py -> /home/alumno1/workspace/build/custom_code/build/lib/custom_code
[0.382s] copying custom_code/occupancy_mapping_1d.py -> /home/alumno1/workspace/build/custom_code/build/lib/custom_code
[0.382s] copying custom_code/my_localization.py -> /home/alumno1/workspace/build/custom_code/build/lib/custom_code
[0.382s] copying custom_code/my_tf.py -> /home/alumno1/workspace/build/custom_code/build/lib/custom_code
[0.382s] copying custom_code/my_ekf_prediction.py -> /home/alumno1/workspace/build/custom_code/build/lib/custom_code
[0.382s] copying custom_code/likelihood.py -> /home/alumno1/workspace/build/custom_code/build/lib/custom_code
[0.382s] copying custom_code/features.py -> /home/alumno1/workspace/build/custom_code/build/lib/custom_code
[0.382s] copying custom_code/my_ekf.py -> /home/alumno1/workspace/build/custom_code/build/lib/custom_code
[0.382s] copying custom_code/robot_functions.py -> /home/alumno1/workspace/build/custom_code/build/lib/custom_code
[0.382s] copying custom_code/__init__.py -> /home/alumno1/workspace/build/custom_code/build/lib/custom_code
[0.382s] running install
[0.382s] running install_lib
[0.382s] creating /home/alumno1/workspace/install/custom_code/lib/python3.10/site-packages/custom_code
[0.382s] copying /home/alumno1/workspace/build/custom_code/build/lib/custom_code/feature_finder.py -> /home/alumno1/workspace/install/custom_code/lib/python3.10/site-packages/custom_code
[0.382s] copying /home/alumno1/workspace/build/custom_code/build/lib/custom_code/my_ekf_correction.py -> /home/alumno1/workspace/install/custom_code/lib/python3.10/site-packages/custom_code
[0.382s] copying /home/alumno1/workspace/build/custom_code/build/lib/custom_code/my_fastslam.py -> /home/alumno1/workspace/install/custom_code/lib/python3.10/site-packages/custom_code
[0.382s] copying /home/alumno1/workspace/build/custom_code/build/lib/custom_code/my_odometry.py -> /home/alumno1/workspace/install/custom_code/lib/python3.10/site-packages/custom_code
[0.382s] copying /home/alumno1/workspace/build/custom_code/build/lib/custom_code/occupancy_mapping_1d.py -> /home/alumno1/workspace/install/custom_code/lib/python3.10/site-packages/custom_code
[0.382s] copying /home/alumno1/workspace/build/custom_code/build/lib/custom_code/my_localization.py -> /home/alumno1/workspace/install/custom_code/lib/python3.10/site-packages/custom_code
[0.383s] copying /home/alumno1/workspace/build/custom_code/build/lib/custom_code/my_tf.py -> /home/alumno1/workspace/install/custom_code/lib/python3.10/site-packages/custom_code
[0.383s] copying /home/alumno1/workspace/build/custom_code/build/lib/custom_code/my_ekf_prediction.py -> /home/alumno1/workspace/install/custom_code/lib/python3.10/site-packages/custom_code
[0.383s] copying /home/alumno1/workspace/build/custom_code/build/lib/custom_code/likelihood.py -> /home/alumno1/workspace/install/custom_code/lib/python3.10/site-packages/custom_code
[0.383s] copying /home/alumno1/workspace/build/custom_code/build/lib/custom_code/features.py -> /home/alumno1/workspace/install/custom_code/lib/python3.10/site-packages/custom_code
[0.383s] copying /home/alumno1/workspace/build/custom_code/build/lib/custom_code/my_ekf.py -> /home/alumno1/workspace/install/custom_code/lib/python3.10/site-packages/custom_code
[0.383s] copying /home/alumno1/workspace/build/custom_code/build/lib/custom_code/robot_functions.py -> /home/alumno1/workspace/install/custom_code/lib/python3.10/site-packages/custom_code
[0.383s] copying /home/alumno1/workspace/build/custom_code/build/lib/custom_code/__init__.py -> /home/alumno1/workspace/install/custom_code/lib/python3.10/site-packages/custom_code
[0.383s] byte-compiling /home/alumno1/workspace/install/custom_code/lib/python3.10/site-packages/custom_code/feature_finder.py to feature_finder.cpython-310.pyc
[0.383s] byte-compiling /home/alumno1/workspace/install/custom_code/lib/python3.10/site-packages/custom_code/my_ekf_correction.py to my_ekf_correction.cpython-310.pyc
[0.384s] byte-compiling /home/alumno1/workspace/install/custom_code/lib/python3.10/site-packages/custom_code/my_fastslam.py to my_fastslam.cpython-310.pyc
[0.385s] byte-compiling /home/alumno1/workspace/install/custom_code/lib/python3.10/site-packages/custom_code/my_odometry.py to my_odometry.cpython-310.pyc
[0.386s] byte-compiling /home/alumno1/workspace/install/custom_code/lib/python3.10/site-packages/custom_code/occupancy_mapping_1d.py to occupancy_mapping_1d.cpython-310.pyc
[0.386s] byte-compiling /home/alumno1/workspace/install/custom_code/lib/python3.10/site-packages/custom_code/my_localization.py to my_localization.cpython-310.pyc
[0.386s] byte-compiling /home/alumno1/workspace/install/custom_code/lib/python3.10/site-packages/custom_code/my_tf.py to my_tf.cpython-310.pyc
[0.387s] byte-compiling /home/alumno1/workspace/install/custom_code/lib/python3.10/site-packages/custom_code/my_ekf_prediction.py to my_ekf_prediction.cpython-310.pyc
[0.387s] byte-compiling /home/alumno1/workspace/install/custom_code/lib/python3.10/site-packages/custom_code/likelihood.py to likelihood.cpython-310.pyc
[0.387s] byte-compiling /home/alumno1/workspace/install/custom_code/lib/python3.10/site-packages/custom_code/features.py to features.cpython-310.pyc
[0.388s] byte-compiling /home/alumno1/workspace/install/custom_code/lib/python3.10/site-packages/custom_code/my_ekf.py to my_ekf.cpython-310.pyc
[0.388s] byte-compiling /home/alumno1/workspace/install/custom_code/lib/python3.10/site-packages/custom_code/robot_functions.py to robot_functions.cpython-310.pyc
[0.389s] byte-compiling /home/alumno1/workspace/install/custom_code/lib/python3.10/site-packages/custom_code/__init__.py to __init__.cpython-310.pyc
[0.389s] running install_data
[0.389s] creating /home/alumno1/workspace/install/custom_code/share/ament_index
[0.389s] creating /home/alumno1/workspace/install/custom_code/share/ament_index/resource_index
[0.389s] creating /home/alumno1/workspace/install/custom_code/share/ament_index/resource_index/packages
[0.389s] copying resource/custom_code -> /home/alumno1/workspace/install/custom_code/share/ament_index/resource_index/packages
[0.389s] copying package.xml -> /home/alumno1/workspace/install/custom_code/share/custom_code
[0.389s] creating /home/alumno1/workspace/install/custom_code/share/custom_code/launch
[0.389s] copying launch/launch_my_odometry.launch.py -> /home/alumno1/workspace/install/custom_code/share/custom_code/launch
[0.389s] copying launch/launch_my_ekf.launch.py -> /home/alumno1/workspace/install/custom_code/share/custom_code/launch
[0.389s] copying launch/launch_my_particles.launch.py -> /home/alumno1/workspace/install/custom_code/share/custom_code/launch
[0.389s] copying launch/launch_my_tf.launch.py -> /home/alumno1/workspace/install/custom_code/share/custom_code/launch
[0.389s] copying launch/launch_my_fastslam.launch.py -> /home/alumno1/workspace/install/custom_code/share/custom_code/launch
[0.389s] creating /home/alumno1/workspace/install/custom_code/share/custom_code/rviz
[0.389s] copying rviz/odometry.rviz -> /home/alumno1/workspace/install/custom_code/share/custom_code/rviz
[0.389s] copying rviz/particulas.rviz -> /home/alumno1/workspace/install/custom_code/share/custom_code/rviz
[0.389s] copying rviz/ekf.rviz -> /home/alumno1/workspace/install/custom_code/share/custom_code/rviz
[0.389s] copying rviz/tf.rviz -> /home/alumno1/workspace/install/custom_code/share/custom_code/rviz
[0.389s] copying rviz/fastslam.rviz -> /home/alumno1/workspace/install/custom_code/share/custom_code/rviz
[0.389s] running install_egg_info
[0.390s] Copying ../../build/custom_code/custom_code.egg-info to /home/alumno1/workspace/install/custom_code/lib/python3.10/site-packages/custom_code-0.0.0-py3.10.egg-info
[0.390s] running install_scripts
[0.399s] Installing ekf script to /home/alumno1/workspace/install/custom_code/lib/custom_code
[0.399s] Installing ekf_correction script to /home/alumno1/workspace/install/custom_code/lib/custom_code
[0.399s] Installing ekf_prediction script to /home/alumno1/workspace/install/custom_code/lib/custom_code
[0.399s] Installing fastslam script to /home/alumno1/workspace/install/custom_code/lib/custom_code
[0.399s] Installing feature_finder script to /home/alumno1/workspace/install/custom_code/lib/custom_code
[0.399s] Installing features script to /home/alumno1/workspace/install/custom_code/lib/custom_code
[0.399s] Installing likelihood script to /home/alumno1/workspace/install/custom_code/lib/custom_code
[0.400s] Installing localization script to /home/alumno1/workspace/install/custom_code/lib/custom_code
[0.400s] Installing my_odometry script to /home/alumno1/workspace/install/custom_code/lib/custom_code
[0.400s] Installing my_tf script to /home/alumno1/workspace/install/custom_code/lib/custom_code
[0.400s] writing list of installed files to '/home/alumno1/workspace/build/custom_code/install.log'
[0.410s] Invoked command in '/home/alumno1/workspace/src/custom_code' returned '0': CMAKE_PREFIX_PATH=/home/alumno1/workspace/install/custom_msgs:/home/alumno1/workspace/install/turtlebot3_custom_simulation:/home/alumno1/turtlebot3_ws/install/turtlebot3:/home/alumno1/turtlebot3_ws/install/turtlebot3_simulations:/home/alumno1/turtlebot3_ws/install/turtlebot3_bringup:/home/alumno1/turtlebot3_ws/install/turtlebot3_node:/home/alumno1/turtlebot3_ws/install/turtlebot3_navigation2:/home/alumno1/turtlebot3_ws/install/turtlebot3_fake_node:/home/alumno1/turtlebot3_ws/install/turtlebot3_custom_simulation:/home/alumno1/turtlebot3_ws/install/turtlebot3_msgs:/home/alumno1/turtlebot3_ws/install/turtlebot3_gazebo:/home/alumno1/turtlebot3_ws/install/turtlebot3_description:/home/alumno1/turtlebot3_ws/install/turtlebot3_cartographer:/home/alumno1/turtlebot3_ws/install/dynamixel_sdk_examples:/home/alumno1/turtlebot3_ws/install/dynamixel_sdk_custom_interfaces:/home/alumno1/turtlebot3_ws/install/dynamixel_sdk LD_LIBRARY_PATH=/home/alumno1/workspace/install/custom_msgs/lib:/home/alumno1/turtlebot3_ws/install/turtlebot3_msgs/lib:/home/alumno1/turtlebot3_ws/install/dynamixel_sdk_custom_interfaces/lib:/home/alumno1/turtlebot3_ws/install/dynamixel_sdk/lib:/usr/lib/x86_64-linux-gnu/gazebo-11/plugins:/opt/ros/humble/opt/rviz_ogre_vendor/lib:/opt/ros/humble/lib/x86_64-linux-gnu:/opt/ros/humble/lib:/usr/lib/x86_64-linux-gnu/gazebo-11/plugins PYTHONPATH=/home/alumno1/workspace/build/custom_code/prefix_override:/usr/lib/python3/dist-packages/colcon_core/task/python/colcon_distutils_commands:/home/alumno1/workspace/install/custom_code/lib/python3.10/site-packages:${PYTHONPATH} /usr/bin/python3 -W ignore:setup.py install is deprecated -W ignore:easy_install command is deprecated setup.py egg_info --egg-base ../../build/custom_code build --build-base /home/alumno1/workspace/build/custom_code/build install --record /home/alumno1/workspace/build/custom_code/install.log --single-version-externally-managed install_data
