[0.009s] Invoking command in '/home/facuvulcano/workspace/build/turtlebot3_custom_simulation': CONDA_PROMPT_MODIFIER=(rosenv) DEBUGINFOD_URLS=https://debuginfod.ubuntu.com /home/facuvulcano/miniconda3/envs/rosenv/bin/cmake /home/facuvulcano/workspace/src/turtlebot3_custom_simulation -DCMAKE_INSTALL_PREFIX=/home/facuvulcano/workspace/install/turtlebot3_custom_simulation
[0.029s] [31mCMake Error at CMakeLists.txt:11 (find_package):
[0.029s]   By not providing "Findament_cmake.cmake" in CMAKE_MODULE_PATH this project
[0.029s]   has asked CMake to find a package configuration file provided by
[0.029s]   "ament_cmake", but CMake did not find one.
[0.029s] 
[0.029s]   Could not find a package configuration file provided by "ament_cmake" with
[0.029s]   any of the following names:
[0.029s] 
[0.029s]     ament_cmakeConfig.cmake
[0.029s]     ament_cmake-config.cmake
[0.029s] 
[0.029s]   Add the installation prefix of "ament_cmake" to CMAKE_PREFIX_PATH or set
[0.029s]   "ament_cmake_DIR" to a directory containing one of the above files.  If
[0.029s]   "ament_cmake" provides a separate development package or SDK, be sure it
[0.029s]   has been installed.
[0.030s] 
[0.030s] [0m
[0.030s] -- Configuring incomplete, errors occurred!
[0.031s] Invoked command in '/home/facuvulcano/workspace/build/turtlebot3_custom_simulation' returned '1': CONDA_PROMPT_MODIFIER=(rosenv) DEBUGINFOD_URLS=https://debuginfod.ubuntu.com /home/facuvulcano/miniconda3/envs/rosenv/bin/cmake /home/facuvulcano/workspace/src/turtlebot3_custom_simulation -DCMAKE_INSTALL_PREFIX=/home/facuvulcano/workspace/install/turtlebot3_custom_simulation
