[0.010s] Invoking command in '/home/facuvulcano/workspace/build/custom_msgs': CONDA_PROMPT_MODIFIER=(rosenv) DEBUGINFOD_URLS=https://debuginfod.ubuntu.com /home/facuvulcano/miniconda3/envs/rosenv/bin/cmake /home/facuvulcano/workspace/src/custom_msgs -DPython3_EXECUTABLE=/home/facuvulcano/miniconda3/envs/rosenv/bin/python3 -DPython3_ROOT_DIR=/home/facuvulcano/miniconda3/envs/rosenv -DPython3_FIND_VIRTUALENV=ONLY -DPython3_FIND_STRATEGY=LOCATION -DCMAKE_INSTALL_PREFIX=/home/facuvulcano/workspace/install/custom_msgs
[0.077s] -- The C compiler identification is GNU 14.3.0
[0.144s] -- The CXX compiler identification is GNU 14.3.0
[0.158s] -- Detecting C compiler ABI info
[0.218s] -- Detecting C compiler ABI info - done
[0.226s] -- Check for working C compiler: /home/facuvulcano/miniconda3/envs/rosenv/bin/x86_64-conda-linux-gnu-cc - skipped
[0.226s] -- Detecting C compile features
[0.226s] -- Detecting C compile features - done
[0.234s] -- Detecting CXX compiler ABI info
[0.305s] -- Detecting CXX compiler ABI info - done
[0.312s] -- Check for working CXX compiler: /home/facuvulcano/miniconda3/envs/rosenv/bin/x86_64-conda-linux-gnu-c++ - skipped
[0.312s] -- Detecting CXX compile features
[0.313s] -- Detecting CXX compile features - done
[0.316s] -- Found ament_cmake: 1.3.7 (/home/facuvulcano/miniconda3/envs/rosenv/share/ament_cmake/cmake)
[0.398s] -- Found Python3: /home/facuvulcano/miniconda3/envs/rosenv/bin/python3 (found version "3.11.8") found components: Interpreter 
[0.483s] -- Found geometry_msgs: 4.2.3 (/home/facuvulcano/miniconda3/envs/rosenv/share/geometry_msgs/cmake)
[0.515s] -- Found rosidl_generator_c: 3.1.5 (/home/facuvulcano/miniconda3/envs/rosenv/share/rosidl_generator_c/cmake)
[0.521s] -- Found rosidl_adapter: 3.1.5 (/home/facuvulcano/miniconda3/envs/rosenv/share/rosidl_adapter/cmake)
[0.529s] -- Found rosidl_generator_cpp: 3.1.5 (/home/facuvulcano/miniconda3/envs/rosenv/share/rosidl_generator_cpp/cmake)
[0.541s] -- Using all available rosidl_typesupport_c: rosidl_typesupport_fastrtps_c;rosidl_typesupport_introspection_c
[0.558s] -- Using all available rosidl_typesupport_cpp: rosidl_typesupport_fastrtps_cpp;rosidl_typesupport_introspection_cpp
[0.644s] -- Found rosidl_default_generators: 1.2.0 (/home/facuvulcano/miniconda3/envs/rosenv/share/rosidl_default_generators/cmake)
[0.761s] [31mCMake Error at /home/facuvulcano/miniconda3/envs/rosenv/share/cmake-3.28/Modules/FindPackageHandleStandardArgs.cmake:230 (message):
[0.761s]   Could NOT find Python3 (missing: Python3_NumPy_INCLUDE_DIRS NumPy) (found
[0.761s]   version "3.11.8")
[0.761s] Call Stack (most recent call first):
[0.761s]   /home/facuvulcano/miniconda3/envs/rosenv/share/cmake-3.28/Modules/FindPackageHandleStandardArgs.cmake:600 (_FPHSA_FAILURE_MESSAGE)
[0.761s]   /home/facuvulcano/miniconda3/envs/rosenv/share/cmake-3.28/Modules/FindPython/Support.cmake:3867 (find_package_handle_standard_args)
[0.761s]   /home/facuvulcano/miniconda3/envs/rosenv/share/cmake-3.28/Modules/FindPython3.cmake:545 (include)
[0.761s]   /home/facuvulcano/miniconda3/envs/rosenv/share/rosidl_generator_py/cmake/rosidl_generator_py-extras.cmake:2 (find_package)
[0.761s]   /home/facuvulcano/miniconda3/envs/rosenv/share/rosidl_generator_py/cmake/rosidl_generator_pyConfig.cmake:41 (include)
[0.761s]   /home/facuvulcano/miniconda3/envs/rosenv/share/rosidl_default_generators/cmake/rosidl_default_generators-extras.cmake:21 (find_package)
[0.761s]   /home/facuvulcano/miniconda3/envs/rosenv/share/rosidl_default_generators/cmake/rosidl_default_generatorsConfig.cmake:41 (include)
[0.761s]   CMakeLists.txt:13 (find_package)
[0.761s] 
[0.761s] [0m
[0.761s] -- Configuring incomplete, errors occurred!
[0.766s] Invoked command in '/home/facuvulcano/workspace/build/custom_msgs' returned '1': CONDA_PROMPT_MODIFIER=(rosenv) DEBUGINFOD_URLS=https://debuginfod.ubuntu.com /home/facuvulcano/miniconda3/envs/rosenv/bin/cmake /home/facuvulcano/workspace/src/custom_msgs -DPython3_EXECUTABLE=/home/facuvulcano/miniconda3/envs/rosenv/bin/python3 -DPython3_ROOT_DIR=/home/facuvulcano/miniconda3/envs/rosenv -DPython3_FIND_VIRTUALENV=ONLY -DPython3_FIND_STRATEGY=LOCATION -DCMAKE_INSTALL_PREFIX=/home/facuvulcano/workspace/install/custom_msgs
