running develop
running egg_info
creating turtlebot3_obstacle_avoidance.egg-info
writing turtlebot3_obstacle_avoidance.egg-info/PKG-INFO
writing dependency_links to turtlebot3_obstacle_avoidance.egg-info/dependency_links.txt
writing entry points to turtlebot3_obstacle_avoidance.egg-info/entry_points.txt
writing requirements to turtlebot3_obstacle_avoidance.egg-info/requires.txt
writing top-level names to turtlebot3_obstacle_avoidance.egg-info/top_level.txt
writing manifest file 'turtlebot3_obstacle_avoidance.egg-info/SOURCES.txt'
reading manifest file 'turtlebot3_obstacle_avoidance.egg-info/SOURCES.txt'
writing manifest file 'turtlebot3_obstacle_avoidance.egg-info/SOURCES.txt'
running build_ext
Creating /home/alumno1/workspace/install/turtlebot3_obstacle_avoidance/lib/python3.10/site-packages/turtlebot3-obstacle-avoidance.egg-link (link to .)
Installing obstacle_avoidance script to /home/alumno1/workspace/install/turtlebot3_obstacle_avoidance/lib/turtlebot3_obstacle_avoidance

Installed /home/alumno1/workspace/build/turtlebot3_obstacle_avoidance
running symlink_data
creating /home/alumno1/workspace/install/turtlebot3_obstacle_avoidance/share/ament_index
creating /home/alumno1/workspace/install/turtlebot3_obstacle_avoidance/share/ament_index/resource_index
creating /home/alumno1/workspace/install/turtlebot3_obstacle_avoidance/share/ament_index/resource_index/packages
symbolically linking /home/alumno1/workspace/build/turtlebot3_obstacle_avoidance/resource/turtlebot3_obstacle_avoidance -> /home/alumno1/workspace/install/turtlebot3_obstacle_avoidance/share/ament_index/resource_index/packages
symbolically linking /home/alumno1/workspace/build/turtlebot3_obstacle_avoidance/package.xml -> /home/alumno1/workspace/install/turtlebot3_obstacle_avoidance/share/turtlebot3_obstacle_avoidance
creating /home/alumno1/workspace/install/turtlebot3_obstacle_avoidance/share/turtlebot3_obstacle_avoidance/launch
symbolically linking /home/alumno1/workspace/build/turtlebot3_obstacle_avoidance/launch/avoid_obstacle.launch.py -> /home/alumno1/workspace/install/turtlebot3_obstacle_avoidance/share/turtlebot3_obstacle_avoidance/launch
