[0.008s] Invoking command in '/home/facuvulcano/workspace/build/custom_msgs': CONDA_PROMPT_MODIFIER=(rosenv) DEBUGINFOD_URLS=https://debuginfod.ubuntu.com /home/facuvulcano/miniconda3/envs/rosenv/bin/cmake /home/facuvulcano/workspace/src/custom_msgs -DCMAKE_INSTALL_PREFIX=/home/facuvulcano/workspace/install/custom_msgs
[0.043s] -- The C compiler identification is GNU 14.3.0
[0.099s] -- The CXX compiler identification is GNU 14.3.0
[0.111s] -- Detecting C compiler ABI info
[0.169s] -- Detecting C compiler ABI info - done
[0.178s] -- Check for working C compiler: /home/facuvulcano/miniconda3/envs/rosenv/bin/x86_64-conda-linux-gnu-cc - skipped
[0.178s] -- Detecting C compile features
[0.178s] -- Detecting C compile features - done
[0.186s] -- Detecting CXX compiler ABI info
[0.248s] -- Detecting CXX compiler ABI info - done
[0.255s] -- Check for working CXX compiler: /home/facuvulcano/miniconda3/envs/rosenv/bin/x86_64-conda-linux-gnu-c++ - skipped
[0.256s] -- Detecting CXX compile features
[0.256s] -- Detecting CXX compile features - done
[0.259s] -- Found ament_cmake: 1.3.7 (/home/facuvulcano/miniconda3/envs/rosenv/share/ament_cmake/cmake)
[0.613s] -- Found Python3: /usr/bin/python3.12 (found version "3.12.3") found components: Interpreter 
[0.684s] -- Found geometry_msgs: 4.2.3 (/home/facuvulcano/miniconda3/envs/rosenv/share/geometry_msgs/cmake)
[0.719s] -- Found rosidl_generator_c: 3.1.5 (/home/facuvulcano/miniconda3/envs/rosenv/share/rosidl_generator_c/cmake)
[0.725s] -- Found rosidl_adapter: 3.1.5 (/home/facuvulcano/miniconda3/envs/rosenv/share/rosidl_adapter/cmake)
[0.733s] -- Found rosidl_generator_cpp: 3.1.5 (/home/facuvulcano/miniconda3/envs/rosenv/share/rosidl_generator_cpp/cmake)
[0.745s] -- Using all available rosidl_typesupport_c: rosidl_typesupport_fastrtps_c;rosidl_typesupport_introspection_c
[0.763s] -- Using all available rosidl_typesupport_cpp: rosidl_typesupport_fastrtps_cpp;rosidl_typesupport_introspection_cpp
[0.848s] -- Found rosidl_default_generators: 1.2.0 (/home/facuvulcano/miniconda3/envs/rosenv/share/rosidl_default_generators/cmake)
[0.983s] [31mCMake Error at /home/facuvulcano/miniconda3/envs/rosenv/share/cmake-3.28/Modules/FindPackageHandleStandardArgs.cmake:230 (message):
[0.984s]   Could NOT find Python3 (missing: Python3_NumPy_INCLUDE_DIRS NumPy) (found
[0.984s]   version "3.12.3")
[0.984s] Call Stack (most recent call first):
[0.984s]   /home/facuvulcano/miniconda3/envs/rosenv/share/cmake-3.28/Modules/FindPackageHandleStandardArgs.cmake:600 (_FPHSA_FAILURE_MESSAGE)
[0.984s]   /home/facuvulcano/miniconda3/envs/rosenv/share/cmake-3.28/Modules/FindPython/Support.cmake:3867 (find_package_handle_standard_args)
[0.984s]   /home/facuvulcano/miniconda3/envs/rosenv/share/cmake-3.28/Modules/FindPython3.cmake:545 (include)
[0.984s]   /home/facuvulcano/miniconda3/envs/rosenv/share/rosidl_generator_py/cmake/rosidl_generator_py-extras.cmake:2 (find_package)
[0.984s]   /home/facuvulcano/miniconda3/envs/rosenv/share/rosidl_generator_py/cmake/rosidl_generator_pyConfig.cmake:41 (include)
[0.984s]   /home/facuvulcano/miniconda3/envs/rosenv/share/rosidl_default_generators/cmake/rosidl_default_generators-extras.cmake:21 (find_package)
[0.984s]   /home/facuvulcano/miniconda3/envs/rosenv/share/rosidl_default_generators/cmake/rosidl_default_generatorsConfig.cmake:41 (include)
[0.984s]   CMakeLists.txt:13 (find_package)
[0.984s] 
[0.984s] [0m
[0.984s] -- Configuring incomplete, errors occurred!
[0.988s] Invoked command in '/home/facuvulcano/workspace/build/custom_msgs' returned '1': CONDA_PROMPT_MODIFIER=(rosenv) DEBUGINFOD_URLS=https://debuginfod.ubuntu.com /home/facuvulcano/miniconda3/envs/rosenv/bin/cmake /home/facuvulcano/workspace/src/custom_msgs -DCMAKE_INSTALL_PREFIX=/home/facuvulcano/workspace/install/custom_msgs
