running develop
running egg_info
creating custom_code.egg-info
writing custom_code.egg-info/PKG-INFO
writing dependency_links to custom_code.egg-info/dependency_links.txt
writing entry points to custom_code.egg-info/entry_points.txt
writing requirements to custom_code.egg-info/requires.txt
writing top-level names to custom_code.egg-info/top_level.txt
writing manifest file 'custom_code.egg-info/SOURCES.txt'
reading manifest file 'custom_code.egg-info/SOURCES.txt'
writing manifest file 'custom_code.egg-info/SOURCES.txt'
running build_ext
Creating /home/alumno1/workspace/install/custom_code/lib/python3.10/site-packages/custom-code.egg-link (link to .)
Installing ekf script to /home/alumno1/workspace/install/custom_code/lib/custom_code
Installing ekf_correction script to /home/alumno1/workspace/install/custom_code/lib/custom_code
Installing ekf_prediction script to /home/alumno1/workspace/install/custom_code/lib/custom_code
Installing fastslam script to /home/alumno1/workspace/install/custom_code/lib/custom_code
Installing feature_finder script to /home/alumno1/workspace/install/custom_code/lib/custom_code
Installing features script to /home/alumno1/workspace/install/custom_code/lib/custom_code
Installing likelihood script to /home/alumno1/workspace/install/custom_code/lib/custom_code
Installing localization script to /home/alumno1/workspace/install/custom_code/lib/custom_code
Installing my_odometry script to /home/alumno1/workspace/install/custom_code/lib/custom_code
Installing my_tf script to /home/alumno1/workspace/install/custom_code/lib/custom_code

Installed /home/alumno1/workspace/build/custom_code
running symlink_data
creating /home/alumno1/workspace/install/custom_code/share/ament_index
creating /home/alumno1/workspace/install/custom_code/share/ament_index/resource_index
creating /home/alumno1/workspace/install/custom_code/share/ament_index/resource_index/packages
symbolically linking /home/alumno1/workspace/build/custom_code/resource/custom_code -> /home/alumno1/workspace/install/custom_code/share/ament_index/resource_index/packages
symbolically linking /home/alumno1/workspace/build/custom_code/package.xml -> /home/alumno1/workspace/install/custom_code/share/custom_code
creating /home/alumno1/workspace/install/custom_code/share/custom_code/launch
symbolically linking /home/alumno1/workspace/build/custom_code/launch/launch_my_odometry.launch.py -> /home/alumno1/workspace/install/custom_code/share/custom_code/launch
symbolically linking /home/alumno1/workspace/build/custom_code/launch/launch_my_ekf.launch.py -> /home/alumno1/workspace/install/custom_code/share/custom_code/launch
symbolically linking /home/alumno1/workspace/build/custom_code/launch/launch_my_particles.launch.py -> /home/alumno1/workspace/install/custom_code/share/custom_code/launch
symbolically linking /home/alumno1/workspace/build/custom_code/launch/launch_my_tf.launch.py -> /home/alumno1/workspace/install/custom_code/share/custom_code/launch
symbolically linking /home/alumno1/workspace/build/custom_code/launch/launch_my_fastslam.launch.py -> /home/alumno1/workspace/install/custom_code/share/custom_code/launch
creating /home/alumno1/workspace/install/custom_code/share/custom_code/rviz
symbolically linking /home/alumno1/workspace/build/custom_code/rviz/odometry.rviz -> /home/alumno1/workspace/install/custom_code/share/custom_code/rviz
symbolically linking /home/alumno1/workspace/build/custom_code/rviz/particulas.rviz -> /home/alumno1/workspace/install/custom_code/share/custom_code/rviz
symbolically linking /home/alumno1/workspace/build/custom_code/rviz/ekf.rviz -> /home/alumno1/workspace/install/custom_code/share/custom_code/rviz
symbolically linking /home/alumno1/workspace/build/custom_code/rviz/tf.rviz -> /home/alumno1/workspace/install/custom_code/share/custom_code/rviz
symbolically linking /home/alumno1/workspace/build/custom_code/rviz/fastslam.rviz -> /home/alumno1/workspace/install/custom_code/share/custom_code/rviz
