[0.278s] Invoking command in '/home/alumno1/workspace/build/custom_code': AMENT_PREFIX_PATH=/home/alumno1/workspace/install/custom_msgs:${AMENT_PREFIX_PATH} CMAKE_PREFIX_PATH=/home/alumno1/workspace/install/custom_msgs:${CMAKE_PREFIX_PATH} LD_LIBRARY_PATH=/home/alumno1/workspace/install/custom_msgs/lib:/home/alumno1/turtlebot3_ws/install/turtlebot3_msgs/lib:/home/alumno1/turtlebot3_ws/install/dynamixel_sdk_custom_interfaces/lib:/home/alumno1/turtlebot3_ws/install/dynamixel_sdk/lib:/usr/lib/x86_64-linux-gnu/gazebo-11/plugins:/opt/ros/humble/opt/rviz_ogre_vendor/lib:/opt/ros/humble/lib/x86_64-linux-gnu:/opt/ros/humble/lib:/usr/lib/x86_64-linux-gnu/gazebo-11/plugins PYTHONPATH=/home/alumno1/workspace/build/custom_code/prefix_override:/usr/lib/python3/dist-packages/colcon_core/task/python/colcon_distutils_commands:/home/alumno1/workspace/install/custom_code/lib/python3.10/site-packages:/home/alumno1/workspace/install/custom_msgs/local/lib/python3.10/dist-packages:${PYTHONPATH} /usr/bin/python3 -W ignore:setup.py install is deprecated -W ignore:easy_install command is deprecated setup.py develop --editable --build-directory /home/alumno1/workspace/build/custom_code/build --no-deps symlink_data
[0.396s] running develop
[0.462s] running egg_info
[0.462s] creating custom_code.egg-info
[0.462s] writing custom_code.egg-info/PKG-INFO
[0.463s] writing dependency_links to custom_code.egg-info/dependency_links.txt
[0.463s] writing entry points to custom_code.egg-info/entry_points.txt
[0.463s] writing requirements to custom_code.egg-info/requires.txt
[0.463s] writing top-level names to custom_code.egg-info/top_level.txt
[0.463s] writing manifest file 'custom_code.egg-info/SOURCES.txt'
[0.464s] reading manifest file 'custom_code.egg-info/SOURCES.txt'
[0.464s] writing manifest file 'custom_code.egg-info/SOURCES.txt'
[0.464s] running build_ext
[0.465s] Creating /home/alumno1/workspace/install/custom_code/lib/python3.10/site-packages/custom-code.egg-link (link to .)
[0.465s] Installing ekf script to /home/alumno1/workspace/install/custom_code/lib/custom_code
[0.465s] Installing ekf_correction script to /home/alumno1/workspace/install/custom_code/lib/custom_code
[0.465s] Installing ekf_prediction script to /home/alumno1/workspace/install/custom_code/lib/custom_code
[0.465s] Installing fastslam script to /home/alumno1/workspace/install/custom_code/lib/custom_code
[0.465s] Installing feature_finder script to /home/alumno1/workspace/install/custom_code/lib/custom_code
[0.465s] Installing features script to /home/alumno1/workspace/install/custom_code/lib/custom_code
[0.465s] Installing likelihood script to /home/alumno1/workspace/install/custom_code/lib/custom_code
[0.465s] Installing localization script to /home/alumno1/workspace/install/custom_code/lib/custom_code
[0.465s] Installing my_odometry script to /home/alumno1/workspace/install/custom_code/lib/custom_code
[0.465s] Installing my_tf script to /home/alumno1/workspace/install/custom_code/lib/custom_code
[0.465s] 
[0.465s] Installed /home/alumno1/workspace/build/custom_code
[0.465s] running symlink_data
[0.465s] creating /home/alumno1/workspace/install/custom_code/share/ament_index
[0.465s] creating /home/alumno1/workspace/install/custom_code/share/ament_index/resource_index
[0.466s] creating /home/alumno1/workspace/install/custom_code/share/ament_index/resource_index/packages
[0.466s] symbolically linking /home/alumno1/workspace/build/custom_code/resource/custom_code -> /home/alumno1/workspace/install/custom_code/share/ament_index/resource_index/packages
[0.466s] symbolically linking /home/alumno1/workspace/build/custom_code/package.xml -> /home/alumno1/workspace/install/custom_code/share/custom_code
[0.466s] creating /home/alumno1/workspace/install/custom_code/share/custom_code/launch
[0.466s] symbolically linking /home/alumno1/workspace/build/custom_code/launch/launch_my_odometry.launch.py -> /home/alumno1/workspace/install/custom_code/share/custom_code/launch
[0.466s] symbolically linking /home/alumno1/workspace/build/custom_code/launch/launch_my_ekf.launch.py -> /home/alumno1/workspace/install/custom_code/share/custom_code/launch
[0.466s] symbolically linking /home/alumno1/workspace/build/custom_code/launch/launch_my_particles.launch.py -> /home/alumno1/workspace/install/custom_code/share/custom_code/launch
[0.466s] symbolically linking /home/alumno1/workspace/build/custom_code/launch/launch_my_tf.launch.py -> /home/alumno1/workspace/install/custom_code/share/custom_code/launch
[0.466s] symbolically linking /home/alumno1/workspace/build/custom_code/launch/launch_my_fastslam.launch.py -> /home/alumno1/workspace/install/custom_code/share/custom_code/launch
[0.466s] creating /home/alumno1/workspace/install/custom_code/share/custom_code/rviz
[0.466s] symbolically linking /home/alumno1/workspace/build/custom_code/rviz/odometry.rviz -> /home/alumno1/workspace/install/custom_code/share/custom_code/rviz
[0.466s] symbolically linking /home/alumno1/workspace/build/custom_code/rviz/particulas.rviz -> /home/alumno1/workspace/install/custom_code/share/custom_code/rviz
[0.466s] symbolically linking /home/alumno1/workspace/build/custom_code/rviz/ekf.rviz -> /home/alumno1/workspace/install/custom_code/share/custom_code/rviz
[0.466s] symbolically linking /home/alumno1/workspace/build/custom_code/rviz/tf.rviz -> /home/alumno1/workspace/install/custom_code/share/custom_code/rviz
[0.466s] symbolically linking /home/alumno1/workspace/build/custom_code/rviz/fastslam.rviz -> /home/alumno1/workspace/install/custom_code/share/custom_code/rviz
[0.477s] Invoked command in '/home/alumno1/workspace/build/custom_code' returned '0': AMENT_PREFIX_PATH=/home/alumno1/workspace/install/custom_msgs:${AMENT_PREFIX_PATH} CMAKE_PREFIX_PATH=/home/alumno1/workspace/install/custom_msgs:${CMAKE_PREFIX_PATH} LD_LIBRARY_PATH=/home/alumno1/workspace/install/custom_msgs/lib:/home/alumno1/turtlebot3_ws/install/turtlebot3_msgs/lib:/home/alumno1/turtlebot3_ws/install/dynamixel_sdk_custom_interfaces/lib:/home/alumno1/turtlebot3_ws/install/dynamixel_sdk/lib:/usr/lib/x86_64-linux-gnu/gazebo-11/plugins:/opt/ros/humble/opt/rviz_ogre_vendor/lib:/opt/ros/humble/lib/x86_64-linux-gnu:/opt/ros/humble/lib:/usr/lib/x86_64-linux-gnu/gazebo-11/plugins PYTHONPATH=/home/alumno1/workspace/build/custom_code/prefix_override:/usr/lib/python3/dist-packages/colcon_core/task/python/colcon_distutils_commands:/home/alumno1/workspace/install/custom_code/lib/python3.10/site-packages:/home/alumno1/workspace/install/custom_msgs/local/lib/python3.10/dist-packages:${PYTHONPATH} /usr/bin/python3 -W ignore:setup.py install is deprecated -W ignore:easy_install command is deprecated setup.py develop --editable --build-directory /home/alumno1/workspace/build/custom_code/build --no-deps symlink_data
